2021-10-21 18:34:13,380 INFO:INITIALISING ANALYSIS 'jesal_cutflow'...
2021-10-21 18:34:13,381 INFO:========================================
2021-10-21 18:34:13,382 INFO:
2021-10-21 18:34:13,382 INFO:======== INITIALISING DATASET 'truth' =========
2021-10-21 18:34:13,501 DEBUG:DATASET INPUT OPTIONS: 
2021-10-21 18:34:13,501 DEBUG:----------------------------
2021-10-21 18:34:13,501 DEBUG:Input file:  /data/atlas/HighMassDrellYan/test_mc16a/wmintaunu/*.root
2021-10-21 18:34:13,501 DEBUG:TTree: nominal_Loose
2021-10-21 18:34:13,502 DEBUG:Cutfile: options/jesal_cutflow/cutfile_jesal.txt
2021-10-21 18:34:13,503 DEBUG:Slices: True
2021-10-21 18:34:13,503 DEBUG:groupted cutflow: True
2021-10-21 18:34:13,503 DEBUG:CUTFILE CONTENTS
2021-10-21 18:34:13,504 DEBUG:---------------------------
2021-10-21 18:34:13,505 DEBUG:[CUTS]
2021-10-21 18:34:13,505 DEBUG:# Name	Variable	</>	Cut (in GeV if applicable)	Group Symmetric
2021-10-21 18:34:13,506 DEBUG:# !!REMEMBER DEFAULT ANALYSISTOP OUTPUT IS IN MeV NOT GeV!!
2021-10-21 18:34:13,506 DEBUG:Tight muon	mu_isTight	=	1	tight muon cut	false
2021-10-21 18:34:13,506 DEBUG:eta	mu_eta	<	2.4	eta	true
2021-10-21 18:34:13,507 DEBUG:E_{T}^{MISS}	met_met	>	65	met	false
2021-10-21 18:34:13,507 DEBUG:p_T	mu_pt	>	65	mu pt	false
2021-10-21 18:34:13,507 DEBUG:M_T	PDFinfo_Q	>	55	dilepton mass	false
2021-10-21 18:34:13,507 DEBUG:
2021-10-21 18:34:13,508 DEBUG:[OUTPUTS]
2021-10-21 18:34:13,509 DEBUG:# variables to process
2021-10-21 18:34:13,509 DEBUG:PDFinfo_Q
2021-10-21 18:34:13,509 DEBUG:
2021-10-21 18:34:13,510 DEBUG:[OPTIONS]
2021-10-21 18:34:13,511 DEBUG:# case-insensitive
2021-10-21 18:34:13,511 DEBUG:sequential	false
2021-10-21 18:34:13,511 DEBUG:grouped cutflow	false
2021-10-21 18:34:13,511 DEBUG:---------------------------
2021-10-21 18:34:13,512 INFO:Parsting cutfile for truth...
2021-10-21 18:34:13,517 DEBUG:Datafile found
2021-10-21 18:34:13,518 INFO:Reading data for truth dataframe from outputs/jesal_cutflow/data/truth_df.pkl...
2021-10-21 18:34:13,524 INFO:Creating weights for truth...
2021-10-21 18:34:13,534 DEBUG:PER-DSID INFO:
2021-10-21 18:34:13,534 DEBUG:--------------
2021-10-21 18:34:13,534 DEBUG:DSID       n_events   sum_w         x-s fb        lumi fb-1
2021-10-21 18:34:13,535 DEBUG:==========================================================
2021-10-21 18:34:13,545 DEBUG:361105     118        9.953306e+05  8.435005e+03  8.431161e-04
2021-10-21 18:34:13,545 INFO:Creating cuts for truth...
2021-10-21 18:34:13,554 INFO:
2021-10-21 18:34:13,554 INFO:========== CUTS USED ============
2021-10-21 18:34:13,555 INFO:Tight muon  : mu_isTight = 1.0
2021-10-21 18:34:13,556 INFO:eta         : |    mu_eta| < 2.4
2021-10-21 18:34:13,556 INFO:E_{T}^{MISS}:    met_met > 65.0
2021-10-21 18:34:13,557 INFO:p_T         :      mu_pt > 65.0
2021-10-21 18:34:13,557 INFO:M_T         :  PDFinfo_Q > 55.0
2021-10-21 18:34:13,557 INFO:
2021-10-21 18:34:13,575 INFO:========= DATASET 'truth' INITIALISED =========
2021-10-21 18:34:13,575 INFO:====================================
2021-10-21 18:34:13,575 INFO:ANALYSIS 'jesal_cutflow' INITIALISED
