2021-10-26 20:16:13,950 INFO:INITIALISING ANALYSIS 'jesal_cutflow'...
2021-10-26 20:16:13,951 INFO:========================================
2021-10-26 20:16:13,951 INFO:
2021-10-26 20:16:13,951 INFO:======== INITIALISING DATASET 'wmintaunu_nominal' =========
2021-10-26 20:16:14,365 DEBUG:DATASET INPUT OPTIONS: 
2021-10-26 20:16:14,365 DEBUG:----------------------------
2021-10-26 20:16:14,365 DEBUG:Input file(s):  /data/atlas/HighMassDrellYan/test_mc16a/wmintaunu*/*.root
2021-10-26 20:16:14,365 DEBUG:TTree: nominal_Loose
2021-10-26 20:16:14,366 DEBUG:Cutfile: options/jesal_cutflow/cutfile_jesal.txt
2021-10-26 20:16:14,366 DEBUG:Slices: True
2021-10-26 20:16:14,367 DEBUG:grouped cutflow: True
2021-10-26 20:16:14,368 DEBUG:----------------------------
2021-10-26 20:16:14,368 DEBUG:
2021-10-26 20:16:14,368 DEBUG:CUTFILE CONTENTS
2021-10-26 20:16:14,368 DEBUG:---------------------------
2021-10-26 20:16:14,369 DEBUG:[CUTS]
2021-10-26 20:16:14,369 DEBUG:# Name	Variable	</>	Cut (in GeV if applicable)	Group Symmetric
2021-10-26 20:16:14,370 DEBUG:# !!REMEMBER DEFAULT ANALYSISTOP OUTPUT IS IN MeV NOT GeV!!
2021-10-26 20:16:14,370 DEBUG:Tight muon	mu_isTight	=	1	tight muon cut	false
2021-10-26 20:16:14,370 DEBUG:eta	mu_eta	<	2.4	eta	true
2021-10-26 20:16:14,370 DEBUG:E_{T}^{MISS}	met_met	>	65	met	false
2021-10-26 20:16:14,370 DEBUG:p_T	mu_pt	>	65	mu pt	false
2021-10-26 20:16:14,370 DEBUG:M_T	mu_mt	>	55	muon mt	false
2021-10-26 20:16:14,370 DEBUG:M_W	MC_WZ_m	<	120	W m	false	truth
2021-10-26 20:16:14,370 DEBUG:
2021-10-26 20:16:14,371 DEBUG:[OUTPUTS]
2021-10-26 20:16:14,371 DEBUG:# variables to process
2021-10-26 20:16:14,371 DEBUG:mu_mt
2021-10-26 20:16:14,372 DEBUG:mu_pt
2021-10-26 20:16:14,372 DEBUG:mu_eta
2021-10-26 20:16:14,372 DEBUG:
2021-10-26 20:16:14,372 DEBUG:[OPTIONS]
2021-10-26 20:16:14,372 DEBUG:# case-insensitive
2021-10-26 20:16:14,372 DEBUG:sequential	false
2021-10-26 20:16:14,372 DEBUG:grouped cutflow	false
2021-10-26 20:16:14,372 DEBUG:---------------------------
2021-10-26 20:16:14,372 INFO:Parsting cutfile for wmintaunu_nominal...
2021-10-26 20:16:14,376 DEBUG:Datafile found
2021-10-26 20:16:14,376 INFO:Building wmintaunu_nominal dataframe from /data/atlas/HighMassDrellYan/test_mc16a/wmintaunu*/*.root...
2021-10-26 20:16:14,376 DEBUG:Variables to extract from nominal_Loose tree: 
2021-10-26 20:16:14,377 DEBUG:  - mu_pt
2021-10-26 20:16:14,377 DEBUG:  - mu_isTight
2021-10-26 20:16:14,377 DEBUG:  - met_phi
2021-10-26 20:16:14,377 DEBUG:  - mu_eta
2021-10-26 20:16:14,377 DEBUG:  - eventNumber
2021-10-26 20:16:14,377 DEBUG:  - mu_phi
2021-10-26 20:16:14,377 DEBUG:  - met_met
2021-10-26 20:16:14,377 DEBUG:  - weight_mc
2021-10-26 20:16:14,377 DEBUG:Variables to extract from nominal_Loose tree: 
