2021-10-26 20:07:00,024 INFO:INITIALISING ANALYSIS 'jesal_cutflow'...
2021-10-26 20:07:00,024 INFO:========================================
2021-10-26 20:07:00,025 INFO:
2021-10-26 20:07:00,025 INFO:======== INITIALISING DATASET 'wmintaunu_nominal' =========
2021-10-26 20:07:00,279 DEBUG:DATASET INPUT OPTIONS: 
2021-10-26 20:07:00,279 DEBUG:----------------------------
2021-10-26 20:07:00,279 DEBUG:Input file(s):  /data/atlas/HighMassDrellYan/test_mc16a/wmintaunu*/*.root
2021-10-26 20:07:00,279 DEBUG:TTree: nominal_Loose
2021-10-26 20:07:00,280 DEBUG:Cutfile: options/jesal_cutflow/cutfile_jesal.txt
2021-10-26 20:07:00,280 DEBUG:Slices: True
2021-10-26 20:07:00,280 DEBUG:grouped cutflow: True
2021-10-26 20:07:00,280 DEBUG:----------------------------
2021-10-26 20:07:00,281 DEBUG:
2021-10-26 20:07:00,281 DEBUG:CUTFILE CONTENTS
2021-10-26 20:07:00,282 DEBUG:---------------------------
2021-10-26 20:07:00,282 DEBUG:[CUTS]
2021-10-26 20:07:00,282 DEBUG:# Name	Variable	</>	Cut (in GeV if applicable)	Group Symmetric
2021-10-26 20:07:00,283 DEBUG:# !!REMEMBER DEFAULT ANALYSISTOP OUTPUT IS IN MeV NOT GeV!!
2021-10-26 20:07:00,283 DEBUG:Tight muon	mu_isTight	=	1	tight muon cut	false
2021-10-26 20:07:00,283 DEBUG:eta	mu_eta	<	2.4	eta	true
2021-10-26 20:07:00,283 DEBUG:E_{T}^{MISS}	met_met	>	65	met	false
2021-10-26 20:07:00,283 DEBUG:p_T	mu_pt	>	65	mu pt	false
2021-10-26 20:07:00,283 DEBUG:M_T	mu_mt	>	55	muon mt	false
2021-10-26 20:07:00,283 DEBUG:M_W MC_WZ_m <   120 W m false   truth
2021-10-26 20:07:00,283 DEBUG:
2021-10-26 20:07:00,284 DEBUG:[OUTPUTS]
2021-10-26 20:07:00,284 DEBUG:# variables to process
2021-10-26 20:07:00,284 DEBUG:mu_mt
2021-10-26 20:07:00,284 DEBUG:mu_pt
2021-10-26 20:07:00,284 DEBUG:mu_eta
2021-10-26 20:07:00,284 DEBUG:
2021-10-26 20:07:00,284 DEBUG:[OPTIONS]
2021-10-26 20:07:00,284 DEBUG:# case-insensitive
2021-10-26 20:07:00,285 DEBUG:sequential	false
2021-10-26 20:07:00,285 DEBUG:grouped cutflow	false
2021-10-26 20:07:00,285 DEBUG:---------------------------
2021-10-26 20:07:00,285 INFO:Parsting cutfile for wmintaunu_nominal...
