2021-10-26 23:55:39,025 INFO:INITIALISING ANALYSIS 'jesal_cutflow'...
2021-10-26 23:55:39,025 INFO:========================================
2021-10-26 23:55:39,025 INFO:
2021-10-26 23:55:39,025 INFO:======== INITIALISING DATASET 'wmintaunu_slices' =========
2021-10-26 23:55:39,034 DEBUG:DATASET INPUT OPTIONS: 
2021-10-26 23:55:39,034 DEBUG:----------------------------
2021-10-26 23:55:39,034 DEBUG:Input file(s):  /data/atlas/HighMassDrellYan/test_mc16a/wmintaunu_*/*.root
2021-10-26 23:55:39,034 DEBUG:TTree: nominal_Loose
2021-10-26 23:55:39,034 DEBUG:Cutfile: options/jesal_cutflow/cutfile_jesal.txt
2021-10-26 23:55:39,034 DEBUG:Slices: True
2021-10-26 23:55:39,034 DEBUG:grouped cutflow: True
2021-10-26 23:55:39,034 DEBUG:Forced dataset rebuild: True
2021-10-26 23:55:39,034 DEBUG:----------------------------
2021-10-26 23:55:39,034 DEBUG:
2021-10-26 23:55:39,034 DEBUG:CUTFILE CONTENTS
2021-10-26 23:55:39,035 DEBUG:---------------------------
2021-10-26 23:55:39,035 DEBUG:[CUTS]
2021-10-26 23:55:39,036 DEBUG:# Name	Variable	</>	Cut (in GeV if applicable)	Group Symmetric
2021-10-26 23:55:39,036 DEBUG:# !!REMEMBER DEFAULT ANALYSISTOP OUTPUT IS IN MeV NOT GeV!!
2021-10-26 23:55:39,036 DEBUG:Tight muon	mu_isTight	=	1	tight muon cut	false
2021-10-26 23:55:39,036 DEBUG:eta	mu_eta	<	2.4	eta	true
2021-10-26 23:55:39,036 DEBUG:E_{T}^{MISS}	met_met	>	65	met	false
2021-10-26 23:55:39,036 DEBUG:p_T	mu_pt	>	65	mu pt	false
2021-10-26 23:55:39,036 DEBUG:M_T	mu_mt	>	55	muon mt	false
2021-10-26 23:55:39,036 DEBUG:M_W	MC_WZ_m	<	120	W m	false	truth
2021-10-26 23:55:39,036 DEBUG:
2021-10-26 23:55:39,036 DEBUG:[OUTPUTS]
2021-10-26 23:55:39,036 DEBUG:# variables to process
2021-10-26 23:55:39,037 DEBUG:mu_mt
2021-10-26 23:55:39,037 DEBUG:mu_pt
2021-10-26 23:55:39,037 DEBUG:mu_eta
2021-10-26 23:55:39,037 DEBUG:
2021-10-26 23:55:39,037 DEBUG:[OPTIONS]
2021-10-26 23:55:39,037 DEBUG:# case-insensitive
2021-10-26 23:55:39,037 DEBUG:sequential	false
2021-10-26 23:55:39,037 DEBUG:grouped cutflow	false
2021-10-26 23:55:39,037 DEBUG:---------------------------
2021-10-26 23:55:39,037 INFO:Parsting cutfile for wmintaunu_slices...
2021-10-26 23:55:39,039 INFO:Building wmintaunu_slices dataframe from /data/atlas/HighMassDrellYan/test_mc16a/wmintaunu_*/*.root...
2021-10-26 23:55:39,040 DEBUG:Variables to extract from nominal_Loose tree: 
2021-10-26 23:55:39,040 DEBUG:  - eventNumber
2021-10-26 23:55:39,040 DEBUG:  - mu_isTight
2021-10-26 23:55:39,040 DEBUG:  - met_phi
2021-10-26 23:55:39,040 DEBUG:  - met_met
2021-10-26 23:55:39,040 DEBUG:  - mu_phi
2021-10-26 23:55:39,040 DEBUG:  - weight_mc
2021-10-26 23:55:39,040 DEBUG:  - mu_pt
2021-10-26 23:55:39,040 DEBUG:  - mu_eta
2021-10-26 23:55:39,040 DEBUG:Variables to extract from truth tree: 
2021-10-26 23:55:39,040 DEBUG:  - MC_WZ_m
2021-10-26 23:55:39,040 DEBUG:Variables to calculate: 
2021-10-26 23:55:39,040 DEBUG:  - mu_mt
2021-10-26 23:55:39,040 DEBUG:Checking TTree and TBranch values in file(s) '/data/atlas/HighMassDrellYan/test_mc16a/wmintaunu_*/*.root'...
2021-10-26 23:55:39,165 DEBUG:All TTrees and variables found in /data/atlas/HighMassDrellYan/test_mc16a/wmintaunu_1000/user.jmandali.24799642._000002.prelim_mc16a_mu_sig.root...
2021-10-26 23:55:39,284 DEBUG:All TTrees and variables found in /data/atlas/HighMassDrellYan/test_mc16a/wmintaunu_120/user.jmandali.24799634._000002.prelim_mc16a_mu_sig.root...
2021-10-26 23:55:39,400 DEBUG:All TTrees and variables found in /data/atlas/HighMassDrellYan/test_mc16a/wmintaunu_1250/user.jmandali.24799644._000002.prelim_mc16a_mu_sig.root...
2021-10-26 23:55:39,515 DEBUG:All TTrees and variables found in /data/atlas/HighMassDrellYan/test_mc16a/wmintaunu_1500/user.jmandali.24799851._000001.prelim_mc16a_tau_sig.root...
2021-10-26 23:55:39,698 DEBUG:All TTrees and variables found in /data/atlas/HighMassDrellYan/test_mc16a/wmintaunu_1750/user.jmandali.24799852._000001.prelim_mc16a_tau_sig.root...
2021-10-26 23:55:39,848 DEBUG:All TTrees and variables found in /data/atlas/HighMassDrellYan/test_mc16a/wmintaunu_180/user.jmandali.24799635._000002.prelim_mc16a_mu_sig.root...
2021-10-26 23:55:39,951 DEBUG:All TTrees and variables found in /data/atlas/HighMassDrellYan/test_mc16a/wmintaunu_2000/user.jmandali.24799853._000001.prelim_mc16a_tau_sig.root...
2021-10-26 23:55:40,058 DEBUG:All TTrees and variables found in /data/atlas/HighMassDrellYan/test_mc16a/wmintaunu_2250/user.jmandali.24799855._000002.prelim_mc16a_tau_sig.root...
2021-10-26 23:55:40,162 DEBUG:All TTrees and variables found in /data/atlas/HighMassDrellYan/test_mc16a/wmintaunu_250/user.jmandali.24799638._000003.prelim_mc16a_mu_sig.root...
2021-10-26 23:55:40,265 DEBUG:All TTrees and variables found in /data/atlas/HighMassDrellYan/test_mc16a/wmintaunu_2500/user.jmandali.24799857._000001.prelim_mc16a_tau_sig.root...
2021-10-26 23:55:40,419 DEBUG:All TTrees and variables found in /data/atlas/HighMassDrellYan/test_mc16a/wmintaunu_2750/user.jmandali.24799859._000001.prelim_mc16a_tau_sig.root...
2021-10-26 23:55:40,522 DEBUG:All TTrees and variables found in /data/atlas/HighMassDrellYan/test_mc16a/wmintaunu_3000/user.jmandali.24799860._000001.prelim_mc16a_tau_sig.root...
2021-10-26 23:55:40,627 DEBUG:All TTrees and variables found in /data/atlas/HighMassDrellYan/test_mc16a/wmintaunu_3500/user.jmandali.24799862._000002.prelim_mc16a_tau_sig.root...
2021-10-26 23:55:40,731 DEBUG:All TTrees and variables found in /data/atlas/HighMassDrellYan/test_mc16a/wmintaunu_400/user.jmandali.24799639._000002.prelim_mc16a_mu_sig.root...
2021-10-26 23:55:40,835 DEBUG:All TTrees and variables found in /data/atlas/HighMassDrellYan/test_mc16a/wmintaunu_4000/user.jmandali.24799864._000001.prelim_mc16a_tau_sig.root...
2021-10-26 23:55:40,938 DEBUG:All TTrees and variables found in /data/atlas/HighMassDrellYan/test_mc16a/wmintaunu_4500/user.jmandali.24799866._000005.prelim_mc16a_tau_sig.root...
2021-10-26 23:55:41,100 DEBUG:All TTrees and variables found in /data/atlas/HighMassDrellYan/test_mc16a/wmintaunu_5000/user.jmandali.24799867._000001.prelim_mc16a_tau_sig.root...
2021-10-26 23:55:41,207 DEBUG:All TTrees and variables found in /data/atlas/HighMassDrellYan/test_mc16a/wmintaunu_600/user.jmandali.24799640._000002.prelim_mc16a_mu_sig.root...
2021-10-26 23:55:41,320 DEBUG:All TTrees and variables found in /data/atlas/HighMassDrellYan/test_mc16a/wmintaunu_800/user.jmandali.24799641._000002.prelim_mc16a_mu_sig.root...
2021-10-26 23:55:41,320 DEBUG:All required TTrees variables found.
2021-10-26 23:55:41,320 WARNING:Variable(s) ['mu_isTight'] not contained in labels dictionary. Some unexpected behaviour may occur.
2021-10-26 23:55:41,320 INFO:Extracting mass slices from /data/atlas/HighMassDrellYan/test_mc16a/wmintaunu_*/*.root...
2021-10-26 23:55:41,320 DEBUG:Extracting {'eventNumber', 'mu_isTight', 'met_phi', 'met_met', 'mcChannelNumber', 'mu_phi', 'weight_mc', 'mu_pt', 'mu_eta'} from nominal_Loose tree...
2021-10-26 23:55:43,968 DEBUG:Extracted 41791 events.
2021-10-26 23:55:43,968 DEBUG:Extracting ['total_EventsWeighted', 'dsid'] from 'sumWeights' tree...
2021-10-26 23:55:44,526 DEBUG:Calculating sum of weights and merging...
2021-10-26 23:55:44,532 DEBUG:Extracting ['MC_WZ_m'] from truth tree...
