2021-10-27 00:00:12,553 INFO:INITIALISING ANALYSIS 'jesal_cutflow'...
2021-10-27 00:00:12,554 INFO:========================================
2021-10-27 00:00:12,554 INFO:
2021-10-27 00:00:12,554 INFO:======== INITIALISING DATASET 'wmintaunu_slices' =========
2021-10-27 00:00:12,564 DEBUG:DATASET INPUT OPTIONS: 
2021-10-27 00:00:12,564 DEBUG:----------------------------
2021-10-27 00:00:12,564 DEBUG:Input file(s):  /data/atlas/HighMassDrellYan/test_mc16a/wmintaunu_*/*.root
2021-10-27 00:00:12,564 DEBUG:TTree: nominal_Loose
2021-10-27 00:00:12,565 DEBUG:Cutfile: options/jesal_cutflow/cutfile_jesal.txt
2021-10-27 00:00:12,565 DEBUG:Slices: True
2021-10-27 00:00:12,566 DEBUG:grouped cutflow: True
2021-10-27 00:00:12,566 DEBUG:Forced dataset rebuild: True
2021-10-27 00:00:12,566 DEBUG:----------------------------
2021-10-27 00:00:12,567 DEBUG:
2021-10-27 00:00:12,567 DEBUG:CUTFILE CONTENTS
2021-10-27 00:00:12,567 DEBUG:---------------------------
2021-10-27 00:00:12,568 DEBUG:[CUTS]
2021-10-27 00:00:12,568 DEBUG:# Name	Variable	</>	Cut (in GeV if applicable)	Group Symmetric
2021-10-27 00:00:12,568 DEBUG:# !!REMEMBER DEFAULT ANALYSISTOP OUTPUT IS IN MeV NOT GeV!!
2021-10-27 00:00:12,568 DEBUG:Tight muon	mu_isTight	=	1	tight muon cut	false
2021-10-27 00:00:12,568 DEBUG:eta	mu_eta	<	2.4	eta	true
2021-10-27 00:00:12,568 DEBUG:E_{T}^{MISS}	met_met	>	65	met	false
2021-10-27 00:00:12,568 DEBUG:p_T	mu_pt	>	65	mu pt	false
2021-10-27 00:00:12,568 DEBUG:M_T	mu_mt	>	55	muon mt	false
2021-10-27 00:00:12,569 DEBUG:M_W	MC_WZ_m	<	120	W m	false	truth
2021-10-27 00:00:12,570 DEBUG:
2021-10-27 00:00:12,570 DEBUG:[OUTPUTS]
2021-10-27 00:00:12,570 DEBUG:# variables to process
2021-10-27 00:00:12,570 DEBUG:mu_mt
2021-10-27 00:00:12,570 DEBUG:mu_pt
2021-10-27 00:00:12,570 DEBUG:mu_eta
2021-10-27 00:00:12,570 DEBUG:
2021-10-27 00:00:12,570 DEBUG:[OPTIONS]
2021-10-27 00:00:12,570 DEBUG:# case-insensitive
2021-10-27 00:00:12,571 DEBUG:sequential	false
2021-10-27 00:00:12,571 DEBUG:grouped cutflow	false
2021-10-27 00:00:12,571 DEBUG:---------------------------
2021-10-27 00:00:12,572 INFO:Parsting cutfile for wmintaunu_slices...
2021-10-27 00:00:12,576 INFO:Building wmintaunu_slices dataframe from /data/atlas/HighMassDrellYan/test_mc16a/wmintaunu_*/*.root...
2021-10-27 00:00:12,577 DEBUG:Variables to extract from nominal_Loose tree: 
2021-10-27 00:00:12,577 DEBUG:  - met_met
2021-10-27 00:00:12,577 DEBUG:  - met_phi
2021-10-27 00:00:12,577 DEBUG:  - mu_isTight
2021-10-27 00:00:12,577 DEBUG:  - mu_pt
2021-10-27 00:00:12,577 DEBUG:  - mu_phi
2021-10-27 00:00:12,577 DEBUG:  - weight_mc
2021-10-27 00:00:12,579 DEBUG:  - mu_eta
2021-10-27 00:00:12,580 DEBUG:  - eventNumber
2021-10-27 00:00:12,580 DEBUG:Variables to extract from truth tree: 
2021-10-27 00:00:12,580 DEBUG:  - MC_WZ_m
2021-10-27 00:00:12,580 DEBUG:Variables to calculate: 
2021-10-27 00:00:12,580 DEBUG:  - mu_mt
2021-10-27 00:00:12,580 DEBUG:Checking TTree and TBranch values in file(s) '/data/atlas/HighMassDrellYan/test_mc16a/wmintaunu_*/*.root'...
2021-10-27 00:00:12,764 DEBUG:All TTrees and variables found in /data/atlas/HighMassDrellYan/test_mc16a/wmintaunu_1000/user.jmandali.24799642._000002.prelim_mc16a_mu_sig.root...
2021-10-27 00:00:12,873 DEBUG:All TTrees and variables found in /data/atlas/HighMassDrellYan/test_mc16a/wmintaunu_120/user.jmandali.24799634._000002.prelim_mc16a_mu_sig.root...
2021-10-27 00:00:12,981 DEBUG:All TTrees and variables found in /data/atlas/HighMassDrellYan/test_mc16a/wmintaunu_1250/user.jmandali.24799644._000002.prelim_mc16a_mu_sig.root...
2021-10-27 00:00:13,087 DEBUG:All TTrees and variables found in /data/atlas/HighMassDrellYan/test_mc16a/wmintaunu_1500/user.jmandali.24799851._000001.prelim_mc16a_tau_sig.root...
2021-10-27 00:00:13,194 DEBUG:All TTrees and variables found in /data/atlas/HighMassDrellYan/test_mc16a/wmintaunu_1750/user.jmandali.24799852._000001.prelim_mc16a_tau_sig.root...
2021-10-27 00:00:13,345 DEBUG:All TTrees and variables found in /data/atlas/HighMassDrellYan/test_mc16a/wmintaunu_180/user.jmandali.24799635._000002.prelim_mc16a_mu_sig.root...
2021-10-27 00:00:13,449 DEBUG:All TTrees and variables found in /data/atlas/HighMassDrellYan/test_mc16a/wmintaunu_2000/user.jmandali.24799853._000001.prelim_mc16a_tau_sig.root...
2021-10-27 00:00:13,556 DEBUG:All TTrees and variables found in /data/atlas/HighMassDrellYan/test_mc16a/wmintaunu_2250/user.jmandali.24799855._000002.prelim_mc16a_tau_sig.root...
2021-10-27 00:00:13,662 DEBUG:All TTrees and variables found in /data/atlas/HighMassDrellYan/test_mc16a/wmintaunu_250/user.jmandali.24799638._000003.prelim_mc16a_mu_sig.root...
2021-10-27 00:00:13,770 DEBUG:All TTrees and variables found in /data/atlas/HighMassDrellYan/test_mc16a/wmintaunu_2500/user.jmandali.24799857._000001.prelim_mc16a_tau_sig.root...
2021-10-27 00:00:13,938 DEBUG:All TTrees and variables found in /data/atlas/HighMassDrellYan/test_mc16a/wmintaunu_2750/user.jmandali.24799859._000001.prelim_mc16a_tau_sig.root...
2021-10-27 00:00:14,044 DEBUG:All TTrees and variables found in /data/atlas/HighMassDrellYan/test_mc16a/wmintaunu_3000/user.jmandali.24799860._000001.prelim_mc16a_tau_sig.root...
2021-10-27 00:00:14,148 DEBUG:All TTrees and variables found in /data/atlas/HighMassDrellYan/test_mc16a/wmintaunu_3500/user.jmandali.24799862._000002.prelim_mc16a_tau_sig.root...
2021-10-27 00:00:14,256 DEBUG:All TTrees and variables found in /data/atlas/HighMassDrellYan/test_mc16a/wmintaunu_400/user.jmandali.24799639._000002.prelim_mc16a_mu_sig.root...
2021-10-27 00:00:14,363 DEBUG:All TTrees and variables found in /data/atlas/HighMassDrellYan/test_mc16a/wmintaunu_4000/user.jmandali.24799864._000001.prelim_mc16a_tau_sig.root...
2021-10-27 00:00:14,469 DEBUG:All TTrees and variables found in /data/atlas/HighMassDrellYan/test_mc16a/wmintaunu_4500/user.jmandali.24799866._000005.prelim_mc16a_tau_sig.root...
2021-10-27 00:00:14,621 DEBUG:All TTrees and variables found in /data/atlas/HighMassDrellYan/test_mc16a/wmintaunu_5000/user.jmandali.24799867._000001.prelim_mc16a_tau_sig.root...
2021-10-27 00:00:14,725 DEBUG:All TTrees and variables found in /data/atlas/HighMassDrellYan/test_mc16a/wmintaunu_600/user.jmandali.24799640._000002.prelim_mc16a_mu_sig.root...
2021-10-27 00:00:14,830 DEBUG:All TTrees and variables found in /data/atlas/HighMassDrellYan/test_mc16a/wmintaunu_800/user.jmandali.24799641._000002.prelim_mc16a_mu_sig.root...
2021-10-27 00:00:14,830 DEBUG:All required TTrees variables found.
2021-10-27 00:00:14,830 WARNING:Variable(s) ['mu_isTight'] not contained in labels dictionary. Some unexpected behaviour may occur.
2021-10-27 00:00:14,830 INFO:Extracting mass slices from /data/atlas/HighMassDrellYan/test_mc16a/wmintaunu_*/*.root...
2021-10-27 00:00:14,830 DEBUG:Extracting {'met_met', 'met_phi', 'mu_isTight', 'mu_pt', 'mu_phi', 'mcChannelNumber', 'weight_mc', 'mu_eta', 'eventNumber'} from nominal_Loose tree...
2021-10-27 00:00:17,541 DEBUG:Extracted 41791 events.
2021-10-27 00:00:17,541 DEBUG:Extracting ['total_EventsWeighted', 'dsid'] from 'sumWeights' tree...
2021-10-27 00:00:18,104 DEBUG:Calculating sum of weights and merging...
2021-10-27 00:00:18,111 DEBUG:Extracting ['MC_WZ_m'] from truth tree...
