2021-10-21 18:21:46,781 INFO:INITIALISING ANALYSIS 'jesal_cutflow'...
2021-10-21 18:21:46,781 INFO:========================================
2021-10-21 18:21:46,781 INFO:
2021-10-21 18:21:46,781 INFO:======== INITIALISING DATASET 'truth' =========
2021-10-21 18:21:46,836 DEBUG:DATASET INPUT OPTIONS: 
2021-10-21 18:21:46,837 DEBUG:----------------------------
2021-10-21 18:21:46,837 DEBUG:Input file:  /data/atlas/HighMassDrellYan/test_mc16a/wmintaunu/*.root
2021-10-21 18:21:46,837 DEBUG:TTree: nominal_Loose
2021-10-21 18:21:46,837 DEBUG:Cutfile: options/jesal_cutflow/cutfile_jesal.txt
2021-10-21 18:21:46,837 DEBUG:Slices: True
2021-10-21 18:21:46,837 DEBUG:groupted cutflow: True
2021-10-21 18:21:46,837 DEBUG:CUTFILE CONTENTS
2021-10-21 18:21:46,837 DEBUG:---------------------------
2021-10-21 18:21:46,838 DEBUG:[CUTS]
2021-10-21 18:21:46,838 DEBUG:# Name	Variable	</>	Cut (in GeV if applicable)	Group Symmetric
2021-10-21 18:21:46,838 DEBUG:# !!REMEMBER DEFAULT ANALYSISTOP OUTPUT IS IN MeV NOT GeV!!
2021-10-21 18:21:46,839 DEBUG:Tight muon	mu_isTight	=	1	tight muon cut	false
2021-10-21 18:21:46,840 DEBUG:eta	mu_eta	<	2.4	eta	true
2021-10-21 18:21:46,840 DEBUG:E_{T}^{MISS}	met_met	>	65	met	false
2021-10-21 18:21:46,841 DEBUG:p_T	mu_pt	>	65	mu pt	false
2021-10-21 18:21:46,841 DEBUG:M_T	PDFinfo_Q	>	55	dilepton mass	false
2021-10-21 18:21:46,841 DEBUG:
2021-10-21 18:21:46,841 DEBUG:[OUTPUTS]
2021-10-21 18:21:46,841 DEBUG:# variables to process
2021-10-21 18:21:46,841 DEBUG:PDFinfo_Q
2021-10-21 18:21:46,841 DEBUG:
2021-10-21 18:21:46,841 DEBUG:[OPTIONS]
2021-10-21 18:21:46,841 DEBUG:# case-insensitive
2021-10-21 18:21:46,841 DEBUG:sequential	false
2021-10-21 18:21:46,841 DEBUG:grouped cutflow	false
2021-10-21 18:21:46,841 DEBUG:---------------------------
2021-10-21 18:21:46,842 INFO:Parsting cutfile for truth...
2021-10-21 18:21:46,845 DEBUG:Datafile found
2021-10-21 18:21:46,845 INFO:Reading data for truth dataframe from outputs/jesal_cutflow/data/truth_df.pkl...
2021-10-21 18:21:46,849 INFO:Creating weights for truth...
2021-10-21 18:21:46,853 DEBUG:PER-DSID INFO:
2021-10-21 18:21:46,853 DEBUG:--------------
2021-10-21 18:21:46,853 DEBUG:DSID       n_events   sum_w         x-s fb        lumi fb-1
2021-10-21 18:21:46,853 DEBUG:==========================================================
2021-10-21 18:21:46,858 DEBUG:361105     118        9.953306e+05  8.435005e+03  8.431161e-04
2021-10-21 18:21:46,858 INFO:Creating cuts for truth...
2021-10-21 18:21:46,863 INFO:
2021-10-21 18:21:46,864 INFO:========== CUTS USED ============
2021-10-21 18:21:46,864 INFO:Tight muon  : mu_isTight = 1.0
2021-10-21 18:21:46,864 INFO:eta         : |    mu_eta| < 2.4
2021-10-21 18:21:46,864 INFO:E_{T}^{MISS}:    met_met > 65.0
2021-10-21 18:21:46,864 INFO:p_T         :      mu_pt > 65.0
2021-10-21 18:21:46,865 INFO:M_T         :  PDFinfo_Q > 55.0
2021-10-21 18:21:46,865 INFO:
2021-10-21 18:21:46,874 INFO:========= DATASET 'truth' INITIALISED =========
2021-10-21 18:21:46,874 INFO:====================================
2021-10-21 18:21:46,875 INFO:ANALYSIS 'jesal_cutflow' INITIALISED
