2021-10-29 21:45:31,493 INFO: INITIALISING ANALYSIS 'jesal_cutflow'...
2021-10-29 21:45:31,494 INFO: ========================================
2021-10-29 21:45:31,494 INFO: 
2021-10-29 21:45:31,494 INFO: =====================================================
2021-10-29 21:45:31,494 INFO: ======== INITIALISING DATASET 'single_antitop_s' =========
2021-10-29 21:45:31,494 INFO: =====================================================
2021-10-29 21:45:31,495 DEBUG: DATASET INPUT OPTIONS: 
2021-10-29 21:45:31,495 DEBUG: ----------------------------
2021-10-29 21:45:31,495 DEBUG: Input file(s):  /data/atlas/HighMassDrellYan/test_mc16a/single_antitop_s/*.root
2021-10-29 21:45:31,495 DEBUG: TTree: nominal_Loose
2021-10-29 21:45:31,496 DEBUG: Cutfile: options/jesal_cutflow/cutfile_jesal.txt
2021-10-29 21:45:31,496 DEBUG: Slices: False
2021-10-29 21:45:31,497 DEBUG: grouped cutflow: True
2021-10-29 21:45:31,497 DEBUG: Forced dataset rebuild: True
2021-10-29 21:45:31,497 DEBUG: ----------------------------
2021-10-29 21:45:31,497 DEBUG: 
2021-10-29 21:45:31,497 DEBUG: CUTFILE CONTENTS
2021-10-29 21:45:31,497 DEBUG: ---------------------------
2021-10-29 21:45:31,498 DEBUG: [CUTS]
2021-10-29 21:45:31,498 DEBUG: # Name	Variable	</>	Cut (in GeV if applicable)	Group Symmetric
2021-10-29 21:45:31,498 DEBUG: # !!REMEMBER DEFAULT ANALYSISTOP OUTPUT IS IN MeV NOT GeV!!
2021-10-29 21:45:31,499 DEBUG: Tight muon	mu_isTight	=	1	tight muon cut	false
2021-10-29 21:45:31,499 DEBUG: eta	mu_eta	<	2.4	eta	true
2021-10-29 21:45:31,499 DEBUG: E_{T}^{MISS}	met_met	>	65	met	false
2021-10-29 21:45:31,499 DEBUG: p_T	mu_pt	>	65	mu pt	false
2021-10-29 21:45:31,500 DEBUG: M_T	mu_mt	>	55	muon mt	false
2021-10-29 21:45:31,500 DEBUG: M_W	MC_WZ_m	>	120	W m	false	truth
2021-10-29 21:45:31,500 DEBUG: 
2021-10-29 21:45:31,500 DEBUG: [OUTPUTS]
2021-10-29 21:45:31,500 DEBUG: # variables to process
2021-10-29 21:45:31,500 DEBUG: mu_mt
2021-10-29 21:45:31,501 DEBUG: mu_pt
2021-10-29 21:45:31,501 DEBUG: mu_eta
2021-10-29 21:45:31,501 DEBUG: 
2021-10-29 21:45:31,501 DEBUG: [OPTIONS]
2021-10-29 21:45:31,501 DEBUG: # case-insensitive
2021-10-29 21:45:31,501 DEBUG: sequential	false
2021-10-29 21:45:31,501 DEBUG: grouped cutflow	false
2021-10-29 21:45:31,501 DEBUG: ---------------------------
2021-10-29 21:45:31,502 INFO: Parsting cutfile for single_antitop_s...
2021-10-29 21:45:31,505 DEBUG: Datafile found
2021-10-29 21:45:31,505 INFO: Building single_antitop_s dataframe from /data/atlas/HighMassDrellYan/test_mc16a/single_antitop_s/*.root...
2021-10-29 21:45:31,505 DEBUG: Variables to extract from nominal_Loose tree: 
2021-10-29 21:45:31,505 DEBUG:   - met_phi
2021-10-29 21:45:31,505 DEBUG:   - eventNumber
2021-10-29 21:45:31,505 DEBUG:   - mu_phi
2021-10-29 21:45:31,505 DEBUG:   - weight_mc
2021-10-29 21:45:31,505 DEBUG:   - mu_isTight
2021-10-29 21:45:31,505 DEBUG:   - mu_pt
2021-10-29 21:45:31,505 DEBUG:   - met_met
2021-10-29 21:45:31,505 DEBUG:   - mu_eta
2021-10-29 21:45:31,505 DEBUG: Variables to extract from truth tree: 
2021-10-29 21:45:31,505 DEBUG:   - MC_WZ_m
2021-10-29 21:45:31,505 DEBUG: Variables to calculate: 
2021-10-29 21:45:31,506 DEBUG:   - mu_mt
2021-10-29 21:45:31,506 DEBUG: Checking TTree and TBranch values in file(s) '/data/atlas/HighMassDrellYan/test_mc16a/single_antitop_s/*.root'...
2021-10-29 21:45:31,634 DEBUG: All TTrees and variables found in /data/atlas/HighMassDrellYan/test_mc16a/single_antitop_s/user.jmandali.24799780._000001.prelim_mc16a_bckg.root...
2021-10-29 21:45:31,745 DEBUG: All TTrees and variables found in /data/atlas/HighMassDrellYan/test_mc16a/single_antitop_s/user.jmandali.24799780._000002.prelim_mc16a_bckg.root...
2021-10-29 21:45:31,745 DEBUG: All required TTrees variables found.
2021-10-29 21:45:31,745 WARNING: Variable(s) ['mu_isTight'] not contained in labels dictionary. Some unexpected behaviour may occur.
2021-10-29 21:45:31,745 INFO: Extracting {'met_phi', 'eventNumber', 'mu_phi', 'weight_mc', 'mu_isTight', 'mu_pt', 'met_met', 'mu_eta'} from /data/atlas/HighMassDrellYan/test_mc16a/single_antitop_s/*.root...
2021-10-29 21:45:31,991 DEBUG: Extracted 1814 events.
2021-10-29 21:45:31,991 DEBUG: Extracting ['MC_WZ_m'] from TTree truth...
2021-10-29 21:45:32,441 DEBUG: Extracted 1101722 events.
2021-10-29 21:45:32,441 DEBUG: Merging with rest of dataframe...
2021-10-29 21:45:32,587 INFO: time to build dataframe: 00:00:00
2021-10-29 21:45:32,587 INFO: Computing 'mu_mt' column from ['mu_pt', 'met_met', 'mu_phi', 'met_phi']...
2021-10-29 21:45:32,628 DEBUG: Rescaled columns ['mu_pt', 'MC_WZ_m', 'mu_mt'] to GeV.
2021-10-29 21:45:32,632 INFO: Dataframe built and saved in outputs/jesal_cutflow/data/single_antitop_s_df.pkl
2021-10-29 21:45:32,632 INFO: Number of events in dataset single_antitop_s: 1814
2021-10-29 21:45:32,632 INFO: Creating weights for single_antitop_s...
2021-10-29 21:45:32,633 DEBUG: INCLUSIVE SAMPLE METADATA:
2021-10-29 21:45:32,633 DEBUG: --------------------------
2021-10-29 21:45:32,633 DEBUG: n_events   sum_w         x-s fb        lumi fb-1
2021-10-29 21:45:32,633 DEBUG: ==========================================================
2021-10-29 21:45:32,634 DEBUG: 1814       2.298502e+03  1.267090e+00  2.002067e+05
2021-10-29 21:45:32,634 INFO: Creating cuts for single_antitop_s...
2021-10-29 21:45:32,637 INFO: 
2021-10-29 21:45:32,637 INFO: ========== CUTS USED ============
2021-10-29 21:45:32,638 INFO: Tight muon  : mu_isTight = 1.0
2021-10-29 21:45:32,638 INFO: eta         :    |mu_eta| < 2.4
2021-10-29 21:45:32,638 INFO: E_{T}^{MISS}:    met_met > 65.0
2021-10-29 21:45:32,638 INFO: p_T         :      mu_pt > 65.0
2021-10-29 21:45:32,638 INFO: M_T         :      mu_mt > 55.0
2021-10-29 21:45:32,638 INFO: M_W         :    MC_WZ_m > 120.0
2021-10-29 21:45:32,638 INFO: 
2021-10-29 21:45:32,644 INFO: =========== CUTFLOW =============
2021-10-29 21:45:32,644 INFO: Option: Non-sequential
2021-10-29 21:45:32,644 INFO: ---------------------------------
2021-10-29 21:45:32,644 INFO: Cut            Events Ratio
2021-10-29 21:45:32,644 INFO: Inclusive      1814   -
2021-10-29 21:45:32,644 INFO: tight muon cut 1814 1.000    
2021-10-29 21:45:32,645 INFO: eta            1814 1.000    
2021-10-29 21:45:32,646 INFO: met            1814 1.000    
2021-10-29 21:45:32,646 INFO: mu pt          1814 1.000    
2021-10-29 21:45:32,646 INFO: muon mt        1814 1.000    
2021-10-29 21:45:32,646 INFO: W m            68   0.037    
2021-10-29 21:45:32,646 INFO: 
2021-10-29 21:45:32,646 INFO: =====================================================
2021-10-29 21:45:32,646 INFO: ========= DATASET 'single_antitop_s' INITIALISED =========
2021-10-29 21:45:32,646 INFO: =====================================================
2021-10-29 21:45:32,646 INFO: 
2021-10-29 21:45:32,646 INFO: 
2021-10-29 21:45:32,646 INFO: =====================================================
2021-10-29 21:45:32,646 INFO: ======== INITIALISING DATASET 'single_antitop_t' =========
2021-10-29 21:45:32,646 INFO: =====================================================
2021-10-29 21:45:32,647 DEBUG: DATASET INPUT OPTIONS: 
2021-10-29 21:45:32,647 DEBUG: ----------------------------
2021-10-29 21:45:32,647 DEBUG: Input file(s):  /data/atlas/HighMassDrellYan/test_mc16a/single_antitop_t/*.root
2021-10-29 21:45:32,647 DEBUG: TTree: nominal_Loose
2021-10-29 21:45:32,647 DEBUG: Cutfile: options/jesal_cutflow/cutfile_jesal.txt
2021-10-29 21:45:32,647 DEBUG: Slices: False
2021-10-29 21:45:32,647 DEBUG: grouped cutflow: True
2021-10-29 21:45:32,647 DEBUG: Forced dataset rebuild: True
2021-10-29 21:45:32,647 DEBUG: ----------------------------
2021-10-29 21:45:32,647 DEBUG: 
2021-10-29 21:45:32,647 DEBUG: CUTFILE CONTENTS
2021-10-29 21:45:32,647 DEBUG: ---------------------------
2021-10-29 21:45:32,648 DEBUG: [CUTS]
2021-10-29 21:45:32,648 DEBUG: # Name	Variable	</>	Cut (in GeV if applicable)	Group Symmetric
2021-10-29 21:45:32,648 DEBUG: # !!REMEMBER DEFAULT ANALYSISTOP OUTPUT IS IN MeV NOT GeV!!
2021-10-29 21:45:32,648 DEBUG: Tight muon	mu_isTight	=	1	tight muon cut	false
2021-10-29 21:45:32,648 DEBUG: eta	mu_eta	<	2.4	eta	true
2021-10-29 21:45:32,648 DEBUG: E_{T}^{MISS}	met_met	>	65	met	false
2021-10-29 21:45:32,648 DEBUG: p_T	mu_pt	>	65	mu pt	false
2021-10-29 21:45:32,648 DEBUG: M_T	mu_mt	>	55	muon mt	false
2021-10-29 21:45:32,648 DEBUG: M_W	MC_WZ_m	>	120	W m	false	truth
2021-10-29 21:45:32,649 DEBUG: 
2021-10-29 21:45:32,649 DEBUG: [OUTPUTS]
2021-10-29 21:45:32,649 DEBUG: # variables to process
2021-10-29 21:45:32,649 DEBUG: mu_mt
2021-10-29 21:45:32,649 DEBUG: mu_pt
2021-10-29 21:45:32,649 DEBUG: mu_eta
2021-10-29 21:45:32,649 DEBUG: 
2021-10-29 21:45:32,650 DEBUG: [OPTIONS]
2021-10-29 21:45:32,650 DEBUG: # case-insensitive
2021-10-29 21:45:32,650 DEBUG: sequential	false
2021-10-29 21:45:32,650 DEBUG: grouped cutflow	false
2021-10-29 21:45:32,650 DEBUG: ---------------------------
2021-10-29 21:45:32,650 INFO: Parsting cutfile for single_antitop_t...
2021-10-29 21:45:32,651 DEBUG: Datafile found
2021-10-29 21:45:32,651 INFO: Building single_antitop_t dataframe from /data/atlas/HighMassDrellYan/test_mc16a/single_antitop_t/*.root...
2021-10-29 21:45:32,651 DEBUG: Variables to extract from nominal_Loose tree: 
2021-10-29 21:45:32,651 DEBUG:   - met_phi
2021-10-29 21:45:32,651 DEBUG:   - eventNumber
2021-10-29 21:45:32,651 DEBUG:   - mu_phi
2021-10-29 21:45:32,652 DEBUG:   - weight_mc
2021-10-29 21:45:32,652 DEBUG:   - mu_isTight
2021-10-29 21:45:32,652 DEBUG:   - mu_pt
2021-10-29 21:45:32,652 DEBUG:   - met_met
2021-10-29 21:45:32,652 DEBUG:   - mu_eta
2021-10-29 21:45:32,652 DEBUG: Variables to extract from truth tree: 
2021-10-29 21:45:32,653 DEBUG:   - MC_WZ_m
2021-10-29 21:45:32,653 DEBUG: Variables to calculate: 
2021-10-29 21:45:32,653 DEBUG:   - mu_mt
2021-10-29 21:45:32,653 DEBUG: Checking TTree and TBranch values in file(s) '/data/atlas/HighMassDrellYan/test_mc16a/single_antitop_t/*.root'...
2021-10-29 21:45:32,784 DEBUG: All TTrees and variables found in /data/atlas/HighMassDrellYan/test_mc16a/single_antitop_t/user.jmandali.24799787._000001.prelim_mc16a_bckg.root...
2021-10-29 21:45:32,899 DEBUG: All TTrees and variables found in /data/atlas/HighMassDrellYan/test_mc16a/single_antitop_t/user.jmandali.24799787._000002.prelim_mc16a_bckg.root...
2021-10-29 21:45:33,010 DEBUG: All TTrees and variables found in /data/atlas/HighMassDrellYan/test_mc16a/single_antitop_t/user.jmandali.24799787._000003.prelim_mc16a_bckg.root...
2021-10-29 21:45:33,122 DEBUG: All TTrees and variables found in /data/atlas/HighMassDrellYan/test_mc16a/single_antitop_t/user.jmandali.24799787._000004.prelim_mc16a_bckg.root...
2021-10-29 21:45:33,240 DEBUG: All TTrees and variables found in /data/atlas/HighMassDrellYan/test_mc16a/single_antitop_t/user.jmandali.24799787._000005.prelim_mc16a_bckg.root...
2021-10-29 21:45:33,406 DEBUG: All TTrees and variables found in /data/atlas/HighMassDrellYan/test_mc16a/single_antitop_t/user.jmandali.24799787._000006.prelim_mc16a_bckg.root...
2021-10-29 21:45:33,517 DEBUG: All TTrees and variables found in /data/atlas/HighMassDrellYan/test_mc16a/single_antitop_t/user.jmandali.24799787._000007.prelim_mc16a_bckg.root...
2021-10-29 21:45:33,628 DEBUG: All TTrees and variables found in /data/atlas/HighMassDrellYan/test_mc16a/single_antitop_t/user.jmandali.24799787._000008.prelim_mc16a_bckg.root...
2021-10-29 21:45:33,740 DEBUG: All TTrees and variables found in /data/atlas/HighMassDrellYan/test_mc16a/single_antitop_t/user.jmandali.24799787._000009.prelim_mc16a_bckg.root...
2021-10-29 21:45:33,853 DEBUG: All TTrees and variables found in /data/atlas/HighMassDrellYan/test_mc16a/single_antitop_t/user.jmandali.24799787._000010.prelim_mc16a_bckg.root...
2021-10-29 21:45:33,853 DEBUG: All required TTrees variables found.
2021-10-29 21:45:33,853 WARNING: Variable(s) ['mu_isTight'] not contained in labels dictionary. Some unexpected behaviour may occur.
2021-10-29 21:45:33,853 INFO: Extracting {'met_phi', 'eventNumber', 'mu_phi', 'weight_mc', 'mu_isTight', 'mu_pt', 'met_met', 'mu_eta'} from /data/atlas/HighMassDrellYan/test_mc16a/single_antitop_t/*.root...
2021-10-29 21:45:35,305 DEBUG: Extracted 23921 events.
2021-10-29 21:45:35,305 DEBUG: Extracting ['MC_WZ_m'] from TTree truth...
2021-10-29 21:45:39,295 DEBUG: Extracted 14299946 events.
2021-10-29 21:45:39,295 DEBUG: Merging with rest of dataframe...
2021-10-29 21:45:42,951 INFO: time to build dataframe: 00:00:09
2021-10-29 21:45:42,951 INFO: Computing 'mu_mt' column from ['mu_pt', 'met_met', 'mu_phi', 'met_phi']...
2021-10-29 21:45:43,405 DEBUG: Rescaled columns ['mu_pt', 'MC_WZ_m', 'mu_mt'] to GeV.
2021-10-29 21:45:43,423 INFO: Dataframe built and saved in outputs/jesal_cutflow/data/single_antitop_t_df.pkl
2021-10-29 21:45:43,424 INFO: Number of events in dataset single_antitop_t: 23921
2021-10-29 21:45:43,424 INFO: Creating weights for single_antitop_t...
2021-10-29 21:45:43,429 DEBUG: INCLUSIVE SAMPLE METADATA:
2021-10-29 21:45:43,429 DEBUG: --------------------------
2021-10-29 21:45:43,429 DEBUG: n_events   sum_w         x-s fb        lumi fb-1
2021-10-29 21:45:43,429 DEBUG: ==========================================================
2021-10-29 21:45:43,430 DEBUG: 23921      5.135785e+05  2.146978e+01  1.487589e+05
2021-10-29 21:45:43,431 INFO: Creating cuts for single_antitop_t...
2021-10-29 21:45:43,434 INFO: 
2021-10-29 21:45:43,435 INFO: ========== CUTS USED ============
2021-10-29 21:45:43,435 INFO: Tight muon  : mu_isTight = 1.0
2021-10-29 21:45:43,435 INFO: eta         :    |mu_eta| < 2.4
2021-10-29 21:45:43,435 INFO: E_{T}^{MISS}:    met_met > 65.0
2021-10-29 21:45:43,435 INFO: p_T         :      mu_pt > 65.0
2021-10-29 21:45:43,435 INFO: M_T         :      mu_mt > 55.0
2021-10-29 21:45:43,435 INFO: M_W         :    MC_WZ_m > 120.0
2021-10-29 21:45:43,435 INFO: 
2021-10-29 21:45:43,443 INFO: =========== CUTFLOW =============
2021-10-29 21:45:43,443 INFO: Option: Non-sequential
2021-10-29 21:45:43,443 INFO: ---------------------------------
2021-10-29 21:45:43,443 INFO: Cut            Events Ratio
2021-10-29 21:45:43,443 INFO: Inclusive      23921   -
2021-10-29 21:45:43,443 INFO: tight muon cut 23921 1.000    
2021-10-29 21:45:43,443 INFO: eta            23921 1.000    
2021-10-29 21:45:43,443 INFO: met            23921 1.000    
2021-10-29 21:45:43,443 INFO: mu pt          23921 1.000    
2021-10-29 21:45:43,443 INFO: muon mt        23921 1.000    
2021-10-29 21:45:43,443 INFO: W m            633   0.026    
2021-10-29 21:45:43,443 INFO: 
2021-10-29 21:45:43,443 INFO: =====================================================
2021-10-29 21:45:43,444 INFO: ========= DATASET 'single_antitop_t' INITIALISED =========
2021-10-29 21:45:43,444 INFO: =====================================================
2021-10-29 21:45:43,444 INFO: 
2021-10-29 21:45:43,444 INFO: 
2021-10-29 21:45:43,444 INFO: =====================================================
2021-10-29 21:45:43,444 INFO: ======== INITIALISING DATASET 'single_top_s' =========
2021-10-29 21:45:43,444 INFO: =====================================================
2021-10-29 21:45:43,445 DEBUG: DATASET INPUT OPTIONS: 
2021-10-29 21:45:43,445 DEBUG: ----------------------------
2021-10-29 21:45:43,445 DEBUG: Input file(s):  /data/atlas/HighMassDrellYan/test_mc16a/single_top_s/*.root
2021-10-29 21:45:43,446 DEBUG: TTree: nominal_Loose
2021-10-29 21:45:43,446 DEBUG: Cutfile: options/jesal_cutflow/cutfile_jesal.txt
2021-10-29 21:45:43,446 DEBUG: Slices: False
2021-10-29 21:45:43,446 DEBUG: grouped cutflow: True
2021-10-29 21:45:43,446 DEBUG: Forced dataset rebuild: True
2021-10-29 21:45:43,446 DEBUG: ----------------------------
2021-10-29 21:45:43,446 DEBUG: 
2021-10-29 21:45:43,446 DEBUG: CUTFILE CONTENTS
2021-10-29 21:45:43,446 DEBUG: ---------------------------
2021-10-29 21:45:43,446 DEBUG: [CUTS]
2021-10-29 21:45:43,446 DEBUG: # Name	Variable	</>	Cut (in GeV if applicable)	Group Symmetric
2021-10-29 21:45:43,446 DEBUG: # !!REMEMBER DEFAULT ANALYSISTOP OUTPUT IS IN MeV NOT GeV!!
2021-10-29 21:45:43,446 DEBUG: Tight muon	mu_isTight	=	1	tight muon cut	false
2021-10-29 21:45:43,446 DEBUG: eta	mu_eta	<	2.4	eta	true
2021-10-29 21:45:43,446 DEBUG: E_{T}^{MISS}	met_met	>	65	met	false
2021-10-29 21:45:43,446 DEBUG: p_T	mu_pt	>	65	mu pt	false
2021-10-29 21:45:43,446 DEBUG: M_T	mu_mt	>	55	muon mt	false
2021-10-29 21:45:43,446 DEBUG: M_W	MC_WZ_m	>	120	W m	false	truth
2021-10-29 21:45:43,446 DEBUG: 
2021-10-29 21:45:43,446 DEBUG: [OUTPUTS]
2021-10-29 21:45:43,447 DEBUG: # variables to process
2021-10-29 21:45:43,447 DEBUG: mu_mt
2021-10-29 21:45:43,447 DEBUG: mu_pt
2021-10-29 21:45:43,447 DEBUG: mu_eta
2021-10-29 21:45:43,447 DEBUG: 
2021-10-29 21:45:43,447 DEBUG: [OPTIONS]
2021-10-29 21:45:43,447 DEBUG: # case-insensitive
2021-10-29 21:45:43,447 DEBUG: sequential	false
2021-10-29 21:45:43,447 DEBUG: grouped cutflow	false
2021-10-29 21:45:43,447 DEBUG: ---------------------------
2021-10-29 21:45:43,447 INFO: Parsting cutfile for single_top_s...
2021-10-29 21:45:43,448 DEBUG: Datafile found
2021-10-29 21:45:43,448 INFO: Building single_top_s dataframe from /data/atlas/HighMassDrellYan/test_mc16a/single_top_s/*.root...
2021-10-29 21:45:43,448 DEBUG: Variables to extract from nominal_Loose tree: 
2021-10-29 21:45:43,448 DEBUG:   - met_phi
2021-10-29 21:45:43,448 DEBUG:   - eventNumber
2021-10-29 21:45:43,448 DEBUG:   - mu_phi
2021-10-29 21:45:43,448 DEBUG:   - weight_mc
2021-10-29 21:45:43,448 DEBUG:   - mu_isTight
2021-10-29 21:45:43,448 DEBUG:   - mu_pt
2021-10-29 21:45:43,448 DEBUG:   - met_met
2021-10-29 21:45:43,448 DEBUG:   - mu_eta
2021-10-29 21:45:43,450 DEBUG: Variables to extract from truth tree: 
2021-10-29 21:45:43,451 DEBUG:   - MC_WZ_m
2021-10-29 21:45:43,451 DEBUG: Variables to calculate: 
2021-10-29 21:45:43,451 DEBUG:   - mu_mt
2021-10-29 21:45:43,451 DEBUG: Checking TTree and TBranch values in file(s) '/data/atlas/HighMassDrellYan/test_mc16a/single_top_s/*.root'...
2021-10-29 21:45:43,563 DEBUG: All TTrees and variables found in /data/atlas/HighMassDrellYan/test_mc16a/single_top_s/user.jmandali.24799778._000001.prelim_mc16a_bckg.root...
2021-10-29 21:45:43,677 DEBUG: All TTrees and variables found in /data/atlas/HighMassDrellYan/test_mc16a/single_top_s/user.jmandali.24799778._000002.prelim_mc16a_bckg.root...
2021-10-29 21:45:43,787 DEBUG: All TTrees and variables found in /data/atlas/HighMassDrellYan/test_mc16a/single_top_s/user.jmandali.24799778._000003.prelim_mc16a_bckg.root...
2021-10-29 21:45:43,787 DEBUG: All required TTrees variables found.
2021-10-29 21:45:43,787 WARNING: Variable(s) ['mu_isTight'] not contained in labels dictionary. Some unexpected behaviour may occur.
2021-10-29 21:45:43,787 INFO: Extracting {'met_phi', 'eventNumber', 'mu_phi', 'weight_mc', 'mu_isTight', 'mu_pt', 'met_met', 'mu_eta'} from /data/atlas/HighMassDrellYan/test_mc16a/single_top_s/*.root...
2021-10-29 21:45:44,203 DEBUG: Extracted 1762 events.
2021-10-29 21:45:44,204 DEBUG: Extracting ['MC_WZ_m'] from TTree truth...
2021-10-29 21:45:44,650 DEBUG: Extracted 1087678 events.
2021-10-29 21:45:44,650 DEBUG: Merging with rest of dataframe...
2021-10-29 21:45:44,782 INFO: time to build dataframe: 00:00:00
2021-10-29 21:45:44,782 INFO: Computing 'mu_mt' column from ['mu_pt', 'met_met', 'mu_phi', 'met_phi']...
2021-10-29 21:45:44,820 DEBUG: Rescaled columns ['mu_pt', 'MC_WZ_m', 'mu_mt'] to GeV.
2021-10-29 21:45:44,825 INFO: Dataframe built and saved in outputs/jesal_cutflow/data/single_top_s_df.pkl
2021-10-29 21:45:44,825 INFO: Number of events in dataset single_top_s: 1762
2021-10-29 21:45:44,825 INFO: Creating weights for single_top_s...
2021-10-29 21:45:44,826 DEBUG: INCLUSIVE SAMPLE METADATA:
2021-10-29 21:45:44,826 DEBUG: --------------------------
2021-10-29 21:45:44,826 DEBUG: n_events   sum_w         x-s fb        lumi fb-1
2021-10-29 21:45:44,826 DEBUG: ==========================================================
2021-10-29 21:45:44,826 DEBUG: 1762       3.573112e+03  2.027873e+00  1.216447e+05
2021-10-29 21:45:44,827 INFO: Creating cuts for single_top_s...
2021-10-29 21:45:44,830 INFO: 
2021-10-29 21:45:44,830 INFO: ========== CUTS USED ============
2021-10-29 21:45:44,830 INFO: Tight muon  : mu_isTight = 1.0
2021-10-29 21:45:44,830 INFO: eta         :    |mu_eta| < 2.4
2021-10-29 21:45:44,830 INFO: E_{T}^{MISS}:    met_met > 65.0
2021-10-29 21:45:44,830 INFO: p_T         :      mu_pt > 65.0
2021-10-29 21:45:44,830 INFO: M_T         :      mu_mt > 55.0
2021-10-29 21:45:44,830 INFO: M_W         :    MC_WZ_m > 120.0
2021-10-29 21:45:44,830 INFO: 
2021-10-29 21:45:44,835 INFO: =========== CUTFLOW =============
2021-10-29 21:45:44,836 INFO: Option: Non-sequential
2021-10-29 21:45:44,836 INFO: ---------------------------------
2021-10-29 21:45:44,836 INFO: Cut            Events Ratio
2021-10-29 21:45:44,836 INFO: Inclusive      1762   -
2021-10-29 21:45:44,836 INFO: tight muon cut 1762 1.000    
2021-10-29 21:45:44,836 INFO: eta            1762 1.000    
2021-10-29 21:45:44,836 INFO: met            1762 1.000    
2021-10-29 21:45:44,836 INFO: mu pt          1762 1.000    
2021-10-29 21:45:44,836 INFO: muon mt        1762 1.000    
2021-10-29 21:45:44,836 INFO: W m            56   0.032    
2021-10-29 21:45:44,836 INFO: 
2021-10-29 21:45:44,836 INFO: =====================================================
2021-10-29 21:45:44,836 INFO: ========= DATASET 'single_top_s' INITIALISED =========
2021-10-29 21:45:44,836 INFO: =====================================================
2021-10-29 21:45:44,836 INFO: 
2021-10-29 21:45:44,836 INFO: 
2021-10-29 21:45:44,836 INFO: =====================================================
2021-10-29 21:45:44,836 INFO: ======== INITIALISING DATASET 'single_top_t' =========
2021-10-29 21:45:44,836 INFO: =====================================================
2021-10-29 21:45:44,837 DEBUG: DATASET INPUT OPTIONS: 
2021-10-29 21:45:44,837 DEBUG: ----------------------------
2021-10-29 21:45:44,838 DEBUG: Input file(s):  /data/atlas/HighMassDrellYan/test_mc16a/single_top_t/*.root
2021-10-29 21:45:44,838 DEBUG: TTree: nominal_Loose
2021-10-29 21:45:44,838 DEBUG: Cutfile: options/jesal_cutflow/cutfile_jesal.txt
2021-10-29 21:45:44,838 DEBUG: Slices: False
2021-10-29 21:45:44,838 DEBUG: grouped cutflow: True
2021-10-29 21:45:44,838 DEBUG: Forced dataset rebuild: True
2021-10-29 21:45:44,838 DEBUG: ----------------------------
2021-10-29 21:45:44,838 DEBUG: 
2021-10-29 21:45:44,838 DEBUG: CUTFILE CONTENTS
2021-10-29 21:45:44,838 DEBUG: ---------------------------
2021-10-29 21:45:44,838 DEBUG: [CUTS]
2021-10-29 21:45:44,838 DEBUG: # Name	Variable	</>	Cut (in GeV if applicable)	Group Symmetric
2021-10-29 21:45:44,839 DEBUG: # !!REMEMBER DEFAULT ANALYSISTOP OUTPUT IS IN MeV NOT GeV!!
2021-10-29 21:45:44,839 DEBUG: Tight muon	mu_isTight	=	1	tight muon cut	false
2021-10-29 21:45:44,839 DEBUG: eta	mu_eta	<	2.4	eta	true
2021-10-29 21:45:44,839 DEBUG: E_{T}^{MISS}	met_met	>	65	met	false
2021-10-29 21:45:44,839 DEBUG: p_T	mu_pt	>	65	mu pt	false
2021-10-29 21:45:44,839 DEBUG: M_T	mu_mt	>	55	muon mt	false
2021-10-29 21:45:44,839 DEBUG: M_W	MC_WZ_m	>	120	W m	false	truth
2021-10-29 21:45:44,839 DEBUG: 
2021-10-29 21:45:44,839 DEBUG: [OUTPUTS]
2021-10-29 21:45:44,839 DEBUG: # variables to process
2021-10-29 21:45:44,839 DEBUG: mu_mt
2021-10-29 21:45:44,839 DEBUG: mu_pt
2021-10-29 21:45:44,839 DEBUG: mu_eta
2021-10-29 21:45:44,840 DEBUG: 
2021-10-29 21:45:44,840 DEBUG: [OPTIONS]
2021-10-29 21:45:44,840 DEBUG: # case-insensitive
2021-10-29 21:45:44,840 DEBUG: sequential	false
2021-10-29 21:45:44,840 DEBUG: grouped cutflow	false
2021-10-29 21:45:44,840 DEBUG: ---------------------------
2021-10-29 21:45:44,840 INFO: Parsting cutfile for single_top_t...
2021-10-29 21:45:44,841 DEBUG: Datafile found
2021-10-29 21:45:44,841 INFO: Building single_top_t dataframe from /data/atlas/HighMassDrellYan/test_mc16a/single_top_t/*.root...
2021-10-29 21:45:44,841 DEBUG: Variables to extract from nominal_Loose tree: 
2021-10-29 21:45:44,841 DEBUG:   - met_phi
2021-10-29 21:45:44,841 DEBUG:   - eventNumber
2021-10-29 21:45:44,841 DEBUG:   - mu_phi
2021-10-29 21:45:44,841 DEBUG:   - weight_mc
2021-10-29 21:45:44,841 DEBUG:   - mu_isTight
2021-10-29 21:45:44,841 DEBUG:   - mu_pt
2021-10-29 21:45:44,841 DEBUG:   - met_met
2021-10-29 21:45:44,841 DEBUG:   - mu_eta
2021-10-29 21:45:44,841 DEBUG: Variables to extract from truth tree: 
2021-10-29 21:45:44,841 DEBUG:   - MC_WZ_m
2021-10-29 21:45:44,841 DEBUG: Variables to calculate: 
2021-10-29 21:45:44,841 DEBUG:   - mu_mt
2021-10-29 21:45:44,842 DEBUG: Checking TTree and TBranch values in file(s) '/data/atlas/HighMassDrellYan/test_mc16a/single_top_t/*.root'...
2021-10-29 21:45:44,970 DEBUG: All TTrees and variables found in /data/atlas/HighMassDrellYan/test_mc16a/single_top_t/user.jmandali.24799785._000001.prelim_mc16a_bckg.root...
2021-10-29 21:45:45,086 DEBUG: All TTrees and variables found in /data/atlas/HighMassDrellYan/test_mc16a/single_top_t/user.jmandali.24799785._000002.prelim_mc16a_bckg.root...
2021-10-29 21:45:45,200 DEBUG: All TTrees and variables found in /data/atlas/HighMassDrellYan/test_mc16a/single_top_t/user.jmandali.24799785._000003.prelim_mc16a_bckg.root...
2021-10-29 21:45:45,317 DEBUG: All TTrees and variables found in /data/atlas/HighMassDrellYan/test_mc16a/single_top_t/user.jmandali.24799785._000004.prelim_mc16a_bckg.root...
2021-10-29 21:45:45,432 DEBUG: All TTrees and variables found in /data/atlas/HighMassDrellYan/test_mc16a/single_top_t/user.jmandali.24799785._000005.prelim_mc16a_bckg.root...
2021-10-29 21:45:45,596 DEBUG: All TTrees and variables found in /data/atlas/HighMassDrellYan/test_mc16a/single_top_t/user.jmandali.24799785._000006.prelim_mc16a_bckg.root...
2021-10-29 21:45:45,709 DEBUG: All TTrees and variables found in /data/atlas/HighMassDrellYan/test_mc16a/single_top_t/user.jmandali.24799785._000007.prelim_mc16a_bckg.root...
2021-10-29 21:45:45,825 DEBUG: All TTrees and variables found in /data/atlas/HighMassDrellYan/test_mc16a/single_top_t/user.jmandali.24799785._000008.prelim_mc16a_bckg.root...
2021-10-29 21:45:45,941 DEBUG: All TTrees and variables found in /data/atlas/HighMassDrellYan/test_mc16a/single_top_t/user.jmandali.24799785._000009.prelim_mc16a_bckg.root...
2021-10-29 21:45:46,054 DEBUG: All TTrees and variables found in /data/atlas/HighMassDrellYan/test_mc16a/single_top_t/user.jmandali.24799785._000010.prelim_mc16a_bckg.root...
2021-10-29 21:45:46,164 DEBUG: All TTrees and variables found in /data/atlas/HighMassDrellYan/test_mc16a/single_top_t/user.jmandali.24799785._000011.prelim_mc16a_bckg.root...
2021-10-29 21:45:46,340 DEBUG: All TTrees and variables found in /data/atlas/HighMassDrellYan/test_mc16a/single_top_t/user.jmandali.24799785._000012.prelim_mc16a_bckg.root...
2021-10-29 21:45:46,340 DEBUG: All required TTrees variables found.
2021-10-29 21:45:46,340 WARNING: Variable(s) ['mu_isTight'] not contained in labels dictionary. Some unexpected behaviour may occur.
2021-10-29 21:45:46,340 INFO: Extracting {'met_phi', 'eventNumber', 'mu_phi', 'weight_mc', 'mu_isTight', 'mu_pt', 'met_met', 'mu_eta'} from /data/atlas/HighMassDrellYan/test_mc16a/single_top_t/*.root...
2021-10-29 21:45:48,120 DEBUG: Extracted 24285 events.
2021-10-29 21:45:48,120 DEBUG: Extracting ['MC_WZ_m'] from TTree truth...
2021-10-29 21:45:52,033 DEBUG: Extracted 13863498 events.
2021-10-29 21:45:52,034 DEBUG: Merging with rest of dataframe...
2021-10-29 21:45:55,613 INFO: time to build dataframe: 00:00:09
2021-10-29 21:45:55,614 INFO: Computing 'mu_mt' column from ['mu_pt', 'met_met', 'mu_phi', 'met_phi']...
2021-10-29 21:45:56,105 DEBUG: Rescaled columns ['mu_pt', 'MC_WZ_m', 'mu_mt'] to GeV.
2021-10-29 21:45:56,125 INFO: Dataframe built and saved in outputs/jesal_cutflow/data/single_top_t_df.pkl
2021-10-29 21:45:56,126 INFO: Number of events in dataset single_top_t: 24285
2021-10-29 21:45:56,126 INFO: Creating weights for single_top_t...
2021-10-29 21:45:56,131 DEBUG: INCLUSIVE SAMPLE METADATA:
2021-10-29 21:45:56,131 DEBUG: --------------------------
2021-10-29 21:45:56,131 DEBUG: n_events   sum_w         x-s fb        lumi fb-1
2021-10-29 21:45:56,131 DEBUG: ==========================================================
2021-10-29 21:45:56,132 DEBUG: 24285      8.698330e+05  3.581771e+01  9.051333e+04
2021-10-29 21:45:56,132 INFO: Creating cuts for single_top_t...
2021-10-29 21:45:56,135 INFO: 
2021-10-29 21:45:56,135 INFO: ========== CUTS USED ============
2021-10-29 21:45:56,135 INFO: Tight muon  : mu_isTight = 1.0
2021-10-29 21:45:56,135 INFO: eta         :    |mu_eta| < 2.4
2021-10-29 21:45:56,135 INFO: E_{T}^{MISS}:    met_met > 65.0
2021-10-29 21:45:56,136 INFO: p_T         :      mu_pt > 65.0
2021-10-29 21:45:56,136 INFO: M_T         :      mu_mt > 55.0
2021-10-29 21:45:56,136 INFO: M_W         :    MC_WZ_m > 120.0
2021-10-29 21:45:56,136 INFO: 
2021-10-29 21:45:56,143 INFO: =========== CUTFLOW =============
2021-10-29 21:45:56,143 INFO: Option: Non-sequential
2021-10-29 21:45:56,143 INFO: ---------------------------------
2021-10-29 21:45:56,143 INFO: Cut            Events Ratio
2021-10-29 21:45:56,143 INFO: Inclusive      24285   -
2021-10-29 21:45:56,143 INFO: tight muon cut 24285 1.000    
2021-10-29 21:45:56,143 INFO: eta            24285 1.000    
2021-10-29 21:45:56,143 INFO: met            24285 1.000    
2021-10-29 21:45:56,143 INFO: mu pt          24285 1.000    
2021-10-29 21:45:56,143 INFO: muon mt        24285 1.000    
2021-10-29 21:45:56,143 INFO: W m            557   0.023    
2021-10-29 21:45:56,143 INFO: 
2021-10-29 21:45:56,144 INFO: =====================================================
2021-10-29 21:45:56,145 INFO: ========= DATASET 'single_top_t' INITIALISED =========
2021-10-29 21:45:56,145 INFO: =====================================================
2021-10-29 21:45:56,145 INFO: 
2021-10-29 21:45:56,145 INFO: 
2021-10-29 21:45:56,145 INFO: =====================================================
2021-10-29 21:45:57,039 INFO: ======== INITIALISING DATASET 'ttbar' =========
2021-10-29 21:45:57,039 INFO: =====================================================
2021-10-29 21:45:57,040 DEBUG: DATASET INPUT OPTIONS: 
2021-10-29 21:45:57,041 DEBUG: ----------------------------
2021-10-29 21:45:57,041 DEBUG: Input file(s):  /data/atlas/HighMassDrellYan/test_mc16a/single_top_s/*.root
2021-10-29 21:45:57,041 DEBUG: TTree: nominal_Loose
2021-10-29 21:45:57,042 DEBUG: Cutfile: options/jesal_cutflow/cutfile_jesal.txt
2021-10-29 21:45:57,042 DEBUG: Slices: False
2021-10-29 21:45:57,042 DEBUG: grouped cutflow: True
2021-10-29 21:45:57,042 DEBUG: Forced dataset rebuild: True
2021-10-29 21:45:57,042 DEBUG: ----------------------------
2021-10-29 21:45:57,043 DEBUG: 
2021-10-29 21:45:57,043 DEBUG: CUTFILE CONTENTS
2021-10-29 21:45:57,043 DEBUG: ---------------------------
2021-10-29 21:45:57,043 DEBUG: [CUTS]
2021-10-29 21:45:57,043 DEBUG: # Name	Variable	</>	Cut (in GeV if applicable)	Group Symmetric
2021-10-29 21:45:57,044 DEBUG: # !!REMEMBER DEFAULT ANALYSISTOP OUTPUT IS IN MeV NOT GeV!!
2021-10-29 21:45:57,044 DEBUG: Tight muon	mu_isTight	=	1	tight muon cut	false
2021-10-29 21:45:57,044 DEBUG: eta	mu_eta	<	2.4	eta	true
2021-10-29 21:45:57,044 DEBUG: E_{T}^{MISS}	met_met	>	65	met	false
2021-10-29 21:45:57,044 DEBUG: p_T	mu_pt	>	65	mu pt	false
2021-10-29 21:45:57,044 DEBUG: M_T	mu_mt	>	55	muon mt	false
2021-10-29 21:45:57,044 DEBUG: M_W	MC_WZ_m	>	120	W m	false	truth
2021-10-29 21:45:57,045 DEBUG: 
2021-10-29 21:45:57,045 DEBUG: [OUTPUTS]
2021-10-29 21:45:57,045 DEBUG: # variables to process
2021-10-29 21:45:57,045 DEBUG: mu_mt
2021-10-29 21:45:57,045 DEBUG: mu_pt
2021-10-29 21:45:57,045 DEBUG: mu_eta
2021-10-29 21:45:57,045 DEBUG: 
2021-10-29 21:45:57,045 DEBUG: [OPTIONS]
2021-10-29 21:45:57,045 DEBUG: # case-insensitive
2021-10-29 21:45:57,046 DEBUG: sequential	false
2021-10-29 21:45:57,046 DEBUG: grouped cutflow	false
2021-10-29 21:45:57,046 DEBUG: ---------------------------
2021-10-29 21:45:57,046 INFO: Parsting cutfile for ttbar...
2021-10-29 21:45:57,048 DEBUG: Datafile found
2021-10-29 21:45:57,049 INFO: Building ttbar dataframe from /data/atlas/HighMassDrellYan/test_mc16a/single_top_s/*.root...
2021-10-29 21:45:57,049 DEBUG: Variables to extract from nominal_Loose tree: 
2021-10-29 21:45:57,049 DEBUG:   - met_phi
2021-10-29 21:45:57,049 DEBUG:   - eventNumber
2021-10-29 21:45:57,049 DEBUG:   - mu_phi
2021-10-29 21:45:57,049 DEBUG:   - weight_mc
2021-10-29 21:45:57,049 DEBUG:   - mu_isTight
2021-10-29 21:45:57,049 DEBUG:   - mu_pt
2021-10-29 21:45:57,050 DEBUG:   - met_met
2021-10-29 21:45:57,050 DEBUG:   - mu_eta
2021-10-29 21:45:57,050 DEBUG: Variables to extract from truth tree: 
2021-10-29 21:45:57,050 DEBUG:   - MC_WZ_m
2021-10-29 21:45:57,050 DEBUG: Variables to calculate: 
2021-10-29 21:45:57,050 DEBUG:   - mu_mt
2021-10-29 21:45:57,050 DEBUG: Checking TTree and TBranch values in file(s) '/data/atlas/HighMassDrellYan/test_mc16a/single_top_s/*.root'...
2021-10-29 21:45:57,231 DEBUG: All TTrees and variables found in /data/atlas/HighMassDrellYan/test_mc16a/single_top_s/user.jmandali.24799778._000001.prelim_mc16a_bckg.root...
2021-10-29 21:45:57,346 DEBUG: All TTrees and variables found in /data/atlas/HighMassDrellYan/test_mc16a/single_top_s/user.jmandali.24799778._000002.prelim_mc16a_bckg.root...
2021-10-29 21:45:57,458 DEBUG: All TTrees and variables found in /data/atlas/HighMassDrellYan/test_mc16a/single_top_s/user.jmandali.24799778._000003.prelim_mc16a_bckg.root...
2021-10-29 21:45:57,458 DEBUG: All required TTrees variables found.
2021-10-29 21:45:57,458 WARNING: Variable(s) ['mu_isTight'] not contained in labels dictionary. Some unexpected behaviour may occur.
2021-10-29 21:45:57,458 INFO: Extracting {'met_phi', 'eventNumber', 'mu_phi', 'weight_mc', 'mu_isTight', 'mu_pt', 'met_met', 'mu_eta'} from /data/atlas/HighMassDrellYan/test_mc16a/single_top_s/*.root...
2021-10-29 21:45:57,874 DEBUG: Extracted 1762 events.
2021-10-29 21:45:57,874 DEBUG: Extracting ['MC_WZ_m'] from TTree truth...
2021-10-29 21:45:58,306 DEBUG: Extracted 1087678 events.
2021-10-29 21:45:58,306 DEBUG: Merging with rest of dataframe...
2021-10-29 21:45:58,438 INFO: time to build dataframe: 00:00:00
2021-10-29 21:45:58,438 INFO: Computing 'mu_mt' column from ['mu_pt', 'met_met', 'mu_phi', 'met_phi']...
2021-10-29 21:45:58,476 DEBUG: Rescaled columns ['mu_pt', 'MC_WZ_m', 'mu_mt'] to GeV.
2021-10-29 21:45:58,481 INFO: Dataframe built and saved in outputs/jesal_cutflow/data/ttbar_df.pkl
2021-10-29 21:45:58,481 INFO: Number of events in dataset ttbar: 1762
2021-10-29 21:45:58,481 INFO: Creating weights for ttbar...
2021-10-29 21:45:58,482 DEBUG: INCLUSIVE SAMPLE METADATA:
2021-10-29 21:45:58,482 DEBUG: --------------------------
2021-10-29 21:45:58,482 DEBUG: n_events   sum_w         x-s fb        lumi fb-1
2021-10-29 21:45:58,482 DEBUG: ==========================================================
2021-10-29 21:45:58,482 DEBUG: 1762       3.573112e+03  2.027873e+00  1.216447e+05
2021-10-29 21:45:58,483 INFO: Creating cuts for ttbar...
2021-10-29 21:45:58,485 INFO: 
2021-10-29 21:45:58,486 INFO: ========== CUTS USED ============
2021-10-29 21:45:58,486 INFO: Tight muon  : mu_isTight = 1.0
2021-10-29 21:45:58,486 INFO: eta         :    |mu_eta| < 2.4
2021-10-29 21:45:58,486 INFO: E_{T}^{MISS}:    met_met > 65.0
2021-10-29 21:45:58,486 INFO: p_T         :      mu_pt > 65.0
2021-10-29 21:45:58,486 INFO: M_T         :      mu_mt > 55.0
2021-10-29 21:45:58,486 INFO: M_W         :    MC_WZ_m > 120.0
2021-10-29 21:45:58,486 INFO: 
2021-10-29 21:45:58,491 INFO: =========== CUTFLOW =============
2021-10-29 21:45:58,491 INFO: Option: Non-sequential
2021-10-29 21:45:58,491 INFO: ---------------------------------
2021-10-29 21:45:58,491 INFO: Cut            Events Ratio
2021-10-29 21:45:58,491 INFO: Inclusive      1762   -
2021-10-29 21:45:58,491 INFO: tight muon cut 1762 1.000    
2021-10-29 21:45:58,491 INFO: eta            1762 1.000    
2021-10-29 21:45:58,491 INFO: met            1762 1.000    
2021-10-29 21:45:58,492 INFO: mu pt          1762 1.000    
2021-10-29 21:45:58,492 INFO: muon mt        1762 1.000    
2021-10-29 21:45:58,492 INFO: W m            56   0.032    
2021-10-29 21:45:58,492 INFO: 
2021-10-29 21:45:58,492 INFO: =====================================================
2021-10-29 21:45:58,492 INFO: ========= DATASET 'ttbar' INITIALISED =========
2021-10-29 21:45:58,492 INFO: =====================================================
2021-10-29 21:45:58,492 INFO: 
2021-10-29 21:45:58,492 INFO: 
2021-10-29 21:45:58,492 INFO: =====================================================
2021-10-29 21:45:58,492 INFO: ======== INITIALISING DATASET 'wmintaunu_slices' =========
2021-10-29 21:45:58,492 INFO: =====================================================
2021-10-29 21:45:58,499 DEBUG: DATASET INPUT OPTIONS: 
2021-10-29 21:45:58,499 DEBUG: ----------------------------
2021-10-29 21:45:58,499 DEBUG: Input file(s):  /data/atlas/HighMassDrellYan/test_mc16a/wmintaunu_*/*.root
2021-10-29 21:45:58,499 DEBUG: TTree: nominal_Loose
2021-10-29 21:45:58,499 DEBUG: Cutfile: options/jesal_cutflow/cutfile_jesal.txt
2021-10-29 21:45:58,499 DEBUG: Slices: True
2021-10-29 21:45:58,499 DEBUG: grouped cutflow: True
2021-10-29 21:45:58,499 DEBUG: Forced dataset rebuild: True
2021-10-29 21:45:58,499 DEBUG: ----------------------------
2021-10-29 21:45:58,499 DEBUG: 
2021-10-29 21:45:58,499 DEBUG: CUTFILE CONTENTS
2021-10-29 21:45:58,499 DEBUG: ---------------------------
2021-10-29 21:45:58,500 DEBUG: [CUTS]
2021-10-29 21:45:58,501 DEBUG: # Name	Variable	</>	Cut (in GeV if applicable)	Group Symmetric
2021-10-29 21:45:58,502 DEBUG: # !!REMEMBER DEFAULT ANALYSISTOP OUTPUT IS IN MeV NOT GeV!!
2021-10-29 21:45:58,502 DEBUG: Tight muon	mu_isTight	=	1	tight muon cut	false
2021-10-29 21:45:58,502 DEBUG: eta	mu_eta	<	2.4	eta	true
2021-10-29 21:45:58,502 DEBUG: E_{T}^{MISS}	met_met	>	65	met	false
2021-10-29 21:45:58,502 DEBUG: p_T	mu_pt	>	65	mu pt	false
2021-10-29 21:45:58,502 DEBUG: M_T	mu_mt	>	55	muon mt	false
2021-10-29 21:45:58,502 DEBUG: M_W	MC_WZ_m	>	120	W m	false	truth
2021-10-29 21:45:58,502 DEBUG: 
2021-10-29 21:45:58,502 DEBUG: [OUTPUTS]
2021-10-29 21:45:58,502 DEBUG: # variables to process
2021-10-29 21:45:58,502 DEBUG: mu_mt
2021-10-29 21:45:58,502 DEBUG: mu_pt
2021-10-29 21:45:58,502 DEBUG: mu_eta
2021-10-29 21:45:58,502 DEBUG: 
2021-10-29 21:45:58,502 DEBUG: [OPTIONS]
2021-10-29 21:45:58,502 DEBUG: # case-insensitive
2021-10-29 21:45:58,502 DEBUG: sequential	false
2021-10-29 21:45:58,502 DEBUG: grouped cutflow	false
2021-10-29 21:45:58,502 DEBUG: ---------------------------
2021-10-29 21:45:58,502 INFO: Parsting cutfile for wmintaunu_slices...
2021-10-29 21:45:58,504 DEBUG: Datafile found
2021-10-29 21:45:58,504 INFO: Building wmintaunu_slices dataframe from /data/atlas/HighMassDrellYan/test_mc16a/wmintaunu_*/*.root...
2021-10-29 21:45:58,504 DEBUG: Variables to extract from nominal_Loose tree: 
2021-10-29 21:45:58,504 DEBUG:   - met_phi
2021-10-29 21:45:58,504 DEBUG:   - eventNumber
2021-10-29 21:45:58,504 DEBUG:   - mu_phi
2021-10-29 21:45:58,504 DEBUG:   - weight_mc
2021-10-29 21:45:58,504 DEBUG:   - mu_isTight
2021-10-29 21:45:58,504 DEBUG:   - mu_pt
2021-10-29 21:45:58,504 DEBUG:   - met_met
2021-10-29 21:45:58,504 DEBUG:   - mu_eta
2021-10-29 21:45:58,504 DEBUG: Variables to extract from truth tree: 
2021-10-29 21:45:58,504 DEBUG:   - MC_WZ_m
2021-10-29 21:45:58,504 DEBUG: Variables to calculate: 
2021-10-29 21:45:58,504 DEBUG:   - mu_mt
2021-10-29 21:45:58,504 DEBUG: Checking TTree and TBranch values in file(s) '/data/atlas/HighMassDrellYan/test_mc16a/wmintaunu_*/*.root'...
2021-10-29 21:45:58,622 DEBUG: All TTrees and variables found in /data/atlas/HighMassDrellYan/test_mc16a/wmintaunu_1000/user.jmandali.24799642._000002.prelim_mc16a_mu_sig.root...
2021-10-29 21:45:58,736 DEBUG: All TTrees and variables found in /data/atlas/HighMassDrellYan/test_mc16a/wmintaunu_120/user.jmandali.24799634._000002.prelim_mc16a_mu_sig.root...
2021-10-29 21:45:58,849 DEBUG: All TTrees and variables found in /data/atlas/HighMassDrellYan/test_mc16a/wmintaunu_1250/user.jmandali.24799644._000002.prelim_mc16a_mu_sig.root...
2021-10-29 21:45:58,960 DEBUG: All TTrees and variables found in /data/atlas/HighMassDrellYan/test_mc16a/wmintaunu_1500/user.jmandali.24799851._000001.prelim_mc16a_tau_sig.root...
2021-10-29 21:45:59,076 DEBUG: All TTrees and variables found in /data/atlas/HighMassDrellYan/test_mc16a/wmintaunu_1750/user.jmandali.24799852._000001.prelim_mc16a_tau_sig.root...
2021-10-29 21:45:59,251 DEBUG: All TTrees and variables found in /data/atlas/HighMassDrellYan/test_mc16a/wmintaunu_180/user.jmandali.24799635._000002.prelim_mc16a_mu_sig.root...
2021-10-29 21:45:59,362 DEBUG: All TTrees and variables found in /data/atlas/HighMassDrellYan/test_mc16a/wmintaunu_2000/user.jmandali.24799853._000001.prelim_mc16a_tau_sig.root...
2021-10-29 21:45:59,474 DEBUG: All TTrees and variables found in /data/atlas/HighMassDrellYan/test_mc16a/wmintaunu_2250/user.jmandali.24799855._000002.prelim_mc16a_tau_sig.root...
2021-10-29 21:45:59,584 DEBUG: All TTrees and variables found in /data/atlas/HighMassDrellYan/test_mc16a/wmintaunu_250/user.jmandali.24799638._000003.prelim_mc16a_mu_sig.root...
2021-10-29 21:45:59,699 DEBUG: All TTrees and variables found in /data/atlas/HighMassDrellYan/test_mc16a/wmintaunu_2500/user.jmandali.24799857._000001.prelim_mc16a_tau_sig.root...
2021-10-29 21:45:59,812 DEBUG: All TTrees and variables found in /data/atlas/HighMassDrellYan/test_mc16a/wmintaunu_2750/user.jmandali.24799859._000001.prelim_mc16a_tau_sig.root...
2021-10-29 21:45:59,977 DEBUG: All TTrees and variables found in /data/atlas/HighMassDrellYan/test_mc16a/wmintaunu_3000/user.jmandali.24799860._000001.prelim_mc16a_tau_sig.root...
2021-10-29 21:46:00,093 DEBUG: All TTrees and variables found in /data/atlas/HighMassDrellYan/test_mc16a/wmintaunu_3500/user.jmandali.24799862._000002.prelim_mc16a_tau_sig.root...
2021-10-29 21:46:00,205 DEBUG: All TTrees and variables found in /data/atlas/HighMassDrellYan/test_mc16a/wmintaunu_400/user.jmandali.24799639._000002.prelim_mc16a_mu_sig.root...
2021-10-29 21:46:00,316 DEBUG: All TTrees and variables found in /data/atlas/HighMassDrellYan/test_mc16a/wmintaunu_4000/user.jmandali.24799864._000001.prelim_mc16a_tau_sig.root...
2021-10-29 21:46:00,426 DEBUG: All TTrees and variables found in /data/atlas/HighMassDrellYan/test_mc16a/wmintaunu_4500/user.jmandali.24799866._000005.prelim_mc16a_tau_sig.root...
2021-10-29 21:46:00,582 DEBUG: All TTrees and variables found in /data/atlas/HighMassDrellYan/test_mc16a/wmintaunu_5000/user.jmandali.24799867._000001.prelim_mc16a_tau_sig.root...
2021-10-29 21:46:00,693 DEBUG: All TTrees and variables found in /data/atlas/HighMassDrellYan/test_mc16a/wmintaunu_600/user.jmandali.24799640._000002.prelim_mc16a_mu_sig.root...
2021-10-29 21:46:00,806 DEBUG: All TTrees and variables found in /data/atlas/HighMassDrellYan/test_mc16a/wmintaunu_800/user.jmandali.24799641._000002.prelim_mc16a_mu_sig.root...
2021-10-29 21:46:00,806 DEBUG: All required TTrees variables found.
2021-10-29 21:46:00,806 WARNING: Variable(s) ['mu_isTight'] not contained in labels dictionary. Some unexpected behaviour may occur.
2021-10-29 21:46:00,806 INFO: Extracting mass slices from /data/atlas/HighMassDrellYan/test_mc16a/wmintaunu_*/*.root...
2021-10-29 21:46:00,807 DEBUG: Extracting {'met_phi', 'eventNumber', 'mu_phi', 'weight_mc', 'mu_isTight', 'mcChannelNumber', 'mu_pt', 'met_met', 'mu_eta'} from nominal_Loose tree...
2021-10-29 21:46:03,580 DEBUG: Extracted 41791 events.
2021-10-29 21:46:03,580 DEBUG: Extracting ['total_EventsWeighted', 'dsid'] from 'sumWeights' tree...
2021-10-29 21:46:04,158 DEBUG: Calculating sum of weights and merging...
2021-10-29 21:46:04,165 DEBUG: Extracting ['MC_WZ_m'] from truth tree...
2021-10-29 21:46:06,331 DEBUG: Extracted 1716000 events.
2021-10-29 21:46:06,331 DEBUG: Merging with rest of dataframe...
2021-10-29 21:46:06,489 DEBUG: Found 19 unique dsid(s).
2021-10-29 21:46:06,531 WARNING: Value of 'totalEventsWeighted' (145.32899475097656) is not the same as the total summed values of 'weight_mc' (122.56646728515625) for DISD 301166. Ratio = 1.2
2021-10-29 21:46:06,532 WARNING: Value of 'totalEventsWeighted' (10433584.0) is not the same as the total summed values of 'weight_mc' (13042.0302734375) for DISD 301160. Ratio = 8e+02
2021-10-29 21:46:06,536 WARNING: Value of 'totalEventsWeighted' (50.13829803466797) is not the same as the total summed values of 'weight_mc' (46.08418655395508) for DISD 301167. Ratio = 1.1
2021-10-29 21:46:06,540 WARNING: Value of 'totalEventsWeighted' (18.406715393066406) is not the same as the total summed values of 'weight_mc' (17.13762664794922) for DISD 301168. Ratio = 1.1
2021-10-29 21:46:06,543 WARNING: Value of 'totalEventsWeighted' (7.473324775695801) is not the same as the total summed values of 'weight_mc' (6.928842067718506) for DISD 301169. Ratio = 1.1
2021-10-29 21:46:06,545 WARNING: Value of 'totalEventsWeighted' (821307.6875) is not the same as the total summed values of 'weight_mc' (25728.07421875) for DISD 301161. Ratio = 32
2021-10-29 21:46:06,549 WARNING: Value of 'totalEventsWeighted' (3.265511989593506) is not the same as the total summed values of 'weight_mc' (3.18365216255188) for DISD 301170. Ratio = 1
2021-10-29 21:46:06,552 WARNING: Value of 'totalEventsWeighted' (1.5084095001220703) is not the same as the total summed values of 'weight_mc' (1.3615330457687378) for DISD 301171. Ratio = 1.1
2021-10-29 21:46:06,554 WARNING: Value of 'totalEventsWeighted' (162471.15625) is not the same as the total summed values of 'weight_mc' (20978.65625) for DISD 301162. Ratio = 7.7
2021-10-29 21:46:06,557 WARNING: Value of 'totalEventsWeighted' (0.7274540066719055) is not the same as the total summed values of 'weight_mc' (0.7012044191360474) for DISD 301172. Ratio = 1
2021-10-29 21:46:06,561 WARNING: Value of 'totalEventsWeighted' (0.36294829845428467) is not the same as the total summed values of 'weight_mc' (0.34724515676498413) for DISD 301173. Ratio = 1
2021-10-29 21:46:06,564 WARNING: Value of 'totalEventsWeighted' (0.283456414937973) is not the same as the total summed values of 'weight_mc' (0.26582467555999756) for DISD 301174. Ratio = 1.1
2021-10-29 21:46:06,567 WARNING: Value of 'totalEventsWeighted' (0.07986969500780106) is not the same as the total summed values of 'weight_mc' (0.07430703938007355) for DISD 301175. Ratio = 1.1
2021-10-29 21:46:06,570 WARNING: Value of 'totalEventsWeighted' (17540.888671875) is not the same as the total summed values of 'weight_mc' (5649.39306640625) for DISD 301163. Ratio = 3.1
2021-10-29 21:46:06,573 WARNING: Value of 'totalEventsWeighted' (0.023605169728398323) is not the same as the total summed values of 'weight_mc' (0.021055759862065315) for DISD 301176. Ratio = 1.1
2021-10-29 21:46:06,576 WARNING: Value of 'totalEventsWeighted' (0.007140154950320721) is not the same as the total summed values of 'weight_mc' (0.006324147339910269) for DISD 301177. Ratio = 1.1
2021-10-29 21:46:06,579 WARNING: Value of 'totalEventsWeighted' (0.0030812351033091545) is not the same as the total summed values of 'weight_mc' (0.0024880808778107166) for DISD 301178. Ratio = 1.2
2021-10-29 21:46:06,582 WARNING: Value of 'totalEventsWeighted' (1548.9874267578125) is not the same as the total summed values of 'weight_mc' (1130.5323486328125) for DISD 301164. Ratio = 1.4
2021-10-29 21:46:06,585 WARNING: Value of 'totalEventsWeighted' (414.3192138671875) is not the same as the total summed values of 'weight_mc' (333.08428955078125) for DISD 301165. Ratio = 1.2
2021-10-29 21:46:06,585 INFO: time to build dataframe: 00:00:05
2021-10-29 21:46:06,585 INFO: Computing 'mu_mt' column from ['mu_pt', 'met_met', 'mu_phi', 'met_phi']...
2021-10-29 21:46:19,729 DEBUG: Rescaled columns ['mu_pt', 'MC_WZ_m', 'mu_mt'] to GeV.
2021-10-29 21:46:20,265 INFO: Dataframe built and saved in outputs/jesal_cutflow/data/wmintaunu_slices_df.pkl
2021-10-29 21:46:20,266 INFO: Number of events in dataset wmintaunu_slices: 726886
2021-10-29 21:46:20,266 INFO: Creating weights for wmintaunu_slices...
2021-10-29 21:46:20,275 DEBUG: PER-DSID INFO:
2021-10-29 21:46:20,275 DEBUG: --------------
2021-10-29 21:46:20,275 DEBUG: DSID       n_events   sum_w         x-s fb        lumi fb-1
2021-10-29 21:46:20,275 DEBUG: ==========================================================
2021-10-29 21:46:20,310 DEBUG: 301160     584        1.304203e+04  2.233225e+01  1.750007e-01
2021-10-29 21:46:20,314 DEBUG: 301161     7814       2.572807e+04  3.292561e+00  4.385605e+00
2021-10-29 21:46:20,318 DEBUG: 301162     19355      2.097866e+04  1.083888e+00  1.807713e+01
2021-10-29 21:46:20,323 DEBUG: 301163     32203      5.649394e+03  1.754307e-01  4.508980e+01
2021-10-29 21:46:20,328 DEBUG: 301164     36493      1.130532e+03  3.097943e-02  1.021794e+02
2021-10-29 21:46:20,333 DEBUG: 301165     40197      3.330843e+02  8.286296e-03  1.125505e+02
2021-10-29 21:46:20,338 DEBUG: 301166     38794      1.225665e+02  3.159418e-03  1.180722e+02
2021-10-29 21:46:20,343 DEBUG: 301167     45957      4.608419e+01  1.002768e-03  1.286798e+02
2021-10-29 21:46:20,348 DEBUG: 301168     46553      1.713763e+01  3.681316e-04  1.303474e+02
2021-10-29 21:46:20,353 DEBUG: 301169     46357      6.928842e+00  1.494670e-04  1.298001e+02
2021-10-29 21:46:20,357 DEBUG: 301170     48747      3.183652e+00  6.530970e-05  1.364905e+02
2021-10-29 21:46:20,362 DEBUG: 301171     45132      1.361533e+00  3.016780e-05  1.263680e+02
2021-10-29 21:46:20,366 DEBUG: 301172     48195      7.012044e-01  1.454932e-05  1.349483e+02
2021-10-29 21:46:20,370 DEBUG: 301173     47837      3.472451e-01  7.258924e-06  1.339429e+02
2021-10-29 21:46:20,374 DEBUG: 301174     46889      2.658246e-01  5.669233e-06  1.312917e+02
2021-10-29 21:46:20,378 DEBUG: 301175     46518      7.430704e-02  1.597383e-06  1.302495e+02
2021-10-29 21:46:20,382 DEBUG: 301176     44600      2.105576e-02  4.721023e-07  1.248797e+02
2021-10-29 21:46:20,386 DEBUG: 301177     44286      6.324148e-03  1.428024e-07  1.240002e+02
2021-10-29 21:46:20,390 DEBUG: 301178     40375      2.488081e-03  6.162430e-08  1.130493e+02
2021-10-29 21:46:20,390 INFO: Creating cuts for wmintaunu_slices...
2021-10-29 21:46:20,397 INFO: 
2021-10-29 21:46:20,397 INFO: ========== CUTS USED ============
2021-10-29 21:46:20,397 INFO: Tight muon  : mu_isTight = 1.0
2021-10-29 21:46:20,397 INFO: eta         :    |mu_eta| < 2.4
2021-10-29 21:46:20,397 INFO: E_{T}^{MISS}:    met_met > 65.0
2021-10-29 21:46:20,397 INFO: p_T         :      mu_pt > 65.0
2021-10-29 21:46:20,398 INFO: M_T         :      mu_mt > 55.0
2021-10-29 21:46:20,398 INFO: M_W         :    MC_WZ_m > 120.0
2021-10-29 21:46:20,398 INFO: 
2021-10-29 21:46:20,486 INFO: =========== CUTFLOW =============
2021-10-29 21:46:20,486 INFO: Option: Non-sequential
2021-10-29 21:46:20,486 INFO: ---------------------------------
2021-10-29 21:46:20,486 INFO: Cut            Events Ratio
2021-10-29 21:46:20,486 INFO: Inclusive      726886   -
2021-10-29 21:46:20,486 INFO: tight muon cut 726886 1.000    
2021-10-29 21:46:20,486 INFO: eta            726886 1.000    
2021-10-29 21:46:20,486 INFO: met            726886 1.000    
2021-10-29 21:46:20,486 INFO: mu pt          726886 1.000    
2021-10-29 21:46:20,486 INFO: muon mt        726886 1.000    
2021-10-29 21:46:20,486 INFO: W m            726886 1.000    
2021-10-29 21:46:20,486 INFO: 
2021-10-29 21:46:20,487 INFO: =====================================================
2021-10-29 21:46:20,487 INFO: ========= DATASET 'wmintaunu_slices' INITIALISED =========
2021-10-29 21:46:20,487 INFO: =====================================================
2021-10-29 21:46:20,487 INFO: 
2021-10-29 21:46:20,487 INFO: 
2021-10-29 21:46:20,487 INFO: =====================================================
2021-10-29 21:46:20,487 INFO: ======== INITIALISING DATASET 'wmintaunu_inclusive' =========
2021-10-29 21:46:20,487 INFO: =====================================================
2021-10-29 21:46:20,488 DEBUG: DATASET INPUT OPTIONS: 
2021-10-29 21:46:20,488 DEBUG: ----------------------------
2021-10-29 21:46:20,488 DEBUG: Input file(s):  /data/atlas/HighMassDrellYan/test_mc16a/wmintaunu/*.root
2021-10-29 21:46:20,488 DEBUG: TTree: nominal_Loose
2021-10-29 21:46:20,489 DEBUG: Cutfile: options/jesal_cutflow/cutfile_jesal.txt
2021-10-29 21:46:20,489 DEBUG: Slices: False
2021-10-29 21:46:20,489 DEBUG: grouped cutflow: True
2021-10-29 21:46:20,489 DEBUG: Forced dataset rebuild: True
2021-10-29 21:46:20,489 DEBUG: ----------------------------
2021-10-29 21:46:20,489 DEBUG: 
2021-10-29 21:46:20,489 DEBUG: CUTFILE CONTENTS
2021-10-29 21:46:20,489 DEBUG: ---------------------------
2021-10-29 21:46:20,489 DEBUG: [CUTS]
2021-10-29 21:46:20,489 DEBUG: # Name	Variable	</>	Cut (in GeV if applicable)	Group Symmetric
2021-10-29 21:46:20,489 DEBUG: # !!REMEMBER DEFAULT ANALYSISTOP OUTPUT IS IN MeV NOT GeV!!
2021-10-29 21:46:20,489 DEBUG: Tight muon	mu_isTight	=	1	tight muon cut	false
2021-10-29 21:46:20,489 DEBUG: eta	mu_eta	<	2.4	eta	true
2021-10-29 21:46:20,489 DEBUG: E_{T}^{MISS}	met_met	>	65	met	false
2021-10-29 21:46:20,489 DEBUG: p_T	mu_pt	>	65	mu pt	false
2021-10-29 21:46:20,489 DEBUG: M_T	mu_mt	>	55	muon mt	false
2021-10-29 21:46:20,489 DEBUG: M_W	MC_WZ_m	>	120	W m	false	truth
2021-10-29 21:46:20,489 DEBUG: 
2021-10-29 21:46:20,490 DEBUG: [OUTPUTS]
2021-10-29 21:46:20,490 DEBUG: # variables to process
2021-10-29 21:46:20,490 DEBUG: mu_mt
2021-10-29 21:46:20,490 DEBUG: mu_pt
2021-10-29 21:46:20,490 DEBUG: mu_eta
2021-10-29 21:46:20,490 DEBUG: 
2021-10-29 21:46:20,490 DEBUG: [OPTIONS]
2021-10-29 21:46:20,490 DEBUG: # case-insensitive
2021-10-29 21:46:20,490 DEBUG: sequential	false
2021-10-29 21:46:20,490 DEBUG: grouped cutflow	false
2021-10-29 21:46:20,490 DEBUG: ---------------------------
2021-10-29 21:46:20,490 INFO: Parsting cutfile for wmintaunu_inclusive...
2021-10-29 21:46:20,491 DEBUG: Datafile found
2021-10-29 21:46:20,491 INFO: Building wmintaunu_inclusive dataframe from /data/atlas/HighMassDrellYan/test_mc16a/wmintaunu/*.root...
2021-10-29 21:46:20,491 DEBUG: Variables to extract from nominal_Loose tree: 
2021-10-29 21:46:20,491 DEBUG:   - met_phi
2021-10-29 21:46:20,491 DEBUG:   - eventNumber
2021-10-29 21:46:20,491 DEBUG:   - mu_phi
2021-10-29 21:46:20,492 DEBUG:   - weight_mc
2021-10-29 21:46:20,492 DEBUG:   - mu_isTight
2021-10-29 21:46:20,492 DEBUG:   - mu_pt
2021-10-29 21:46:20,492 DEBUG:   - met_met
2021-10-29 21:46:20,492 DEBUG:   - mu_eta
2021-10-29 21:46:20,492 DEBUG: Variables to extract from truth tree: 
2021-10-29 21:46:20,492 DEBUG:   - MC_WZ_m
2021-10-29 21:46:20,492 DEBUG: Variables to calculate: 
2021-10-29 21:46:20,492 DEBUG:   - mu_mt
2021-10-29 21:46:20,492 DEBUG: Checking TTree and TBranch values in file(s) '/data/atlas/HighMassDrellYan/test_mc16a/wmintaunu/*.root'...
2021-10-29 21:46:21,653 DEBUG: All TTrees and variables found in /data/atlas/HighMassDrellYan/test_mc16a/wmintaunu/user.jmandali.24799633._000004.prelim_mc16a_mu_sig.root...
2021-10-29 21:46:21,765 DEBUG: All TTrees and variables found in /data/atlas/HighMassDrellYan/test_mc16a/wmintaunu/user.jmandali.24799633._000005.prelim_mc16a_mu_sig.root...
2021-10-29 21:46:22,008 DEBUG: All TTrees and variables found in /data/atlas/HighMassDrellYan/test_mc16a/wmintaunu/user.jmandali.24799633._000006.prelim_mc16a_mu_sig.root...
2021-10-29 21:46:22,125 DEBUG: All TTrees and variables found in /data/atlas/HighMassDrellYan/test_mc16a/wmintaunu/user.jmandali.24799633._000011.prelim_mc16a_mu_sig.root...
2021-10-29 21:46:22,254 DEBUG: All TTrees and variables found in /data/atlas/HighMassDrellYan/test_mc16a/wmintaunu/user.jmandali.24799633._000012.prelim_mc16a_mu_sig.root...
2021-10-29 21:46:22,427 DEBUG: All TTrees and variables found in /data/atlas/HighMassDrellYan/test_mc16a/wmintaunu/user.jmandali.24799633._000007.prelim_mc16a_mu_sig.root...
2021-10-29 21:46:22,541 DEBUG: All TTrees and variables found in /data/atlas/HighMassDrellYan/test_mc16a/wmintaunu/user.jmandali.24799633._000008.prelim_mc16a_mu_sig.root...
2021-10-29 21:46:22,658 DEBUG: All TTrees and variables found in /data/atlas/HighMassDrellYan/test_mc16a/wmintaunu/user.jmandali.24799633._000009.prelim_mc16a_mu_sig.root...
2021-10-29 21:46:22,777 DEBUG: All TTrees and variables found in /data/atlas/HighMassDrellYan/test_mc16a/wmintaunu/user.jmandali.24799633._000010.prelim_mc16a_mu_sig.root...
2021-10-29 21:46:22,777 DEBUG: All required TTrees variables found.
2021-10-29 21:46:22,777 WARNING: Variable(s) ['mu_isTight'] not contained in labels dictionary. Some unexpected behaviour may occur.
2021-10-29 21:46:22,777 INFO: Extracting {'met_phi', 'eventNumber', 'mu_phi', 'weight_mc', 'mu_isTight', 'mu_pt', 'met_met', 'mu_eta'} from /data/atlas/HighMassDrellYan/test_mc16a/wmintaunu/*.root...
2021-10-29 21:46:23,921 DEBUG: Extracted 118 events.
2021-10-29 21:46:23,921 DEBUG: Extracting ['MC_WZ_m'] from TTree truth...
2021-10-29 21:46:34,640 DEBUG: Extracted 19955000 events.
2021-10-29 21:46:34,641 DEBUG: Merging with rest of dataframe...
2021-10-29 21:46:38,593 INFO: time to build dataframe: 00:00:15
2021-10-29 21:46:38,593 INFO: Computing 'mu_mt' column from ['mu_pt', 'met_met', 'mu_phi', 'met_phi']...
2021-10-29 21:46:38,607 DEBUG: Rescaled columns ['mu_pt', 'MC_WZ_m', 'mu_mt'] to GeV.
2021-10-29 21:46:38,610 INFO: Dataframe built and saved in outputs/jesal_cutflow/data/wmintaunu_inclusive_df.pkl
2021-10-29 21:46:38,612 INFO: Number of events in dataset wmintaunu_inclusive: 118
2021-10-29 21:46:38,612 INFO: Creating weights for wmintaunu_inclusive...
2021-10-29 21:46:38,613 DEBUG: INCLUSIVE SAMPLE METADATA:
2021-10-29 21:46:38,614 DEBUG: --------------------------
2021-10-29 21:46:38,615 DEBUG: n_events   sum_w         x-s fb        lumi fb-1
2021-10-29 21:46:38,615 DEBUG: ==========================================================
2021-10-29 21:46:38,616 DEBUG: 118        9.953306e+05  8.435005e+03  1.958505e+00
2021-10-29 21:46:38,616 INFO: Creating cuts for wmintaunu_inclusive...
2021-10-29 21:46:38,622 INFO: 
2021-10-29 21:46:38,622 INFO: ========== CUTS USED ============
2021-10-29 21:46:38,623 INFO: Tight muon  : mu_isTight = 1.0
2021-10-29 21:46:38,623 INFO: eta         :    |mu_eta| < 2.4
2021-10-29 21:46:38,623 INFO: E_{T}^{MISS}:    met_met > 65.0
2021-10-29 21:46:38,623 INFO: p_T         :      mu_pt > 65.0
2021-10-29 21:46:38,623 INFO: M_T         :      mu_mt > 55.0
2021-10-29 21:46:38,624 INFO: M_W         :    MC_WZ_m > 120.0
2021-10-29 21:46:38,624 INFO: 
2021-10-29 21:46:38,635 INFO: =========== CUTFLOW =============
2021-10-29 21:46:38,635 INFO: Option: Non-sequential
2021-10-29 21:46:38,635 INFO: ---------------------------------
2021-10-29 21:46:38,636 INFO: Cut            Events Ratio
2021-10-29 21:46:38,636 INFO: Inclusive      118   -
2021-10-29 21:46:38,636 INFO: tight muon cut 118 1.000    
2021-10-29 21:46:38,637 INFO: eta            118 1.000    
2021-10-29 21:46:38,637 INFO: met            118 1.000    
2021-10-29 21:46:38,637 INFO: mu pt          118 1.000    
2021-10-29 21:46:38,638 INFO: muon mt        118 1.000    
2021-10-29 21:46:38,638 INFO: W m            107 0.907    
2021-10-29 21:46:38,638 INFO: 
2021-10-29 21:46:38,638 INFO: =====================================================
2021-10-29 21:46:38,638 INFO: ========= DATASET 'wmintaunu_inclusive' INITIALISED =========
2021-10-29 21:46:38,638 INFO: =====================================================
2021-10-29 21:46:38,638 INFO: 
2021-10-29 21:46:38,638 INFO: 
2021-10-29 21:46:38,638 INFO: =====================================================
2021-10-29 21:46:38,638 INFO: ======== INITIALISING DATASET 'wplustaunu_slices' =========
2021-10-29 21:46:38,638 INFO: =====================================================
2021-10-29 21:46:38,647 DEBUG: DATASET INPUT OPTIONS: 
2021-10-29 21:46:38,647 DEBUG: ----------------------------
2021-10-29 21:46:38,647 DEBUG: Input file(s):  /data/atlas/HighMassDrellYan/test_mc16a/wplustaunu_*/*.root
2021-10-29 21:46:38,647 DEBUG: TTree: nominal_Loose
2021-10-29 21:46:38,647 DEBUG: Cutfile: options/jesal_cutflow/cutfile_jesal.txt
2021-10-29 21:46:38,648 DEBUG: Slices: True
2021-10-29 21:46:38,648 DEBUG: grouped cutflow: True
2021-10-29 21:46:38,648 DEBUG: Forced dataset rebuild: True
2021-10-29 21:46:38,649 DEBUG: ----------------------------
2021-10-29 21:46:38,649 DEBUG: 
2021-10-29 21:46:38,649 DEBUG: CUTFILE CONTENTS
2021-10-29 21:46:38,649 DEBUG: ---------------------------
2021-10-29 21:46:38,650 DEBUG: [CUTS]
2021-10-29 21:46:38,650 DEBUG: # Name	Variable	</>	Cut (in GeV if applicable)	Group Symmetric
2021-10-29 21:46:38,650 DEBUG: # !!REMEMBER DEFAULT ANALYSISTOP OUTPUT IS IN MeV NOT GeV!!
2021-10-29 21:46:38,650 DEBUG: Tight muon	mu_isTight	=	1	tight muon cut	false
2021-10-29 21:46:38,650 DEBUG: eta	mu_eta	<	2.4	eta	true
2021-10-29 21:46:38,650 DEBUG: E_{T}^{MISS}	met_met	>	65	met	false
2021-10-29 21:46:38,651 DEBUG: p_T	mu_pt	>	65	mu pt	false
2021-10-29 21:46:38,651 DEBUG: M_T	mu_mt	>	55	muon mt	false
2021-10-29 21:46:38,652 DEBUG: M_W	MC_WZ_m	>	120	W m	false	truth
2021-10-29 21:46:38,652 DEBUG: 
2021-10-29 21:46:38,652 DEBUG: [OUTPUTS]
2021-10-29 21:46:38,652 DEBUG: # variables to process
2021-10-29 21:46:38,652 DEBUG: mu_mt
2021-10-29 21:46:38,652 DEBUG: mu_pt
2021-10-29 21:46:38,652 DEBUG: mu_eta
2021-10-29 21:46:38,652 DEBUG: 
2021-10-29 21:46:38,652 DEBUG: [OPTIONS]
2021-10-29 21:46:38,652 DEBUG: # case-insensitive
2021-10-29 21:46:38,652 DEBUG: sequential	false
2021-10-29 21:46:38,652 DEBUG: grouped cutflow	false
2021-10-29 21:46:38,653 DEBUG: ---------------------------
2021-10-29 21:46:38,653 INFO: Parsting cutfile for wplustaunu_slices...
2021-10-29 21:46:38,655 DEBUG: Datafile found
2021-10-29 21:46:38,655 INFO: Building wplustaunu_slices dataframe from /data/atlas/HighMassDrellYan/test_mc16a/wplustaunu_*/*.root...
2021-10-29 21:46:38,655 DEBUG: Variables to extract from nominal_Loose tree: 
2021-10-29 21:46:38,655 DEBUG:   - met_phi
2021-10-29 21:46:38,656 DEBUG:   - eventNumber
2021-10-29 21:46:38,656 DEBUG:   - mu_phi
2021-10-29 21:46:38,656 DEBUG:   - weight_mc
2021-10-29 21:46:38,656 DEBUG:   - mu_isTight
2021-10-29 21:46:38,656 DEBUG:   - mu_pt
2021-10-29 21:46:38,656 DEBUG:   - met_met
2021-10-29 21:46:38,656 DEBUG:   - mu_eta
2021-10-29 21:46:38,657 DEBUG: Variables to extract from truth tree: 
2021-10-29 21:46:38,657 DEBUG:   - MC_WZ_m
2021-10-29 21:46:38,657 DEBUG: Variables to calculate: 
2021-10-29 21:46:38,657 DEBUG:   - mu_mt
2021-10-29 21:46:38,657 DEBUG: Checking TTree and TBranch values in file(s) '/data/atlas/HighMassDrellYan/test_mc16a/wplustaunu_*/*.root'...
2021-10-29 21:46:39,759 DEBUG: All TTrees and variables found in /data/atlas/HighMassDrellYan/test_mc16a/wplustaunu_1000/user.jmandali.24799615._000001.prelim_mc16a_mu_sig.root...
2021-10-29 21:46:40,958 DEBUG: All TTrees and variables found in /data/atlas/HighMassDrellYan/test_mc16a/wplustaunu_120/user.jmandali.24799607._000002.prelim_mc16a_mu_sig.root...
2021-10-29 21:46:42,097 DEBUG: All TTrees and variables found in /data/atlas/HighMassDrellYan/test_mc16a/wplustaunu_1250/user.jmandali.24799616._000002.prelim_mc16a_mu_sig.root...
2021-10-29 21:46:43,088 DEBUG: All TTrees and variables found in /data/atlas/HighMassDrellYan/test_mc16a/wplustaunu_1500/user.jmandali.24799617._000003.prelim_mc16a_mu_sig.root...
2021-10-29 21:46:44,100 DEBUG: All TTrees and variables found in /data/atlas/HighMassDrellYan/test_mc16a/wplustaunu_1750/user.jmandali.24799619._000002.prelim_mc16a_mu_sig.root...
2021-10-29 21:46:46,150 DEBUG: All TTrees and variables found in /data/atlas/HighMassDrellYan/test_mc16a/wplustaunu_180/user.jmandali.24799609._000003.prelim_mc16a_mu_sig.root...
2021-10-29 21:46:48,160 DEBUG: All TTrees and variables found in /data/atlas/HighMassDrellYan/test_mc16a/wplustaunu_2000/user.jmandali.24799621._000002.prelim_mc16a_mu_sig.root...
2021-10-29 21:46:50,304 DEBUG: All TTrees and variables found in /data/atlas/HighMassDrellYan/test_mc16a/wplustaunu_2250/user.jmandali.24799622._000006.prelim_mc16a_mu_sig.root...
2021-10-29 21:46:51,310 DEBUG: All TTrees and variables found in /data/atlas/HighMassDrellYan/test_mc16a/wplustaunu_250/user.jmandali.24799610._000002.prelim_mc16a_mu_sig.root...
2021-10-29 21:46:52,405 DEBUG: All TTrees and variables found in /data/atlas/HighMassDrellYan/test_mc16a/wplustaunu_2500/user.jmandali.24799623._000002.prelim_mc16a_mu_sig.root...
2021-10-29 21:46:53,405 DEBUG: All TTrees and variables found in /data/atlas/HighMassDrellYan/test_mc16a/wplustaunu_2750/user.jmandali.24799624._000002.prelim_mc16a_mu_sig.root...
2021-10-29 21:46:54,429 DEBUG: All TTrees and variables found in /data/atlas/HighMassDrellYan/test_mc16a/wplustaunu_3000/user.jmandali.24799626._000002.prelim_mc16a_mu_sig.root...
2021-10-29 21:46:56,298 DEBUG: All TTrees and variables found in /data/atlas/HighMassDrellYan/test_mc16a/wplustaunu_3500/user.jmandali.24799627._000002.prelim_mc16a_mu_sig.root...
2021-10-29 21:46:58,207 DEBUG: All TTrees and variables found in /data/atlas/HighMassDrellYan/test_mc16a/wplustaunu_400/user.jmandali.24799611._000001.prelim_mc16a_mu_sig.root...
2021-10-29 21:46:59,224 DEBUG: All TTrees and variables found in /data/atlas/HighMassDrellYan/test_mc16a/wplustaunu_4000/user.jmandali.24799628._000003.prelim_mc16a_mu_sig.root...
2021-10-29 21:47:00,181 DEBUG: All TTrees and variables found in /data/atlas/HighMassDrellYan/test_mc16a/wplustaunu_4500/user.jmandali.24799629._000002.prelim_mc16a_mu_sig.root...
2021-10-29 21:47:02,237 DEBUG: All TTrees and variables found in /data/atlas/HighMassDrellYan/test_mc16a/wplustaunu_5000/user.jmandali.24799631._000002.prelim_mc16a_mu_sig.root...
2021-10-29 21:47:03,372 DEBUG: All TTrees and variables found in /data/atlas/HighMassDrellYan/test_mc16a/wplustaunu_800/user.jmandali.24799613._000003.prelim_mc16a_mu_sig.root...
2021-10-29 21:47:04,333 DEBUG: All TTrees and variables found in /data/atlas/HighMassDrellYan/test_mc16a/wplustaunu_600/user.jmandali.24799612._000003.prelim_mc16a_mu_sig.root...
2021-10-29 21:47:04,333 DEBUG: All required TTrees variables found.
2021-10-29 21:47:04,333 WARNING: Variable(s) ['mu_isTight'] not contained in labels dictionary. Some unexpected behaviour may occur.
2021-10-29 21:47:04,333 INFO: Extracting mass slices from /data/atlas/HighMassDrellYan/test_mc16a/wplustaunu_*/*.root...
2021-10-29 21:47:04,334 DEBUG: Extracting {'met_phi', 'eventNumber', 'mu_phi', 'weight_mc', 'mu_isTight', 'mcChannelNumber', 'mu_pt', 'met_met', 'mu_eta'} from nominal_Loose tree...
