2021-10-26 20:16:27,987 INFO:INITIALISING ANALYSIS 'jesal_cutflow'...
2021-10-26 20:16:27,987 INFO:========================================
2021-10-26 20:16:27,987 INFO:
2021-10-26 20:16:27,987 INFO:======== INITIALISING DATASET 'wmintaunu_nominal' =========
2021-10-26 20:16:27,992 DEBUG:DATASET INPUT OPTIONS: 
2021-10-26 20:16:27,992 DEBUG:----------------------------
2021-10-26 20:16:27,992 DEBUG:Input file(s):  /data/atlas/HighMassDrellYan/test_mc16a/wmintaunu*/*.root
2021-10-26 20:16:27,992 DEBUG:TTree: nominal_Loose
2021-10-26 20:16:27,992 DEBUG:Cutfile: options/jesal_cutflow/cutfile_jesal.txt
2021-10-26 20:16:27,992 DEBUG:Slices: True
2021-10-26 20:16:27,993 DEBUG:grouped cutflow: True
2021-10-26 20:16:27,993 DEBUG:----------------------------
2021-10-26 20:16:27,993 DEBUG:
2021-10-26 20:16:27,993 DEBUG:CUTFILE CONTENTS
2021-10-26 20:16:27,993 DEBUG:---------------------------
2021-10-26 20:16:27,994 DEBUG:[CUTS]
2021-10-26 20:16:27,994 DEBUG:# Name	Variable	</>	Cut (in GeV if applicable)	Group Symmetric
2021-10-26 20:16:27,994 DEBUG:# !!REMEMBER DEFAULT ANALYSISTOP OUTPUT IS IN MeV NOT GeV!!
2021-10-26 20:16:27,994 DEBUG:Tight muon	mu_isTight	=	1	tight muon cut	false
2021-10-26 20:16:27,994 DEBUG:eta	mu_eta	<	2.4	eta	true
2021-10-26 20:16:27,995 DEBUG:E_{T}^{MISS}	met_met	>	65	met	false
2021-10-26 20:16:27,995 DEBUG:p_T	mu_pt	>	65	mu pt	false
2021-10-26 20:16:27,995 DEBUG:M_T	mu_mt	>	55	muon mt	false
2021-10-26 20:16:27,995 DEBUG:M_W	MC_WZ_m	<	120	W m	false	truth
2021-10-26 20:16:27,995 DEBUG:
2021-10-26 20:16:27,995 DEBUG:[OUTPUTS]
2021-10-26 20:16:27,995 DEBUG:# variables to process
2021-10-26 20:16:27,995 DEBUG:mu_mt
2021-10-26 20:16:27,995 DEBUG:mu_pt
2021-10-26 20:16:27,995 DEBUG:mu_eta
2021-10-26 20:16:27,995 DEBUG:
2021-10-26 20:16:27,995 DEBUG:[OPTIONS]
2021-10-26 20:16:27,995 DEBUG:# case-insensitive
2021-10-26 20:16:27,995 DEBUG:sequential	false
2021-10-26 20:16:27,995 DEBUG:grouped cutflow	false
2021-10-26 20:16:27,995 DEBUG:---------------------------
2021-10-26 20:16:27,995 INFO:Parsting cutfile for wmintaunu_nominal...
2021-10-26 20:16:27,998 DEBUG:Datafile found
2021-10-26 20:16:27,998 INFO:Building wmintaunu_nominal dataframe from /data/atlas/HighMassDrellYan/test_mc16a/wmintaunu*/*.root...
2021-10-26 20:16:27,998 DEBUG:Variables to extract from nominal_Loose tree: 
2021-10-26 20:16:27,998 DEBUG:  - mu_isTight
2021-10-26 20:16:27,998 DEBUG:  - mu_pt
2021-10-26 20:16:27,998 DEBUG:  - met_phi
2021-10-26 20:16:27,998 DEBUG:  - mu_phi
2021-10-26 20:16:27,998 DEBUG:  - weight_mc
2021-10-26 20:16:27,998 DEBUG:  - mu_eta
2021-10-26 20:16:27,998 DEBUG:  - met_met
2021-10-26 20:16:27,998 DEBUG:  - eventNumber
2021-10-26 20:16:27,998 DEBUG:Variables to extract from nominal_Loose tree: 
2021-10-26 20:16:27,998 DEBUG:  - MC_WZ_m
2021-10-26 20:16:27,998 DEBUG:Variables to calculate: 
2021-10-26 20:16:27,998 DEBUG:  - mu_mt
2021-10-26 20:16:27,998 DEBUG:Checking TTree and TBranch values in file(s) '/data/atlas/HighMassDrellYan/test_mc16a/wmintaunu*/*.root'...
2021-10-26 20:17:28,628 DEBUG:All required variables found.
2021-10-26 20:17:28,628 WARNING:Variable(s) ['mu_isTight'] not contained in labels dictionary. Some unexpected behaviour may occur.
2021-10-26 20:17:28,628 INFO:Extracting data from /data/atlas/HighMassDrellYan/test_mc16a/wmintaunu*/*.root...
2021-10-26 20:17:28,628 INFO:Extracting in slices...
