2021-10-28 22:19:51,531 INFO: INITIALISING ANALYSIS 'jesal_cutflow'...
2021-10-28 22:19:51,532 INFO: ========================================
2021-10-28 22:19:51,532 INFO: 
2021-10-28 22:19:51,532 INFO: ======== INITIALISING DATASET 'wmintaunu_slices' =========
2021-10-28 22:19:51,536 DEBUG: DATASET INPUT OPTIONS: 
2021-10-28 22:19:51,537 DEBUG: ----------------------------
2021-10-28 22:19:51,537 DEBUG: Input file(s):  /data/atlas/HighMassDrellYan/test_mc16a/wmintaunu_*/*.root
2021-10-28 22:19:51,537 DEBUG: TTree: nominal_Loose
2021-10-28 22:19:51,537 DEBUG: Cutfile: options/jesal_cutflow/cutfile_jesal.txt
2021-10-28 22:19:51,537 DEBUG: Slices: True
2021-10-28 22:19:51,537 DEBUG: grouped cutflow: True
2021-10-28 22:19:51,537 DEBUG: Forced dataset rebuild: False
2021-10-28 22:19:51,537 DEBUG: ----------------------------
2021-10-28 22:19:51,537 DEBUG: 
2021-10-28 22:19:51,537 DEBUG: CUTFILE CONTENTS
2021-10-28 22:19:51,537 DEBUG: ---------------------------
2021-10-28 22:19:51,537 DEBUG: [CUTS]
2021-10-28 22:19:51,537 DEBUG: # Name	Variable	</>	Cut (in GeV if applicable)	Group Symmetric
2021-10-28 22:19:51,537 DEBUG: # !!REMEMBER DEFAULT ANALYSISTOP OUTPUT IS IN MeV NOT GeV!!
2021-10-28 22:19:51,537 DEBUG: Tight muon	mu_isTight	=	1	tight muon cut	false
2021-10-28 22:19:51,538 DEBUG: eta	mu_eta	<	2.4	eta	true
2021-10-28 22:19:51,538 DEBUG: E_{T}^{MISS}	met_met	>	65	met	false
2021-10-28 22:19:51,538 DEBUG: p_T	mu_pt	>	65	mu pt	false
2021-10-28 22:19:51,538 DEBUG: M_T	mu_mt	>	55	muon mt	false
2021-10-28 22:19:51,539 DEBUG: M_W	MC_WZ_m	>	120	W m	false	truth
2021-10-28 22:19:51,539 DEBUG: 
2021-10-28 22:19:51,539 DEBUG: [OUTPUTS]
2021-10-28 22:19:51,539 DEBUG: # variables to process
2021-10-28 22:19:51,540 DEBUG: mu_mt
2021-10-28 22:19:51,540 DEBUG: mu_pt
2021-10-28 22:19:51,540 DEBUG: mu_eta
2021-10-28 22:19:51,540 DEBUG: 
2021-10-28 22:19:51,540 DEBUG: [OPTIONS]
2021-10-28 22:19:51,540 DEBUG: # case-insensitive
2021-10-28 22:19:51,540 DEBUG: sequential	false
2021-10-28 22:19:51,540 DEBUG: grouped cutflow	false
2021-10-28 22:19:51,540 DEBUG: ---------------------------
2021-10-28 22:19:51,540 INFO: Parsting cutfile for wmintaunu_slices...
2021-10-28 22:19:51,542 DEBUG: Datafile found
2021-10-28 22:19:51,542 INFO: Reading data for wmintaunu_slices dataframe from outputs/jesal_cutflow/data/wmintaunu_slices_df.pkl...
2021-10-28 22:19:51,566 INFO: Number of events in dataset wmintaunu_slices: 726886
2021-10-28 22:19:51,567 INFO: Creating weights for wmintaunu_slices...
2021-10-28 22:19:51,574 DEBUG: PER-DSID INFO:
2021-10-28 22:19:51,574 DEBUG: --------------
2021-10-28 22:19:51,574 DEBUG: DSID       n_events   sum_w         x-s fb        lumi fb-1
2021-10-28 22:19:51,574 DEBUG: ==========================================================
2021-10-28 22:19:51,601 DEBUG: 301160     584        1.304203e+04  2.233225e+01  1.750007e-01
2021-10-28 22:19:51,603 DEBUG: 301161     7814       2.572807e+04  3.292561e+00  4.385605e+00
2021-10-28 22:19:51,605 DEBUG: 301162     19355      2.097866e+04  1.083888e+00  1.807713e+01
2021-10-28 22:19:51,608 DEBUG: 301163     32203      5.649394e+03  1.754307e-01  4.508980e+01
2021-10-28 22:19:51,612 DEBUG: 301164     36493      1.130532e+03  3.097943e-02  1.021794e+02
2021-10-28 22:19:51,614 DEBUG: 301165     40197      3.330843e+02  8.286296e-03  1.125505e+02
2021-10-28 22:19:51,617 DEBUG: 301166     38794      1.225665e+02  3.159418e-03  1.180722e+02
2021-10-28 22:19:51,620 DEBUG: 301167     45957      4.608419e+01  1.002768e-03  1.286798e+02
2021-10-28 22:19:51,624 DEBUG: 301168     46553      1.713763e+01  3.681316e-04  1.303474e+02
2021-10-28 22:19:51,627 DEBUG: 301169     46357      6.928842e+00  1.494670e-04  1.298001e+02
2021-10-28 22:19:51,630 DEBUG: 301170     48747      3.183652e+00  6.530970e-05  1.364905e+02
2021-10-28 22:19:51,633 DEBUG: 301171     45132      1.361533e+00  3.016780e-05  1.263680e+02
2021-10-28 22:19:51,636 DEBUG: 301172     48195      7.012044e-01  1.454932e-05  1.349483e+02
2021-10-28 22:19:51,640 DEBUG: 301173     47837      3.472451e-01  7.258924e-06  1.339429e+02
2021-10-28 22:19:51,643 DEBUG: 301174     46889      2.658246e-01  5.669233e-06  1.312917e+02
2021-10-28 22:19:51,646 DEBUG: 301175     46518      7.430704e-02  1.597383e-06  1.302495e+02
2021-10-28 22:19:51,649 DEBUG: 301176     44600      2.105576e-02  4.721023e-07  1.248797e+02
2021-10-28 22:19:51,651 DEBUG: 301177     44286      6.324148e-03  1.428024e-07  1.240002e+02
2021-10-28 22:19:51,654 DEBUG: 301178     40375      2.488081e-03  6.162430e-08  1.130493e+02
2021-10-28 22:19:51,654 INFO: Creating cuts for wmintaunu_slices...
2021-10-28 22:19:51,666 INFO: 
2021-10-28 22:19:51,667 INFO: ========== CUTS USED ============
2021-10-28 22:19:51,667 INFO: Tight muon  : mu_isTight = 1.0
2021-10-28 22:19:51,667 INFO: eta         :    |mu_eta| < 2.4
2021-10-28 22:19:51,667 INFO: E_{T}^{MISS}:    met_met > 65.0
2021-10-28 22:19:51,668 INFO: p_T         :      mu_pt > 65.0
2021-10-28 22:19:51,668 INFO: M_T         :      mu_mt > 55.0
2021-10-28 22:19:51,668 INFO: M_W         :    MC_WZ_m > 120.0
2021-10-28 22:19:51,668 INFO: 
2021-10-28 22:19:51,754 INFO: =========== CUTFLOW =============
2021-10-28 22:19:51,754 INFO: Option: Non-sequential
2021-10-28 22:19:51,754 INFO: ---------------------------------
2021-10-28 22:19:51,754 INFO: Cut            Events Ratio
2021-10-28 22:19:51,754 INFO: Inclusive      726886   -
2021-10-28 22:19:51,754 INFO: tight muon cut 726886 1.000    
2021-10-28 22:19:51,755 INFO: eta            726886 1.000    
2021-10-28 22:19:51,755 INFO: met            726886 1.000    
2021-10-28 22:19:51,755 INFO: mu pt          726886 1.000    
2021-10-28 22:19:51,756 INFO: muon mt        726886 1.000    
2021-10-28 22:19:51,756 INFO: W m            726886 1.000    
2021-10-28 22:19:51,756 INFO: 
2021-10-28 22:19:51,756 INFO: ========= DATASET 'wmintaunu_slices' INITIALISED =========
2021-10-28 22:19:51,756 INFO: 
2021-10-28 22:19:51,756 INFO: ======== INITIALISING DATASET 'wmintaunu_inclusive' =========
2021-10-28 22:19:51,757 DEBUG: DATASET INPUT OPTIONS: 
2021-10-28 22:19:51,757 DEBUG: ----------------------------
2021-10-28 22:19:51,757 DEBUG: Input file(s):  /data/atlas/HighMassDrellYan/test_mc16a/wmintaunu/*.root
2021-10-28 22:19:51,757 DEBUG: TTree: nominal_Loose
2021-10-28 22:19:51,757 DEBUG: Cutfile: options/jesal_cutflow/cutfile_jesal.txt
2021-10-28 22:19:51,757 DEBUG: Slices: False
2021-10-28 22:19:51,757 DEBUG: grouped cutflow: True
2021-10-28 22:19:51,757 DEBUG: Forced dataset rebuild: False
2021-10-28 22:19:51,757 DEBUG: ----------------------------
2021-10-28 22:19:51,757 DEBUG: 
2021-10-28 22:19:51,757 DEBUG: CUTFILE CONTENTS
2021-10-28 22:19:51,758 DEBUG: ---------------------------
2021-10-28 22:19:51,758 DEBUG: [CUTS]
2021-10-28 22:19:51,758 DEBUG: # Name	Variable	</>	Cut (in GeV if applicable)	Group Symmetric
2021-10-28 22:19:51,758 DEBUG: # !!REMEMBER DEFAULT ANALYSISTOP OUTPUT IS IN MeV NOT GeV!!
2021-10-28 22:19:51,758 DEBUG: Tight muon	mu_isTight	=	1	tight muon cut	false
2021-10-28 22:19:51,758 DEBUG: eta	mu_eta	<	2.4	eta	true
2021-10-28 22:19:51,758 DEBUG: E_{T}^{MISS}	met_met	>	65	met	false
2021-10-28 22:19:51,758 DEBUG: p_T	mu_pt	>	65	mu pt	false
2021-10-28 22:19:51,759 DEBUG: M_T	mu_mt	>	55	muon mt	false
2021-10-28 22:19:51,759 DEBUG: M_W	MC_WZ_m	>	120	W m	false	truth
2021-10-28 22:19:51,760 DEBUG: 
2021-10-28 22:19:51,760 DEBUG: [OUTPUTS]
2021-10-28 22:19:51,760 DEBUG: # variables to process
2021-10-28 22:19:51,760 DEBUG: mu_mt
2021-10-28 22:19:51,760 DEBUG: mu_pt
2021-10-28 22:19:51,760 DEBUG: mu_eta
2021-10-28 22:19:51,760 DEBUG: 
2021-10-28 22:19:51,760 DEBUG: [OPTIONS]
2021-10-28 22:19:51,760 DEBUG: # case-insensitive
2021-10-28 22:19:51,760 DEBUG: sequential	false
2021-10-28 22:19:51,760 DEBUG: grouped cutflow	false
2021-10-28 22:19:51,760 DEBUG: ---------------------------
2021-10-28 22:19:51,760 INFO: Parsting cutfile for wmintaunu_inclusive...
2021-10-28 22:19:51,761 DEBUG: Datafile found
2021-10-28 22:19:51,762 INFO: Reading data for wmintaunu_inclusive dataframe from outputs/jesal_cutflow/data/wmintaunu_inclusive_df.pkl...
2021-10-28 22:19:51,763 INFO: Number of events in dataset wmintaunu_inclusive: 118
2021-10-28 22:19:51,763 INFO: Creating weights for wmintaunu_inclusive...
2021-10-28 22:19:51,763 DEBUG: INCLUSIVE SAMPLE METADATA:
2021-10-28 22:19:51,765 DEBUG: --------------------------
2021-10-28 22:19:51,765 DEBUG: n_events   sum_w         x-s fb        lumi fb-1
2021-10-28 22:19:51,765 DEBUG: ==========================================================
2021-10-28 22:19:51,766 DEBUG: 118        9.953306e+05  8.435005e+03  1.958505e+00
2021-10-28 22:19:51,766 INFO: Creating cuts for wmintaunu_inclusive...
2021-10-28 22:19:51,769 INFO: 
2021-10-28 22:19:51,769 INFO: ========== CUTS USED ============
2021-10-28 22:19:51,769 INFO: Tight muon  : mu_isTight = 1.0
2021-10-28 22:19:51,769 INFO: eta         :    |mu_eta| < 2.4
2021-10-28 22:19:51,769 INFO: E_{T}^{MISS}:    met_met > 65.0
2021-10-28 22:19:51,769 INFO: p_T         :      mu_pt > 65.0
2021-10-28 22:19:51,769 INFO: M_T         :      mu_mt > 55.0
2021-10-28 22:19:51,769 INFO: M_W         :    MC_WZ_m > 120.0
2021-10-28 22:19:51,769 INFO: 
2021-10-28 22:19:51,775 INFO: =========== CUTFLOW =============
2021-10-28 22:19:51,775 INFO: Option: Non-sequential
2021-10-28 22:19:51,775 INFO: ---------------------------------
2021-10-28 22:19:51,775 INFO: Cut            Events Ratio
2021-10-28 22:19:51,775 INFO: Inclusive      118   -
2021-10-28 22:19:51,775 INFO: tight muon cut 118 1.000    
2021-10-28 22:19:51,776 INFO: eta            118 1.000    
2021-10-28 22:19:51,776 INFO: met            118 1.000    
2021-10-28 22:19:51,776 INFO: mu pt          118 1.000    
2021-10-28 22:19:51,776 INFO: muon mt        118 1.000    
2021-10-28 22:19:51,776 INFO: W m            107 0.907    
2021-10-28 22:19:51,776 INFO: 
2021-10-28 22:19:51,776 INFO: ========= DATASET 'wmintaunu_inclusive' INITIALISED =========
2021-10-28 22:19:51,776 INFO: 
2021-10-28 22:19:51,776 INFO: ======== INITIALISING DATASET 'wplustaunu_slices' =========
2021-10-28 22:19:51,781 DEBUG: DATASET INPUT OPTIONS: 
2021-10-28 22:19:51,781 DEBUG: ----------------------------
2021-10-28 22:19:51,781 DEBUG: Input file(s):  /data/atlas/HighMassDrellYan/test_mc16a/wplustaunu_*/*.root
2021-10-28 22:19:51,781 DEBUG: TTree: nominal_Loose
2021-10-28 22:19:51,781 DEBUG: Cutfile: options/jesal_cutflow/cutfile_jesal.txt
2021-10-28 22:19:51,781 DEBUG: Slices: True
2021-10-28 22:19:51,781 DEBUG: grouped cutflow: True
2021-10-28 22:19:51,781 DEBUG: Forced dataset rebuild: False
2021-10-28 22:19:51,781 DEBUG: ----------------------------
2021-10-28 22:19:51,781 DEBUG: 
2021-10-28 22:19:51,781 DEBUG: CUTFILE CONTENTS
2021-10-28 22:19:51,781 DEBUG: ---------------------------
2021-10-28 22:19:51,782 DEBUG: [CUTS]
2021-10-28 22:19:51,783 DEBUG: # Name	Variable	</>	Cut (in GeV if applicable)	Group Symmetric
2021-10-28 22:19:51,783 DEBUG: # !!REMEMBER DEFAULT ANALYSISTOP OUTPUT IS IN MeV NOT GeV!!
2021-10-28 22:19:51,783 DEBUG: Tight muon	mu_isTight	=	1	tight muon cut	false
2021-10-28 22:19:51,783 DEBUG: eta	mu_eta	<	2.4	eta	true
2021-10-28 22:19:51,783 DEBUG: E_{T}^{MISS}	met_met	>	65	met	false
2021-10-28 22:19:51,783 DEBUG: p_T	mu_pt	>	65	mu pt	false
2021-10-28 22:19:51,783 DEBUG: M_T	mu_mt	>	55	muon mt	false
2021-10-28 22:19:51,783 DEBUG: M_W	MC_WZ_m	>	120	W m	false	truth
2021-10-28 22:19:51,783 DEBUG: 
2021-10-28 22:19:51,783 DEBUG: [OUTPUTS]
2021-10-28 22:19:51,783 DEBUG: # variables to process
2021-10-28 22:19:51,783 DEBUG: mu_mt
2021-10-28 22:19:51,783 DEBUG: mu_pt
2021-10-28 22:19:51,783 DEBUG: mu_eta
2021-10-28 22:19:51,783 DEBUG: 
2021-10-28 22:19:51,783 DEBUG: [OPTIONS]
2021-10-28 22:19:51,783 DEBUG: # case-insensitive
2021-10-28 22:19:51,783 DEBUG: sequential	false
2021-10-28 22:19:51,783 DEBUG: grouped cutflow	false
2021-10-28 22:19:51,783 DEBUG: ---------------------------
2021-10-28 22:19:51,783 INFO: Parsting cutfile for wplustaunu_slices...
2021-10-28 22:19:51,784 DEBUG: Datafile found
2021-10-28 22:19:51,785 INFO: Reading data for wplustaunu_slices dataframe from outputs/jesal_cutflow/data/wplustaunu_slices_df.pkl...
2021-10-28 22:19:51,804 INFO: Number of events in dataset wplustaunu_slices: 772578
2021-10-28 22:19:51,804 INFO: Creating weights for wplustaunu_slices...
2021-10-28 22:19:51,810 DEBUG: PER-DSID INFO:
2021-10-28 22:19:51,811 DEBUG: --------------
2021-10-28 22:19:51,811 DEBUG: DSID       n_events   sum_w         x-s fb        lumi fb-1
2021-10-28 22:19:51,811 DEBUG: ==========================================================
2021-10-28 22:19:51,835 DEBUG: 301140     521        1.677207e+04  3.219208e+01  1.465126e-01
2021-10-28 22:19:51,837 DEBUG: 301141     8113       4.065248e+04  5.010782e+00  4.550459e+00
2021-10-28 22:19:51,840 DEBUG: 301142     21300      3.730728e+04  1.751515e+00  1.989156e+01
2021-10-28 22:19:51,842 DEBUG: 301143     36357      1.135788e+04  3.123987e-01  5.090710e+01
2021-10-28 22:19:51,845 DEBUG: 301144     37316      2.268519e+03  6.079211e-02  1.044842e+02
2021-10-28 22:19:51,848 DEBUG: 301145     42047      7.428984e+02  1.766828e-02  1.177314e+02
2021-10-28 22:19:51,852 DEBUG: 301146     47861      3.488693e+02  7.289219e-03  1.340092e+02
2021-10-28 22:19:51,855 DEBUG: 301147     48678      1.220389e+02  2.507065e-03  1.363000e+02
2021-10-28 22:19:51,858 DEBUG: 301148     49533      4.885402e+01  9.862924e-04  1.386951e+02
2021-10-28 22:19:51,862 DEBUG: 301149     50141      2.128827e+01  4.245682e-04  1.403967e+02
2021-10-28 22:19:51,865 DEBUG: 301150     49514      9.637255e+00  1.946370e-04  1.386388e+02
2021-10-28 22:19:51,868 DEBUG: 301151     49229      4.595385e+00  9.334710e-05  1.378400e+02
2021-10-28 22:19:51,872 DEBUG: 301152     49191      2.275536e+00  4.625919e-05  1.377341e+02
2021-10-28 22:19:51,875 DEBUG: 301153     50388      1.182906e+00  2.347594e-05  1.410873e+02
2021-10-28 22:19:51,879 DEBUG: 301154     49324      9.100242e-01  1.844993e-05  1.381123e+02
2021-10-28 22:19:51,882 DEBUG: 301155     47861      2.439302e-01  5.096639e-06  1.340080e+02
2021-10-28 22:19:51,885 DEBUG: 301156     47234      6.757697e-02  1.430685e-06  1.322577e+02
2021-10-28 22:19:51,888 DEBUG: 301157     46569      1.868748e-02  4.012858e-07  1.303949e+02
2021-10-28 22:19:51,891 DEBUG: 301158     41401      6.353437e-03  1.534610e-07  1.159238e+02
2021-10-28 22:19:51,891 INFO: Creating cuts for wplustaunu_slices...
2021-10-28 22:19:51,898 INFO: 
2021-10-28 22:19:51,898 INFO: ========== CUTS USED ============
2021-10-28 22:19:51,898 INFO: Tight muon  : mu_isTight = 1.0
2021-10-28 22:19:51,898 INFO: eta         :    |mu_eta| < 2.4
2021-10-28 22:19:51,898 INFO: E_{T}^{MISS}:    met_met > 65.0
2021-10-28 22:19:51,898 INFO: p_T         :      mu_pt > 65.0
2021-10-28 22:19:51,899 INFO: M_T         :      mu_mt > 55.0
2021-10-28 22:19:51,900 INFO: M_W         :    MC_WZ_m > 120.0
2021-10-28 22:19:51,900 INFO: 
2021-10-28 22:19:51,985 INFO: =========== CUTFLOW =============
2021-10-28 22:19:51,986 INFO: Option: Non-sequential
2021-10-28 22:19:51,986 INFO: ---------------------------------
2021-10-28 22:19:51,986 INFO: Cut            Events Ratio
2021-10-28 22:19:51,986 INFO: Inclusive      772578   -
2021-10-28 22:19:51,986 INFO: tight muon cut 772578 1.000    
2021-10-28 22:19:51,986 INFO: eta            772578 1.000    
2021-10-28 22:19:51,987 INFO: met            772578 1.000    
2021-10-28 22:19:51,988 INFO: mu pt          772578 1.000    
2021-10-28 22:19:51,988 INFO: muon mt        772578 1.000    
2021-10-28 22:19:51,988 INFO: W m            772578 1.000    
2021-10-28 22:19:51,988 INFO: 
2021-10-28 22:19:51,988 INFO: ========= DATASET 'wplustaunu_slices' INITIALISED =========
2021-10-28 22:19:51,988 INFO: 
2021-10-28 22:19:51,988 INFO: ======== INITIALISING DATASET 'wplustaunu_inclusive' =========
2021-10-28 22:19:51,988 DEBUG: DATASET INPUT OPTIONS: 
2021-10-28 22:19:51,988 DEBUG: ----------------------------
2021-10-28 22:19:51,988 DEBUG: Input file(s):  /data/atlas/HighMassDrellYan/test_mc16a/wplustaunu/*.root
2021-10-28 22:19:51,988 DEBUG: TTree: nominal_Loose
2021-10-28 22:19:51,988 DEBUG: Cutfile: options/jesal_cutflow/cutfile_jesal.txt
2021-10-28 22:19:51,989 DEBUG: Slices: False
2021-10-28 22:19:51,989 DEBUG: grouped cutflow: True
2021-10-28 22:19:51,989 DEBUG: Forced dataset rebuild: False
2021-10-28 22:19:51,989 DEBUG: ----------------------------
2021-10-28 22:19:51,989 DEBUG: 
2021-10-28 22:19:51,989 DEBUG: CUTFILE CONTENTS
2021-10-28 22:19:51,989 DEBUG: ---------------------------
2021-10-28 22:19:51,989 DEBUG: [CUTS]
2021-10-28 22:19:51,989 DEBUG: # Name	Variable	</>	Cut (in GeV if applicable)	Group Symmetric
2021-10-28 22:19:51,989 DEBUG: # !!REMEMBER DEFAULT ANALYSISTOP OUTPUT IS IN MeV NOT GeV!!
2021-10-28 22:19:51,989 DEBUG: Tight muon	mu_isTight	=	1	tight muon cut	false
2021-10-28 22:19:51,989 DEBUG: eta	mu_eta	<	2.4	eta	true
2021-10-28 22:19:51,989 DEBUG: E_{T}^{MISS}	met_met	>	65	met	false
2021-10-28 22:19:51,989 DEBUG: p_T	mu_pt	>	65	mu pt	false
2021-10-28 22:19:51,989 DEBUG: M_T	mu_mt	>	55	muon mt	false
2021-10-28 22:19:51,989 DEBUG: M_W	MC_WZ_m	>	120	W m	false	truth
2021-10-28 22:19:51,989 DEBUG: 
2021-10-28 22:19:51,990 DEBUG: [OUTPUTS]
2021-10-28 22:19:51,990 DEBUG: # variables to process
2021-10-28 22:19:51,990 DEBUG: mu_mt
2021-10-28 22:19:51,990 DEBUG: mu_pt
2021-10-28 22:19:51,990 DEBUG: mu_eta
2021-10-28 22:19:51,990 DEBUG: 
2021-10-28 22:19:51,990 DEBUG: [OPTIONS]
2021-10-28 22:19:51,990 DEBUG: # case-insensitive
2021-10-28 22:19:51,990 DEBUG: sequential	false
2021-10-28 22:19:51,990 DEBUG: grouped cutflow	false
2021-10-28 22:19:51,990 DEBUG: ---------------------------
2021-10-28 22:19:51,990 INFO: Parsting cutfile for wplustaunu_inclusive...
2021-10-28 22:19:51,991 DEBUG: Datafile found
2021-10-28 22:19:51,992 INFO: Reading data for wplustaunu_inclusive dataframe from outputs/jesal_cutflow/data/wplustaunu_inclusive_df.pkl...
2021-10-28 22:19:51,992 INFO: Number of events in dataset wplustaunu_inclusive: 226
2021-10-28 22:19:51,993 INFO: Creating weights for wplustaunu_inclusive...
2021-10-28 22:19:51,994 DEBUG: INCLUSIVE SAMPLE METADATA:
2021-10-28 22:19:51,994 DEBUG: --------------------------
2021-10-28 22:19:51,995 DEBUG: n_events   sum_w         x-s fb        lumi fb-1
2021-10-28 22:19:51,995 DEBUG: ==========================================================
2021-10-28 22:19:51,995 DEBUG: 226        2.566360e+06  1.135558e+04  2.761639e+00
2021-10-28 22:19:51,996 INFO: Creating cuts for wplustaunu_inclusive...
2021-10-28 22:19:51,999 INFO: 
2021-10-28 22:19:51,999 INFO: ========== CUTS USED ============
2021-10-28 22:19:51,999 INFO: Tight muon  : mu_isTight = 1.0
2021-10-28 22:19:51,999 INFO: eta         :    |mu_eta| < 2.4
2021-10-28 22:19:51,999 INFO: E_{T}^{MISS}:    met_met > 65.0
2021-10-28 22:19:51,999 INFO: p_T         :      mu_pt > 65.0
2021-10-28 22:19:51,999 INFO: M_T         :      mu_mt > 55.0
2021-10-28 22:19:52,000 INFO: M_W         :    MC_WZ_m > 120.0
2021-10-28 22:19:52,001 INFO: 
2021-10-28 22:19:52,006 INFO: =========== CUTFLOW =============
2021-10-28 22:19:52,007 INFO: Option: Non-sequential
2021-10-28 22:19:52,007 INFO: ---------------------------------
2021-10-28 22:19:52,007 INFO: Cut            Events Ratio
2021-10-28 22:19:52,008 INFO: Inclusive      226   -
2021-10-28 22:19:52,009 INFO: tight muon cut 226 1.000    
2021-10-28 22:19:52,009 INFO: eta            226 1.000    
2021-10-28 22:19:52,009 INFO: met            226 1.000    
2021-10-28 22:19:52,009 INFO: mu pt          226 1.000    
2021-10-28 22:19:52,009 INFO: muon mt        226 1.000    
2021-10-28 22:19:52,009 INFO: W m            193 0.854    
2021-10-28 22:19:52,009 INFO: 
2021-10-28 22:19:52,009 INFO: ========= DATASET 'wplustaunu_inclusive' INITIALISED =========
2021-10-28 22:19:52,009 INFO: 
2021-10-28 22:19:52,009 INFO: ======== INITIALISING DATASET 'wminmunu_slices' =========
2021-10-28 22:19:52,013 DEBUG: DATASET INPUT OPTIONS: 
2021-10-28 22:19:52,014 DEBUG: ----------------------------
2021-10-28 22:19:52,014 DEBUG: Input file(s):  /data/atlas/HighMassDrellYan/test_mc16a/wminmunu_*/*.root
2021-10-28 22:19:52,015 DEBUG: TTree: nominal_Loose
2021-10-28 22:19:52,015 DEBUG: Cutfile: options/jesal_cutflow/cutfile_jesal.txt
2021-10-28 22:19:52,015 DEBUG: Slices: True
2021-10-28 22:19:52,015 DEBUG: grouped cutflow: True
2021-10-28 22:19:52,015 DEBUG: Forced dataset rebuild: False
2021-10-28 22:19:52,015 DEBUG: ----------------------------
2021-10-28 22:19:52,015 DEBUG: 
2021-10-28 22:19:52,016 DEBUG: CUTFILE CONTENTS
2021-10-28 22:19:52,016 DEBUG: ---------------------------
2021-10-28 22:19:52,016 DEBUG: [CUTS]
2021-10-28 22:19:52,016 DEBUG: # Name	Variable	</>	Cut (in GeV if applicable)	Group Symmetric
2021-10-28 22:19:52,016 DEBUG: # !!REMEMBER DEFAULT ANALYSISTOP OUTPUT IS IN MeV NOT GeV!!
2021-10-28 22:19:52,016 DEBUG: Tight muon	mu_isTight	=	1	tight muon cut	false
2021-10-28 22:19:52,016 DEBUG: eta	mu_eta	<	2.4	eta	true
2021-10-28 22:19:52,016 DEBUG: E_{T}^{MISS}	met_met	>	65	met	false
2021-10-28 22:19:52,016 DEBUG: p_T	mu_pt	>	65	mu pt	false
2021-10-28 22:19:52,016 DEBUG: M_T	mu_mt	>	55	muon mt	false
2021-10-28 22:19:52,016 DEBUG: M_W	MC_WZ_m	>	120	W m	false	truth
2021-10-28 22:19:52,016 DEBUG: 
2021-10-28 22:19:52,016 DEBUG: [OUTPUTS]
2021-10-28 22:19:52,016 DEBUG: # variables to process
2021-10-28 22:19:52,016 DEBUG: mu_mt
2021-10-28 22:19:52,016 DEBUG: mu_pt
2021-10-28 22:19:52,016 DEBUG: mu_eta
2021-10-28 22:19:52,016 DEBUG: 
2021-10-28 22:19:52,016 DEBUG: [OPTIONS]
2021-10-28 22:19:52,017 DEBUG: # case-insensitive
2021-10-28 22:19:52,017 DEBUG: sequential	false
2021-10-28 22:19:52,017 DEBUG: grouped cutflow	false
2021-10-28 22:19:52,018 DEBUG: ---------------------------
2021-10-28 22:19:52,018 INFO: Parsting cutfile for wminmunu_slices...
2021-10-28 22:19:52,019 DEBUG: Datafile found
2021-10-28 22:19:52,019 INFO: Reading data for wminmunu_slices dataframe from outputs/jesal_cutflow/data/wminmunu_slices_df.pkl...
2021-10-28 22:19:52,231 INFO: Number of events in dataset wminmunu_slices: 10473533
2021-10-28 22:19:52,231 INFO: Creating weights for wminmunu_slices...
2021-10-28 22:19:52,432 DEBUG: PER-DSID INFO:
2021-10-28 22:19:52,432 DEBUG: --------------
2021-10-28 22:19:52,432 DEBUG: DSID       n_events   sum_w         x-s fb        lumi fb-1
2021-10-28 22:19:52,432 DEBUG: ==========================================================
2021-10-28 22:19:52,784 DEBUG: 301120     499915     1.110597e+07  2.221572e+01  1.408600e+01
2021-10-28 22:19:52,845 DEBUG: 301121     944456     3.101657e+06  3.284067e+00  8.836211e+01
2021-10-28 22:19:52,883 DEBUG: 301122     737165     7.982900e+05  1.082919e+00  1.738961e+02
2021-10-28 22:19:52,911 DEBUG: 301123     549364     9.635911e+04  1.754012e-01  7.691939e+02
2021-10-28 22:19:52,938 DEBUG: 301124     488699     1.513980e+04  3.097982e-02  1.368361e+03
2021-10-28 22:19:52,974 DEBUG: 301125     507642     4.206513e+03  8.286377e-03  1.421397e+03
2021-10-28 22:19:53,001 DEBUG: 301126     512753     1.619953e+03  3.159324e-03  1.435705e+03
2021-10-28 22:19:53,030 DEBUG: 301127     522006     5.234484e+02  1.002763e-03  1.461614e+03
2021-10-28 22:19:53,058 DEBUG: 301128     528485     1.945538e+02  3.681350e-04  1.479762e+03
2021-10-28 22:19:53,086 DEBUG: 301129     523222     7.820444e+01  1.494670e-04  1.465028e+03
2021-10-28 22:19:53,113 DEBUG: 301130     527231     3.443364e+01  6.531034e-05  1.476250e+03
2021-10-28 22:19:53,139 DEBUG: 301131     526452     1.588209e+01  3.016817e-05  1.474065e+03
2021-10-28 22:19:53,166 DEBUG: 301132     523697     7.619310e+00  1.454908e-05  1.466352e+03
2021-10-28 22:19:53,194 DEBUG: 301133     523944     3.803304e+00  7.258989e-06  1.467048e+03
2021-10-28 22:19:53,221 DEBUG: 301134     523849     2.969780e+00  5.669152e-06  1.466784e+03
2021-10-28 22:19:53,249 DEBUG: 301135     519023     8.290851e-01  1.597396e-06  1.453265e+03
2021-10-28 22:19:53,276 DEBUG: 301136     511632     2.415438e-01  4.721046e-07  1.432573e+03
2021-10-28 22:19:53,303 DEBUG: 301137     505761     7.222451e-02  1.428036e-07  1.416137e+03
2021-10-28 22:19:53,329 DEBUG: 301138     498237     3.070374e-02  6.162477e-08  1.395066e+03
2021-10-28 22:19:53,330 INFO: Creating cuts for wminmunu_slices...
2021-10-28 22:19:53,400 INFO: 
2021-10-28 22:19:53,400 INFO: ========== CUTS USED ============
2021-10-28 22:19:53,400 INFO: Tight muon  : mu_isTight = 1.0
2021-10-28 22:19:53,400 INFO: eta         :    |mu_eta| < 2.4
2021-10-28 22:19:53,400 INFO: E_{T}^{MISS}:    met_met > 65.0
2021-10-28 22:19:53,400 INFO: p_T         :      mu_pt > 65.0
2021-10-28 22:19:53,400 INFO: M_T         :      mu_mt > 55.0
2021-10-28 22:19:53,400 INFO: M_W         :    MC_WZ_m > 120.0
2021-10-28 22:19:53,400 INFO: 
2021-10-28 22:19:55,369 INFO: =========== CUTFLOW =============
2021-10-28 22:19:55,369 INFO: Option: Non-sequential
2021-10-28 22:19:55,369 INFO: ---------------------------------
2021-10-28 22:19:55,369 INFO: Cut            Events   Ratio
2021-10-28 22:19:55,369 INFO: Inclusive      10473533   -
2021-10-28 22:19:55,369 INFO: tight muon cut 10473533 1.000    
2021-10-28 22:19:55,369 INFO: eta            10473533 1.000    
2021-10-28 22:19:55,369 INFO: met            10473533 1.000    
2021-10-28 22:19:55,369 INFO: mu pt          10473533 1.000    
2021-10-28 22:19:55,369 INFO: muon mt        10473533 1.000    
2021-10-28 22:19:55,370 INFO: W m            10473533 1.000    
2021-10-28 22:19:55,370 INFO: 
2021-10-28 22:19:55,371 INFO: ========= DATASET 'wminmunu_slices' INITIALISED =========
2021-10-28 22:19:55,371 INFO: 
2021-10-28 22:19:55,371 INFO: ======== INITIALISING DATASET 'wminmunu_inclusive' =========
2021-10-28 22:19:55,372 DEBUG: DATASET INPUT OPTIONS: 
2021-10-28 22:19:55,372 DEBUG: ----------------------------
2021-10-28 22:19:55,372 DEBUG: Input file(s):  /data/atlas/HighMassDrellYan/test_mc16a/wminmunu/*.root
2021-10-28 22:19:55,372 DEBUG: TTree: nominal_Loose
2021-10-28 22:19:55,372 DEBUG: Cutfile: options/jesal_cutflow/cutfile_jesal.txt
2021-10-28 22:19:55,372 DEBUG: Slices: False
2021-10-28 22:19:55,372 DEBUG: grouped cutflow: True
2021-10-28 22:19:55,372 DEBUG: Forced dataset rebuild: False
2021-10-28 22:19:55,372 DEBUG: ----------------------------
2021-10-28 22:19:55,372 DEBUG: 
2021-10-28 22:19:55,372 DEBUG: CUTFILE CONTENTS
2021-10-28 22:19:55,373 DEBUG: ---------------------------
2021-10-28 22:19:55,373 DEBUG: [CUTS]
2021-10-28 22:19:55,373 DEBUG: # Name	Variable	</>	Cut (in GeV if applicable)	Group Symmetric
2021-10-28 22:19:55,373 DEBUG: # !!REMEMBER DEFAULT ANALYSISTOP OUTPUT IS IN MeV NOT GeV!!
2021-10-28 22:19:55,373 DEBUG: Tight muon	mu_isTight	=	1	tight muon cut	false
2021-10-28 22:19:55,373 DEBUG: eta	mu_eta	<	2.4	eta	true
2021-10-28 22:19:55,374 DEBUG: E_{T}^{MISS}	met_met	>	65	met	false
2021-10-28 22:19:55,374 DEBUG: p_T	mu_pt	>	65	mu pt	false
2021-10-28 22:19:55,374 DEBUG: M_T	mu_mt	>	55	muon mt	false
2021-10-28 22:19:55,374 DEBUG: M_W	MC_WZ_m	>	120	W m	false	truth
2021-10-28 22:19:55,374 DEBUG: 
2021-10-28 22:19:55,374 DEBUG: [OUTPUTS]
2021-10-28 22:19:55,374 DEBUG: # variables to process
2021-10-28 22:19:55,374 DEBUG: mu_mt
2021-10-28 22:19:55,374 DEBUG: mu_pt
2021-10-28 22:19:55,374 DEBUG: mu_eta
2021-10-28 22:19:55,374 DEBUG: 
2021-10-28 22:19:55,374 DEBUG: [OPTIONS]
2021-10-28 22:19:55,374 DEBUG: # case-insensitive
2021-10-28 22:19:55,374 DEBUG: sequential	false
2021-10-28 22:19:55,374 DEBUG: grouped cutflow	false
2021-10-28 22:19:55,374 DEBUG: ---------------------------
2021-10-28 22:19:55,374 INFO: Parsting cutfile for wminmunu_inclusive...
2021-10-28 22:19:55,375 DEBUG: Datafile found
2021-10-28 22:19:55,376 INFO: Reading data for wminmunu_inclusive dataframe from outputs/jesal_cutflow/data/wminmunu_inclusive_df.pkl...
2021-10-28 22:19:55,378 INFO: Number of events in dataset wminmunu_inclusive: 19384
2021-10-28 22:19:55,379 INFO: Creating weights for wminmunu_inclusive...
2021-10-28 22:19:55,383 DEBUG: INCLUSIVE SAMPLE METADATA:
2021-10-28 22:19:55,384 DEBUG: --------------------------
2021-10-28 22:19:55,384 DEBUG: n_events   sum_w         x-s fb        lumi fb-1
2021-10-28 22:19:55,384 DEBUG: ==========================================================
2021-10-28 22:19:55,384 DEBUG: 19384      1.617602e+08  8.345036e+03  3.217386e+02
2021-10-28 22:19:55,385 INFO: Creating cuts for wminmunu_inclusive...
2021-10-28 22:19:55,388 INFO: 
2021-10-28 22:19:55,388 INFO: ========== CUTS USED ============
2021-10-28 22:19:55,388 INFO: Tight muon  : mu_isTight = 1.0
2021-10-28 22:19:55,388 INFO: eta         :    |mu_eta| < 2.4
2021-10-28 22:19:55,388 INFO: E_{T}^{MISS}:    met_met > 65.0
2021-10-28 22:19:55,388 INFO: p_T         :      mu_pt > 65.0
2021-10-28 22:19:55,389 INFO: M_T         :      mu_mt > 55.0
2021-10-28 22:19:55,389 INFO: M_W         :    MC_WZ_m > 120.0
2021-10-28 22:19:55,389 INFO: 
2021-10-28 22:19:55,396 INFO: =========== CUTFLOW =============
2021-10-28 22:19:55,396 INFO: Option: Non-sequential
2021-10-28 22:19:55,396 INFO: ---------------------------------
2021-10-28 22:19:55,396 INFO: Cut            Events Ratio
2021-10-28 22:19:55,396 INFO: Inclusive      19384   -
2021-10-28 22:19:55,396 INFO: tight muon cut 19384 1.000    
2021-10-28 22:19:55,396 INFO: eta            19384 1.000    
2021-10-28 22:19:55,396 INFO: met            19384 1.000    
2021-10-28 22:19:55,397 INFO: mu pt          19384 1.000    
2021-10-28 22:19:55,398 INFO: muon mt        19384 1.000    
2021-10-28 22:19:55,398 INFO: W m            12171 0.628    
2021-10-28 22:19:55,398 INFO: 
2021-10-28 22:19:55,398 INFO: ========= DATASET 'wminmunu_inclusive' INITIALISED =========
2021-10-28 22:19:55,398 INFO: 
2021-10-28 22:19:55,398 INFO: ======== INITIALISING DATASET 'wplusmunu_slices' =========
2021-10-28 22:19:55,404 DEBUG: DATASET INPUT OPTIONS: 
2021-10-28 22:19:55,404 DEBUG: ----------------------------
2021-10-28 22:19:55,404 DEBUG: Input file(s):  /data/atlas/HighMassDrellYan/test_mc16a/wplusmunu_*/*.root
2021-10-28 22:19:55,404 DEBUG: TTree: nominal_Loose
2021-10-28 22:19:55,404 DEBUG: Cutfile: options/jesal_cutflow/cutfile_jesal.txt
2021-10-28 22:19:55,404 DEBUG: Slices: True
2021-10-28 22:19:55,404 DEBUG: grouped cutflow: True
2021-10-28 22:19:55,405 DEBUG: Forced dataset rebuild: False
2021-10-28 22:19:55,406 DEBUG: ----------------------------
2021-10-28 22:19:55,406 DEBUG: 
2021-10-28 22:19:55,406 DEBUG: CUTFILE CONTENTS
2021-10-28 22:19:55,406 DEBUG: ---------------------------
2021-10-28 22:19:55,406 DEBUG: [CUTS]
2021-10-28 22:19:55,406 DEBUG: # Name	Variable	</>	Cut (in GeV if applicable)	Group Symmetric
2021-10-28 22:19:55,406 DEBUG: # !!REMEMBER DEFAULT ANALYSISTOP OUTPUT IS IN MeV NOT GeV!!
2021-10-28 22:19:55,406 DEBUG: Tight muon	mu_isTight	=	1	tight muon cut	false
2021-10-28 22:19:55,407 DEBUG: eta	mu_eta	<	2.4	eta	true
2021-10-28 22:19:55,407 DEBUG: E_{T}^{MISS}	met_met	>	65	met	false
2021-10-28 22:19:55,407 DEBUG: p_T	mu_pt	>	65	mu pt	false
2021-10-28 22:19:55,407 DEBUG: M_T	mu_mt	>	55	muon mt	false
2021-10-28 22:19:55,407 DEBUG: M_W	MC_WZ_m	>	120	W m	false	truth
2021-10-28 22:19:55,407 DEBUG: 
2021-10-28 22:19:55,407 DEBUG: [OUTPUTS]
2021-10-28 22:19:55,407 DEBUG: # variables to process
2021-10-28 22:19:55,407 DEBUG: mu_mt
2021-10-28 22:19:55,407 DEBUG: mu_pt
2021-10-28 22:19:55,407 DEBUG: mu_eta
2021-10-28 22:19:55,407 DEBUG: 
2021-10-28 22:19:55,407 DEBUG: [OPTIONS]
2021-10-28 22:19:55,407 DEBUG: # case-insensitive
2021-10-28 22:19:55,407 DEBUG: sequential	false
2021-10-28 22:19:55,407 DEBUG: grouped cutflow	false
2021-10-28 22:19:55,407 DEBUG: ---------------------------
2021-10-28 22:19:55,407 INFO: Parsting cutfile for wplusmunu_slices...
2021-10-28 22:19:55,409 DEBUG: Datafile found
2021-10-28 22:19:55,409 INFO: Reading data for wplusmunu_slices dataframe from outputs/jesal_cutflow/data/wplusmunu_slices_df.pkl...
2021-10-28 22:19:55,808 INFO: Number of events in dataset wplusmunu_slices: 11241434
2021-10-28 22:19:55,808 INFO: Creating weights for wplusmunu_slices...
2021-10-28 22:19:55,963 DEBUG: PER-DSID INFO:
2021-10-28 22:19:55,964 DEBUG: --------------
2021-10-28 22:19:55,964 DEBUG: DSID       n_events   sum_w         x-s fb        lumi fb-1
2021-10-28 22:19:55,964 DEBUG: ==========================================================
2021-10-28 22:19:56,315 DEBUG: 301100     484716     1.553695e+07  3.205372e+01  1.365058e+01
2021-10-28 22:19:56,400 DEBUG: 301101     1012214    5.063302e+06  5.002206e+00  9.474268e+01
2021-10-28 22:19:56,452 DEBUG: 301102     847300     1.486461e+06  1.754350e+00  1.978004e+02
2021-10-28 22:19:56,486 DEBUG: 301103     628252     1.962419e+05  3.123617e-01  8.796504e+02
2021-10-28 22:19:56,516 DEBUG: 301104     546953     3.325082e+04  6.079284e-02  1.531479e+03
2021-10-28 22:19:56,547 DEBUG: 301105     558068     9.860153e+03  1.766837e-02  1.562594e+03
2021-10-28 22:19:56,576 DEBUG: 301106     557555     4.064182e+03  7.289293e-03  1.561152e+03
2021-10-28 22:19:56,606 DEBUG: 301107     565079     1.416678e+03  2.507044e-03  1.582226e+03
2021-10-28 22:19:56,636 DEBUG: 301108     563977     5.562368e+02  9.862756e-04  1.579139e+03
2021-10-28 22:19:56,666 DEBUG: 301109     562856     2.389681e+02  4.245635e-04  1.576001e+03
2021-10-28 22:19:56,696 DEBUG: 301110     560538     1.091019e+02  1.946378e-04  1.569509e+03
2021-10-28 22:19:56,726 DEBUG: 301111     561678     5.243172e+01  9.334835e-05  1.572705e+03
2021-10-28 22:19:56,757 DEBUG: 301112     562419     2.601713e+01  4.625934e-05  1.574772e+03
2021-10-28 22:19:56,787 DEBUG: 301113     555370     1.303779e+01  2.347587e-05  1.555040e+03
2021-10-28 22:19:56,817 DEBUG: 301114     549575     1.013926e+01  1.844928e-05  1.538813e+03
2021-10-28 22:19:56,847 DEBUG: 301115     541614     2.760483e+00  5.096771e-06  1.516527e+03
2021-10-28 22:19:56,877 DEBUG: 301116     539809     7.722799e-01  1.430654e-06  1.511460e+03
2021-10-28 22:19:56,907 DEBUG: 301117     528390     2.120333e-01  4.012819e-07  1.479497e+03
2021-10-28 22:19:56,936 DEBUG: 301118     515071     7.904281e-02  1.534600e-07  1.442202e+03
2021-10-28 22:19:56,936 INFO: Creating cuts for wplusmunu_slices...
2021-10-28 22:19:57,015 INFO: 
2021-10-28 22:19:57,015 INFO: ========== CUTS USED ============
2021-10-28 22:19:57,015 INFO: Tight muon  : mu_isTight = 1.0
2021-10-28 22:19:57,015 INFO: eta         :    |mu_eta| < 2.4
2021-10-28 22:19:57,015 INFO: E_{T}^{MISS}:    met_met > 65.0
2021-10-28 22:19:57,015 INFO: p_T         :      mu_pt > 65.0
2021-10-28 22:19:57,015 INFO: M_T         :      mu_mt > 55.0
2021-10-28 22:19:57,015 INFO: M_W         :    MC_WZ_m > 120.0
2021-10-28 22:19:57,015 INFO: 
2021-10-28 22:19:59,087 INFO: =========== CUTFLOW =============
2021-10-28 22:19:59,087 INFO: Option: Non-sequential
2021-10-28 22:19:59,087 INFO: ---------------------------------
2021-10-28 22:19:59,087 INFO: Cut            Events   Ratio
2021-10-28 22:19:59,087 INFO: Inclusive      11241434   -
2021-10-28 22:19:59,087 INFO: tight muon cut 11241434 1.000    
2021-10-28 22:19:59,087 INFO: eta            11241434 1.000    
2021-10-28 22:19:59,087 INFO: met            11241434 1.000    
2021-10-28 22:19:59,087 INFO: mu pt          11241434 1.000    
2021-10-28 22:19:59,088 INFO: muon mt        11241434 1.000    
2021-10-28 22:19:59,088 INFO: W m            11241433 1.000    
2021-10-28 22:19:59,088 INFO: 
2021-10-28 22:19:59,092 INFO: ========= DATASET 'wplusmunu_slices' INITIALISED =========
2021-10-28 22:19:59,092 INFO: 
2021-10-28 22:19:59,092 INFO: ======== INITIALISING DATASET 'wplusmunu_inclusive' =========
2021-10-28 22:19:59,093 DEBUG: DATASET INPUT OPTIONS: 
2021-10-28 22:19:59,093 DEBUG: ----------------------------
2021-10-28 22:19:59,094 DEBUG: Input file(s):  /data/atlas/HighMassDrellYan/test_mc16a/wplusmunu/*.root
2021-10-28 22:19:59,094 DEBUG: TTree: nominal_Loose
2021-10-28 22:19:59,094 DEBUG: Cutfile: options/jesal_cutflow/cutfile_jesal.txt
2021-10-28 22:19:59,094 DEBUG: Slices: False
2021-10-28 22:19:59,094 DEBUG: grouped cutflow: True
2021-10-28 22:19:59,094 DEBUG: Forced dataset rebuild: False
2021-10-28 22:19:59,094 DEBUG: ----------------------------
2021-10-28 22:19:59,094 DEBUG: 
2021-10-28 22:19:59,094 DEBUG: CUTFILE CONTENTS
2021-10-28 22:19:59,094 DEBUG: ---------------------------
2021-10-28 22:19:59,094 DEBUG: [CUTS]
2021-10-28 22:19:59,094 DEBUG: # Name	Variable	</>	Cut (in GeV if applicable)	Group Symmetric
2021-10-28 22:19:59,094 DEBUG: # !!REMEMBER DEFAULT ANALYSISTOP OUTPUT IS IN MeV NOT GeV!!
2021-10-28 22:19:59,094 DEBUG: Tight muon	mu_isTight	=	1	tight muon cut	false
2021-10-28 22:19:59,094 DEBUG: eta	mu_eta	<	2.4	eta	true
2021-10-28 22:19:59,095 DEBUG: E_{T}^{MISS}	met_met	>	65	met	false
2021-10-28 22:19:59,095 DEBUG: p_T	mu_pt	>	65	mu pt	false
2021-10-28 22:19:59,095 DEBUG: M_T	mu_mt	>	55	muon mt	false
2021-10-28 22:19:59,095 DEBUG: M_W	MC_WZ_m	>	120	W m	false	truth
2021-10-28 22:19:59,095 DEBUG: 
2021-10-28 22:19:59,095 DEBUG: [OUTPUTS]
2021-10-28 22:19:59,095 DEBUG: # variables to process
2021-10-28 22:19:59,095 DEBUG: mu_mt
2021-10-28 22:19:59,095 DEBUG: mu_pt
2021-10-28 22:19:59,095 DEBUG: mu_eta
2021-10-28 22:19:59,095 DEBUG: 
2021-10-28 22:19:59,095 DEBUG: [OPTIONS]
2021-10-28 22:19:59,095 DEBUG: # case-insensitive
2021-10-28 22:19:59,095 DEBUG: sequential	false
2021-10-28 22:19:59,095 DEBUG: grouped cutflow	false
2021-10-28 22:19:59,095 DEBUG: ---------------------------
2021-10-28 22:19:59,095 INFO: Parsting cutfile for wplusmunu_inclusive...
2021-10-28 22:19:59,096 DEBUG: Datafile found
2021-10-28 22:19:59,097 INFO: Reading data for wplusmunu_inclusive dataframe from outputs/jesal_cutflow/data/wplusmunu_inclusive_df.pkl...
2021-10-28 22:19:59,099 INFO: Number of events in dataset wplusmunu_inclusive: 25515
2021-10-28 22:19:59,099 INFO: Creating weights for wplusmunu_inclusive...
2021-10-28 22:19:59,105 DEBUG: INCLUSIVE SAMPLE METADATA:
2021-10-28 22:19:59,105 DEBUG: --------------------------
2021-10-28 22:19:59,105 DEBUG: n_events   sum_w         x-s fb        lumi fb-1
2021-10-28 22:19:59,105 DEBUG: ==========================================================
2021-10-28 22:19:59,106 DEBUG: 25515      2.903304e+08  1.137881e+04  3.117847e+02
2021-10-28 22:19:59,107 INFO: Creating cuts for wplusmunu_inclusive...
2021-10-28 22:19:59,110 INFO: 
2021-10-28 22:19:59,110 INFO: ========== CUTS USED ============
2021-10-28 22:19:59,110 INFO: Tight muon  : mu_isTight = 1.0
2021-10-28 22:19:59,110 INFO: eta         :    |mu_eta| < 2.4
2021-10-28 22:19:59,111 INFO: E_{T}^{MISS}:    met_met > 65.0
2021-10-28 22:19:59,111 INFO: p_T         :      mu_pt > 65.0
2021-10-28 22:19:59,111 INFO: M_T         :      mu_mt > 55.0
2021-10-28 22:19:59,111 INFO: M_W         :    MC_WZ_m > 120.0
2021-10-28 22:19:59,111 INFO: 
2021-10-28 22:19:59,119 INFO: =========== CUTFLOW =============
2021-10-28 22:19:59,119 INFO: Option: Non-sequential
2021-10-28 22:19:59,119 INFO: ---------------------------------
2021-10-28 22:19:59,119 INFO: Cut            Events Ratio
2021-10-28 22:19:59,119 INFO: Inclusive      25515   -
2021-10-28 22:19:59,119 INFO: tight muon cut 25515 1.000    
2021-10-28 22:19:59,120 INFO: eta            25515 1.000    
2021-10-28 22:19:59,121 INFO: met            25515 1.000    
2021-10-28 22:19:59,121 INFO: mu pt          25515 1.000    
2021-10-28 22:19:59,121 INFO: muon mt        25515 1.000    
2021-10-28 22:19:59,121 INFO: W m            17359 0.680    
2021-10-28 22:19:59,121 INFO: 
2021-10-28 22:19:59,121 INFO: ========= DATASET 'wplusmunu_inclusive' INITIALISED =========
2021-10-28 22:19:59,121 INFO: ====================================
2021-10-28 22:19:59,121 INFO: ANALYSIS 'jesal_cutflow' INITIALISED
2021-10-28 22:19:59,712 INFO: Saved pickle file to outputs/jesal_cutflow/histograms/wmintaunu_slices_MC_WZ_m_mass_slices_full.pkl
