2021-10-28 11:27:46,850 INFO: INITIALISING ANALYSIS 'jesal_cutflow'...
2021-10-28 11:27:46,850 INFO: ========================================
2021-10-28 11:27:46,850 INFO: 
2021-10-28 11:27:46,850 INFO: ======== INITIALISING DATASET 'wmintaunu_slices' =========
2021-10-28 11:27:53,152 DEBUG: DATASET INPUT OPTIONS: 
2021-10-28 11:27:53,152 DEBUG: ----------------------------
2021-10-28 11:27:53,152 DEBUG: Input file(s):  /data/atlas/HighMassDrellYan/test_mc16a/wmintaunu_*/*.root
2021-10-28 11:27:53,153 DEBUG: TTree: nominal_Loose
2021-10-28 11:27:53,153 DEBUG: Cutfile: options/jesal_cutflow/cutfile_jesal.txt
2021-10-28 11:27:53,153 DEBUG: Slices: True
2021-10-28 11:27:53,153 DEBUG: grouped cutflow: True
2021-10-28 11:27:53,153 DEBUG: Forced dataset rebuild: False
2021-10-28 11:27:53,154 DEBUG: ----------------------------
2021-10-28 11:27:53,154 DEBUG: 
2021-10-28 11:27:53,154 DEBUG: CUTFILE CONTENTS
2021-10-28 11:27:53,154 DEBUG: ---------------------------
2021-10-28 11:27:53,155 DEBUG: [CUTS]
2021-10-28 11:27:53,155 DEBUG: # Name	Variable	</>	Cut (in GeV if applicable)	Group Symmetric
2021-10-28 11:27:53,155 DEBUG: # !!REMEMBER DEFAULT ANALYSISTOP OUTPUT IS IN MeV NOT GeV!!
2021-10-28 11:27:53,156 DEBUG: Tight muon	mu_isTight	=	1	tight muon cut	false
2021-10-28 11:27:53,156 DEBUG: eta	mu_eta	<	2.4	eta	true
2021-10-28 11:27:53,156 DEBUG: E_{T}^{MISS}	met_met	>	65	met	false
2021-10-28 11:27:53,156 DEBUG: p_T	mu_pt	>	65	mu pt	false
2021-10-28 11:27:53,156 DEBUG: M_T	mu_mt	>	55	muon mt	false
2021-10-28 11:27:53,156 DEBUG: M_W	MC_WZ_m	>	120	W m	false	truth
2021-10-28 11:27:53,156 DEBUG: 
2021-10-28 11:27:53,157 DEBUG: [OUTPUTS]
2021-10-28 11:27:53,157 DEBUG: # variables to process
2021-10-28 11:27:53,157 DEBUG: mu_mt
2021-10-28 11:27:53,157 DEBUG: mu_pt
2021-10-28 11:27:53,157 DEBUG: mu_eta
2021-10-28 11:27:53,157 DEBUG: 
2021-10-28 11:27:53,157 DEBUG: [OPTIONS]
2021-10-28 11:27:53,157 DEBUG: # case-insensitive
2021-10-28 11:27:53,157 DEBUG: sequential	false
2021-10-28 11:27:53,157 DEBUG: grouped cutflow	false
2021-10-28 11:27:53,158 DEBUG: ---------------------------
2021-10-28 11:27:53,158 INFO: Parsting cutfile for wmintaunu_slices...
2021-10-28 11:27:53,161 DEBUG: Datafile found
2021-10-28 11:27:53,162 INFO: Reading data for wmintaunu_slices dataframe from outputs/jesal_cutflow/data/wmintaunu_slices_df.pkl...
2021-10-28 11:27:53,496 INFO: Number of events in dataset wmintaunu_slices: 726886
2021-10-28 11:27:53,496 INFO: Creating weights for wmintaunu_slices...
2021-10-28 11:27:53,516 DEBUG: PER-DSID INFO:
2021-10-28 11:27:53,517 DEBUG: --------------
2021-10-28 11:27:53,517 DEBUG: DSID       n_events   sum_w         x-s fb        lumi fb-1
2021-10-28 11:27:53,517 DEBUG: ==========================================================
