2021-10-21 17:55:34,457 INFO:INITIALISING ANALYSIS 'jesal_cutflow'...
2021-10-21 17:55:34,457 INFO:========================================
2021-10-21 17:55:34,459 INFO:
2021-10-21 17:55:34,460 INFO:======== INITIALISING DATASET 'truth' =========
2021-10-21 17:55:34,462 DEBUG:DATASET INPUT OPTIONS: 
2021-10-21 17:55:34,462 DEBUG:----------------------------
2021-10-21 17:55:34,462 DEBUG:Input file:  /data/atlas/HighMassDrellYan/test_mc16a/wmintaunu/*.root
2021-10-21 17:55:34,462 DEBUG:TTree: nominal_Loose
2021-10-21 17:55:34,462 DEBUG:Cutfile: options/jesal_cutflow/cutfile_jesal.txt
2021-10-21 17:55:34,462 DEBUG:Slices: True
2021-10-21 17:55:34,463 DEBUG:groupted cutflow: True
2021-10-21 17:55:34,463 DEBUG:CUTFILE CONTENTS
2021-10-21 17:55:34,463 DEBUG:---------------------------
2021-10-21 17:55:34,464 DEBUG:[CUTS]
2021-10-21 17:55:34,464 DEBUG:# Name	Variable	</>	Cut (in GeV if applicable)	Group Symmetric
2021-10-21 17:55:34,465 DEBUG:# !!REMEMBER DEFAULT ANALYSISTOP OUTPUT IS IN MeV NOT GeV!!
2021-10-21 17:55:34,465 DEBUG:Tight muon	mu_isTight	=	1	tight muon cut	false
2021-10-21 17:55:34,465 DEBUG:eta	mu_eta	<	2.4	eta	true
2021-10-21 17:55:34,465 DEBUG:E_{T}^{MISS}	met_met	>	65	met	false
2021-10-21 17:55:34,466 DEBUG:p_T	mu_pt	>	65	mu pt	false
2021-10-21 17:55:34,466 DEBUG:M_T	PDFinfo_Q	>	55	dilepton mass	false
2021-10-21 17:55:34,466 DEBUG:
2021-10-21 17:55:34,466 DEBUG:[OUTPUTS]
2021-10-21 17:55:34,466 DEBUG:# variables to process
2021-10-21 17:55:34,467 DEBUG:PDFinfo_Q
2021-10-21 17:55:34,467 DEBUG:
2021-10-21 17:55:34,467 DEBUG:[OPTIONS]
2021-10-21 17:55:34,467 DEBUG:# case-insensitive
2021-10-21 17:55:34,468 DEBUG:sequential	false
2021-10-21 17:55:34,468 DEBUG:grouped cutflow	false
2021-10-21 17:55:34,468 DEBUG:---------------------------
2021-10-21 17:55:34,468 INFO:Parsting cutfile for truth...
2021-10-21 17:55:34,471 DEBUG:Datafile found
2021-10-21 17:55:34,472 INFO:Building truth dataframe from /data/atlas/HighMassDrellYan/test_mc16a/wmintaunu/*.root...
2021-10-21 17:55:34,473 DEBUG:Variables to extract: 
2021-10-21 17:55:34,473 DEBUG:  - mu_pt
2021-10-21 17:55:34,473 DEBUG:  - met_met
2021-10-21 17:55:34,473 DEBUG:  - PDFinfo_Q
2021-10-21 17:55:34,473 DEBUG:  - mu_isTight
2021-10-21 17:55:34,474 DEBUG:  - weight_mc
2021-10-21 17:55:34,474 DEBUG:  - mu_eta
2021-10-21 17:55:34,474 DEBUG:Checking TTree and TBranch values in file(s) '/data/atlas/HighMassDrellYan/test_mc16a/wmintaunu/*.root'...
2021-10-21 17:55:36,697 DEBUG:All required variables found.
2021-10-21 17:55:36,698 WARNING:Warning: variable(s) ['mu_isTight'] not contained in labels dictionary.Some unexpected behaviour may occur.
2021-10-21 17:55:36,698 INFO:Extracting data from /data/atlas/HighMassDrellYan/test_mc16a/wmintaunu/*.root...
2021-10-21 17:55:36,698 INFO:Extracting in slices...
2021-10-21 17:55:39,468 DEBUG:Found 1 unique dsid(s).
2021-10-21 17:55:39,475 WARNING:Value of 'totalEventsWeighted' (165275369472.0) is not the same as the total summed values of 'weight_mc' (995330.625) for DISD 361105.
2021-10-21 17:55:39,475 INFO:time to build dataframe: 2.8s
2021-10-21 17:55:39,477 DEBUG:Rescaled columns ['mu_pt', 'PDFinfo_Q'] to GeV.
2021-10-21 17:55:39,481 INFO:Dataframe built and saved in outputs/jesal_cutflow/data/truth_df.pkl
2021-10-21 17:55:39,481 INFO:Creating weights for truth...
2021-10-21 17:55:39,484 DEBUG:PER-DSID INFO:
2021-10-21 17:55:39,484 DEBUG:--------------
2021-10-21 17:55:39,484 DEBUG:DSID       n_events   sum_w         x-s fb        lumi fb-1
2021-10-21 17:55:39,484 DEBUG:==========================================================
2021-10-21 17:55:39,487 DEBUG:361105     118        9.953306e+05  8.435005e+03  8.431161e-04
2021-10-21 17:55:39,487 INFO:Creating cuts for truth...
2021-10-21 17:55:39,492 INFO:
2021-10-21 17:55:39,492 INFO:========== CUTS USED ============
2021-10-21 17:55:39,492 INFO:Tight muon  : mu_isTight = 1.0
2021-10-21 17:55:39,492 INFO:eta         : |    mu_eta| < 2.4
2021-10-21 17:55:39,492 INFO:E_{T}^{MISS}:    met_met > 65.0
2021-10-21 17:55:39,493 INFO:p_T         :      mu_pt > 65.0
2021-10-21 17:55:39,493 INFO:M_T         :  PDFinfo_Q > 55.0
2021-10-21 17:55:39,494 INFO:
2021-10-21 17:55:39,503 INFO:========= DATASET 'truth' INITIALISED =========
2021-10-21 17:55:39,503 INFO:====================================
2021-10-21 17:55:39,503 INFO:ANALYSIS 'jesal_cutflow' INITIALISED
