2021-10-21 18:05:20,495 INFO:INITIALISING ANALYSIS 'jesal_cutflow'...
2021-10-21 18:05:20,496 INFO:========================================
2021-10-21 18:05:20,496 INFO:
2021-10-21 18:05:20,496 INFO:======== INITIALISING DATASET 'truth' =========
2021-10-21 18:05:20,609 DEBUG:DATASET INPUT OPTIONS: 
2021-10-21 18:05:20,609 DEBUG:----------------------------
2021-10-21 18:05:20,609 DEBUG:Input file:  /data/atlas/HighMassDrellYan/test_mc16a/wmintaunu/*.root
2021-10-21 18:05:20,609 DEBUG:TTree: nominal_Loose
2021-10-21 18:05:20,609 DEBUG:Cutfile: options/jesal_cutflow/cutfile_jesal.txt
2021-10-21 18:05:20,610 DEBUG:Slices: True
2021-10-21 18:05:20,611 DEBUG:groupted cutflow: True
2021-10-21 18:05:20,611 DEBUG:CUTFILE CONTENTS
2021-10-21 18:05:20,611 DEBUG:---------------------------
2021-10-21 18:05:20,612 DEBUG:[CUTS]
2021-10-21 18:05:20,612 DEBUG:# Name	Variable	</>	Cut (in GeV if applicable)	Group Symmetric
2021-10-21 18:05:20,613 DEBUG:# !!REMEMBER DEFAULT ANALYSISTOP OUTPUT IS IN MeV NOT GeV!!
2021-10-21 18:05:20,613 DEBUG:Tight muon	mu_isTight	=	1	tight muon cut	false
2021-10-21 18:05:20,613 DEBUG:eta	mu_eta	<	2.4	eta	true
2021-10-21 18:05:20,614 DEBUG:E_{T}^{MISS}	met_met	>	65	met	false
2021-10-21 18:05:20,614 DEBUG:p_T	mu_pt	>	65	mu pt	false
2021-10-21 18:05:20,614 DEBUG:M_T	PDFinfo_Q	>	55	dilepton mass	false
2021-10-21 18:05:20,615 DEBUG:
2021-10-21 18:05:20,615 DEBUG:[OUTPUTS]
2021-10-21 18:05:20,615 DEBUG:# variables to process
2021-10-21 18:05:20,615 DEBUG:PDFinfo_Q
2021-10-21 18:05:20,616 DEBUG:
2021-10-21 18:05:20,616 DEBUG:[OPTIONS]
2021-10-21 18:05:20,616 DEBUG:# case-insensitive
2021-10-21 18:05:20,616 DEBUG:sequential	false
2021-10-21 18:05:20,616 DEBUG:grouped cutflow	false
2021-10-21 18:05:20,616 DEBUG:---------------------------
2021-10-21 18:05:20,617 INFO:Parsting cutfile for truth...
2021-10-21 18:05:20,619 DEBUG:Datafile found
2021-10-21 18:05:20,620 INFO:Reading data for truth dataframe from outputs/jesal_cutflow/data/truth_df.pkl...
2021-10-21 18:05:20,623 INFO:Creating weights for truth...
2021-10-21 18:05:20,626 DEBUG:PER-DSID INFO:
2021-10-21 18:05:20,626 DEBUG:--------------
2021-10-21 18:05:20,627 DEBUG:DSID       n_events   sum_w         x-s fb        lumi fb-1
2021-10-21 18:05:20,627 DEBUG:==========================================================
2021-10-21 18:05:20,631 DEBUG:361105     118        9.953306e+05  8.435005e+03  8.431161e-04
2021-10-21 18:05:20,631 INFO:Creating cuts for truth...
2021-10-21 18:05:20,637 INFO:
2021-10-21 18:05:20,637 INFO:========== CUTS USED ============
2021-10-21 18:05:20,637 INFO:Tight muon  : mu_isTight = 1.0
2021-10-21 18:05:20,637 INFO:eta         : |    mu_eta| < 2.4
2021-10-21 18:05:20,638 INFO:E_{T}^{MISS}:    met_met > 65.0
2021-10-21 18:05:20,638 INFO:p_T         :      mu_pt > 65.0
2021-10-21 18:05:20,638 INFO:M_T         :  PDFinfo_Q > 55.0
2021-10-21 18:05:20,638 INFO:
2021-10-21 18:05:20,648 INFO:========= DATASET 'truth' INITIALISED =========
2021-10-21 18:05:20,648 INFO:====================================
2021-10-21 18:05:20,648 INFO:ANALYSIS 'jesal_cutflow' INITIALISED
