2021-10-26 20:29:06,448 INFO:INITIALISING ANALYSIS 'jesal_cutflow'...
2021-10-26 20:29:06,448 INFO:========================================
2021-10-26 20:29:06,448 INFO:
2021-10-26 20:29:06,448 INFO:======== INITIALISING DATASET 'wmintaunu_nominal' =========
2021-10-26 20:29:07,178 DEBUG:DATASET INPUT OPTIONS: 
2021-10-26 20:29:07,179 DEBUG:----------------------------
2021-10-26 20:29:07,179 DEBUG:Input file(s):  /data/atlas/HighMassDrellYan/test_mc16a/wmintaunu*/*.root
2021-10-26 20:29:07,179 DEBUG:TTree: nominal_Loose
2021-10-26 20:29:07,179 DEBUG:Cutfile: options/jesal_cutflow/cutfile_jesal.txt
2021-10-26 20:29:07,179 DEBUG:Slices: True
2021-10-26 20:29:07,179 DEBUG:grouped cutflow: True
2021-10-26 20:29:07,179 DEBUG:----------------------------
2021-10-26 20:29:07,179 DEBUG:
2021-10-26 20:29:07,179 DEBUG:CUTFILE CONTENTS
2021-10-26 20:29:07,179 DEBUG:---------------------------
2021-10-26 20:29:07,180 DEBUG:[CUTS]
2021-10-26 20:29:07,180 DEBUG:# Name	Variable	</>	Cut (in GeV if applicable)	Group Symmetric
2021-10-26 20:29:07,180 DEBUG:# !!REMEMBER DEFAULT ANALYSISTOP OUTPUT IS IN MeV NOT GeV!!
2021-10-26 20:29:07,181 DEBUG:Tight muon	mu_isTight	=	1	tight muon cut	false
2021-10-26 20:29:07,181 DEBUG:eta	mu_eta	<	2.4	eta	true
2021-10-26 20:29:07,181 DEBUG:E_{T}^{MISS}	met_met	>	65	met	false
2021-10-26 20:29:07,182 DEBUG:p_T	mu_pt	>	65	mu pt	false
2021-10-26 20:29:07,182 DEBUG:M_T	mu_mt	>	55	muon mt	false
2021-10-26 20:29:07,182 DEBUG:M_W	MC_WZ_m	<	120	W m	false	truth
2021-10-26 20:29:07,182 DEBUG:
2021-10-26 20:29:07,182 DEBUG:[OUTPUTS]
2021-10-26 20:29:07,182 DEBUG:# variables to process
2021-10-26 20:29:07,182 DEBUG:mu_mt
2021-10-26 20:29:07,182 DEBUG:mu_pt
2021-10-26 20:29:07,182 DEBUG:mu_eta
2021-10-26 20:29:07,182 DEBUG:
2021-10-26 20:29:07,182 DEBUG:[OPTIONS]
2021-10-26 20:29:07,182 DEBUG:# case-insensitive
2021-10-26 20:29:07,182 DEBUG:sequential	false
2021-10-26 20:29:07,182 DEBUG:grouped cutflow	false
2021-10-26 20:29:07,182 DEBUG:---------------------------
2021-10-26 20:29:07,182 INFO:Parsting cutfile for wmintaunu_nominal...
2021-10-26 20:29:07,185 DEBUG:Datafile found
2021-10-26 20:29:07,186 INFO:Building wmintaunu_nominal dataframe from /data/atlas/HighMassDrellYan/test_mc16a/wmintaunu*/*.root...
2021-10-26 20:29:07,186 DEBUG:Variables to extract from nominal_Loose tree: 
2021-10-26 20:29:07,186 DEBUG:  - met_met
2021-10-26 20:29:07,186 DEBUG:  - mu_isTight
2021-10-26 20:29:07,186 DEBUG:  - weight_mc
2021-10-26 20:29:07,187 DEBUG:  - mu_pt
2021-10-26 20:29:07,188 DEBUG:  - mu_eta
2021-10-26 20:29:07,188 DEBUG:  - eventNumber
2021-10-26 20:29:07,188 DEBUG:  - mu_phi
2021-10-26 20:29:07,188 DEBUG:  - met_phi
2021-10-26 20:29:07,188 DEBUG:Variables to extract from nominal_Loose tree: 
2021-10-26 20:29:07,188 DEBUG:  - MC_WZ_m
2021-10-26 20:29:07,188 DEBUG:Variables to calculate: 
2021-10-26 20:29:07,188 DEBUG:  - mu_mt
2021-10-26 20:29:07,188 DEBUG:Checking TTree and TBranch values in file(s) '/data/atlas/HighMassDrellYan/test_mc16a/wmintaunu*/*.root'...
2021-10-26 20:29:08,035 DEBUG:All TTrees and variables found in /data/atlas/HighMassDrellYan/test_mc16a/wmintaunu/user.jmandali.24799633._000004.prelim_mc16a_mu_sig.root...
2021-10-26 20:29:08,226 DEBUG:All TTrees and variables found in /data/atlas/HighMassDrellYan/test_mc16a/wmintaunu/user.jmandali.24799633._000005.prelim_mc16a_mu_sig.root...
2021-10-26 20:29:08,900 DEBUG:All TTrees and variables found in /data/atlas/HighMassDrellYan/test_mc16a/wmintaunu/user.jmandali.24799633._000006.prelim_mc16a_mu_sig.root...
2021-10-26 20:29:09,088 DEBUG:All TTrees and variables found in /data/atlas/HighMassDrellYan/test_mc16a/wmintaunu/user.jmandali.24799633._000011.prelim_mc16a_mu_sig.root...
2021-10-26 20:29:09,311 DEBUG:All TTrees and variables found in /data/atlas/HighMassDrellYan/test_mc16a/wmintaunu/user.jmandali.24799633._000012.prelim_mc16a_mu_sig.root...
2021-10-26 20:29:09,874 DEBUG:All TTrees and variables found in /data/atlas/HighMassDrellYan/test_mc16a/wmintaunu/user.jmandali.24799633._000007.prelim_mc16a_mu_sig.root...
2021-10-26 20:29:10,053 DEBUG:All TTrees and variables found in /data/atlas/HighMassDrellYan/test_mc16a/wmintaunu/user.jmandali.24799633._000008.prelim_mc16a_mu_sig.root...
2021-10-26 20:29:10,328 DEBUG:All TTrees and variables found in /data/atlas/HighMassDrellYan/test_mc16a/wmintaunu/user.jmandali.24799633._000009.prelim_mc16a_mu_sig.root...
2021-10-26 20:29:10,504 DEBUG:All TTrees and variables found in /data/atlas/HighMassDrellYan/test_mc16a/wmintaunu/user.jmandali.24799633._000010.prelim_mc16a_mu_sig.root...
2021-10-26 20:29:11,117 DEBUG:All TTrees and variables found in /data/atlas/HighMassDrellYan/test_mc16a/wmintaunu_1000/user.jmandali.24799642._000002.prelim_mc16a_mu_sig.root...
2021-10-26 20:29:11,478 DEBUG:All TTrees and variables found in /data/atlas/HighMassDrellYan/test_mc16a/wmintaunu_120/user.jmandali.24799634._000002.prelim_mc16a_mu_sig.root...
2021-10-26 20:29:12,124 DEBUG:All TTrees and variables found in /data/atlas/HighMassDrellYan/test_mc16a/wmintaunu_1250/user.jmandali.24799644._000002.prelim_mc16a_mu_sig.root...
2021-10-26 20:29:12,282 DEBUG:All TTrees and variables found in /data/atlas/HighMassDrellYan/test_mc16a/wmintaunu_1500/user.jmandali.24799851._000001.prelim_mc16a_tau_sig.root...
2021-10-26 20:29:12,505 DEBUG:All TTrees and variables found in /data/atlas/HighMassDrellYan/test_mc16a/wmintaunu_1750/user.jmandali.24799852._000001.prelim_mc16a_tau_sig.root...
2021-10-26 20:29:12,668 DEBUG:All TTrees and variables found in /data/atlas/HighMassDrellYan/test_mc16a/wmintaunu_180/user.jmandali.24799635._000002.prelim_mc16a_mu_sig.root...
2021-10-26 20:29:13,338 DEBUG:All TTrees and variables found in /data/atlas/HighMassDrellYan/test_mc16a/wmintaunu_2000/user.jmandali.24799853._000001.prelim_mc16a_tau_sig.root...
2021-10-26 20:29:13,881 DEBUG:All TTrees and variables found in /data/atlas/HighMassDrellYan/test_mc16a/wmintaunu_2250/user.jmandali.24799855._000002.prelim_mc16a_tau_sig.root...
2021-10-26 20:29:14,395 DEBUG:All TTrees and variables found in /data/atlas/HighMassDrellYan/test_mc16a/wmintaunu_250/user.jmandali.24799638._000003.prelim_mc16a_mu_sig.root...
2021-10-26 20:29:14,582 DEBUG:All TTrees and variables found in /data/atlas/HighMassDrellYan/test_mc16a/wmintaunu_2500/user.jmandali.24799857._000001.prelim_mc16a_tau_sig.root...
2021-10-26 20:29:14,748 DEBUG:All TTrees and variables found in /data/atlas/HighMassDrellYan/test_mc16a/wmintaunu_2750/user.jmandali.24799859._000001.prelim_mc16a_tau_sig.root...
2021-10-26 20:29:15,119 DEBUG:All TTrees and variables found in /data/atlas/HighMassDrellYan/test_mc16a/wmintaunu_3000/user.jmandali.24799860._000001.prelim_mc16a_tau_sig.root...
2021-10-26 20:29:15,275 DEBUG:All TTrees and variables found in /data/atlas/HighMassDrellYan/test_mc16a/wmintaunu_3500/user.jmandali.24799862._000002.prelim_mc16a_tau_sig.root...
2021-10-26 20:29:15,381 DEBUG:All TTrees and variables found in /data/atlas/HighMassDrellYan/test_mc16a/wmintaunu_400/user.jmandali.24799639._000002.prelim_mc16a_mu_sig.root...
2021-10-26 20:29:15,486 DEBUG:All TTrees and variables found in /data/atlas/HighMassDrellYan/test_mc16a/wmintaunu_4000/user.jmandali.24799864._000001.prelim_mc16a_tau_sig.root...
2021-10-26 20:29:15,589 DEBUG:All TTrees and variables found in /data/atlas/HighMassDrellYan/test_mc16a/wmintaunu_4500/user.jmandali.24799866._000005.prelim_mc16a_tau_sig.root...
2021-10-26 20:29:15,698 DEBUG:All TTrees and variables found in /data/atlas/HighMassDrellYan/test_mc16a/wmintaunu_5000/user.jmandali.24799867._000001.prelim_mc16a_tau_sig.root...
2021-10-26 20:29:15,807 DEBUG:All TTrees and variables found in /data/atlas/HighMassDrellYan/test_mc16a/wmintaunu_600/user.jmandali.24799640._000002.prelim_mc16a_mu_sig.root...
2021-10-26 20:29:15,961 DEBUG:All TTrees and variables found in /data/atlas/HighMassDrellYan/test_mc16a/wmintaunu_800/user.jmandali.24799641._000002.prelim_mc16a_mu_sig.root...
2021-10-26 20:29:15,961 DEBUG:All required TTrees variables found.
2021-10-26 20:29:15,961 WARNING:Variable(s) ['mu_isTight'] not contained in labels dictionary. Some unexpected behaviour may occur.
2021-10-26 20:29:15,961 INFO:Extracting mass slices from /data/atlas/HighMassDrellYan/test_mc16a/wmintaunu*/*.root...
2021-10-26 20:29:15,961 DEBUG:Extracting variables from tree nominal_Loose...
2021-10-26 20:29:19,699 DEBUG:Extracted 41909 events.
2021-10-26 20:29:19,699 DEBUG:Extracting required variables from 'sumWeights' tree...
2021-10-26 20:29:20,786 DEBUG:Calculating sum of weights and merging...
2021-10-26 20:29:20,793 DEBUG:Extracting ['MC_WZ_m'] from TTree truth...
