2021-10-31 22:35:45,528 INFO: INITIALISING ANALYSIS 'jesal_cutflow'...
2021-10-31 22:35:45,529 INFO: ========================================
2021-10-31 22:35:45,529 INFO: 
2021-10-31 22:35:45,529 INFO: =========================================================
2021-10-31 22:35:45,529 INFO: ======== INITIALISING DATASET 'wminmunu_slices' =========
2021-10-31 22:35:45,529 INFO: =========================================================
2021-10-31 22:35:45,533 DEBUG: DATASET INPUT OPTIONS: 
2021-10-31 22:35:45,533 DEBUG: ----------------------------
2021-10-31 22:35:45,533 DEBUG: Input file(s):  /data/atlas/HighMassDrellYan/test_mc16a/wminmunu_*/*.root
2021-10-31 22:35:45,533 DEBUG: TTree: nominal_Loose
2021-10-31 22:35:45,533 DEBUG: Cutfile: options/jesal_cutflow/cutfile_jesal.txt
2021-10-31 22:35:45,534 DEBUG: Slices: True
2021-10-31 22:35:45,534 DEBUG: grouped cutflow: True
2021-10-31 22:35:45,534 DEBUG: Forced dataset rebuild: False
2021-10-31 22:35:45,534 DEBUG: ----------------------------
2021-10-31 22:35:45,534 DEBUG: 
2021-10-31 22:35:45,534 DEBUG: CUTFILE CONTENTS
2021-10-31 22:35:45,534 DEBUG: ---------------------------
2021-10-31 22:35:45,534 DEBUG: [CUTS]
2021-10-31 22:35:45,534 DEBUG: # Name	Variable	</>	Cut (in GeV if applicable)	Group Symmetric
2021-10-31 22:35:45,534 DEBUG: # !!REMEMBER DEFAULT ANALYSISTOP OUTPUT IS IN MeV NOT GeV!!
2021-10-31 22:35:45,534 DEBUG: Tight muon	mu_isTight	=	1	tight muon cut	false
2021-10-31 22:35:45,534 DEBUG: eta	mu_eta	<	2.4	eta	true
2021-10-31 22:35:45,534 DEBUG: E_{T}^{MISS}	met_met	>	65	met	false
2021-10-31 22:35:45,534 DEBUG: p_T	mu_pt	>	65	mu pt	false
2021-10-31 22:35:45,534 DEBUG: M_T	mu_mt	>	55	muon mt	false
2021-10-31 22:35:45,534 DEBUG: M_W	MC_WZ_m	>	120	W m	false	truth
2021-10-31 22:35:45,534 DEBUG: 
2021-10-31 22:35:45,534 DEBUG: [OUTPUTS]
2021-10-31 22:35:45,534 DEBUG: # variables to process
2021-10-31 22:35:45,535 DEBUG: mu_mt
2021-10-31 22:35:45,535 DEBUG: mu_pt
2021-10-31 22:35:45,535 DEBUG: mu_eta
2021-10-31 22:35:45,535 DEBUG: 
2021-10-31 22:35:45,535 DEBUG: [OPTIONS]
2021-10-31 22:35:45,535 DEBUG: # case-insensitive
2021-10-31 22:35:45,535 DEBUG: sequential	false
2021-10-31 22:35:45,535 DEBUG: grouped cutflow	false
2021-10-31 22:35:45,535 DEBUG: ---------------------------
2021-10-31 22:35:45,535 INFO: Parsting cutfile for wminmunu_slices...
2021-10-31 22:35:45,536 DEBUG: Datafile found
2021-10-31 22:35:45,537 INFO: Reading data for wminmunu_slices dataframe from outputs/jesal_cutflow/data/wminmunu_slices_df.pkl...
2021-10-31 22:35:45,779 INFO: Number of events in dataset wminmunu_slices: 10473533
2021-10-31 22:35:45,779 INFO: Creating weights for wminmunu_slices...
2021-10-31 22:35:45,883 DEBUG: PER-DSID INFO:
2021-10-31 22:35:45,883 DEBUG: --------------
2021-10-31 22:35:45,883 DEBUG: DSID       n_events   sum_w         x-s fb        lumi fb-1
2021-10-31 22:35:45,883 DEBUG: ==========================================================
2021-10-31 22:35:46,104 DEBUG: 301120     499915     1.110597e+07  2.221572e+01  1.408600e+01
2021-10-31 22:35:46,167 DEBUG: 301121     944456     3.101657e+06  3.284067e+00  8.836211e+01
2021-10-31 22:35:46,208 DEBUG: 301122     737165     7.982900e+05  1.082919e+00  1.738961e+02
2021-10-31 22:35:46,237 DEBUG: 301123     549364     9.635911e+04  1.754012e-01  7.691939e+02
2021-10-31 22:35:46,264 DEBUG: 301124     488699     1.513980e+04  3.097982e-02  1.368361e+03
2021-10-31 22:35:46,291 DEBUG: 301125     507642     4.206513e+03  8.286377e-03  1.421397e+03
2021-10-31 22:35:46,318 DEBUG: 301126     512753     1.619953e+03  3.159324e-03  1.435705e+03
2021-10-31 22:35:46,345 DEBUG: 301127     522006     5.234484e+02  1.002763e-03  1.461614e+03
2021-10-31 22:35:46,373 DEBUG: 301128     528485     1.945538e+02  3.681350e-04  1.479762e+03
2021-10-31 22:35:46,401 DEBUG: 301129     523222     7.820444e+01  1.494670e-04  1.465028e+03
2021-10-31 22:35:46,431 DEBUG: 301130     527231     3.443364e+01  6.531034e-05  1.476250e+03
2021-10-31 22:35:46,473 DEBUG: 301131     526452     1.588209e+01  3.016817e-05  1.474065e+03
2021-10-31 22:35:46,501 DEBUG: 301132     523697     7.619310e+00  1.454908e-05  1.466352e+03
2021-10-31 22:35:46,529 DEBUG: 301133     523944     3.803304e+00  7.258989e-06  1.467048e+03
2021-10-31 22:35:46,556 DEBUG: 301134     523849     2.969780e+00  5.669152e-06  1.466784e+03
2021-10-31 22:35:46,584 DEBUG: 301135     519023     8.290851e-01  1.597396e-06  1.453265e+03
2021-10-31 22:35:46,611 DEBUG: 301136     511632     2.415438e-01  4.721046e-07  1.432573e+03
2021-10-31 22:35:46,638 DEBUG: 301137     505761     7.222451e-02  1.428036e-07  1.416137e+03
2021-10-31 22:35:46,664 DEBUG: 301138     498237     3.070374e-02  6.162477e-08  1.395066e+03
2021-10-31 22:35:46,664 INFO: Creating cuts for wminmunu_slices...
2021-10-31 22:35:46,731 INFO: 
2021-10-31 22:35:46,731 INFO: ========== CUTS USED ============
2021-10-31 22:35:46,731 INFO: Tight muon  : mu_isTight = 1.0
2021-10-31 22:35:46,731 INFO: eta         :    |mu_eta| < 2.4
2021-10-31 22:35:46,731 INFO: E_{T}^{MISS}:    met_met > 65.0
2021-10-31 22:35:46,731 INFO: p_T         :      mu_pt > 65.0
2021-10-31 22:35:46,731 INFO: M_T         :      mu_mt > 55.0
2021-10-31 22:35:46,731 INFO: M_W         :    MC_WZ_m > 120.0
2021-10-31 22:35:46,732 INFO: 
2021-10-31 22:35:48,206 INFO: =========== CUTFLOW =============
2021-10-31 22:35:48,207 INFO: Option: Non-sequential
2021-10-31 22:35:48,207 INFO: ---------------------------------
2021-10-31 22:35:48,207 INFO: Cut            Events   Ratio
2021-10-31 22:35:48,207 INFO: Inclusive      10473533   -
2021-10-31 22:35:48,207 INFO: tight muon cut 10473533 1.000    
2021-10-31 22:35:48,207 INFO: eta            10473533 1.000    
2021-10-31 22:35:48,207 INFO: met            10473533 1.000    
2021-10-31 22:35:48,207 INFO: mu pt          10473533 1.000    
2021-10-31 22:35:48,207 INFO: muon mt        10473533 1.000    
2021-10-31 22:35:48,208 INFO: W m            10473533 1.000    
2021-10-31 22:35:48,208 INFO: 
2021-10-31 22:35:48,208 INFO: =========================================================
2021-10-31 22:35:48,208 INFO: ========= DATASET 'wminmunu_slices' INITIALISED =========
2021-10-31 22:35:48,208 INFO: =========================================================
2021-10-31 22:35:48,208 INFO: 
2021-10-31 22:35:48,208 INFO: ====================================
2021-10-31 22:35:48,208 INFO: ANALYSIS 'jesal_cutflow' INITIALISED
2021-10-31 22:35:48,208 INFO: Generating histogram for mu_mt in wminmunu_slices...
2021-10-31 22:35:48,822 INFO: Figure saved to outputs/jesal_cutflow/plots/wminmunu_mumt.png
