2021-10-26 23:57:32,810 INFO:INITIALISING ANALYSIS 'jesal_cutflow'...
2021-10-26 23:57:32,810 INFO:========================================
2021-10-26 23:57:32,811 INFO:
2021-10-26 23:57:32,811 INFO:======== INITIALISING DATASET 'wmintaunu_slices' =========
2021-10-26 23:57:32,820 DEBUG:DATASET INPUT OPTIONS: 
2021-10-26 23:57:32,820 DEBUG:----------------------------
2021-10-26 23:57:32,820 DEBUG:Input file(s):  /data/atlas/HighMassDrellYan/test_mc16a/wmintaunu_*/*.root
2021-10-26 23:57:32,820 DEBUG:TTree: nominal_Loose
2021-10-26 23:57:32,820 DEBUG:Cutfile: options/jesal_cutflow/cutfile_jesal.txt
2021-10-26 23:57:32,820 DEBUG:Slices: True
2021-10-26 23:57:32,821 DEBUG:grouped cutflow: True
2021-10-26 23:57:32,821 DEBUG:Forced dataset rebuild: True
2021-10-26 23:57:32,821 DEBUG:----------------------------
2021-10-26 23:57:32,821 DEBUG:
2021-10-26 23:57:32,822 DEBUG:CUTFILE CONTENTS
2021-10-26 23:57:32,822 DEBUG:---------------------------
2021-10-26 23:57:32,822 DEBUG:[CUTS]
2021-10-26 23:57:32,823 DEBUG:# Name	Variable	</>	Cut (in GeV if applicable)	Group Symmetric
2021-10-26 23:57:32,823 DEBUG:# !!REMEMBER DEFAULT ANALYSISTOP OUTPUT IS IN MeV NOT GeV!!
2021-10-26 23:57:32,823 DEBUG:Tight muon	mu_isTight	=	1	tight muon cut	false
2021-10-26 23:57:32,823 DEBUG:eta	mu_eta	<	2.4	eta	true
2021-10-26 23:57:32,823 DEBUG:E_{T}^{MISS}	met_met	>	65	met	false
2021-10-26 23:57:32,823 DEBUG:p_T	mu_pt	>	65	mu pt	false
2021-10-26 23:57:32,823 DEBUG:M_T	mu_mt	>	55	muon mt	false
2021-10-26 23:57:32,824 DEBUG:M_W	MC_WZ_m	<	120	W m	false	truth
2021-10-26 23:57:32,824 DEBUG:
2021-10-26 23:57:32,824 DEBUG:[OUTPUTS]
2021-10-26 23:57:32,824 DEBUG:# variables to process
2021-10-26 23:57:32,824 DEBUG:mu_mt
2021-10-26 23:57:32,824 DEBUG:mu_pt
2021-10-26 23:57:32,824 DEBUG:mu_eta
2021-10-26 23:57:32,824 DEBUG:
2021-10-26 23:57:32,824 DEBUG:[OPTIONS]
2021-10-26 23:57:32,824 DEBUG:# case-insensitive
2021-10-26 23:57:32,824 DEBUG:sequential	false
2021-10-26 23:57:32,824 DEBUG:grouped cutflow	false
2021-10-26 23:57:32,824 DEBUG:---------------------------
2021-10-26 23:57:32,825 INFO:Parsting cutfile for wmintaunu_slices...
2021-10-26 23:57:32,828 INFO:Building wmintaunu_slices dataframe from /data/atlas/HighMassDrellYan/test_mc16a/wmintaunu_*/*.root...
2021-10-26 23:57:32,828 DEBUG:Variables to extract from nominal_Loose tree: 
2021-10-26 23:57:32,828 DEBUG:  - met_phi
2021-10-26 23:57:32,828 DEBUG:  - mu_eta
2021-10-26 23:57:32,828 DEBUG:  - mu_phi
2021-10-26 23:57:32,828 DEBUG:  - mu_pt
2021-10-26 23:57:32,829 DEBUG:  - met_met
2021-10-26 23:57:32,830 DEBUG:  - mu_isTight
2021-10-26 23:57:32,830 DEBUG:  - weight_mc
2021-10-26 23:57:32,830 DEBUG:  - eventNumber
2021-10-26 23:57:32,830 DEBUG:Variables to extract from truth tree: 
2021-10-26 23:57:32,830 DEBUG:  - MC_WZ_m
2021-10-26 23:57:32,830 DEBUG:Variables to calculate: 
2021-10-26 23:57:32,830 DEBUG:  - mu_mt
2021-10-26 23:57:32,830 DEBUG:Checking TTree and TBranch values in file(s) '/data/atlas/HighMassDrellYan/test_mc16a/wmintaunu_*/*.root'...
2021-10-26 23:57:33,010 DEBUG:All TTrees and variables found in /data/atlas/HighMassDrellYan/test_mc16a/wmintaunu_1000/user.jmandali.24799642._000002.prelim_mc16a_mu_sig.root...
2021-10-26 23:57:33,123 DEBUG:All TTrees and variables found in /data/atlas/HighMassDrellYan/test_mc16a/wmintaunu_120/user.jmandali.24799634._000002.prelim_mc16a_mu_sig.root...
2021-10-26 23:57:33,232 DEBUG:All TTrees and variables found in /data/atlas/HighMassDrellYan/test_mc16a/wmintaunu_1250/user.jmandali.24799644._000002.prelim_mc16a_mu_sig.root...
2021-10-26 23:57:33,407 DEBUG:All TTrees and variables found in /data/atlas/HighMassDrellYan/test_mc16a/wmintaunu_1500/user.jmandali.24799851._000001.prelim_mc16a_tau_sig.root...
2021-10-26 23:57:33,552 DEBUG:All TTrees and variables found in /data/atlas/HighMassDrellYan/test_mc16a/wmintaunu_1750/user.jmandali.24799852._000001.prelim_mc16a_tau_sig.root...
2021-10-26 23:57:33,717 DEBUG:All TTrees and variables found in /data/atlas/HighMassDrellYan/test_mc16a/wmintaunu_180/user.jmandali.24799635._000002.prelim_mc16a_mu_sig.root...
2021-10-26 23:57:33,827 DEBUG:All TTrees and variables found in /data/atlas/HighMassDrellYan/test_mc16a/wmintaunu_2000/user.jmandali.24799853._000001.prelim_mc16a_tau_sig.root...
2021-10-26 23:57:33,935 DEBUG:All TTrees and variables found in /data/atlas/HighMassDrellYan/test_mc16a/wmintaunu_2250/user.jmandali.24799855._000002.prelim_mc16a_tau_sig.root...
2021-10-26 23:57:34,043 DEBUG:All TTrees and variables found in /data/atlas/HighMassDrellYan/test_mc16a/wmintaunu_250/user.jmandali.24799638._000003.prelim_mc16a_mu_sig.root...
2021-10-26 23:57:34,153 DEBUG:All TTrees and variables found in /data/atlas/HighMassDrellYan/test_mc16a/wmintaunu_2500/user.jmandali.24799857._000001.prelim_mc16a_tau_sig.root...
2021-10-26 23:57:34,337 DEBUG:All TTrees and variables found in /data/atlas/HighMassDrellYan/test_mc16a/wmintaunu_2750/user.jmandali.24799859._000001.prelim_mc16a_tau_sig.root...
2021-10-26 23:57:34,444 DEBUG:All TTrees and variables found in /data/atlas/HighMassDrellYan/test_mc16a/wmintaunu_3000/user.jmandali.24799860._000001.prelim_mc16a_tau_sig.root...
2021-10-26 23:57:34,551 DEBUG:All TTrees and variables found in /data/atlas/HighMassDrellYan/test_mc16a/wmintaunu_3500/user.jmandali.24799862._000002.prelim_mc16a_tau_sig.root...
2021-10-26 23:57:34,658 DEBUG:All TTrees and variables found in /data/atlas/HighMassDrellYan/test_mc16a/wmintaunu_400/user.jmandali.24799639._000002.prelim_mc16a_mu_sig.root...
2021-10-26 23:57:34,765 DEBUG:All TTrees and variables found in /data/atlas/HighMassDrellYan/test_mc16a/wmintaunu_4000/user.jmandali.24799864._000001.prelim_mc16a_tau_sig.root...
2021-10-26 23:57:34,877 DEBUG:All TTrees and variables found in /data/atlas/HighMassDrellYan/test_mc16a/wmintaunu_4500/user.jmandali.24799866._000005.prelim_mc16a_tau_sig.root...
2021-10-26 23:57:35,055 DEBUG:All TTrees and variables found in /data/atlas/HighMassDrellYan/test_mc16a/wmintaunu_5000/user.jmandali.24799867._000001.prelim_mc16a_tau_sig.root...
2021-10-26 23:57:35,161 DEBUG:All TTrees and variables found in /data/atlas/HighMassDrellYan/test_mc16a/wmintaunu_600/user.jmandali.24799640._000002.prelim_mc16a_mu_sig.root...
2021-10-26 23:57:35,267 DEBUG:All TTrees and variables found in /data/atlas/HighMassDrellYan/test_mc16a/wmintaunu_800/user.jmandali.24799641._000002.prelim_mc16a_mu_sig.root...
2021-10-26 23:57:35,267 DEBUG:All required TTrees variables found.
2021-10-26 23:57:35,267 WARNING:Variable(s) ['mu_isTight'] not contained in labels dictionary. Some unexpected behaviour may occur.
2021-10-26 23:57:35,267 INFO:Extracting mass slices from /data/atlas/HighMassDrellYan/test_mc16a/wmintaunu_*/*.root...
2021-10-26 23:57:35,267 DEBUG:Extracting {'met_phi', 'mu_eta', 'mu_phi', 'mu_pt', 'mcChannelNumber', 'met_met', 'mu_isTight', 'weight_mc', 'eventNumber'} from nominal_Loose tree...
2021-10-26 23:57:38,136 DEBUG:Extracted 41791 events.
2021-10-26 23:57:38,136 DEBUG:Extracting ['total_EventsWeighted', 'dsid'] from 'sumWeights' tree...
2021-10-26 23:57:38,730 DEBUG:Calculating sum of weights and merging...
2021-10-26 23:57:38,739 DEBUG:Extracting ['MC_WZ_m'] from truth tree...
