2021-10-28 22:17:24,932 INFO: INITIALISING ANALYSIS 'jesal_cutflow'...
2021-10-28 22:17:24,932 INFO: ========================================
2021-10-28 22:17:24,932 INFO: 
2021-10-28 22:17:24,932 INFO: ======== INITIALISING DATASET 'wmintaunu_slices' =========
2021-10-28 22:17:24,941 DEBUG: DATASET INPUT OPTIONS: 
2021-10-28 22:17:24,941 DEBUG: ----------------------------
2021-10-28 22:17:24,941 DEBUG: Input file(s):  /data/atlas/HighMassDrellYan/test_mc16a/wmintaunu_*/*.root
2021-10-28 22:17:24,941 DEBUG: TTree: nominal_Loose
2021-10-28 22:17:24,941 DEBUG: Cutfile: options/jesal_cutflow/cutfile_jesal.txt
2021-10-28 22:17:24,941 DEBUG: Slices: True
2021-10-28 22:17:24,942 DEBUG: grouped cutflow: True
2021-10-28 22:17:24,942 DEBUG: Forced dataset rebuild: False
2021-10-28 22:17:24,942 DEBUG: ----------------------------
2021-10-28 22:17:24,942 DEBUG: 
2021-10-28 22:17:24,942 DEBUG: CUTFILE CONTENTS
2021-10-28 22:17:24,942 DEBUG: ---------------------------
2021-10-28 22:17:24,943 DEBUG: [CUTS]
2021-10-28 22:17:24,944 DEBUG: # Name	Variable	</>	Cut (in GeV if applicable)	Group Symmetric
2021-10-28 22:17:24,944 DEBUG: # !!REMEMBER DEFAULT ANALYSISTOP OUTPUT IS IN MeV NOT GeV!!
2021-10-28 22:17:24,944 DEBUG: Tight muon	mu_isTight	=	1	tight muon cut	false
2021-10-28 22:17:24,944 DEBUG: eta	mu_eta	<	2.4	eta	true
2021-10-28 22:17:24,944 DEBUG: E_{T}^{MISS}	met_met	>	65	met	false
2021-10-28 22:17:24,944 DEBUG: p_T	mu_pt	>	65	mu pt	false
2021-10-28 22:17:24,944 DEBUG: M_T	mu_mt	>	55	muon mt	false
2021-10-28 22:17:24,944 DEBUG: M_W	MC_WZ_m	>	120	W m	false	truth
2021-10-28 22:17:24,944 DEBUG: 
2021-10-28 22:17:24,944 DEBUG: [OUTPUTS]
2021-10-28 22:17:24,944 DEBUG: # variables to process
2021-10-28 22:17:24,944 DEBUG: mu_mt
2021-10-28 22:17:24,944 DEBUG: mu_pt
2021-10-28 22:17:24,944 DEBUG: mu_eta
2021-10-28 22:17:24,945 DEBUG: 
2021-10-28 22:17:24,945 DEBUG: [OPTIONS]
2021-10-28 22:17:24,945 DEBUG: # case-insensitive
2021-10-28 22:17:24,945 DEBUG: sequential	false
2021-10-28 22:17:24,945 DEBUG: grouped cutflow	false
2021-10-28 22:17:24,945 DEBUG: ---------------------------
2021-10-28 22:17:24,945 INFO: Parsting cutfile for wmintaunu_slices...
2021-10-28 22:17:24,948 DEBUG: Datafile found
2021-10-28 22:17:24,948 INFO: Reading data for wmintaunu_slices dataframe from outputs/jesal_cutflow/data/wmintaunu_slices_df.pkl...
2021-10-28 22:17:24,976 INFO: Number of events in dataset wmintaunu_slices: 726886
2021-10-28 22:17:24,976 INFO: Creating weights for wmintaunu_slices...
2021-10-28 22:17:24,983 DEBUG: PER-DSID INFO:
2021-10-28 22:17:24,984 DEBUG: --------------
2021-10-28 22:17:24,984 DEBUG: DSID       n_events   sum_w         x-s fb        lumi fb-1
2021-10-28 22:17:24,984 DEBUG: ==========================================================
2021-10-28 22:17:25,010 DEBUG: 301160     584        1.304203e+04  2.233225e+01  1.750007e-01
2021-10-28 22:17:25,012 DEBUG: 301161     7814       2.572807e+04  3.292561e+00  4.385605e+00
2021-10-28 22:17:25,015 DEBUG: 301162     19355      2.097866e+04  1.083888e+00  1.807713e+01
2021-10-28 22:17:25,018 DEBUG: 301163     32203      5.649394e+03  1.754307e-01  4.508980e+01
2021-10-28 22:17:25,021 DEBUG: 301164     36493      1.130532e+03  3.097943e-02  1.021794e+02
2021-10-28 22:17:25,024 DEBUG: 301165     40197      3.330843e+02  8.286296e-03  1.125505e+02
2021-10-28 22:17:25,027 DEBUG: 301166     38794      1.225665e+02  3.159418e-03  1.180722e+02
2021-10-28 22:17:25,030 DEBUG: 301167     45957      4.608419e+01  1.002768e-03  1.286798e+02
2021-10-28 22:17:25,034 DEBUG: 301168     46553      1.713763e+01  3.681316e-04  1.303474e+02
2021-10-28 22:17:25,037 DEBUG: 301169     46357      6.928842e+00  1.494670e-04  1.298001e+02
2021-10-28 22:17:25,040 DEBUG: 301170     48747      3.183652e+00  6.530970e-05  1.364905e+02
2021-10-28 22:17:25,043 DEBUG: 301171     45132      1.361533e+00  3.016780e-05  1.263680e+02
2021-10-28 22:17:25,046 DEBUG: 301172     48195      7.012044e-01  1.454932e-05  1.349483e+02
2021-10-28 22:17:25,050 DEBUG: 301173     47837      3.472451e-01  7.258924e-06  1.339429e+02
2021-10-28 22:17:25,053 DEBUG: 301174     46889      2.658246e-01  5.669233e-06  1.312917e+02
2021-10-28 22:17:25,056 DEBUG: 301175     46518      7.430704e-02  1.597383e-06  1.302495e+02
2021-10-28 22:17:25,059 DEBUG: 301176     44600      2.105576e-02  4.721023e-07  1.248797e+02
2021-10-28 22:17:25,061 DEBUG: 301177     44286      6.324148e-03  1.428024e-07  1.240002e+02
2021-10-28 22:17:25,064 DEBUG: 301178     40375      2.488081e-03  6.162430e-08  1.130493e+02
2021-10-28 22:17:25,065 INFO: Creating cuts for wmintaunu_slices...
2021-10-28 22:17:25,071 INFO: 
2021-10-28 22:17:25,071 INFO: ========== CUTS USED ============
2021-10-28 22:17:25,071 INFO: Tight muon  : mu_isTight = 1.0
2021-10-28 22:17:25,072 INFO: eta         :    |mu_eta| < 2.4
2021-10-28 22:17:25,072 INFO: E_{T}^{MISS}:    met_met > 65.0
2021-10-28 22:17:25,073 INFO: p_T         :      mu_pt > 65.0
2021-10-28 22:17:25,073 INFO: M_T         :      mu_mt > 55.0
2021-10-28 22:17:25,073 INFO: M_W         :    MC_WZ_m > 120.0
2021-10-28 22:17:25,073 INFO: 
2021-10-28 22:17:25,156 INFO: =========== CUTFLOW =============
2021-10-28 22:17:25,156 INFO: Option: Non-sequential
2021-10-28 22:17:25,156 INFO: ---------------------------------
2021-10-28 22:17:25,156 INFO: Cut            Events Ratio
2021-10-28 22:17:25,156 INFO: Inclusive      726886   -
2021-10-28 22:17:25,157 INFO: tight muon cut 726886 1.000    
2021-10-28 22:17:25,157 INFO: eta            726886 1.000    
2021-10-28 22:17:25,157 INFO: met            726886 1.000    
2021-10-28 22:17:25,157 INFO: mu pt          726886 1.000    
2021-10-28 22:17:25,157 INFO: muon mt        726886 1.000    
2021-10-28 22:17:25,157 INFO: W m            726886 1.000    
2021-10-28 22:17:25,157 INFO: 
2021-10-28 22:17:25,157 INFO: ========= DATASET 'wmintaunu_slices' INITIALISED =========
2021-10-28 22:17:25,157 INFO: 
2021-10-28 22:17:25,158 INFO: ======== INITIALISING DATASET 'wmintaunu_inclusive' =========
2021-10-28 22:17:25,160 DEBUG: DATASET INPUT OPTIONS: 
2021-10-28 22:17:25,160 DEBUG: ----------------------------
2021-10-28 22:17:25,160 DEBUG: Input file(s):  /data/atlas/HighMassDrellYan/test_mc16a/wmintaunu/*.root
2021-10-28 22:17:25,160 DEBUG: TTree: nominal_Loose
2021-10-28 22:17:25,160 DEBUG: Cutfile: options/jesal_cutflow/cutfile_jesal.txt
2021-10-28 22:17:25,160 DEBUG: Slices: False
2021-10-28 22:17:25,160 DEBUG: grouped cutflow: True
2021-10-28 22:17:25,160 DEBUG: Forced dataset rebuild: False
2021-10-28 22:17:25,160 DEBUG: ----------------------------
2021-10-28 22:17:25,160 DEBUG: 
2021-10-28 22:17:25,160 DEBUG: CUTFILE CONTENTS
2021-10-28 22:17:25,160 DEBUG: ---------------------------
2021-10-28 22:17:25,161 DEBUG: [CUTS]
2021-10-28 22:17:25,161 DEBUG: # Name	Variable	</>	Cut (in GeV if applicable)	Group Symmetric
2021-10-28 22:17:25,161 DEBUG: # !!REMEMBER DEFAULT ANALYSISTOP OUTPUT IS IN MeV NOT GeV!!
2021-10-28 22:17:25,161 DEBUG: Tight muon	mu_isTight	=	1	tight muon cut	false
2021-10-28 22:17:25,161 DEBUG: eta	mu_eta	<	2.4	eta	true
2021-10-28 22:17:25,161 DEBUG: E_{T}^{MISS}	met_met	>	65	met	false
2021-10-28 22:17:25,161 DEBUG: p_T	mu_pt	>	65	mu pt	false
2021-10-28 22:17:25,161 DEBUG: M_T	mu_mt	>	55	muon mt	false
2021-10-28 22:17:25,161 DEBUG: M_W	MC_WZ_m	>	120	W m	false	truth
2021-10-28 22:17:25,161 DEBUG: 
2021-10-28 22:17:25,161 DEBUG: [OUTPUTS]
2021-10-28 22:17:25,161 DEBUG: # variables to process
2021-10-28 22:17:25,161 DEBUG: mu_mt
2021-10-28 22:17:25,161 DEBUG: mu_pt
2021-10-28 22:17:25,161 DEBUG: mu_eta
2021-10-28 22:17:25,161 DEBUG: 
2021-10-28 22:17:25,161 DEBUG: [OPTIONS]
2021-10-28 22:17:25,161 DEBUG: # case-insensitive
2021-10-28 22:17:25,161 DEBUG: sequential	false
2021-10-28 22:17:25,161 DEBUG: grouped cutflow	false
2021-10-28 22:17:25,161 DEBUG: ---------------------------
2021-10-28 22:17:25,161 INFO: Parsting cutfile for wmintaunu_inclusive...
2021-10-28 22:17:25,163 DEBUG: Datafile found
2021-10-28 22:17:25,164 INFO: Reading data for wmintaunu_inclusive dataframe from outputs/jesal_cutflow/data/wmintaunu_inclusive_df.pkl...
2021-10-28 22:17:25,164 INFO: Number of events in dataset wmintaunu_inclusive: 118
2021-10-28 22:17:25,165 INFO: Creating weights for wmintaunu_inclusive...
2021-10-28 22:17:25,167 DEBUG: INCLUSIVE SAMPLE METADATA:
2021-10-28 22:17:25,167 DEBUG: --------------------------
2021-10-28 22:17:25,167 DEBUG: n_events   sum_w         x-s fb        lumi fb-1
2021-10-28 22:17:25,167 DEBUG: ==========================================================
2021-10-28 22:17:25,168 DEBUG: 118        9.953306e+05  8.435005e+03  1.958505e+00
2021-10-28 22:17:25,168 INFO: Creating cuts for wmintaunu_inclusive...
2021-10-28 22:17:25,171 INFO: 
2021-10-28 22:17:25,171 INFO: ========== CUTS USED ============
2021-10-28 22:17:25,171 INFO: Tight muon  : mu_isTight = 1.0
2021-10-28 22:17:25,171 INFO: eta         :    |mu_eta| < 2.4
2021-10-28 22:17:25,171 INFO: E_{T}^{MISS}:    met_met > 65.0
2021-10-28 22:17:25,171 INFO: p_T         :      mu_pt > 65.0
2021-10-28 22:17:25,171 INFO: M_T         :      mu_mt > 55.0
2021-10-28 22:17:25,171 INFO: M_W         :    MC_WZ_m > 120.0
2021-10-28 22:17:25,171 INFO: 
2021-10-28 22:17:25,177 INFO: =========== CUTFLOW =============
2021-10-28 22:17:25,177 INFO: Option: Non-sequential
2021-10-28 22:17:25,177 INFO: ---------------------------------
2021-10-28 22:17:25,177 INFO: Cut            Events Ratio
2021-10-28 22:17:25,177 INFO: Inclusive      118   -
2021-10-28 22:17:25,177 INFO: tight muon cut 118 1.000    
2021-10-28 22:17:25,177 INFO: eta            118 1.000    
2021-10-28 22:17:25,177 INFO: met            118 1.000    
2021-10-28 22:17:25,177 INFO: mu pt          118 1.000    
2021-10-28 22:17:25,177 INFO: muon mt        118 1.000    
2021-10-28 22:17:25,177 INFO: W m            107 0.907    
2021-10-28 22:17:25,177 INFO: 
2021-10-28 22:17:25,177 INFO: ========= DATASET 'wmintaunu_inclusive' INITIALISED =========
2021-10-28 22:17:25,178 INFO: 
2021-10-28 22:17:25,179 INFO: ======== INITIALISING DATASET 'wplustaunu_slices' =========
2021-10-28 22:17:25,186 DEBUG: DATASET INPUT OPTIONS: 
2021-10-28 22:17:25,186 DEBUG: ----------------------------
2021-10-28 22:17:25,186 DEBUG: Input file(s):  /data/atlas/HighMassDrellYan/test_mc16a/wplustaunu_*/*.root
2021-10-28 22:17:25,186 DEBUG: TTree: nominal_Loose
2021-10-28 22:17:25,186 DEBUG: Cutfile: options/jesal_cutflow/cutfile_jesal.txt
2021-10-28 22:17:25,186 DEBUG: Slices: True
2021-10-28 22:17:25,186 DEBUG: grouped cutflow: True
2021-10-28 22:17:25,186 DEBUG: Forced dataset rebuild: False
2021-10-28 22:17:25,186 DEBUG: ----------------------------
2021-10-28 22:17:25,187 DEBUG: 
2021-10-28 22:17:25,188 DEBUG: CUTFILE CONTENTS
2021-10-28 22:17:25,188 DEBUG: ---------------------------
2021-10-28 22:17:25,189 DEBUG: [CUTS]
2021-10-28 22:17:25,189 DEBUG: # Name	Variable	</>	Cut (in GeV if applicable)	Group Symmetric
2021-10-28 22:17:25,189 DEBUG: # !!REMEMBER DEFAULT ANALYSISTOP OUTPUT IS IN MeV NOT GeV!!
2021-10-28 22:17:25,189 DEBUG: Tight muon	mu_isTight	=	1	tight muon cut	false
2021-10-28 22:17:25,189 DEBUG: eta	mu_eta	<	2.4	eta	true
2021-10-28 22:17:25,189 DEBUG: E_{T}^{MISS}	met_met	>	65	met	false
2021-10-28 22:17:25,189 DEBUG: p_T	mu_pt	>	65	mu pt	false
2021-10-28 22:17:25,189 DEBUG: M_T	mu_mt	>	55	muon mt	false
2021-10-28 22:17:25,189 DEBUG: M_W	MC_WZ_m	>	120	W m	false	truth
2021-10-28 22:17:25,189 DEBUG: 
2021-10-28 22:17:25,189 DEBUG: [OUTPUTS]
2021-10-28 22:17:25,189 DEBUG: # variables to process
2021-10-28 22:17:25,189 DEBUG: mu_mt
2021-10-28 22:17:25,189 DEBUG: mu_pt
2021-10-28 22:17:25,189 DEBUG: mu_eta
2021-10-28 22:17:25,189 DEBUG: 
2021-10-28 22:17:25,189 DEBUG: [OPTIONS]
2021-10-28 22:17:25,189 DEBUG: # case-insensitive
2021-10-28 22:17:25,190 DEBUG: sequential	false
2021-10-28 22:17:25,190 DEBUG: grouped cutflow	false
2021-10-28 22:17:25,190 DEBUG: ---------------------------
2021-10-28 22:17:25,190 INFO: Parsting cutfile for wplustaunu_slices...
2021-10-28 22:17:25,191 DEBUG: Datafile found
2021-10-28 22:17:25,192 INFO: Reading data for wplustaunu_slices dataframe from outputs/jesal_cutflow/data/wplustaunu_slices_df.pkl...
2021-10-28 22:17:25,211 INFO: Number of events in dataset wplustaunu_slices: 772578
2021-10-28 22:17:25,212 INFO: Creating weights for wplustaunu_slices...
2021-10-28 22:17:25,218 DEBUG: PER-DSID INFO:
2021-10-28 22:17:25,218 DEBUG: --------------
2021-10-28 22:17:25,218 DEBUG: DSID       n_events   sum_w         x-s fb        lumi fb-1
2021-10-28 22:17:25,218 DEBUG: ==========================================================
2021-10-28 22:17:25,244 DEBUG: 301140     521        1.677207e+04  3.219208e+01  1.465126e-01
2021-10-28 22:17:25,246 DEBUG: 301141     8113       4.065248e+04  5.010782e+00  4.550459e+00
2021-10-28 22:17:25,249 DEBUG: 301142     21300      3.730728e+04  1.751515e+00  1.989156e+01
2021-10-28 22:17:25,251 DEBUG: 301143     36357      1.135788e+04  3.123987e-01  5.090710e+01
2021-10-28 22:17:25,254 DEBUG: 301144     37316      2.268519e+03  6.079211e-02  1.044842e+02
2021-10-28 22:17:25,257 DEBUG: 301145     42047      7.428984e+02  1.766828e-02  1.177314e+02
2021-10-28 22:17:25,261 DEBUG: 301146     47861      3.488693e+02  7.289219e-03  1.340092e+02
2021-10-28 22:17:25,264 DEBUG: 301147     48678      1.220389e+02  2.507065e-03  1.363000e+02
2021-10-28 22:17:25,267 DEBUG: 301148     49533      4.885402e+01  9.862924e-04  1.386951e+02
2021-10-28 22:17:25,271 DEBUG: 301149     50141      2.128827e+01  4.245682e-04  1.403967e+02
2021-10-28 22:17:25,274 DEBUG: 301150     49514      9.637255e+00  1.946370e-04  1.386388e+02
2021-10-28 22:17:25,277 DEBUG: 301151     49229      4.595385e+00  9.334710e-05  1.378400e+02
2021-10-28 22:17:25,280 DEBUG: 301152     49191      2.275536e+00  4.625919e-05  1.377341e+02
2021-10-28 22:17:25,284 DEBUG: 301153     50388      1.182906e+00  2.347594e-05  1.410873e+02
2021-10-28 22:17:25,287 DEBUG: 301154     49324      9.100242e-01  1.844993e-05  1.381123e+02
2021-10-28 22:17:25,290 DEBUG: 301155     47861      2.439302e-01  5.096639e-06  1.340080e+02
2021-10-28 22:17:25,293 DEBUG: 301156     47234      6.757697e-02  1.430685e-06  1.322577e+02
2021-10-28 22:17:25,297 DEBUG: 301157     46569      1.868748e-02  4.012858e-07  1.303949e+02
2021-10-28 22:17:25,300 DEBUG: 301158     41401      6.353437e-03  1.534610e-07  1.159238e+02
2021-10-28 22:17:25,300 INFO: Creating cuts for wplustaunu_slices...
2021-10-28 22:17:25,307 INFO: 
2021-10-28 22:17:25,307 INFO: ========== CUTS USED ============
2021-10-28 22:17:25,307 INFO: Tight muon  : mu_isTight = 1.0
2021-10-28 22:17:25,307 INFO: eta         :    |mu_eta| < 2.4
2021-10-28 22:17:25,307 INFO: E_{T}^{MISS}:    met_met > 65.0
2021-10-28 22:17:25,308 INFO: p_T         :      mu_pt > 65.0
2021-10-28 22:17:25,309 INFO: M_T         :      mu_mt > 55.0
2021-10-28 22:17:25,309 INFO: M_W         :    MC_WZ_m > 120.0
2021-10-28 22:17:25,309 INFO: 
2021-10-28 22:17:25,394 INFO: =========== CUTFLOW =============
2021-10-28 22:17:25,394 INFO: Option: Non-sequential
2021-10-28 22:17:25,394 INFO: ---------------------------------
2021-10-28 22:17:25,394 INFO: Cut            Events Ratio
2021-10-28 22:17:25,394 INFO: Inclusive      772578   -
2021-10-28 22:17:25,394 INFO: tight muon cut 772578 1.000    
2021-10-28 22:17:25,394 INFO: eta            772578 1.000    
2021-10-28 22:17:25,394 INFO: met            772578 1.000    
2021-10-28 22:17:25,396 INFO: mu pt          772578 1.000    
2021-10-28 22:17:25,397 INFO: muon mt        772578 1.000    
2021-10-28 22:17:25,397 INFO: W m            772578 1.000    
2021-10-28 22:17:25,397 INFO: 
2021-10-28 22:17:25,397 INFO: ========= DATASET 'wplustaunu_slices' INITIALISED =========
2021-10-28 22:17:25,397 INFO: 
2021-10-28 22:17:25,397 INFO: ======== INITIALISING DATASET 'wplustaunu_inclusive' =========
2021-10-28 22:17:25,398 DEBUG: DATASET INPUT OPTIONS: 
2021-10-28 22:17:25,398 DEBUG: ----------------------------
2021-10-28 22:17:25,398 DEBUG: Input file(s):  /data/atlas/HighMassDrellYan/test_mc16a/wplustaunu/*.root
2021-10-28 22:17:25,398 DEBUG: TTree: nominal_Loose
2021-10-28 22:17:25,398 DEBUG: Cutfile: options/jesal_cutflow/cutfile_jesal.txt
2021-10-28 22:17:25,398 DEBUG: Slices: False
2021-10-28 22:17:25,398 DEBUG: grouped cutflow: True
2021-10-28 22:17:25,398 DEBUG: Forced dataset rebuild: False
2021-10-28 22:17:25,398 DEBUG: ----------------------------
2021-10-28 22:17:25,398 DEBUG: 
2021-10-28 22:17:25,398 DEBUG: CUTFILE CONTENTS
2021-10-28 22:17:25,398 DEBUG: ---------------------------
2021-10-28 22:17:25,398 DEBUG: [CUTS]
2021-10-28 22:17:25,399 DEBUG: # Name	Variable	</>	Cut (in GeV if applicable)	Group Symmetric
2021-10-28 22:17:25,399 DEBUG: # !!REMEMBER DEFAULT ANALYSISTOP OUTPUT IS IN MeV NOT GeV!!
2021-10-28 22:17:25,399 DEBUG: Tight muon	mu_isTight	=	1	tight muon cut	false
2021-10-28 22:17:25,399 DEBUG: eta	mu_eta	<	2.4	eta	true
2021-10-28 22:17:25,399 DEBUG: E_{T}^{MISS}	met_met	>	65	met	false
2021-10-28 22:17:25,399 DEBUG: p_T	mu_pt	>	65	mu pt	false
2021-10-28 22:17:25,399 DEBUG: M_T	mu_mt	>	55	muon mt	false
2021-10-28 22:17:25,399 DEBUG: M_W	MC_WZ_m	>	120	W m	false	truth
2021-10-28 22:17:25,399 DEBUG: 
2021-10-28 22:17:25,399 DEBUG: [OUTPUTS]
2021-10-28 22:17:25,399 DEBUG: # variables to process
2021-10-28 22:17:25,399 DEBUG: mu_mt
2021-10-28 22:17:25,399 DEBUG: mu_pt
2021-10-28 22:17:25,399 DEBUG: mu_eta
2021-10-28 22:17:25,401 DEBUG: 
2021-10-28 22:17:25,401 DEBUG: [OPTIONS]
2021-10-28 22:17:25,402 DEBUG: # case-insensitive
2021-10-28 22:17:25,402 DEBUG: sequential	false
2021-10-28 22:17:25,402 DEBUG: grouped cutflow	false
2021-10-28 22:17:25,402 DEBUG: ---------------------------
2021-10-28 22:17:25,402 INFO: Parsting cutfile for wplustaunu_inclusive...
2021-10-28 22:17:25,403 DEBUG: Datafile found
2021-10-28 22:17:25,404 INFO: Reading data for wplustaunu_inclusive dataframe from outputs/jesal_cutflow/data/wplustaunu_inclusive_df.pkl...
2021-10-28 22:17:25,405 INFO: Number of events in dataset wplustaunu_inclusive: 226
2021-10-28 22:17:25,405 INFO: Creating weights for wplustaunu_inclusive...
2021-10-28 22:17:25,406 DEBUG: INCLUSIVE SAMPLE METADATA:
2021-10-28 22:17:25,406 DEBUG: --------------------------
2021-10-28 22:17:25,406 DEBUG: n_events   sum_w         x-s fb        lumi fb-1
2021-10-28 22:17:25,406 DEBUG: ==========================================================
2021-10-28 22:17:25,406 DEBUG: 226        2.566360e+06  1.135558e+04  2.761639e+00
2021-10-28 22:17:25,407 INFO: Creating cuts for wplustaunu_inclusive...
2021-10-28 22:17:25,410 INFO: 
2021-10-28 22:17:25,410 INFO: ========== CUTS USED ============
2021-10-28 22:17:25,410 INFO: Tight muon  : mu_isTight = 1.0
2021-10-28 22:17:25,410 INFO: eta         :    |mu_eta| < 2.4
2021-10-28 22:17:25,410 INFO: E_{T}^{MISS}:    met_met > 65.0
2021-10-28 22:17:25,410 INFO: p_T         :      mu_pt > 65.0
2021-10-28 22:17:25,410 INFO: M_T         :      mu_mt > 55.0
2021-10-28 22:17:25,410 INFO: M_W         :    MC_WZ_m > 120.0
2021-10-28 22:17:25,411 INFO: 
2021-10-28 22:17:25,416 INFO: =========== CUTFLOW =============
2021-10-28 22:17:25,416 INFO: Option: Non-sequential
2021-10-28 22:17:25,416 INFO: ---------------------------------
2021-10-28 22:17:25,416 INFO: Cut            Events Ratio
2021-10-28 22:17:25,417 INFO: Inclusive      226   -
2021-10-28 22:17:25,418 INFO: tight muon cut 226 1.000    
2021-10-28 22:17:25,418 INFO: eta            226 1.000    
2021-10-28 22:17:25,418 INFO: met            226 1.000    
2021-10-28 22:17:25,418 INFO: mu pt          226 1.000    
2021-10-28 22:17:25,418 INFO: muon mt        226 1.000    
2021-10-28 22:17:25,418 INFO: W m            193 0.854    
2021-10-28 22:17:25,418 INFO: 
2021-10-28 22:17:25,418 INFO: ========= DATASET 'wplustaunu_inclusive' INITIALISED =========
2021-10-28 22:17:25,418 INFO: 
2021-10-28 22:17:25,418 INFO: ======== INITIALISING DATASET 'wminmunu_slices' =========
2021-10-28 22:17:25,425 DEBUG: DATASET INPUT OPTIONS: 
2021-10-28 22:17:25,425 DEBUG: ----------------------------
2021-10-28 22:17:25,425 DEBUG: Input file(s):  /data/atlas/HighMassDrellYan/test_mc16a/wminmunu_*/*.root
2021-10-28 22:17:25,425 DEBUG: TTree: nominal_Loose
2021-10-28 22:17:25,425 DEBUG: Cutfile: options/jesal_cutflow/cutfile_jesal.txt
2021-10-28 22:17:25,425 DEBUG: Slices: True
2021-10-28 22:17:25,425 DEBUG: grouped cutflow: True
2021-10-28 22:17:25,426 DEBUG: Forced dataset rebuild: False
2021-10-28 22:17:25,428 DEBUG: ----------------------------
2021-10-28 22:17:25,428 DEBUG: 
2021-10-28 22:17:25,428 DEBUG: CUTFILE CONTENTS
2021-10-28 22:17:25,428 DEBUG: ---------------------------
2021-10-28 22:17:25,428 DEBUG: [CUTS]
2021-10-28 22:17:25,428 DEBUG: # Name	Variable	</>	Cut (in GeV if applicable)	Group Symmetric
2021-10-28 22:17:25,428 DEBUG: # !!REMEMBER DEFAULT ANALYSISTOP OUTPUT IS IN MeV NOT GeV!!
2021-10-28 22:17:25,428 DEBUG: Tight muon	mu_isTight	=	1	tight muon cut	false
2021-10-28 22:17:25,428 DEBUG: eta	mu_eta	<	2.4	eta	true
2021-10-28 22:17:25,429 DEBUG: E_{T}^{MISS}	met_met	>	65	met	false
2021-10-28 22:17:25,429 DEBUG: p_T	mu_pt	>	65	mu pt	false
2021-10-28 22:17:25,429 DEBUG: M_T	mu_mt	>	55	muon mt	false
2021-10-28 22:17:25,429 DEBUG: M_W	MC_WZ_m	>	120	W m	false	truth
2021-10-28 22:17:25,429 DEBUG: 
2021-10-28 22:17:25,429 DEBUG: [OUTPUTS]
2021-10-28 22:17:25,429 DEBUG: # variables to process
2021-10-28 22:17:25,429 DEBUG: mu_mt
2021-10-28 22:17:25,429 DEBUG: mu_pt
2021-10-28 22:17:25,429 DEBUG: mu_eta
2021-10-28 22:17:25,429 DEBUG: 
2021-10-28 22:17:25,429 DEBUG: [OPTIONS]
2021-10-28 22:17:25,429 DEBUG: # case-insensitive
2021-10-28 22:17:25,429 DEBUG: sequential	false
2021-10-28 22:17:25,429 DEBUG: grouped cutflow	false
2021-10-28 22:17:25,429 DEBUG: ---------------------------
2021-10-28 22:17:25,430 INFO: Parsting cutfile for wminmunu_slices...
2021-10-28 22:17:25,432 DEBUG: Datafile found
2021-10-28 22:17:25,432 INFO: Reading data for wminmunu_slices dataframe from outputs/jesal_cutflow/data/wminmunu_slices_df.pkl...
2021-10-28 22:17:25,720 INFO: Number of events in dataset wminmunu_slices: 10473533
2021-10-28 22:17:25,721 INFO: Creating weights for wminmunu_slices...
2021-10-28 22:17:25,883 DEBUG: PER-DSID INFO:
2021-10-28 22:17:25,883 DEBUG: --------------
2021-10-28 22:17:25,883 DEBUG: DSID       n_events   sum_w         x-s fb        lumi fb-1
2021-10-28 22:17:25,883 DEBUG: ==========================================================
2021-10-28 22:17:26,215 DEBUG: 301120     499915     1.110597e+07  2.221572e+01  1.408600e+01
2021-10-28 22:17:26,284 DEBUG: 301121     944456     3.101657e+06  3.284067e+00  8.836211e+01
2021-10-28 22:17:26,327 DEBUG: 301122     737165     7.982900e+05  1.082919e+00  1.738961e+02
2021-10-28 22:17:26,355 DEBUG: 301123     549364     9.635911e+04  1.754012e-01  7.691939e+02
2021-10-28 22:17:26,380 DEBUG: 301124     488699     1.513980e+04  3.097982e-02  1.368361e+03
2021-10-28 22:17:26,406 DEBUG: 301125     507642     4.206513e+03  8.286377e-03  1.421397e+03
2021-10-28 22:17:26,433 DEBUG: 301126     512753     1.619953e+03  3.159324e-03  1.435705e+03
2021-10-28 22:17:26,460 DEBUG: 301127     522006     5.234484e+02  1.002763e-03  1.461614e+03
2021-10-28 22:17:26,487 DEBUG: 301128     528485     1.945538e+02  3.681350e-04  1.479762e+03
2021-10-28 22:17:26,514 DEBUG: 301129     523222     7.820444e+01  1.494670e-04  1.465028e+03
2021-10-28 22:17:26,541 DEBUG: 301130     527231     3.443364e+01  6.531034e-05  1.476250e+03
2021-10-28 22:17:26,567 DEBUG: 301131     526452     1.588209e+01  3.016817e-05  1.474065e+03
2021-10-28 22:17:26,594 DEBUG: 301132     523697     7.619310e+00  1.454908e-05  1.466352e+03
2021-10-28 22:17:26,620 DEBUG: 301133     523944     3.803304e+00  7.258989e-06  1.467048e+03
2021-10-28 22:17:26,647 DEBUG: 301134     523849     2.969780e+00  5.669152e-06  1.466784e+03
2021-10-28 22:17:26,674 DEBUG: 301135     519023     8.290851e-01  1.597396e-06  1.453265e+03
2021-10-28 22:17:26,700 DEBUG: 301136     511632     2.415438e-01  4.721046e-07  1.432573e+03
2021-10-28 22:17:26,725 DEBUG: 301137     505761     7.222451e-02  1.428036e-07  1.416137e+03
2021-10-28 22:17:26,750 DEBUG: 301138     498237     3.070374e-02  6.162477e-08  1.395066e+03
2021-10-28 22:17:26,751 INFO: Creating cuts for wminmunu_slices...
2021-10-28 22:17:26,835 INFO: 
2021-10-28 22:17:26,835 INFO: ========== CUTS USED ============
2021-10-28 22:17:26,835 INFO: Tight muon  : mu_isTight = 1.0
2021-10-28 22:17:26,835 INFO: eta         :    |mu_eta| < 2.4
2021-10-28 22:17:26,835 INFO: E_{T}^{MISS}:    met_met > 65.0
2021-10-28 22:17:26,836 INFO: p_T         :      mu_pt > 65.0
2021-10-28 22:17:26,836 INFO: M_T         :      mu_mt > 55.0
2021-10-28 22:17:26,836 INFO: M_W         :    MC_WZ_m > 120.0
2021-10-28 22:17:26,836 INFO: 
2021-10-28 22:17:28,769 INFO: =========== CUTFLOW =============
2021-10-28 22:17:28,770 INFO: Option: Non-sequential
2021-10-28 22:17:28,770 INFO: ---------------------------------
2021-10-28 22:17:28,770 INFO: Cut            Events   Ratio
2021-10-28 22:17:28,770 INFO: Inclusive      10473533   -
2021-10-28 22:17:28,770 INFO: tight muon cut 10473533 1.000    
2021-10-28 22:17:28,770 INFO: eta            10473533 1.000    
2021-10-28 22:17:28,770 INFO: met            10473533 1.000    
2021-10-28 22:17:28,770 INFO: mu pt          10473533 1.000    
2021-10-28 22:17:28,770 INFO: muon mt        10473533 1.000    
2021-10-28 22:17:28,770 INFO: W m            10473533 1.000    
2021-10-28 22:17:28,770 INFO: 
2021-10-28 22:17:28,773 INFO: ========= DATASET 'wminmunu_slices' INITIALISED =========
2021-10-28 22:17:28,773 INFO: 
2021-10-28 22:17:28,774 INFO: ======== INITIALISING DATASET 'wminmunu_inclusive' =========
2021-10-28 22:17:28,775 DEBUG: DATASET INPUT OPTIONS: 
2021-10-28 22:17:28,776 DEBUG: ----------------------------
2021-10-28 22:17:28,776 DEBUG: Input file(s):  /data/atlas/HighMassDrellYan/test_mc16a/wminmunu/*.root
2021-10-28 22:17:28,776 DEBUG: TTree: nominal_Loose
2021-10-28 22:17:28,776 DEBUG: Cutfile: options/jesal_cutflow/cutfile_jesal.txt
2021-10-28 22:17:28,776 DEBUG: Slices: False
2021-10-28 22:17:28,776 DEBUG: grouped cutflow: True
2021-10-28 22:17:28,776 DEBUG: Forced dataset rebuild: False
2021-10-28 22:17:28,776 DEBUG: ----------------------------
2021-10-28 22:17:28,776 DEBUG: 
2021-10-28 22:17:28,776 DEBUG: CUTFILE CONTENTS
2021-10-28 22:17:28,776 DEBUG: ---------------------------
2021-10-28 22:17:28,776 DEBUG: [CUTS]
2021-10-28 22:17:28,776 DEBUG: # Name	Variable	</>	Cut (in GeV if applicable)	Group Symmetric
2021-10-28 22:17:28,777 DEBUG: # !!REMEMBER DEFAULT ANALYSISTOP OUTPUT IS IN MeV NOT GeV!!
2021-10-28 22:17:28,777 DEBUG: Tight muon	mu_isTight	=	1	tight muon cut	false
2021-10-28 22:17:28,777 DEBUG: eta	mu_eta	<	2.4	eta	true
2021-10-28 22:17:28,777 DEBUG: E_{T}^{MISS}	met_met	>	65	met	false
2021-10-28 22:17:28,777 DEBUG: p_T	mu_pt	>	65	mu pt	false
2021-10-28 22:17:28,778 DEBUG: M_T	mu_mt	>	55	muon mt	false
2021-10-28 22:17:28,778 DEBUG: M_W	MC_WZ_m	>	120	W m	false	truth
2021-10-28 22:17:28,778 DEBUG: 
2021-10-28 22:17:28,778 DEBUG: [OUTPUTS]
2021-10-28 22:17:28,778 DEBUG: # variables to process
2021-10-28 22:17:28,779 DEBUG: mu_mt
2021-10-28 22:17:28,779 DEBUG: mu_pt
2021-10-28 22:17:28,779 DEBUG: mu_eta
2021-10-28 22:17:28,779 DEBUG: 
2021-10-28 22:17:28,779 DEBUG: [OPTIONS]
2021-10-28 22:17:28,779 DEBUG: # case-insensitive
2021-10-28 22:17:28,779 DEBUG: sequential	false
2021-10-28 22:17:28,779 DEBUG: grouped cutflow	false
2021-10-28 22:17:28,779 DEBUG: ---------------------------
2021-10-28 22:17:28,779 INFO: Parsting cutfile for wminmunu_inclusive...
2021-10-28 22:17:28,780 DEBUG: Datafile found
2021-10-28 22:17:28,781 INFO: Reading data for wminmunu_inclusive dataframe from outputs/jesal_cutflow/data/wminmunu_inclusive_df.pkl...
2021-10-28 22:17:28,784 INFO: Number of events in dataset wminmunu_inclusive: 19384
2021-10-28 22:17:28,784 INFO: Creating weights for wminmunu_inclusive...
2021-10-28 22:17:28,789 DEBUG: INCLUSIVE SAMPLE METADATA:
2021-10-28 22:17:28,789 DEBUG: --------------------------
2021-10-28 22:17:28,790 DEBUG: n_events   sum_w         x-s fb        lumi fb-1
2021-10-28 22:17:28,790 DEBUG: ==========================================================
2021-10-28 22:17:28,791 DEBUG: 19384      1.617602e+08  8.345036e+03  3.217386e+02
2021-10-28 22:17:28,791 INFO: Creating cuts for wminmunu_inclusive...
2021-10-28 22:17:28,795 INFO: 
2021-10-28 22:17:28,795 INFO: ========== CUTS USED ============
2021-10-28 22:17:28,795 INFO: Tight muon  : mu_isTight = 1.0
2021-10-28 22:17:28,795 INFO: eta         :    |mu_eta| < 2.4
2021-10-28 22:17:28,795 INFO: E_{T}^{MISS}:    met_met > 65.0
2021-10-28 22:17:28,795 INFO: p_T         :      mu_pt > 65.0
2021-10-28 22:17:28,796 INFO: M_T         :      mu_mt > 55.0
2021-10-28 22:17:28,797 INFO: M_W         :    MC_WZ_m > 120.0
2021-10-28 22:17:28,797 INFO: 
2021-10-28 22:17:28,804 INFO: =========== CUTFLOW =============
2021-10-28 22:17:28,804 INFO: Option: Non-sequential
2021-10-28 22:17:28,805 INFO: ---------------------------------
2021-10-28 22:17:28,805 INFO: Cut            Events Ratio
2021-10-28 22:17:28,805 INFO: Inclusive      19384   -
2021-10-28 22:17:28,805 INFO: tight muon cut 19384 1.000    
2021-10-28 22:17:28,805 INFO: eta            19384 1.000    
2021-10-28 22:17:28,805 INFO: met            19384 1.000    
2021-10-28 22:17:28,806 INFO: mu pt          19384 1.000    
2021-10-28 22:17:28,807 INFO: muon mt        19384 1.000    
2021-10-28 22:17:28,807 INFO: W m            12171 0.628    
2021-10-28 22:17:28,807 INFO: 
2021-10-28 22:17:28,807 INFO: ========= DATASET 'wminmunu_inclusive' INITIALISED =========
2021-10-28 22:17:28,807 INFO: 
2021-10-28 22:17:28,807 INFO: ======== INITIALISING DATASET 'wplusmunu_slices' =========
2021-10-28 22:17:28,814 DEBUG: DATASET INPUT OPTIONS: 
2021-10-28 22:17:28,814 DEBUG: ----------------------------
2021-10-28 22:17:28,814 DEBUG: Input file(s):  /data/atlas/HighMassDrellYan/test_mc16a/wplusmunu_*/*.root
2021-10-28 22:17:28,814 DEBUG: TTree: nominal_Loose
2021-10-28 22:17:28,814 DEBUG: Cutfile: options/jesal_cutflow/cutfile_jesal.txt
2021-10-28 22:17:28,814 DEBUG: Slices: True
2021-10-28 22:17:28,815 DEBUG: grouped cutflow: True
2021-10-28 22:17:28,815 DEBUG: Forced dataset rebuild: False
2021-10-28 22:17:28,815 DEBUG: ----------------------------
2021-10-28 22:17:28,816 DEBUG: 
2021-10-28 22:17:28,817 DEBUG: CUTFILE CONTENTS
2021-10-28 22:17:28,817 DEBUG: ---------------------------
2021-10-28 22:17:28,817 DEBUG: [CUTS]
2021-10-28 22:17:28,817 DEBUG: # Name	Variable	</>	Cut (in GeV if applicable)	Group Symmetric
2021-10-28 22:17:28,817 DEBUG: # !!REMEMBER DEFAULT ANALYSISTOP OUTPUT IS IN MeV NOT GeV!!
2021-10-28 22:17:28,817 DEBUG: Tight muon	mu_isTight	=	1	tight muon cut	false
2021-10-28 22:17:28,817 DEBUG: eta	mu_eta	<	2.4	eta	true
2021-10-28 22:17:28,817 DEBUG: E_{T}^{MISS}	met_met	>	65	met	false
2021-10-28 22:17:28,817 DEBUG: p_T	mu_pt	>	65	mu pt	false
2021-10-28 22:17:28,817 DEBUG: M_T	mu_mt	>	55	muon mt	false
2021-10-28 22:17:28,818 DEBUG: M_W	MC_WZ_m	>	120	W m	false	truth
2021-10-28 22:17:28,818 DEBUG: 
2021-10-28 22:17:28,818 DEBUG: [OUTPUTS]
2021-10-28 22:17:28,818 DEBUG: # variables to process
2021-10-28 22:17:28,818 DEBUG: mu_mt
2021-10-28 22:17:28,818 DEBUG: mu_pt
2021-10-28 22:17:28,818 DEBUG: mu_eta
2021-10-28 22:17:28,818 DEBUG: 
2021-10-28 22:17:28,818 DEBUG: [OPTIONS]
2021-10-28 22:17:28,818 DEBUG: # case-insensitive
2021-10-28 22:17:28,818 DEBUG: sequential	false
2021-10-28 22:17:28,818 DEBUG: grouped cutflow	false
2021-10-28 22:17:28,818 DEBUG: ---------------------------
2021-10-28 22:17:28,819 INFO: Parsting cutfile for wplusmunu_slices...
2021-10-28 22:17:28,820 DEBUG: Datafile found
2021-10-28 22:17:28,820 INFO: Reading data for wplusmunu_slices dataframe from outputs/jesal_cutflow/data/wplusmunu_slices_df.pkl...
2021-10-28 22:17:29,262 INFO: Number of events in dataset wplusmunu_slices: 11241434
2021-10-28 22:17:29,262 INFO: Creating weights for wplusmunu_slices...
2021-10-28 22:17:29,465 DEBUG: PER-DSID INFO:
2021-10-28 22:17:29,465 DEBUG: --------------
2021-10-28 22:17:29,465 DEBUG: DSID       n_events   sum_w         x-s fb        lumi fb-1
2021-10-28 22:17:29,465 DEBUG: ==========================================================
2021-10-28 22:17:29,949 DEBUG: 301100     484716     1.553695e+07  3.205372e+01  1.365058e+01
2021-10-28 22:17:30,055 DEBUG: 301101     1012214    5.063302e+06  5.002206e+00  9.474268e+01
2021-10-28 22:17:30,118 DEBUG: 301102     847300     1.486461e+06  1.754350e+00  1.978004e+02
2021-10-28 22:17:30,156 DEBUG: 301103     628252     1.962419e+05  3.123617e-01  8.796504e+02
2021-10-28 22:17:30,192 DEBUG: 301104     546953     3.325082e+04  6.079284e-02  1.531479e+03
2021-10-28 22:17:30,225 DEBUG: 301105     558068     9.860153e+03  1.766837e-02  1.562594e+03
2021-10-28 22:17:30,260 DEBUG: 301106     557555     4.064182e+03  7.289293e-03  1.561152e+03
2021-10-28 22:17:30,297 DEBUG: 301107     565079     1.416678e+03  2.507044e-03  1.582226e+03
2021-10-28 22:17:30,332 DEBUG: 301108     563977     5.562368e+02  9.862756e-04  1.579139e+03
2021-10-28 22:17:30,366 DEBUG: 301109     562856     2.389681e+02  4.245635e-04  1.576001e+03
2021-10-28 22:17:30,401 DEBUG: 301110     560538     1.091019e+02  1.946378e-04  1.569509e+03
2021-10-28 22:17:30,435 DEBUG: 301111     561678     5.243172e+01  9.334835e-05  1.572705e+03
2021-10-28 22:17:30,469 DEBUG: 301112     562419     2.601713e+01  4.625934e-05  1.574772e+03
2021-10-28 22:17:30,504 DEBUG: 301113     555370     1.303779e+01  2.347587e-05  1.555040e+03
2021-10-28 22:17:30,538 DEBUG: 301114     549575     1.013926e+01  1.844928e-05  1.538813e+03
2021-10-28 22:17:30,572 DEBUG: 301115     541614     2.760483e+00  5.096771e-06  1.516527e+03
2021-10-28 22:17:30,606 DEBUG: 301116     539809     7.722799e-01  1.430654e-06  1.511460e+03
2021-10-28 22:17:30,639 DEBUG: 301117     528390     2.120333e-01  4.012819e-07  1.479497e+03
2021-10-28 22:17:30,672 DEBUG: 301118     515071     7.904281e-02  1.534600e-07  1.442202e+03
2021-10-28 22:17:30,672 INFO: Creating cuts for wplusmunu_slices...
2021-10-28 22:17:30,785 INFO: 
2021-10-28 22:17:30,786 INFO: ========== CUTS USED ============
2021-10-28 22:17:30,786 INFO: Tight muon  : mu_isTight = 1.0
2021-10-28 22:17:30,786 INFO: eta         :    |mu_eta| < 2.4
2021-10-28 22:17:30,786 INFO: E_{T}^{MISS}:    met_met > 65.0
2021-10-28 22:17:30,786 INFO: p_T         :      mu_pt > 65.0
2021-10-28 22:17:30,786 INFO: M_T         :      mu_mt > 55.0
2021-10-28 22:17:30,786 INFO: M_W         :    MC_WZ_m > 120.0
2021-10-28 22:17:30,786 INFO: 
2021-10-28 22:17:33,446 INFO: =========== CUTFLOW =============
2021-10-28 22:17:33,447 INFO: Option: Non-sequential
2021-10-28 22:17:33,447 INFO: ---------------------------------
2021-10-28 22:17:33,447 INFO: Cut            Events   Ratio
2021-10-28 22:17:33,447 INFO: Inclusive      11241434   -
2021-10-28 22:17:33,447 INFO: tight muon cut 11241434 1.000    
2021-10-28 22:17:33,447 INFO: eta            11241434 1.000    
2021-10-28 22:17:33,447 INFO: met            11241434 1.000    
2021-10-28 22:17:33,447 INFO: mu pt          11241434 1.000    
2021-10-28 22:17:33,447 INFO: muon mt        11241434 1.000    
2021-10-28 22:17:33,447 INFO: W m            11241433 1.000    
2021-10-28 22:17:33,447 INFO: 
2021-10-28 22:17:33,453 INFO: ========= DATASET 'wplusmunu_slices' INITIALISED =========
2021-10-28 22:17:33,453 INFO: 
2021-10-28 22:17:33,453 INFO: ======== INITIALISING DATASET 'wplusmunu_inclusive' =========
2021-10-28 22:17:33,454 DEBUG: DATASET INPUT OPTIONS: 
2021-10-28 22:17:33,455 DEBUG: ----------------------------
2021-10-28 22:17:33,456 DEBUG: Input file(s):  /data/atlas/HighMassDrellYan/test_mc16a/wplusmunu/*.root
2021-10-28 22:17:33,456 DEBUG: TTree: nominal_Loose
2021-10-28 22:17:33,456 DEBUG: Cutfile: options/jesal_cutflow/cutfile_jesal.txt
2021-10-28 22:17:33,456 DEBUG: Slices: False
2021-10-28 22:17:33,456 DEBUG: grouped cutflow: True
2021-10-28 22:17:33,456 DEBUG: Forced dataset rebuild: False
2021-10-28 22:17:33,456 DEBUG: ----------------------------
2021-10-28 22:17:33,456 DEBUG: 
2021-10-28 22:17:33,456 DEBUG: CUTFILE CONTENTS
2021-10-28 22:17:33,456 DEBUG: ---------------------------
2021-10-28 22:17:33,456 DEBUG: [CUTS]
2021-10-28 22:17:33,456 DEBUG: # Name	Variable	</>	Cut (in GeV if applicable)	Group Symmetric
2021-10-28 22:17:33,456 DEBUG: # !!REMEMBER DEFAULT ANALYSISTOP OUTPUT IS IN MeV NOT GeV!!
2021-10-28 22:17:33,456 DEBUG: Tight muon	mu_isTight	=	1	tight muon cut	false
2021-10-28 22:17:33,456 DEBUG: eta	mu_eta	<	2.4	eta	true
2021-10-28 22:17:33,456 DEBUG: E_{T}^{MISS}	met_met	>	65	met	false
2021-10-28 22:17:33,456 DEBUG: p_T	mu_pt	>	65	mu pt	false
2021-10-28 22:17:33,456 DEBUG: M_T	mu_mt	>	55	muon mt	false
2021-10-28 22:17:33,457 DEBUG: M_W	MC_WZ_m	>	120	W m	false	truth
2021-10-28 22:17:33,457 DEBUG: 
2021-10-28 22:17:33,457 DEBUG: [OUTPUTS]
2021-10-28 22:17:33,457 DEBUG: # variables to process
2021-10-28 22:17:33,457 DEBUG: mu_mt
2021-10-28 22:17:33,457 DEBUG: mu_pt
2021-10-28 22:17:33,457 DEBUG: mu_eta
2021-10-28 22:17:33,457 DEBUG: 
2021-10-28 22:17:33,457 DEBUG: [OPTIONS]
2021-10-28 22:17:33,457 DEBUG: # case-insensitive
2021-10-28 22:17:33,457 DEBUG: sequential	false
2021-10-28 22:17:33,457 DEBUG: grouped cutflow	false
2021-10-28 22:17:33,457 DEBUG: ---------------------------
2021-10-28 22:17:33,457 INFO: Parsting cutfile for wplusmunu_inclusive...
2021-10-28 22:17:33,458 DEBUG: Datafile found
2021-10-28 22:17:33,459 INFO: Reading data for wplusmunu_inclusive dataframe from outputs/jesal_cutflow/data/wplusmunu_inclusive_df.pkl...
2021-10-28 22:17:33,461 INFO: Number of events in dataset wplusmunu_inclusive: 25515
2021-10-28 22:17:33,461 INFO: Creating weights for wplusmunu_inclusive...
2021-10-28 22:17:33,468 DEBUG: INCLUSIVE SAMPLE METADATA:
2021-10-28 22:17:33,468 DEBUG: --------------------------
2021-10-28 22:17:33,468 DEBUG: n_events   sum_w         x-s fb        lumi fb-1
2021-10-28 22:17:33,468 DEBUG: ==========================================================
2021-10-28 22:17:33,469 DEBUG: 25515      2.903304e+08  1.137881e+04  3.117847e+02
2021-10-28 22:17:33,469 INFO: Creating cuts for wplusmunu_inclusive...
2021-10-28 22:17:33,473 INFO: 
2021-10-28 22:17:33,473 INFO: ========== CUTS USED ============
2021-10-28 22:17:33,473 INFO: Tight muon  : mu_isTight = 1.0
2021-10-28 22:17:33,473 INFO: eta         :    |mu_eta| < 2.4
2021-10-28 22:17:33,473 INFO: E_{T}^{MISS}:    met_met > 65.0
2021-10-28 22:17:33,473 INFO: p_T         :      mu_pt > 65.0
2021-10-28 22:17:33,473 INFO: M_T         :      mu_mt > 55.0
2021-10-28 22:17:33,473 INFO: M_W         :    MC_WZ_m > 120.0
2021-10-28 22:17:33,474 INFO: 
2021-10-28 22:17:33,482 INFO: =========== CUTFLOW =============
2021-10-28 22:17:33,482 INFO: Option: Non-sequential
2021-10-28 22:17:33,482 INFO: ---------------------------------
2021-10-28 22:17:33,483 INFO: Cut            Events Ratio
2021-10-28 22:17:33,483 INFO: Inclusive      25515   -
2021-10-28 22:17:33,483 INFO: tight muon cut 25515 1.000    
2021-10-28 22:17:33,483 INFO: eta            25515 1.000    
2021-10-28 22:17:33,483 INFO: met            25515 1.000    
2021-10-28 22:17:33,483 INFO: mu pt          25515 1.000    
2021-10-28 22:17:33,483 INFO: muon mt        25515 1.000    
2021-10-28 22:17:33,484 INFO: W m            17359 0.680    
2021-10-28 22:17:33,484 INFO: 
2021-10-28 22:17:33,485 INFO: ========= DATASET 'wplusmunu_inclusive' INITIALISED =========
2021-10-28 22:17:33,485 INFO: ====================================
2021-10-28 22:17:33,485 INFO: ANALYSIS 'jesal_cutflow' INITIALISED
2021-10-28 22:17:34,054 INFO: Saved pickle file to outputs/jesal_cutflow/histograms/wmintaunu_slices_mu_mt_mass_slices_full.pkl
2021-10-28 22:17:34,416 INFO: Figure saved to outputs/jesal_cutflow/plots/wmintaunu_slices_mu_mt_mass_slices_full.png
2021-10-28 22:17:34,901 INFO: Saved pickle file to outputs/jesal_cutflow/histograms/wplustaunu_slices_mu_mt_mass_slices_full.pkl
2021-10-28 22:17:35,204 INFO: Figure saved to outputs/jesal_cutflow/plots/wplustaunu_slices_mu_mt_mass_slices_full.png
2021-10-28 22:17:37,353 INFO: Saved pickle file to outputs/jesal_cutflow/histograms/wminmunu_slices_mu_mt_mass_slices_full.pkl
2021-10-28 22:17:37,653 INFO: Figure saved to outputs/jesal_cutflow/plots/wminmunu_slices_mu_mt_mass_slices_full.png
2021-10-28 22:17:39,828 INFO: Saved pickle file to outputs/jesal_cutflow/histograms/wplusmunu_slices_mu_mt_mass_slices_full.pkl
2021-10-28 22:17:40,130 INFO: Figure saved to outputs/jesal_cutflow/plots/wplusmunu_slices_mu_mt_mass_slices_full.png
