2021-10-26 20:06:02,582 INFO:INITIALISING ANALYSIS 'jesal_cutflow'...
2021-10-26 20:06:02,582 INFO:========================================
2021-10-26 20:06:02,582 INFO:
2021-10-26 20:06:02,583 INFO:======== INITIALISING DATASET 'wmintaunu_nominal' =========
2021-10-26 20:06:03,590 DEBUG:DATASET INPUT OPTIONS: 
2021-10-26 20:06:03,590 DEBUG:----------------------------
2021-10-26 20:06:03,590 DEBUG:Input file(s):  /data/atlas/HighMassDrellYan/test_mc16a/wmintaunu*/*.root
2021-10-26 20:06:03,590 DEBUG:TTree: nominal_Loose
2021-10-26 20:06:03,590 DEBUG:Cutfile: options/jesal_cutflow/cutfile_jesal.txt
2021-10-26 20:06:03,590 DEBUG:Slices: True
2021-10-26 20:06:03,590 DEBUG:grouped cutflow: True
2021-10-26 20:06:03,591 DEBUG:----------------------------
2021-10-26 20:06:03,591 DEBUG:
2021-10-26 20:06:03,591 DEBUG:CUTFILE CONTENTS
2021-10-26 20:06:03,592 DEBUG:---------------------------
2021-10-26 20:06:03,593 DEBUG:[CUTS]
2021-10-26 20:06:03,593 DEBUG:# Name	Variable	</>	Cut (in GeV if applicable)	Group Symmetric
2021-10-26 20:06:03,593 DEBUG:# !!REMEMBER DEFAULT ANALYSISTOP OUTPUT IS IN MeV NOT GeV!!
2021-10-26 20:06:03,594 DEBUG:Tight muon	mu_isTight	=	1	tight muon cut	false
2021-10-26 20:06:03,594 DEBUG:eta	mu_eta	<	2.4	eta	true
2021-10-26 20:06:03,594 DEBUG:E_{T}^{MISS}	met_met	>	65	met	false
2021-10-26 20:06:03,594 DEBUG:p_T	mu_pt	>	65	mu pt	false
2021-10-26 20:06:03,594 DEBUG:M_T	mu_mt	>	55	muon mt	false
2021-10-26 20:06:03,594 DEBUG:M_W	MC_WZ_m <	120	W m	false	truth
2021-10-26 20:06:03,594 DEBUG:
2021-10-26 20:06:03,594 DEBUG:[OUTPUTS]
2021-10-26 20:06:03,595 DEBUG:# variables to process
2021-10-26 20:06:03,595 DEBUG:mu_mt
2021-10-26 20:06:03,595 DEBUG:mu_pt
2021-10-26 20:06:03,595 DEBUG:mu_eta
2021-10-26 20:06:03,595 DEBUG:
2021-10-26 20:06:03,595 DEBUG:[OPTIONS]
2021-10-26 20:06:03,595 DEBUG:# case-insensitive
2021-10-26 20:06:03,595 DEBUG:sequential	false
2021-10-26 20:06:03,595 DEBUG:grouped cutflow	false
2021-10-26 20:06:03,595 DEBUG:---------------------------
2021-10-26 20:06:03,596 INFO:Parsting cutfile for wmintaunu_nominal...
