2021-10-29 21:41:56,671 INFO: INITIALISING ANALYSIS 'jesal_cutflow'...
2021-10-29 21:41:56,671 INFO: ========================================
2021-10-29 21:41:56,671 INFO: 
2021-10-29 21:41:56,672 INFO: =====================================================
2021-10-29 21:41:56,672 INFO: ======== INITIALISING DATASET 'single_antitop_s' =========
2021-10-29 21:41:56,672 INFO: =====================================================
2021-10-29 21:41:56,672 DEBUG: DATASET INPUT OPTIONS: 
2021-10-29 21:41:56,672 DEBUG: ----------------------------
2021-10-29 21:41:56,672 DEBUG: Input file(s):  /data/atlas/HighMassDrellYan/test_mc16a/single_antitop_s/*.root
2021-10-29 21:41:56,672 DEBUG: TTree: nominal_Loose
2021-10-29 21:41:56,673 DEBUG: Cutfile: options/jesal_cutflow/cutfile_jesal.txt
2021-10-29 21:41:56,673 DEBUG: Slices: False
2021-10-29 21:41:56,673 DEBUG: grouped cutflow: True
2021-10-29 21:41:56,673 DEBUG: Forced dataset rebuild: True
2021-10-29 21:41:56,673 DEBUG: ----------------------------
2021-10-29 21:41:56,673 DEBUG: 
2021-10-29 21:41:56,673 DEBUG: CUTFILE CONTENTS
2021-10-29 21:41:56,673 DEBUG: ---------------------------
2021-10-29 21:41:56,673 DEBUG: [CUTS]
2021-10-29 21:41:56,673 DEBUG: # Name	Variable	</>	Cut (in GeV if applicable)	Group Symmetric
2021-10-29 21:41:56,673 DEBUG: # !!REMEMBER DEFAULT ANALYSISTOP OUTPUT IS IN MeV NOT GeV!!
2021-10-29 21:41:56,673 DEBUG: Tight muon	mu_isTight	=	1	tight muon cut	false
2021-10-29 21:41:56,674 DEBUG: eta	mu_eta	<	2.4	eta	true
2021-10-29 21:41:56,674 DEBUG: E_{T}^{MISS}	met_met	>	65	met	false
2021-10-29 21:41:56,674 DEBUG: p_T	mu_pt	>	65	mu pt	false
2021-10-29 21:41:56,674 DEBUG: M_T	mu_mt	>	55	muon mt	false
2021-10-29 21:41:56,674 DEBUG: M_W	MC_WZ_m	>	120	W m	false	truth
2021-10-29 21:41:56,674 DEBUG: 
2021-10-29 21:41:56,676 DEBUG: [OUTPUTS]
2021-10-29 21:41:56,676 DEBUG: # variables to process
2021-10-29 21:41:56,676 DEBUG: mu_mt
2021-10-29 21:41:56,676 DEBUG: mu_pt
2021-10-29 21:41:56,676 DEBUG: mu_eta
2021-10-29 21:41:56,676 DEBUG: 
2021-10-29 21:41:56,676 DEBUG: [OPTIONS]
2021-10-29 21:41:56,676 DEBUG: # case-insensitive
2021-10-29 21:41:56,676 DEBUG: sequential	false
2021-10-29 21:41:56,676 DEBUG: grouped cutflow	false
2021-10-29 21:41:56,676 DEBUG: ---------------------------
2021-10-29 21:41:56,676 INFO: Parsting cutfile for single_antitop_s...
2021-10-29 21:41:56,678 DEBUG: Datafile found
2021-10-29 21:41:56,679 INFO: Building single_antitop_s dataframe from /data/atlas/HighMassDrellYan/test_mc16a/single_antitop_s/*.root...
2021-10-29 21:41:56,679 DEBUG: Variables to extract from nominal_Loose tree: 
2021-10-29 21:41:56,679 DEBUG:   - met_phi
2021-10-29 21:41:56,679 DEBUG:   - weight_mc
2021-10-29 21:41:56,679 DEBUG:   - mu_pt
2021-10-29 21:41:56,679 DEBUG:   - eventNumber
2021-10-29 21:41:56,679 DEBUG:   - mu_phi
2021-10-29 21:41:56,679 DEBUG:   - mu_isTight
2021-10-29 21:41:56,679 DEBUG:   - mu_eta
2021-10-29 21:41:56,679 DEBUG:   - met_met
2021-10-29 21:41:56,679 DEBUG: Variables to extract from truth tree: 
2021-10-29 21:41:56,679 DEBUG:   - MC_WZ_m
2021-10-29 21:41:56,679 DEBUG: Variables to calculate: 
2021-10-29 21:41:56,679 DEBUG:   - mu_mt
2021-10-29 21:41:56,679 DEBUG: Checking TTree and TBranch values in file(s) '/data/atlas/HighMassDrellYan/test_mc16a/single_antitop_s/*.root'...
2021-10-29 21:41:56,818 DEBUG: All TTrees and variables found in /data/atlas/HighMassDrellYan/test_mc16a/single_antitop_s/user.jmandali.24799780._000001.prelim_mc16a_bckg.root...
2021-10-29 21:41:56,933 DEBUG: All TTrees and variables found in /data/atlas/HighMassDrellYan/test_mc16a/single_antitop_s/user.jmandali.24799780._000002.prelim_mc16a_bckg.root...
2021-10-29 21:41:56,933 DEBUG: All required TTrees variables found.
2021-10-29 21:41:56,934 WARNING: Variable(s) ['mu_isTight'] not contained in labels dictionary. Some unexpected behaviour may occur.
2021-10-29 21:41:56,934 INFO: Extracting {'met_phi', 'weight_mc', 'mu_pt', 'eventNumber', 'mu_phi', 'mu_isTight', 'mu_eta', 'met_met'} from /data/atlas/HighMassDrellYan/test_mc16a/single_antitop_s/*.root...
2021-10-29 21:41:57,257 DEBUG: Extracted 1814 events.
2021-10-29 21:41:57,257 DEBUG: Extracting ['MC_WZ_m'] from TTree truth...
2021-10-29 21:41:57,745 DEBUG: Extracted 1101722 events.
2021-10-29 21:41:57,745 DEBUG: Merging with rest of dataframe...
2021-10-29 21:41:57,895 INFO: time to build dataframe: 00:00:00
2021-10-29 21:41:57,895 INFO: Computing 'mu_mt' column from ['mu_pt', 'met_met', 'mu_phi', 'met_phi']...
2021-10-29 21:41:57,938 DEBUG: Rescaled columns ['mu_pt', 'MC_WZ_m', 'mu_mt'] to GeV.
2021-10-29 21:41:57,942 INFO: Dataframe built and saved in outputs/jesal_cutflow/data/single_antitop_s_df.pkl
2021-10-29 21:41:57,942 INFO: Number of events in dataset single_antitop_s: 1814
2021-10-29 21:41:57,942 INFO: Creating weights for single_antitop_s...
2021-10-29 21:41:57,943 DEBUG: INCLUSIVE SAMPLE METADATA:
2021-10-29 21:41:57,943 DEBUG: --------------------------
2021-10-29 21:41:57,943 DEBUG: n_events   sum_w         x-s fb        lumi fb-1
2021-10-29 21:41:57,943 DEBUG: ==========================================================
2021-10-29 21:41:57,944 DEBUG: 1814       2.298502e+03  1.267090e+00  2.002067e+05
2021-10-29 21:41:57,944 INFO: Creating cuts for single_antitop_s...
2021-10-29 21:41:57,947 INFO: 
2021-10-29 21:41:57,948 INFO: ========== CUTS USED ============
2021-10-29 21:41:57,948 INFO: Tight muon  : mu_isTight = 1.0
2021-10-29 21:41:57,948 INFO: eta         :    |mu_eta| < 2.4
2021-10-29 21:41:57,948 INFO: E_{T}^{MISS}:    met_met > 65.0
2021-10-29 21:41:57,948 INFO: p_T         :      mu_pt > 65.0
2021-10-29 21:41:57,948 INFO: M_T         :      mu_mt > 55.0
2021-10-29 21:41:57,948 INFO: M_W         :    MC_WZ_m > 120.0
2021-10-29 21:41:57,948 INFO: 
2021-10-29 21:41:57,953 INFO: =========== CUTFLOW =============
2021-10-29 21:41:57,954 INFO: Option: Non-sequential
2021-10-29 21:41:57,954 INFO: ---------------------------------
2021-10-29 21:41:57,954 INFO: Cut            Events Ratio
2021-10-29 21:41:57,954 INFO: Inclusive      1814   -
2021-10-29 21:41:57,954 INFO: tight muon cut 1814 1.000    
2021-10-29 21:41:57,954 INFO: eta            1814 1.000    
2021-10-29 21:41:57,954 INFO: met            1814 1.000    
2021-10-29 21:41:57,954 INFO: mu pt          1814 1.000    
2021-10-29 21:41:57,954 INFO: muon mt        1814 1.000    
2021-10-29 21:41:57,954 INFO: W m            68   0.037    
2021-10-29 21:41:57,954 INFO: 
2021-10-29 21:41:57,954 INFO: =====================================================
2021-10-29 21:41:57,954 INFO: ========= DATASET 'single_antitop_s' INITIALISED =========
2021-10-29 21:41:57,954 INFO: =====================================================
2021-10-29 21:41:57,954 INFO: 
2021-10-29 21:41:57,954 INFO: ====================================
2021-10-29 21:41:57,954 INFO: ANALYSIS 'jesal_cutflow' INITIALISED
