2021-10-22 18:19:10,759 INFO:INITIALISING ANALYSIS 'jesal_cutflow'...
2021-10-22 18:19:10,760 INFO:========================================
2021-10-22 18:19:10,761 INFO:
2021-10-22 18:19:10,762 INFO:======== INITIALISING DATASET 'wmintaunu_nominal' =========
2021-10-22 18:19:10,776 DEBUG:DATASET INPUT OPTIONS: 
2021-10-22 18:19:10,776 DEBUG:----------------------------
2021-10-22 18:19:10,776 DEBUG:Input file(s):  /data/atlas/HighMassDrellYan/test_mc16a/wmintaunu*/*.root
2021-10-22 18:19:10,777 DEBUG:TTree: nominal_Loose
2021-10-22 18:19:10,778 DEBUG:Cutfile: options/jesal_cutflow/cutfile_jesal.txt
2021-10-22 18:19:10,778 DEBUG:Slices: True
2021-10-22 18:19:10,778 DEBUG:groupted cutflow: True
2021-10-22 18:19:10,779 DEBUG:----------------------------
2021-10-22 18:19:10,779 DEBUG:
2021-10-22 18:19:10,779 DEBUG:CUTFILE CONTENTS
2021-10-22 18:19:10,779 DEBUG:---------------------------
2021-10-22 18:19:10,780 DEBUG:[CUTS]
2021-10-22 18:19:10,781 DEBUG:# Name	Variable	</>	Cut (in GeV if applicable)	Group Symmetric
2021-10-22 18:19:10,781 DEBUG:# !!REMEMBER DEFAULT ANALYSISTOP OUTPUT IS IN MeV NOT GeV!!
2021-10-22 18:19:10,782 DEBUG:Tight muon	mu_isTight	=	1	tight muon cut	false
2021-10-22 18:19:10,782 DEBUG:eta	mu_eta	<	2.4	eta	true
2021-10-22 18:19:10,783 DEBUG:E_{T}^{MISS}	met_met	>	65	met	false
2021-10-22 18:19:10,783 DEBUG:p_T	mu_pt	>	65	mu pt	false
2021-10-22 18:19:10,783 DEBUG:M_T	PDFinfo_Q	>	55	dilepton mass	false
2021-10-22 18:19:10,783 DEBUG:
2021-10-22 18:19:10,784 DEBUG:[OUTPUTS]
2021-10-22 18:19:10,784 DEBUG:# variables to process
2021-10-22 18:19:10,784 DEBUG:PDFinfo_Q
2021-10-22 18:19:10,785 DEBUG:
2021-10-22 18:19:10,785 DEBUG:[OPTIONS]
2021-10-22 18:19:10,785 DEBUG:# case-insensitive
2021-10-22 18:19:10,785 DEBUG:sequential	false
2021-10-22 18:19:10,785 DEBUG:grouped cutflow	false
2021-10-22 18:19:10,786 DEBUG:---------------------------
2021-10-22 18:19:10,786 INFO:Parsting cutfile for wmintaunu_nominal...
2021-10-22 18:19:10,791 DEBUG:Datafile found
2021-10-22 18:19:10,792 INFO:Building wmintaunu_nominal dataframe from /data/atlas/HighMassDrellYan/test_mc16a/wmintaunu*/*.root...
2021-10-22 18:19:10,792 DEBUG:Variables to extract: 
2021-10-22 18:19:10,793 DEBUG:  - PDFinfo_Q
2021-10-22 18:19:10,794 DEBUG:  - mu_isTight
2021-10-22 18:19:10,794 DEBUG:  - weight_mc
2021-10-22 18:19:10,794 DEBUG:  - mu_eta
2021-10-22 18:19:10,795 DEBUG:  - met_met
2021-10-22 18:19:10,796 DEBUG:  - mu_pt
2021-10-22 18:19:10,796 DEBUG:Checking TTree and TBranch values in file(s) '/data/atlas/HighMassDrellYan/test_mc16a/wmintaunu*/*.root'...
2021-10-22 18:19:17,879 DEBUG:All required variables found.
2021-10-22 18:19:17,880 WARNING:Warning: variable(s) ['mu_isTight'] not contained in labels dictionary.Some unexpected behaviour may occur.
2021-10-22 18:19:17,880 INFO:Extracting data from /data/atlas/HighMassDrellYan/test_mc16a/wmintaunu*/*.root...
2021-10-22 18:19:17,880 INFO:Extracting in slices...
2021-10-22 18:19:26,908 DEBUG:Found 20 unique dsid(s).
2021-10-22 18:19:26,917 WARNING:Value of 'totalEventsWeighted' (165275369472.0) is not the same as the total summed values of 'weight_mc' (995330.625) for DISD 361105.
2021-10-22 18:19:26,919 WARNING:Value of 'totalEventsWeighted' (145.32899475097656) is not the same as the total summed values of 'weight_mc' (6.467325210571289) for DISD 301166.
2021-10-22 18:19:26,921 WARNING:Value of 'totalEventsWeighted' (10433584.0) is not the same as the total summed values of 'weight_mc' (3148.68505859375) for DISD 301160.
2021-10-22 18:19:26,924 WARNING:Value of 'totalEventsWeighted' (50.13829803466797) is not the same as the total summed values of 'weight_mc' (2.441737413406372) for DISD 301167.
2021-10-22 18:19:26,926 WARNING:Value of 'totalEventsWeighted' (18.406715393066406) is not the same as the total summed values of 'weight_mc' (0.9078122973442078) for DISD 301168.
2021-10-22 18:19:26,928 WARNING:Value of 'totalEventsWeighted' (7.473324775695801) is not the same as the total summed values of 'weight_mc' (0.3670908212661743) for DISD 301169.
2021-10-22 18:19:26,930 WARNING:Value of 'totalEventsWeighted' (821307.6875) is not the same as the total summed values of 'weight_mc' (4072.830810546875) for DISD 301161.
2021-10-22 18:19:26,932 WARNING:Value of 'totalEventsWeighted' (3.265511989593506) is not the same as the total summed values of 'weight_mc' (0.16862958669662476) for DISD 301170.
2021-10-22 18:19:26,934 WARNING:Value of 'totalEventsWeighted' (1.5084095001220703) is not the same as the total summed values of 'weight_mc' (0.07210100442171097) for DISD 301171.
2021-10-22 18:19:26,936 WARNING:Value of 'totalEventsWeighted' (162471.15625) is not the same as the total summed values of 'weight_mc' (2467.95947265625) for DISD 301162.
2021-10-22 18:19:26,938 WARNING:Value of 'totalEventsWeighted' (0.7274540066719055) is not the same as the total summed values of 'weight_mc' (0.03714439272880554) for DISD 301172.
2021-10-22 18:19:26,941 WARNING:Value of 'totalEventsWeighted' (0.36294829845428467) is not the same as the total summed values of 'weight_mc' (0.018386848270893097) for DISD 301173.
2021-10-22 18:19:26,943 WARNING:Value of 'totalEventsWeighted' (0.283456414937973) is not the same as the total summed values of 'weight_mc' (0.014076698571443558) for DISD 301174.
2021-10-22 18:19:26,945 WARNING:Value of 'totalEventsWeighted' (0.07986969500780106) is not the same as the total summed values of 'weight_mc' (0.003937546629458666) for DISD 301175.
2021-10-22 18:19:26,947 WARNING:Value of 'totalEventsWeighted' (17540.888671875) is not the same as the total summed values of 'weight_mc' (493.302490234375) for DISD 301163.
2021-10-22 18:19:26,949 WARNING:Value of 'totalEventsWeighted' (0.023605169728398323) is not the same as the total summed values of 'weight_mc' (0.001116049475967884) for DISD 301176.
2021-10-22 18:19:26,951 WARNING:Value of 'totalEventsWeighted' (0.007140154950320721) is not the same as the total summed values of 'weight_mc' (0.0003350143670104444) for DISD 301177.
2021-10-22 18:19:26,953 WARNING:Value of 'totalEventsWeighted' (0.0030812351033091545) is not the same as the total summed values of 'weight_mc' (0.000131876120576635) for DISD 301178.
2021-10-22 18:19:26,955 WARNING:Value of 'totalEventsWeighted' (1548.9874267578125) is not the same as the total summed values of 'weight_mc' (59.91420364379883) for DISD 301164.
2021-10-22 18:19:26,958 WARNING:Value of 'totalEventsWeighted' (414.3192138671875) is not the same as the total summed values of 'weight_mc' (17.649803161621094) for DISD 301165.
2021-10-22 18:19:26,958 INFO:time to build dataframe: 9.1s
2021-10-22 18:19:26,960 DEBUG:Rescaled columns ['PDFinfo_Q', 'mu_pt'] to GeV.
2021-10-22 18:19:26,979 INFO:Dataframe built and saved in outputs/jesal_cutflow/data/wmintaunu_nominal_df.pkl
2021-10-22 18:19:26,979 INFO:Creating weights for wmintaunu_nominal...
2021-10-22 18:19:26,982 DEBUG:PER-DSID INFO:
2021-10-22 18:19:26,982 DEBUG:--------------
2021-10-22 18:19:26,982 DEBUG:DSID       n_events   sum_w         x-s fb        lumi fb-1
2021-10-22 18:19:26,982 DEBUG:==========================================================
2021-10-22 18:19:26,986 DEBUG:361105     118        9.953306e+05  8.435005e+03  8.431161e-04
2021-10-22 18:19:26,988 DEBUG:301166     2047       6.467326e+00  3.159417e-03  6.230181e+00
2021-10-22 18:19:26,990 DEBUG:301160     141        3.148685e+03  2.233110e+01  4.224972e-02
2021-10-22 18:19:26,992 DEBUG:301167     2435       2.441737e+00  1.002767e-03  6.818008e+00
2021-10-22 18:19:26,994 DEBUG:301168     2466       9.078124e-01  3.681315e-04  6.904750e+00
2021-10-22 18:19:26,996 DEBUG:301169     2456       3.670908e-01  1.494669e-04  6.876823e+00
2021-10-22 18:19:26,998 DEBUG:301161     1237       4.072831e+03  3.292507e+00  6.942543e-01
2021-10-22 18:19:27,001 DEBUG:301170     2582       1.686296e-01  6.530968e-05  7.229541e+00
2021-10-22 18:19:27,002 DEBUG:301171     2390       7.210101e-02  3.016779e-05  6.691912e+00
2021-10-22 18:19:27,004 DEBUG:301162     2277       2.467959e+03  1.083865e+00  2.126620e+00
2021-10-22 18:19:27,007 DEBUG:301172     2553       3.714439e-02  1.454931e-05  7.148516e+00
2021-10-22 18:19:27,009 DEBUG:301173     2533       1.838685e-02  7.258922e-06  7.092359e+00
2021-10-22 18:19:27,011 DEBUG:301174     2483       1.407670e-02  5.669230e-06  6.952527e+00
2021-10-22 18:19:27,013 DEBUG:301175     2465       3.937546e-03  1.597382e-06  6.901951e+00
2021-10-22 18:19:27,015 DEBUG:301163     2812       4.933025e+02  1.754276e-01  3.937222e+00
2021-10-22 18:19:27,017 DEBUG:301176     2364       1.116049e-03  4.721021e-07  6.619185e+00
2021-10-22 18:19:27,019 DEBUG:301177     2346       3.350144e-04  1.428024e-07  6.568769e+00
2021-10-22 18:19:27,021 DEBUG:301178     2140       1.318761e-04  6.162436e-08  5.991969e+00
2021-10-22 18:19:27,023 DEBUG:301164     1934       5.991421e+01  3.097942e-02  5.415145e+00
2021-10-22 18:19:27,025 DEBUG:301165     2130       1.764980e+01  8.286293e-03  5.963937e+00
2021-10-22 18:19:27,025 INFO:Creating cuts for wmintaunu_nominal...
2021-10-22 18:19:27,031 INFO:
2021-10-22 18:19:27,031 INFO:========== CUTS USED ============
2021-10-22 18:19:27,031 INFO:Tight muon  : mu_isTight = 1.0
2021-10-22 18:19:27,032 INFO:eta         :    |mu_eta| < 2.4
2021-10-22 18:19:27,032 INFO:E_{T}^{MISS}:    met_met > 65.0
2021-10-22 18:19:27,032 INFO:p_T         :      mu_pt > 65.0
2021-10-22 18:19:27,032 INFO:M_T         :  PDFinfo_Q > 55.0
2021-10-22 18:19:27,032 INFO:
2021-10-22 18:19:27,045 INFO:=========== CUTFLOW =============
2021-10-22 18:19:27,045 INFO:Option: Non-sequential
2021-10-22 18:19:27,046 INFO:---------------------------------
2021-10-22 18:19:27,046 INFO:Cut            Events Ratio
2021-10-22 18:19:27,046 INFO:Inclusive      41909   -
2021-10-22 18:19:27,046 INFO:tight muon cut 41909 1.000    
2021-10-22 18:19:27,047 INFO:eta            41909 1.000    
2021-10-22 18:19:27,047 INFO:met            41909 1.000    
2021-10-22 18:19:27,047 INFO:mu pt          41909 1.000    
2021-10-22 18:19:27,047 INFO:dilepton mass  0     0.000    
2021-10-22 18:19:27,048 INFO:
2021-10-22 18:19:27,048 INFO:========= DATASET 'wmintaunu_nominal' INITIALISED =========
2021-10-22 18:19:27,048 INFO:
2021-10-22 18:19:27,048 INFO:======== INITIALISING DATASET 'wplustaunu_nominal' =========
2021-10-22 18:19:27,089 DEBUG:DATASET INPUT OPTIONS: 
2021-10-22 18:19:27,089 DEBUG:----------------------------
2021-10-22 18:19:27,089 DEBUG:Input file(s):  /data/atlas/HighMassDrellYan/test_mc16a/wplustaunu*/*.root
2021-10-22 18:19:27,090 DEBUG:TTree: truth
2021-10-22 18:19:27,091 DEBUG:Cutfile: options/cutfile_EXAMPLE.txt
2021-10-22 18:19:27,091 DEBUG:Slices: False
2021-10-22 18:19:27,091 DEBUG:groupted cutflow: True
2021-10-22 18:19:27,091 DEBUG:----------------------------
2021-10-22 18:19:27,092 DEBUG:
2021-10-22 18:19:27,092 DEBUG:CUTFILE CONTENTS
2021-10-22 18:19:27,093 DEBUG:---------------------------
2021-10-22 18:19:27,093 DEBUG:[CUTS]
2021-10-22 18:19:27,093 DEBUG:# Name	Variable	</>	Cut (in GeV if applicable)	Group Symmetric
2021-10-22 18:19:27,094 DEBUG:# !!REMEMBER DEFAULT ANALYSISTOP OUTPUT IS IN MeV NOT GeV!!
2021-10-22 18:19:27,094 DEBUG:Muon $|#eta|$	MC_WZmu_el_eta_born	<	2.4	$\eta$ cut	true
2021-10-22 18:19:27,095 DEBUG:Muon $p_{T}$	MC_WZmu_el_pt_born	>	25	$p_T$ cut	false
2021-10-22 18:19:27,095 DEBUG:Neutrino $p_{T}$	MC_WZneutrino_pt_born	>	25	$p_T$ cut	false
2021-10-22 18:19:27,096 DEBUG:
2021-10-22 18:19:27,096 DEBUG:[OUTPUTS]
2021-10-22 18:19:27,096 DEBUG:# variables to process
2021-10-22 18:19:27,097 DEBUG:MC_WZ_dilep_m_born
2021-10-22 18:19:27,097 DEBUG:MC_WZ_dilep_m_bare
2021-10-22 18:19:27,097 DEBUG:MC_WZ_dilep_m_dres
2021-10-22 18:19:27,097 DEBUG:MC_WZ_pt
2021-10-22 18:19:27,098 DEBUG:
2021-10-22 18:19:27,098 DEBUG:[OPTIONS]
2021-10-22 18:19:27,099 DEBUG:# case-insensitive
2021-10-22 18:19:27,099 DEBUG:sequential	true
2021-10-22 18:19:27,099 DEBUG:grouped cutflow	true
2021-10-22 18:19:27,099 DEBUG:---------------------------
2021-10-22 18:19:27,099 INFO:Parsting cutfile for wplustaunu_nominal...
2021-10-22 18:19:27,104 INFO:Backup cutfile saved in outputs/jesal_cutflow/cutfiles/wplustaunu_nominal_cutfile_EXAMPLE_2021-10-22_18-19-27.txt
2021-10-22 18:19:27,105 DEBUG:New cutfile, will save backup.
2021-10-22 18:19:46,166 INFO:Building wplustaunu_nominal dataframe from /data/atlas/HighMassDrellYan/test_mc16a/wplustaunu*/*.root...
2021-10-22 18:19:46,167 DEBUG:Variables to extract: 
2021-10-22 18:19:46,168 DEBUG:  - MC_WZ_pt
2021-10-22 18:19:46,168 DEBUG:  - MC_WZmu_el_eta_born
2021-10-22 18:19:46,169 DEBUG:  - MC_WZneutrino_pt_born
2021-10-22 18:19:46,169 DEBUG:  - MC_WZ_dilep_m_dres
2021-10-22 18:19:46,170 DEBUG:  - MC_WZ_dilep_m_born
2021-10-22 18:19:46,170 DEBUG:  - weight_mc
2021-10-22 18:19:46,170 DEBUG:  - MC_WZmu_el_pt_born
2021-10-22 18:19:46,170 DEBUG:  - MC_WZ_dilep_m_bare
2021-10-22 18:19:46,170 DEBUG:Checking TTree and TBranch values in file(s) '/data/atlas/HighMassDrellYan/test_mc16a/wplustaunu*/*.root'...
2021-10-22 18:20:02,370 DEBUG:All required variables found.
2021-10-22 18:20:02,371 INFO:Extracting data from /data/atlas/HighMassDrellYan/test_mc16a/wplustaunu*/*.root...
