2021-10-28 22:16:55,902 INFO: INITIALISING ANALYSIS 'jesal_cutflow'...
2021-10-28 22:16:55,902 INFO: ========================================
2021-10-28 22:16:55,902 INFO: 
2021-10-28 22:16:55,902 INFO: ======== INITIALISING DATASET 'wmintaunu_slices' =========
2021-10-28 22:16:55,908 DEBUG: DATASET INPUT OPTIONS: 
2021-10-28 22:16:55,908 DEBUG: ----------------------------
2021-10-28 22:16:55,908 DEBUG: Input file(s):  /data/atlas/HighMassDrellYan/test_mc16a/wmintaunu_*/*.root
2021-10-28 22:16:55,908 DEBUG: TTree: nominal_Loose
2021-10-28 22:16:55,908 DEBUG: Cutfile: options/jesal_cutflow/cutfile_jesal.txt
2021-10-28 22:16:55,908 DEBUG: Slices: True
2021-10-28 22:16:55,908 DEBUG: grouped cutflow: True
2021-10-28 22:16:55,908 DEBUG: Forced dataset rebuild: False
2021-10-28 22:16:55,909 DEBUG: ----------------------------
2021-10-28 22:16:55,909 DEBUG: 
2021-10-28 22:16:55,909 DEBUG: CUTFILE CONTENTS
2021-10-28 22:16:55,909 DEBUG: ---------------------------
2021-10-28 22:16:55,909 DEBUG: [CUTS]
2021-10-28 22:16:55,909 DEBUG: # Name	Variable	</>	Cut (in GeV if applicable)	Group Symmetric
2021-10-28 22:16:55,909 DEBUG: # !!REMEMBER DEFAULT ANALYSISTOP OUTPUT IS IN MeV NOT GeV!!
2021-10-28 22:16:55,910 DEBUG: Tight muon	mu_isTight	=	1	tight muon cut	false
2021-10-28 22:16:55,910 DEBUG: eta	mu_eta	<	2.4	eta	true
2021-10-28 22:16:55,910 DEBUG: E_{T}^{MISS}	met_met	>	65	met	false
2021-10-28 22:16:55,910 DEBUG: p_T	mu_pt	>	65	mu pt	false
2021-10-28 22:16:55,910 DEBUG: M_T	mu_mt	>	55	muon mt	false
2021-10-28 22:16:55,910 DEBUG: M_W	MC_WZ_m	>	120	W m	false	truth
2021-10-28 22:16:55,910 DEBUG: 
2021-10-28 22:16:55,910 DEBUG: [OUTPUTS]
2021-10-28 22:16:55,910 DEBUG: # variables to process
2021-10-28 22:16:55,910 DEBUG: mu_mt
2021-10-28 22:16:55,910 DEBUG: mu_pt
2021-10-28 22:16:55,910 DEBUG: mu_eta
2021-10-28 22:16:55,910 DEBUG: 
2021-10-28 22:16:55,910 DEBUG: [OPTIONS]
2021-10-28 22:16:55,910 DEBUG: # case-insensitive
2021-10-28 22:16:55,910 DEBUG: sequential	false
2021-10-28 22:16:55,910 DEBUG: grouped cutflow	false
2021-10-28 22:16:55,910 DEBUG: ---------------------------
2021-10-28 22:16:55,910 INFO: Parsting cutfile for wmintaunu_slices...
2021-10-28 22:16:55,912 DEBUG: Datafile found
2021-10-28 22:16:55,913 INFO: Reading data for wmintaunu_slices dataframe from outputs/jesal_cutflow/data/wmintaunu_slices_df.pkl...
2021-10-28 22:16:55,938 INFO: Number of events in dataset wmintaunu_slices: 726886
2021-10-28 22:16:55,939 INFO: Creating weights for wmintaunu_slices...
2021-10-28 22:16:55,946 DEBUG: PER-DSID INFO:
2021-10-28 22:16:55,946 DEBUG: --------------
2021-10-28 22:16:55,946 DEBUG: DSID       n_events   sum_w         x-s fb        lumi fb-1
2021-10-28 22:16:55,946 DEBUG: ==========================================================
2021-10-28 22:16:55,974 DEBUG: 301160     584        1.304203e+04  2.233225e+01  1.750007e-01
2021-10-28 22:16:55,976 DEBUG: 301161     7814       2.572807e+04  3.292561e+00  4.385605e+00
2021-10-28 22:16:55,978 DEBUG: 301162     19355      2.097866e+04  1.083888e+00  1.807713e+01
2021-10-28 22:16:55,981 DEBUG: 301163     32203      5.649394e+03  1.754307e-01  4.508980e+01
2021-10-28 22:16:55,984 DEBUG: 301164     36493      1.130532e+03  3.097943e-02  1.021794e+02
2021-10-28 22:16:55,987 DEBUG: 301165     40197      3.330843e+02  8.286296e-03  1.125505e+02
2021-10-28 22:16:55,990 DEBUG: 301166     38794      1.225665e+02  3.159418e-03  1.180722e+02
2021-10-28 22:16:55,993 DEBUG: 301167     45957      4.608419e+01  1.002768e-03  1.286798e+02
2021-10-28 22:16:55,997 DEBUG: 301168     46553      1.713763e+01  3.681316e-04  1.303474e+02
2021-10-28 22:16:56,000 DEBUG: 301169     46357      6.928842e+00  1.494670e-04  1.298001e+02
2021-10-28 22:16:56,003 DEBUG: 301170     48747      3.183652e+00  6.530970e-05  1.364905e+02
2021-10-28 22:16:56,006 DEBUG: 301171     45132      1.361533e+00  3.016780e-05  1.263680e+02
2021-10-28 22:16:56,009 DEBUG: 301172     48195      7.012044e-01  1.454932e-05  1.349483e+02
2021-10-28 22:16:56,013 DEBUG: 301173     47837      3.472451e-01  7.258924e-06  1.339429e+02
2021-10-28 22:16:56,016 DEBUG: 301174     46889      2.658246e-01  5.669233e-06  1.312917e+02
2021-10-28 22:16:56,019 DEBUG: 301175     46518      7.430704e-02  1.597383e-06  1.302495e+02
2021-10-28 22:16:56,022 DEBUG: 301176     44600      2.105576e-02  4.721023e-07  1.248797e+02
2021-10-28 22:16:56,025 DEBUG: 301177     44286      6.324148e-03  1.428024e-07  1.240002e+02
2021-10-28 22:16:56,027 DEBUG: 301178     40375      2.488081e-03  6.162430e-08  1.130493e+02
2021-10-28 22:16:56,028 INFO: Creating cuts for wmintaunu_slices...
2021-10-28 22:16:56,035 INFO: 
2021-10-28 22:16:56,035 INFO: ========== CUTS USED ============
2021-10-28 22:16:56,035 INFO: Tight muon  : mu_isTight = 1.0
2021-10-28 22:16:56,035 INFO: eta         :    |mu_eta| < 2.4
2021-10-28 22:16:56,035 INFO: E_{T}^{MISS}:    met_met > 65.0
2021-10-28 22:16:56,036 INFO: p_T         :      mu_pt > 65.0
2021-10-28 22:16:56,036 INFO: M_T         :      mu_mt > 55.0
2021-10-28 22:16:56,036 INFO: M_W         :    MC_WZ_m > 120.0
2021-10-28 22:16:56,036 INFO: 
2021-10-28 22:16:56,123 INFO: =========== CUTFLOW =============
2021-10-28 22:16:56,123 INFO: Option: Non-sequential
2021-10-28 22:16:56,123 INFO: ---------------------------------
2021-10-28 22:16:56,123 INFO: Cut            Events Ratio
2021-10-28 22:16:56,123 INFO: Inclusive      726886   -
2021-10-28 22:16:56,123 INFO: tight muon cut 726886 1.000    
2021-10-28 22:16:56,123 INFO: eta            726886 1.000    
2021-10-28 22:16:56,123 INFO: met            726886 1.000    
2021-10-28 22:16:56,123 INFO: mu pt          726886 1.000    
2021-10-28 22:16:56,123 INFO: muon mt        726886 1.000    
2021-10-28 22:16:56,123 INFO: W m            726886 1.000    
2021-10-28 22:16:56,124 INFO: 
2021-10-28 22:16:56,125 INFO: ========= DATASET 'wmintaunu_slices' INITIALISED =========
2021-10-28 22:16:56,125 INFO: 
2021-10-28 22:16:56,125 INFO: ======== INITIALISING DATASET 'wmintaunu_inclusive' =========
2021-10-28 22:16:56,126 DEBUG: DATASET INPUT OPTIONS: 
2021-10-28 22:16:56,126 DEBUG: ----------------------------
2021-10-28 22:16:56,126 DEBUG: Input file(s):  /data/atlas/HighMassDrellYan/test_mc16a/wmintaunu/*.root
2021-10-28 22:16:56,126 DEBUG: TTree: nominal_Loose
2021-10-28 22:16:56,126 DEBUG: Cutfile: options/jesal_cutflow/cutfile_jesal.txt
2021-10-28 22:16:56,126 DEBUG: Slices: False
2021-10-28 22:16:56,126 DEBUG: grouped cutflow: True
2021-10-28 22:16:56,126 DEBUG: Forced dataset rebuild: False
2021-10-28 22:16:56,126 DEBUG: ----------------------------
2021-10-28 22:16:56,126 DEBUG: 
2021-10-28 22:16:56,126 DEBUG: CUTFILE CONTENTS
2021-10-28 22:16:56,126 DEBUG: ---------------------------
2021-10-28 22:16:56,126 DEBUG: [CUTS]
2021-10-28 22:16:56,126 DEBUG: # Name	Variable	</>	Cut (in GeV if applicable)	Group Symmetric
2021-10-28 22:16:56,126 DEBUG: # !!REMEMBER DEFAULT ANALYSISTOP OUTPUT IS IN MeV NOT GeV!!
2021-10-28 22:16:56,126 DEBUG: Tight muon	mu_isTight	=	1	tight muon cut	false
2021-10-28 22:16:56,126 DEBUG: eta	mu_eta	<	2.4	eta	true
2021-10-28 22:16:56,127 DEBUG: E_{T}^{MISS}	met_met	>	65	met	false
2021-10-28 22:16:56,127 DEBUG: p_T	mu_pt	>	65	mu pt	false
2021-10-28 22:16:56,127 DEBUG: M_T	mu_mt	>	55	muon mt	false
2021-10-28 22:16:56,127 DEBUG: M_W	MC_WZ_m	>	120	W m	false	truth
2021-10-28 22:16:56,127 DEBUG: 
2021-10-28 22:16:56,127 DEBUG: [OUTPUTS]
2021-10-28 22:16:56,127 DEBUG: # variables to process
2021-10-28 22:16:56,127 DEBUG: mu_mt
2021-10-28 22:16:56,127 DEBUG: mu_pt
2021-10-28 22:16:56,127 DEBUG: mu_eta
2021-10-28 22:16:56,127 DEBUG: 
2021-10-28 22:16:56,127 DEBUG: [OPTIONS]
2021-10-28 22:16:56,127 DEBUG: # case-insensitive
2021-10-28 22:16:56,127 DEBUG: sequential	false
2021-10-28 22:16:56,127 DEBUG: grouped cutflow	false
2021-10-28 22:16:56,127 DEBUG: ---------------------------
2021-10-28 22:16:56,127 INFO: Parsting cutfile for wmintaunu_inclusive...
2021-10-28 22:16:56,129 DEBUG: Datafile found
2021-10-28 22:16:56,129 INFO: Reading data for wmintaunu_inclusive dataframe from outputs/jesal_cutflow/data/wmintaunu_inclusive_df.pkl...
2021-10-28 22:16:56,130 INFO: Number of events in dataset wmintaunu_inclusive: 118
2021-10-28 22:16:56,130 INFO: Creating weights for wmintaunu_inclusive...
2021-10-28 22:16:56,132 DEBUG: INCLUSIVE SAMPLE METADATA:
2021-10-28 22:16:56,132 DEBUG: --------------------------
2021-10-28 22:16:56,132 DEBUG: n_events   sum_w         x-s fb        lumi fb-1
2021-10-28 22:16:56,132 DEBUG: ==========================================================
2021-10-28 22:16:56,133 DEBUG: 118        9.953306e+05  8.435005e+03  1.958505e+00
2021-10-28 22:16:56,133 INFO: Creating cuts for wmintaunu_inclusive...
2021-10-28 22:16:56,137 INFO: 
2021-10-28 22:16:56,137 INFO: ========== CUTS USED ============
2021-10-28 22:16:56,137 INFO: Tight muon  : mu_isTight = 1.0
2021-10-28 22:16:56,137 INFO: eta         :    |mu_eta| < 2.4
2021-10-28 22:16:56,138 INFO: E_{T}^{MISS}:    met_met > 65.0
2021-10-28 22:16:56,138 INFO: p_T         :      mu_pt > 65.0
2021-10-28 22:16:56,138 INFO: M_T         :      mu_mt > 55.0
2021-10-28 22:16:56,138 INFO: M_W         :    MC_WZ_m > 120.0
2021-10-28 22:16:56,138 INFO: 
2021-10-28 22:16:56,144 INFO: =========== CUTFLOW =============
2021-10-28 22:16:56,144 INFO: Option: Non-sequential
2021-10-28 22:16:56,144 INFO: ---------------------------------
2021-10-28 22:16:56,144 INFO: Cut            Events Ratio
2021-10-28 22:16:56,144 INFO: Inclusive      118   -
2021-10-28 22:16:56,144 INFO: tight muon cut 118 1.000    
2021-10-28 22:16:56,144 INFO: eta            118 1.000    
2021-10-28 22:16:56,145 INFO: met            118 1.000    
2021-10-28 22:16:56,145 INFO: mu pt          118 1.000    
2021-10-28 22:16:56,145 INFO: muon mt        118 1.000    
2021-10-28 22:16:56,145 INFO: W m            107 0.907    
2021-10-28 22:16:56,145 INFO: 
2021-10-28 22:16:56,145 INFO: ========= DATASET 'wmintaunu_inclusive' INITIALISED =========
2021-10-28 22:16:56,145 INFO: 
2021-10-28 22:16:56,146 INFO: ======== INITIALISING DATASET 'wplustaunu_slices' =========
2021-10-28 22:16:56,150 DEBUG: DATASET INPUT OPTIONS: 
2021-10-28 22:16:56,150 DEBUG: ----------------------------
2021-10-28 22:16:56,150 DEBUG: Input file(s):  /data/atlas/HighMassDrellYan/test_mc16a/wplustaunu_*/*.root
2021-10-28 22:16:56,150 DEBUG: TTree: nominal_Loose
2021-10-28 22:16:56,150 DEBUG: Cutfile: options/jesal_cutflow/cutfile_jesal.txt
2021-10-28 22:16:56,150 DEBUG: Slices: True
2021-10-28 22:16:56,150 DEBUG: grouped cutflow: True
2021-10-28 22:16:56,151 DEBUG: Forced dataset rebuild: False
2021-10-28 22:16:56,152 DEBUG: ----------------------------
2021-10-28 22:16:56,152 DEBUG: 
2021-10-28 22:16:56,152 DEBUG: CUTFILE CONTENTS
2021-10-28 22:16:56,152 DEBUG: ---------------------------
2021-10-28 22:16:56,152 DEBUG: [CUTS]
2021-10-28 22:16:56,152 DEBUG: # Name	Variable	</>	Cut (in GeV if applicable)	Group Symmetric
2021-10-28 22:16:56,152 DEBUG: # !!REMEMBER DEFAULT ANALYSISTOP OUTPUT IS IN MeV NOT GeV!!
2021-10-28 22:16:56,152 DEBUG: Tight muon	mu_isTight	=	1	tight muon cut	false
2021-10-28 22:16:56,152 DEBUG: eta	mu_eta	<	2.4	eta	true
2021-10-28 22:16:56,152 DEBUG: E_{T}^{MISS}	met_met	>	65	met	false
2021-10-28 22:16:56,152 DEBUG: p_T	mu_pt	>	65	mu pt	false
2021-10-28 22:16:56,152 DEBUG: M_T	mu_mt	>	55	muon mt	false
2021-10-28 22:16:56,152 DEBUG: M_W	MC_WZ_m	>	120	W m	false	truth
2021-10-28 22:16:56,152 DEBUG: 
2021-10-28 22:16:56,152 DEBUG: [OUTPUTS]
2021-10-28 22:16:56,153 DEBUG: # variables to process
2021-10-28 22:16:56,153 DEBUG: mu_mt
2021-10-28 22:16:56,153 DEBUG: mu_pt
2021-10-28 22:16:56,153 DEBUG: mu_eta
2021-10-28 22:16:56,153 DEBUG: 
2021-10-28 22:16:56,153 DEBUG: [OPTIONS]
2021-10-28 22:16:56,153 DEBUG: # case-insensitive
2021-10-28 22:16:56,153 DEBUG: sequential	false
2021-10-28 22:16:56,153 DEBUG: grouped cutflow	false
2021-10-28 22:16:56,153 DEBUG: ---------------------------
2021-10-28 22:16:56,153 INFO: Parsting cutfile for wplustaunu_slices...
2021-10-28 22:16:56,154 DEBUG: Datafile found
2021-10-28 22:16:56,154 INFO: Reading data for wplustaunu_slices dataframe from outputs/jesal_cutflow/data/wplustaunu_slices_df.pkl...
2021-10-28 22:16:56,173 INFO: Number of events in dataset wplustaunu_slices: 772578
2021-10-28 22:16:56,173 INFO: Creating weights for wplustaunu_slices...
2021-10-28 22:16:56,180 DEBUG: PER-DSID INFO:
2021-10-28 22:16:56,181 DEBUG: --------------
2021-10-28 22:16:56,181 DEBUG: DSID       n_events   sum_w         x-s fb        lumi fb-1
2021-10-28 22:16:56,181 DEBUG: ==========================================================
2021-10-28 22:16:56,205 DEBUG: 301140     521        1.677207e+04  3.219208e+01  1.465126e-01
2021-10-28 22:16:56,208 DEBUG: 301141     8113       4.065248e+04  5.010782e+00  4.550459e+00
2021-10-28 22:16:56,210 DEBUG: 301142     21300      3.730728e+04  1.751515e+00  1.989156e+01
2021-10-28 22:16:56,213 DEBUG: 301143     36357      1.135788e+04  3.123987e-01  5.090710e+01
2021-10-28 22:16:56,216 DEBUG: 301144     37316      2.268519e+03  6.079211e-02  1.044842e+02
2021-10-28 22:16:56,219 DEBUG: 301145     42047      7.428984e+02  1.766828e-02  1.177314e+02
2021-10-28 22:16:56,222 DEBUG: 301146     47861      3.488693e+02  7.289219e-03  1.340092e+02
2021-10-28 22:16:56,226 DEBUG: 301147     48678      1.220389e+02  2.507065e-03  1.363000e+02
2021-10-28 22:16:56,229 DEBUG: 301148     49533      4.885402e+01  9.862924e-04  1.386951e+02
2021-10-28 22:16:56,233 DEBUG: 301149     50141      2.128827e+01  4.245682e-04  1.403967e+02
2021-10-28 22:16:56,236 DEBUG: 301150     49514      9.637255e+00  1.946370e-04  1.386388e+02
2021-10-28 22:16:56,239 DEBUG: 301151     49229      4.595385e+00  9.334710e-05  1.378400e+02
2021-10-28 22:16:56,243 DEBUG: 301152     49191      2.275536e+00  4.625919e-05  1.377341e+02
2021-10-28 22:16:56,246 DEBUG: 301153     50388      1.182906e+00  2.347594e-05  1.410873e+02
2021-10-28 22:16:56,249 DEBUG: 301154     49324      9.100242e-01  1.844993e-05  1.381123e+02
2021-10-28 22:16:56,252 DEBUG: 301155     47861      2.439302e-01  5.096639e-06  1.340080e+02
2021-10-28 22:16:56,255 DEBUG: 301156     47234      6.757697e-02  1.430685e-06  1.322577e+02
2021-10-28 22:16:56,259 DEBUG: 301157     46569      1.868748e-02  4.012858e-07  1.303949e+02
2021-10-28 22:16:56,262 DEBUG: 301158     41401      6.353437e-03  1.534610e-07  1.159238e+02
2021-10-28 22:16:56,262 INFO: Creating cuts for wplustaunu_slices...
2021-10-28 22:16:56,269 INFO: 
2021-10-28 22:16:56,269 INFO: ========== CUTS USED ============
2021-10-28 22:16:56,269 INFO: Tight muon  : mu_isTight = 1.0
2021-10-28 22:16:56,269 INFO: eta         :    |mu_eta| < 2.4
2021-10-28 22:16:56,269 INFO: E_{T}^{MISS}:    met_met > 65.0
2021-10-28 22:16:56,269 INFO: p_T         :      mu_pt > 65.0
2021-10-28 22:16:56,269 INFO: M_T         :      mu_mt > 55.0
2021-10-28 22:16:56,270 INFO: M_W         :    MC_WZ_m > 120.0
2021-10-28 22:16:56,270 INFO: 
2021-10-28 22:16:56,357 INFO: =========== CUTFLOW =============
2021-10-28 22:16:56,357 INFO: Option: Non-sequential
2021-10-28 22:16:56,357 INFO: ---------------------------------
2021-10-28 22:16:56,357 INFO: Cut            Events Ratio
2021-10-28 22:16:56,357 INFO: Inclusive      772578   -
2021-10-28 22:16:56,357 INFO: tight muon cut 772578 1.000    
2021-10-28 22:16:56,357 INFO: eta            772578 1.000    
2021-10-28 22:16:56,357 INFO: met            772578 1.000    
2021-10-28 22:16:56,357 INFO: mu pt          772578 1.000    
2021-10-28 22:16:56,357 INFO: muon mt        772578 1.000    
2021-10-28 22:16:56,358 INFO: W m            772578 1.000    
2021-10-28 22:16:56,359 INFO: 
2021-10-28 22:16:56,359 INFO: ========= DATASET 'wplustaunu_slices' INITIALISED =========
2021-10-28 22:16:56,359 INFO: 
2021-10-28 22:16:56,359 INFO: ======== INITIALISING DATASET 'wplustaunu_inclusive' =========
2021-10-28 22:16:56,360 DEBUG: DATASET INPUT OPTIONS: 
2021-10-28 22:16:56,360 DEBUG: ----------------------------
2021-10-28 22:16:56,360 DEBUG: Input file(s):  /data/atlas/HighMassDrellYan/test_mc16a/wplustaunu/*.root
2021-10-28 22:16:56,360 DEBUG: TTree: nominal_Loose
2021-10-28 22:16:56,360 DEBUG: Cutfile: options/jesal_cutflow/cutfile_jesal.txt
2021-10-28 22:16:56,360 DEBUG: Slices: False
2021-10-28 22:16:56,360 DEBUG: grouped cutflow: True
2021-10-28 22:16:56,360 DEBUG: Forced dataset rebuild: False
2021-10-28 22:16:56,360 DEBUG: ----------------------------
2021-10-28 22:16:56,360 DEBUG: 
2021-10-28 22:16:56,360 DEBUG: CUTFILE CONTENTS
2021-10-28 22:16:56,360 DEBUG: ---------------------------
2021-10-28 22:16:56,361 DEBUG: [CUTS]
2021-10-28 22:16:56,361 DEBUG: # Name	Variable	</>	Cut (in GeV if applicable)	Group Symmetric
2021-10-28 22:16:56,361 DEBUG: # !!REMEMBER DEFAULT ANALYSISTOP OUTPUT IS IN MeV NOT GeV!!
2021-10-28 22:16:56,361 DEBUG: Tight muon	mu_isTight	=	1	tight muon cut	false
2021-10-28 22:16:56,361 DEBUG: eta	mu_eta	<	2.4	eta	true
2021-10-28 22:16:56,361 DEBUG: E_{T}^{MISS}	met_met	>	65	met	false
2021-10-28 22:16:56,361 DEBUG: p_T	mu_pt	>	65	mu pt	false
2021-10-28 22:16:56,361 DEBUG: M_T	mu_mt	>	55	muon mt	false
2021-10-28 22:16:56,361 DEBUG: M_W	MC_WZ_m	>	120	W m	false	truth
2021-10-28 22:16:56,361 DEBUG: 
2021-10-28 22:16:56,361 DEBUG: [OUTPUTS]
2021-10-28 22:16:56,361 DEBUG: # variables to process
2021-10-28 22:16:56,361 DEBUG: mu_mt
2021-10-28 22:16:56,361 DEBUG: mu_pt
2021-10-28 22:16:56,361 DEBUG: mu_eta
2021-10-28 22:16:56,361 DEBUG: 
2021-10-28 22:16:56,361 DEBUG: [OPTIONS]
2021-10-28 22:16:56,361 DEBUG: # case-insensitive
2021-10-28 22:16:56,363 DEBUG: sequential	false
2021-10-28 22:16:56,363 DEBUG: grouped cutflow	false
2021-10-28 22:16:56,363 DEBUG: ---------------------------
2021-10-28 22:16:56,363 INFO: Parsting cutfile for wplustaunu_inclusive...
2021-10-28 22:16:56,364 DEBUG: Datafile found
2021-10-28 22:16:56,365 INFO: Reading data for wplustaunu_inclusive dataframe from outputs/jesal_cutflow/data/wplustaunu_inclusive_df.pkl...
2021-10-28 22:16:56,366 INFO: Number of events in dataset wplustaunu_inclusive: 226
2021-10-28 22:16:56,366 INFO: Creating weights for wplustaunu_inclusive...
2021-10-28 22:16:56,367 DEBUG: INCLUSIVE SAMPLE METADATA:
2021-10-28 22:16:56,367 DEBUG: --------------------------
2021-10-28 22:16:56,367 DEBUG: n_events   sum_w         x-s fb        lumi fb-1
2021-10-28 22:16:56,367 DEBUG: ==========================================================
2021-10-28 22:16:56,368 DEBUG: 226        2.566360e+06  1.135558e+04  2.761639e+00
2021-10-28 22:16:56,368 INFO: Creating cuts for wplustaunu_inclusive...
2021-10-28 22:16:56,371 INFO: 
2021-10-28 22:16:56,371 INFO: ========== CUTS USED ============
2021-10-28 22:16:56,371 INFO: Tight muon  : mu_isTight = 1.0
2021-10-28 22:16:56,371 INFO: eta         :    |mu_eta| < 2.4
2021-10-28 22:16:56,371 INFO: E_{T}^{MISS}:    met_met > 65.0
2021-10-28 22:16:56,371 INFO: p_T         :      mu_pt > 65.0
2021-10-28 22:16:56,372 INFO: M_T         :      mu_mt > 55.0
2021-10-28 22:16:56,372 INFO: M_W         :    MC_WZ_m > 120.0
2021-10-28 22:16:56,372 INFO: 
2021-10-28 22:16:56,378 INFO: =========== CUTFLOW =============
2021-10-28 22:16:56,378 INFO: Option: Non-sequential
2021-10-28 22:16:56,378 INFO: ---------------------------------
2021-10-28 22:16:56,378 INFO: Cut            Events Ratio
2021-10-28 22:16:56,378 INFO: Inclusive      226   -
2021-10-28 22:16:56,378 INFO: tight muon cut 226 1.000    
2021-10-28 22:16:56,378 INFO: eta            226 1.000    
2021-10-28 22:16:56,378 INFO: met            226 1.000    
2021-10-28 22:16:56,379 INFO: mu pt          226 1.000    
2021-10-28 22:16:56,380 INFO: muon mt        226 1.000    
2021-10-28 22:16:56,380 INFO: W m            193 0.854    
2021-10-28 22:16:56,380 INFO: 
2021-10-28 22:16:56,380 INFO: ========= DATASET 'wplustaunu_inclusive' INITIALISED =========
2021-10-28 22:16:56,380 INFO: 
2021-10-28 22:16:56,380 INFO: ======== INITIALISING DATASET 'wminmunu_slices' =========
2021-10-28 22:16:56,384 DEBUG: DATASET INPUT OPTIONS: 
2021-10-28 22:16:56,384 DEBUG: ----------------------------
2021-10-28 22:16:56,384 DEBUG: Input file(s):  /data/atlas/HighMassDrellYan/test_mc16a/wminmunu_*/*.root
2021-10-28 22:16:56,384 DEBUG: TTree: nominal_Loose
2021-10-28 22:16:56,384 DEBUG: Cutfile: options/jesal_cutflow/cutfile_jesal.txt
2021-10-28 22:16:56,385 DEBUG: Slices: True
2021-10-28 22:16:56,386 DEBUG: grouped cutflow: True
2021-10-28 22:16:56,386 DEBUG: Forced dataset rebuild: False
2021-10-28 22:16:56,386 DEBUG: ----------------------------
2021-10-28 22:16:56,386 DEBUG: 
2021-10-28 22:16:56,386 DEBUG: CUTFILE CONTENTS
2021-10-28 22:16:56,386 DEBUG: ---------------------------
2021-10-28 22:16:56,386 DEBUG: [CUTS]
2021-10-28 22:16:56,386 DEBUG: # Name	Variable	</>	Cut (in GeV if applicable)	Group Symmetric
2021-10-28 22:16:56,387 DEBUG: # !!REMEMBER DEFAULT ANALYSISTOP OUTPUT IS IN MeV NOT GeV!!
2021-10-28 22:16:56,387 DEBUG: Tight muon	mu_isTight	=	1	tight muon cut	false
2021-10-28 22:16:56,387 DEBUG: eta	mu_eta	<	2.4	eta	true
2021-10-28 22:16:56,387 DEBUG: E_{T}^{MISS}	met_met	>	65	met	false
2021-10-28 22:16:56,387 DEBUG: p_T	mu_pt	>	65	mu pt	false
2021-10-28 22:16:56,387 DEBUG: M_T	mu_mt	>	55	muon mt	false
2021-10-28 22:16:56,387 DEBUG: M_W	MC_WZ_m	>	120	W m	false	truth
2021-10-28 22:16:56,387 DEBUG: 
2021-10-28 22:16:56,387 DEBUG: [OUTPUTS]
2021-10-28 22:16:56,387 DEBUG: # variables to process
2021-10-28 22:16:56,387 DEBUG: mu_mt
2021-10-28 22:16:56,387 DEBUG: mu_pt
2021-10-28 22:16:56,387 DEBUG: mu_eta
2021-10-28 22:16:56,387 DEBUG: 
2021-10-28 22:16:56,387 DEBUG: [OPTIONS]
2021-10-28 22:16:56,387 DEBUG: # case-insensitive
2021-10-28 22:16:56,387 DEBUG: sequential	false
2021-10-28 22:16:56,387 DEBUG: grouped cutflow	false
2021-10-28 22:16:56,387 DEBUG: ---------------------------
2021-10-28 22:16:56,387 INFO: Parsting cutfile for wminmunu_slices...
2021-10-28 22:16:56,388 DEBUG: Datafile found
2021-10-28 22:16:56,389 INFO: Reading data for wminmunu_slices dataframe from outputs/jesal_cutflow/data/wminmunu_slices_df.pkl...
2021-10-28 22:16:56,659 INFO: Number of events in dataset wminmunu_slices: 10473533
2021-10-28 22:16:56,660 INFO: Creating weights for wminmunu_slices...
2021-10-28 22:16:56,823 DEBUG: PER-DSID INFO:
2021-10-28 22:16:56,823 DEBUG: --------------
2021-10-28 22:16:56,823 DEBUG: DSID       n_events   sum_w         x-s fb        lumi fb-1
2021-10-28 22:16:56,823 DEBUG: ==========================================================
2021-10-28 22:16:57,161 DEBUG: 301120     499915     1.110597e+07  2.221572e+01  1.408600e+01
2021-10-28 22:16:57,235 DEBUG: 301121     944456     3.101657e+06  3.284067e+00  8.836211e+01
2021-10-28 22:16:57,277 DEBUG: 301122     737165     7.982900e+05  1.082919e+00  1.738961e+02
2021-10-28 22:16:57,308 DEBUG: 301123     549364     9.635911e+04  1.754012e-01  7.691939e+02
2021-10-28 22:16:57,339 DEBUG: 301124     488699     1.513980e+04  3.097982e-02  1.368361e+03
2021-10-28 22:16:57,380 DEBUG: 301125     507642     4.206513e+03  8.286377e-03  1.421397e+03
2021-10-28 22:16:57,412 DEBUG: 301126     512753     1.619953e+03  3.159324e-03  1.435705e+03
2021-10-28 22:16:57,444 DEBUG: 301127     522006     5.234484e+02  1.002763e-03  1.461614e+03
2021-10-28 22:16:57,473 DEBUG: 301128     528485     1.945538e+02  3.681350e-04  1.479762e+03
2021-10-28 22:16:57,503 DEBUG: 301129     523222     7.820444e+01  1.494670e-04  1.465028e+03
2021-10-28 22:16:57,532 DEBUG: 301130     527231     3.443364e+01  6.531034e-05  1.476250e+03
2021-10-28 22:16:57,561 DEBUG: 301131     526452     1.588209e+01  3.016817e-05  1.474065e+03
2021-10-28 22:16:57,614 DEBUG: 301132     523697     7.619310e+00  1.454908e-05  1.466352e+03
2021-10-28 22:16:57,657 DEBUG: 301133     523944     3.803304e+00  7.258989e-06  1.467048e+03
2021-10-28 22:16:57,694 DEBUG: 301134     523849     2.969780e+00  5.669152e-06  1.466784e+03
2021-10-28 22:16:57,726 DEBUG: 301135     519023     8.290851e-01  1.597396e-06  1.453265e+03
2021-10-28 22:16:57,757 DEBUG: 301136     511632     2.415438e-01  4.721046e-07  1.432573e+03
2021-10-28 22:16:57,787 DEBUG: 301137     505761     7.222451e-02  1.428036e-07  1.416137e+03
2021-10-28 22:16:57,815 DEBUG: 301138     498237     3.070374e-02  6.162477e-08  1.395066e+03
2021-10-28 22:16:57,815 INFO: Creating cuts for wminmunu_slices...
2021-10-28 22:16:57,886 INFO: 
2021-10-28 22:16:57,886 INFO: ========== CUTS USED ============
2021-10-28 22:16:57,886 INFO: Tight muon  : mu_isTight = 1.0
2021-10-28 22:16:57,886 INFO: eta         :    |mu_eta| < 2.4
2021-10-28 22:16:57,886 INFO: E_{T}^{MISS}:    met_met > 65.0
2021-10-28 22:16:57,887 INFO: p_T         :      mu_pt > 65.0
2021-10-28 22:16:57,887 INFO: M_T         :      mu_mt > 55.0
2021-10-28 22:16:57,887 INFO: M_W         :    MC_WZ_m > 120.0
2021-10-28 22:16:57,887 INFO: 
2021-10-28 22:16:59,680 INFO: =========== CUTFLOW =============
2021-10-28 22:16:59,680 INFO: Option: Non-sequential
2021-10-28 22:16:59,680 INFO: ---------------------------------
2021-10-28 22:16:59,680 INFO: Cut            Events   Ratio
2021-10-28 22:16:59,680 INFO: Inclusive      10473533   -
2021-10-28 22:16:59,681 INFO: tight muon cut 10473533 1.000    
2021-10-28 22:16:59,681 INFO: eta            10473533 1.000    
2021-10-28 22:16:59,681 INFO: met            10473533 1.000    
2021-10-28 22:16:59,681 INFO: mu pt          10473533 1.000    
2021-10-28 22:16:59,681 INFO: muon mt        10473533 1.000    
2021-10-28 22:16:59,681 INFO: W m            10473533 1.000    
2021-10-28 22:16:59,681 INFO: 
2021-10-28 22:16:59,681 INFO: ========= DATASET 'wminmunu_slices' INITIALISED =========
2021-10-28 22:16:59,682 INFO: 
2021-10-28 22:16:59,682 INFO: ======== INITIALISING DATASET 'wminmunu_inclusive' =========
2021-10-28 22:16:59,683 DEBUG: DATASET INPUT OPTIONS: 
2021-10-28 22:16:59,683 DEBUG: ----------------------------
2021-10-28 22:16:59,683 DEBUG: Input file(s):  /data/atlas/HighMassDrellYan/test_mc16a/wminmunu/*.root
2021-10-28 22:16:59,683 DEBUG: TTree: nominal_Loose
2021-10-28 22:16:59,683 DEBUG: Cutfile: options/jesal_cutflow/cutfile_jesal.txt
2021-10-28 22:16:59,683 DEBUG: Slices: False
2021-10-28 22:16:59,683 DEBUG: grouped cutflow: True
2021-10-28 22:16:59,683 DEBUG: Forced dataset rebuild: False
2021-10-28 22:16:59,683 DEBUG: ----------------------------
2021-10-28 22:16:59,683 DEBUG: 
2021-10-28 22:16:59,683 DEBUG: CUTFILE CONTENTS
2021-10-28 22:16:59,683 DEBUG: ---------------------------
2021-10-28 22:16:59,684 DEBUG: [CUTS]
2021-10-28 22:16:59,684 DEBUG: # Name	Variable	</>	Cut (in GeV if applicable)	Group Symmetric
2021-10-28 22:16:59,684 DEBUG: # !!REMEMBER DEFAULT ANALYSISTOP OUTPUT IS IN MeV NOT GeV!!
2021-10-28 22:16:59,684 DEBUG: Tight muon	mu_isTight	=	1	tight muon cut	false
2021-10-28 22:16:59,685 DEBUG: eta	mu_eta	<	2.4	eta	true
2021-10-28 22:16:59,686 DEBUG: E_{T}^{MISS}	met_met	>	65	met	false
2021-10-28 22:16:59,686 DEBUG: p_T	mu_pt	>	65	mu pt	false
2021-10-28 22:16:59,686 DEBUG: M_T	mu_mt	>	55	muon mt	false
2021-10-28 22:16:59,686 DEBUG: M_W	MC_WZ_m	>	120	W m	false	truth
2021-10-28 22:16:59,686 DEBUG: 
2021-10-28 22:16:59,686 DEBUG: [OUTPUTS]
2021-10-28 22:16:59,687 DEBUG: # variables to process
2021-10-28 22:16:59,688 DEBUG: mu_mt
2021-10-28 22:16:59,688 DEBUG: mu_pt
2021-10-28 22:16:59,689 DEBUG: mu_eta
2021-10-28 22:16:59,689 DEBUG: 
2021-10-28 22:16:59,689 DEBUG: [OPTIONS]
2021-10-28 22:16:59,689 DEBUG: # case-insensitive
2021-10-28 22:16:59,689 DEBUG: sequential	false
2021-10-28 22:16:59,689 DEBUG: grouped cutflow	false
2021-10-28 22:16:59,689 DEBUG: ---------------------------
2021-10-28 22:16:59,689 INFO: Parsting cutfile for wminmunu_inclusive...
2021-10-28 22:16:59,691 DEBUG: Datafile found
2021-10-28 22:16:59,692 INFO: Reading data for wminmunu_inclusive dataframe from outputs/jesal_cutflow/data/wminmunu_inclusive_df.pkl...
2021-10-28 22:16:59,700 INFO: Number of events in dataset wminmunu_inclusive: 19384
2021-10-28 22:16:59,700 INFO: Creating weights for wminmunu_inclusive...
2021-10-28 22:16:59,712 DEBUG: INCLUSIVE SAMPLE METADATA:
2021-10-28 22:16:59,712 DEBUG: --------------------------
2021-10-28 22:16:59,712 DEBUG: n_events   sum_w         x-s fb        lumi fb-1
2021-10-28 22:16:59,712 DEBUG: ==========================================================
2021-10-28 22:16:59,714 DEBUG: 19384      1.617602e+08  8.345036e+03  3.217386e+02
2021-10-28 22:16:59,714 INFO: Creating cuts for wminmunu_inclusive...
2021-10-28 22:16:59,720 INFO: 
2021-10-28 22:16:59,720 INFO: ========== CUTS USED ============
2021-10-28 22:16:59,720 INFO: Tight muon  : mu_isTight = 1.0
2021-10-28 22:16:59,721 INFO: eta         :    |mu_eta| < 2.4
2021-10-28 22:16:59,721 INFO: E_{T}^{MISS}:    met_met > 65.0
2021-10-28 22:16:59,723 INFO: p_T         :      mu_pt > 65.0
2021-10-28 22:16:59,723 INFO: M_T         :      mu_mt > 55.0
2021-10-28 22:16:59,723 INFO: M_W         :    MC_WZ_m > 120.0
2021-10-28 22:16:59,723 INFO: 
2021-10-28 22:16:59,737 INFO: =========== CUTFLOW =============
2021-10-28 22:16:59,737 INFO: Option: Non-sequential
2021-10-28 22:16:59,737 INFO: ---------------------------------
2021-10-28 22:16:59,737 INFO: Cut            Events Ratio
2021-10-28 22:16:59,738 INFO: Inclusive      19384   -
2021-10-28 22:16:59,738 INFO: tight muon cut 19384 1.000    
2021-10-28 22:16:59,739 INFO: eta            19384 1.000    
2021-10-28 22:16:59,739 INFO: met            19384 1.000    
2021-10-28 22:16:59,739 INFO: mu pt          19384 1.000    
2021-10-28 22:16:59,739 INFO: muon mt        19384 1.000    
2021-10-28 22:16:59,739 INFO: W m            12171 0.628    
2021-10-28 22:16:59,740 INFO: 
2021-10-28 22:16:59,740 INFO: ========= DATASET 'wminmunu_inclusive' INITIALISED =========
2021-10-28 22:16:59,740 INFO: 
2021-10-28 22:16:59,740 INFO: ======== INITIALISING DATASET 'wplusmunu_slices' =========
2021-10-28 22:16:59,755 DEBUG: DATASET INPUT OPTIONS: 
2021-10-28 22:16:59,755 DEBUG: ----------------------------
2021-10-28 22:16:59,755 DEBUG: Input file(s):  /data/atlas/HighMassDrellYan/test_mc16a/wplusmunu_*/*.root
2021-10-28 22:16:59,755 DEBUG: TTree: nominal_Loose
2021-10-28 22:16:59,756 DEBUG: Cutfile: options/jesal_cutflow/cutfile_jesal.txt
2021-10-28 22:16:59,756 DEBUG: Slices: True
2021-10-28 22:16:59,757 DEBUG: grouped cutflow: True
2021-10-28 22:16:59,757 DEBUG: Forced dataset rebuild: False
2021-10-28 22:16:59,757 DEBUG: ----------------------------
2021-10-28 22:16:59,757 DEBUG: 
2021-10-28 22:16:59,757 DEBUG: CUTFILE CONTENTS
2021-10-28 22:16:59,757 DEBUG: ---------------------------
2021-10-28 22:16:59,758 DEBUG: [CUTS]
2021-10-28 22:16:59,758 DEBUG: # Name	Variable	</>	Cut (in GeV if applicable)	Group Symmetric
2021-10-28 22:16:59,758 DEBUG: # !!REMEMBER DEFAULT ANALYSISTOP OUTPUT IS IN MeV NOT GeV!!
2021-10-28 22:16:59,758 DEBUG: Tight muon	mu_isTight	=	1	tight muon cut	false
2021-10-28 22:16:59,758 DEBUG: eta	mu_eta	<	2.4	eta	true
2021-10-28 22:16:59,758 DEBUG: E_{T}^{MISS}	met_met	>	65	met	false
2021-10-28 22:16:59,758 DEBUG: p_T	mu_pt	>	65	mu pt	false
2021-10-28 22:16:59,759 DEBUG: M_T	mu_mt	>	55	muon mt	false
2021-10-28 22:16:59,759 DEBUG: M_W	MC_WZ_m	>	120	W m	false	truth
2021-10-28 22:16:59,759 DEBUG: 
2021-10-28 22:16:59,759 DEBUG: [OUTPUTS]
2021-10-28 22:16:59,759 DEBUG: # variables to process
2021-10-28 22:16:59,759 DEBUG: mu_mt
2021-10-28 22:16:59,760 DEBUG: mu_pt
2021-10-28 22:16:59,760 DEBUG: mu_eta
2021-10-28 22:16:59,760 DEBUG: 
2021-10-28 22:16:59,760 DEBUG: [OPTIONS]
2021-10-28 22:16:59,760 DEBUG: # case-insensitive
2021-10-28 22:16:59,760 DEBUG: sequential	false
2021-10-28 22:16:59,760 DEBUG: grouped cutflow	false
2021-10-28 22:16:59,760 DEBUG: ---------------------------
2021-10-28 22:16:59,760 INFO: Parsting cutfile for wplusmunu_slices...
2021-10-28 22:16:59,761 DEBUG: Datafile found
2021-10-28 22:16:59,762 INFO: Reading data for wplusmunu_slices dataframe from outputs/jesal_cutflow/data/wplusmunu_slices_df.pkl...
2021-10-28 22:17:00,174 INFO: Number of events in dataset wplusmunu_slices: 11241434
2021-10-28 22:17:00,174 INFO: Creating weights for wplusmunu_slices...
2021-10-28 22:17:00,387 DEBUG: PER-DSID INFO:
2021-10-28 22:17:00,387 DEBUG: --------------
2021-10-28 22:17:00,387 DEBUG: DSID       n_events   sum_w         x-s fb        lumi fb-1
2021-10-28 22:17:00,387 DEBUG: ==========================================================
2021-10-28 22:17:00,873 DEBUG: 301100     484716     1.553695e+07  3.205372e+01  1.365058e+01
2021-10-28 22:17:00,960 DEBUG: 301101     1012214    5.063302e+06  5.002206e+00  9.474268e+01
2021-10-28 22:17:01,022 DEBUG: 301102     847300     1.486461e+06  1.754350e+00  1.978004e+02
2021-10-28 22:17:01,058 DEBUG: 301103     628252     1.962419e+05  3.123617e-01  8.796504e+02
2021-10-28 22:17:01,090 DEBUG: 301104     546953     3.325082e+04  6.079284e-02  1.531479e+03
2021-10-28 22:17:01,122 DEBUG: 301105     558068     9.860153e+03  1.766837e-02  1.562594e+03
2021-10-28 22:17:01,154 DEBUG: 301106     557555     4.064182e+03  7.289293e-03  1.561152e+03
2021-10-28 22:17:01,185 DEBUG: 301107     565079     1.416678e+03  2.507044e-03  1.582226e+03
2021-10-28 22:17:01,218 DEBUG: 301108     563977     5.562368e+02  9.862756e-04  1.579139e+03
2021-10-28 22:17:01,249 DEBUG: 301109     562856     2.389681e+02  4.245635e-04  1.576001e+03
2021-10-28 22:17:01,281 DEBUG: 301110     560538     1.091019e+02  1.946378e-04  1.569509e+03
2021-10-28 22:17:01,312 DEBUG: 301111     561678     5.243172e+01  9.334835e-05  1.572705e+03
2021-10-28 22:17:01,345 DEBUG: 301112     562419     2.601713e+01  4.625934e-05  1.574772e+03
2021-10-28 22:17:01,377 DEBUG: 301113     555370     1.303779e+01  2.347587e-05  1.555040e+03
2021-10-28 22:17:01,409 DEBUG: 301114     549575     1.013926e+01  1.844928e-05  1.538813e+03
2021-10-28 22:17:01,440 DEBUG: 301115     541614     2.760483e+00  5.096771e-06  1.516527e+03
2021-10-28 22:17:01,472 DEBUG: 301116     539809     7.722799e-01  1.430654e-06  1.511460e+03
2021-10-28 22:17:01,502 DEBUG: 301117     528390     2.120333e-01  4.012819e-07  1.479497e+03
2021-10-28 22:17:01,533 DEBUG: 301118     515071     7.904281e-02  1.534600e-07  1.442202e+03
2021-10-28 22:17:01,533 INFO: Creating cuts for wplusmunu_slices...
2021-10-28 22:17:01,615 INFO: 
2021-10-28 22:17:01,615 INFO: ========== CUTS USED ============
2021-10-28 22:17:01,615 INFO: Tight muon  : mu_isTight = 1.0
2021-10-28 22:17:01,615 INFO: eta         :    |mu_eta| < 2.4
2021-10-28 22:17:01,615 INFO: E_{T}^{MISS}:    met_met > 65.0
2021-10-28 22:17:01,615 INFO: p_T         :      mu_pt > 65.0
2021-10-28 22:17:01,615 INFO: M_T         :      mu_mt > 55.0
2021-10-28 22:17:01,615 INFO: M_W         :    MC_WZ_m > 120.0
2021-10-28 22:17:01,615 INFO: 
2021-10-28 22:17:04,298 INFO: =========== CUTFLOW =============
2021-10-28 22:17:04,298 INFO: Option: Non-sequential
2021-10-28 22:17:04,298 INFO: ---------------------------------
2021-10-28 22:17:04,298 INFO: Cut            Events   Ratio
2021-10-28 22:17:04,298 INFO: Inclusive      11241434   -
2021-10-28 22:17:04,298 INFO: tight muon cut 11241434 1.000    
2021-10-28 22:17:04,298 INFO: eta            11241434 1.000    
2021-10-28 22:17:04,298 INFO: met            11241434 1.000    
2021-10-28 22:17:04,298 INFO: mu pt          11241434 1.000    
2021-10-28 22:17:04,299 INFO: muon mt        11241434 1.000    
2021-10-28 22:17:04,299 INFO: W m            11241433 1.000    
2021-10-28 22:17:04,299 INFO: 
2021-10-28 22:17:04,302 INFO: ========= DATASET 'wplusmunu_slices' INITIALISED =========
2021-10-28 22:17:04,302 INFO: 
2021-10-28 22:17:04,302 INFO: ======== INITIALISING DATASET 'wplusmunu_inclusive' =========
2021-10-28 22:17:04,303 DEBUG: DATASET INPUT OPTIONS: 
2021-10-28 22:17:04,303 DEBUG: ----------------------------
2021-10-28 22:17:04,303 DEBUG: Input file(s):  /data/atlas/HighMassDrellYan/test_mc16a/wplusmunu/*.root
2021-10-28 22:17:04,303 DEBUG: TTree: nominal_Loose
2021-10-28 22:17:04,303 DEBUG: Cutfile: options/jesal_cutflow/cutfile_jesal.txt
2021-10-28 22:17:04,303 DEBUG: Slices: False
2021-10-28 22:17:04,303 DEBUG: grouped cutflow: True
2021-10-28 22:17:04,303 DEBUG: Forced dataset rebuild: False
2021-10-28 22:17:04,303 DEBUG: ----------------------------
2021-10-28 22:17:04,303 DEBUG: 
2021-10-28 22:17:04,303 DEBUG: CUTFILE CONTENTS
2021-10-28 22:17:04,303 DEBUG: ---------------------------
2021-10-28 22:17:04,304 DEBUG: [CUTS]
2021-10-28 22:17:04,304 DEBUG: # Name	Variable	</>	Cut (in GeV if applicable)	Group Symmetric
2021-10-28 22:17:04,304 DEBUG: # !!REMEMBER DEFAULT ANALYSISTOP OUTPUT IS IN MeV NOT GeV!!
2021-10-28 22:17:04,304 DEBUG: Tight muon	mu_isTight	=	1	tight muon cut	false
2021-10-28 22:17:04,304 DEBUG: eta	mu_eta	<	2.4	eta	true
2021-10-28 22:17:04,304 DEBUG: E_{T}^{MISS}	met_met	>	65	met	false
2021-10-28 22:17:04,304 DEBUG: p_T	mu_pt	>	65	mu pt	false
2021-10-28 22:17:04,304 DEBUG: M_T	mu_mt	>	55	muon mt	false
2021-10-28 22:17:04,304 DEBUG: M_W	MC_WZ_m	>	120	W m	false	truth
2021-10-28 22:17:04,305 DEBUG: 
2021-10-28 22:17:04,305 DEBUG: [OUTPUTS]
2021-10-28 22:17:04,305 DEBUG: # variables to process
2021-10-28 22:17:04,305 DEBUG: mu_mt
2021-10-28 22:17:04,305 DEBUG: mu_pt
2021-10-28 22:17:04,305 DEBUG: mu_eta
2021-10-28 22:17:04,305 DEBUG: 
2021-10-28 22:17:04,305 DEBUG: [OPTIONS]
2021-10-28 22:17:04,305 DEBUG: # case-insensitive
2021-10-28 22:17:04,305 DEBUG: sequential	false
2021-10-28 22:17:04,305 DEBUG: grouped cutflow	false
2021-10-28 22:17:04,306 DEBUG: ---------------------------
2021-10-28 22:17:04,306 INFO: Parsting cutfile for wplusmunu_inclusive...
2021-10-28 22:17:04,307 DEBUG: Datafile found
2021-10-28 22:17:04,307 INFO: Reading data for wplusmunu_inclusive dataframe from outputs/jesal_cutflow/data/wplusmunu_inclusive_df.pkl...
2021-10-28 22:17:04,309 INFO: Number of events in dataset wplusmunu_inclusive: 25515
2021-10-28 22:17:04,310 INFO: Creating weights for wplusmunu_inclusive...
2021-10-28 22:17:04,316 DEBUG: INCLUSIVE SAMPLE METADATA:
2021-10-28 22:17:04,316 DEBUG: --------------------------
2021-10-28 22:17:04,316 DEBUG: n_events   sum_w         x-s fb        lumi fb-1
2021-10-28 22:17:04,316 DEBUG: ==========================================================
2021-10-28 22:17:04,317 DEBUG: 25515      2.903304e+08  1.137881e+04  3.117847e+02
2021-10-28 22:17:04,317 INFO: Creating cuts for wplusmunu_inclusive...
2021-10-28 22:17:04,320 INFO: 
2021-10-28 22:17:04,320 INFO: ========== CUTS USED ============
2021-10-28 22:17:04,320 INFO: Tight muon  : mu_isTight = 1.0
2021-10-28 22:17:04,320 INFO: eta         :    |mu_eta| < 2.4
2021-10-28 22:17:04,320 INFO: E_{T}^{MISS}:    met_met > 65.0
2021-10-28 22:17:04,320 INFO: p_T         :      mu_pt > 65.0
2021-10-28 22:17:04,320 INFO: M_T         :      mu_mt > 55.0
2021-10-28 22:17:04,320 INFO: M_W         :    MC_WZ_m > 120.0
2021-10-28 22:17:04,320 INFO: 
2021-10-28 22:17:04,328 INFO: =========== CUTFLOW =============
2021-10-28 22:17:04,328 INFO: Option: Non-sequential
2021-10-28 22:17:04,328 INFO: ---------------------------------
2021-10-28 22:17:04,328 INFO: Cut            Events Ratio
2021-10-28 22:17:04,328 INFO: Inclusive      25515   -
2021-10-28 22:17:04,328 INFO: tight muon cut 25515 1.000    
2021-10-28 22:17:04,328 INFO: eta            25515 1.000    
2021-10-28 22:17:04,328 INFO: met            25515 1.000    
2021-10-28 22:17:04,329 INFO: mu pt          25515 1.000    
2021-10-28 22:17:04,329 INFO: muon mt        25515 1.000    
2021-10-28 22:17:04,330 INFO: W m            17359 0.680    
2021-10-28 22:17:04,331 INFO: 
2021-10-28 22:17:04,331 INFO: ========= DATASET 'wplusmunu_inclusive' INITIALISED =========
2021-10-28 22:17:04,331 INFO: ====================================
2021-10-28 22:17:04,331 INFO: ANALYSIS 'jesal_cutflow' INITIALISED
2021-10-28 22:17:04,914 INFO: Saved pickle file to outputs/jesal_cutflow/histograms/wmintaunu_slices_mu_mt_mass_slices_full.pkl
2021-10-28 22:17:05,283 INFO: Figure saved to outputs/jesal_cutflow/plots/wmintaunu_slices_mu_mt_mass_slices_full.png
2021-10-28 22:17:05,757 INFO: Saved pickle file to outputs/jesal_cutflow/histograms/wplustaunu_slices_mu_mt_mass_slices_full.pkl
2021-10-28 22:17:06,058 INFO: Figure saved to outputs/jesal_cutflow/plots/wplustaunu_slices_mu_mt_mass_slices_full.png
2021-10-28 22:17:08,171 INFO: Saved pickle file to outputs/jesal_cutflow/histograms/wminmunu_slices_mu_mt_mass_slices_full.pkl
2021-10-28 22:17:08,471 INFO: Figure saved to outputs/jesal_cutflow/plots/wminmunu_slices_mu_mt_mass_slices_full.png
2021-10-28 22:17:10,667 INFO: Saved pickle file to outputs/jesal_cutflow/histograms/wplusmunu_slices_mu_mt_mass_slices_full.pkl
2021-10-28 22:17:10,977 INFO: Figure saved to outputs/jesal_cutflow/plots/wplusmunu_slices_mu_mt_mass_slices_full.png
