2021-10-28 22:11:33,654 INFO: INITIALISING ANALYSIS 'jesal_cutflow'...
2021-10-28 22:11:33,655 INFO: ========================================
2021-10-28 22:11:33,655 INFO: 
2021-10-28 22:11:33,655 INFO: ======== INITIALISING DATASET 'wmintaunu_slices' =========
2021-10-28 22:11:33,666 DEBUG: DATASET INPUT OPTIONS: 
2021-10-28 22:11:33,666 DEBUG: ----------------------------
2021-10-28 22:11:33,666 DEBUG: Input file(s):  /data/atlas/HighMassDrellYan/test_mc16a/wmintaunu_*/*.root
2021-10-28 22:11:33,666 DEBUG: TTree: nominal_Loose
2021-10-28 22:11:33,667 DEBUG: Cutfile: options/jesal_cutflow/cutfile_jesal.txt
2021-10-28 22:11:33,667 DEBUG: Slices: True
2021-10-28 22:11:33,667 DEBUG: grouped cutflow: True
2021-10-28 22:11:33,668 DEBUG: Forced dataset rebuild: False
2021-10-28 22:11:33,668 DEBUG: ----------------------------
2021-10-28 22:11:33,668 DEBUG: 
2021-10-28 22:11:33,668 DEBUG: CUTFILE CONTENTS
2021-10-28 22:11:33,668 DEBUG: ---------------------------
2021-10-28 22:11:33,669 DEBUG: [CUTS]
2021-10-28 22:11:33,670 DEBUG: # Name	Variable	</>	Cut (in GeV if applicable)	Group Symmetric
2021-10-28 22:11:33,670 DEBUG: # !!REMEMBER DEFAULT ANALYSISTOP OUTPUT IS IN MeV NOT GeV!!
2021-10-28 22:11:33,670 DEBUG: Tight muon	mu_isTight	=	1	tight muon cut	false
2021-10-28 22:11:33,671 DEBUG: eta	mu_eta	<	2.4	eta	true
2021-10-28 22:11:33,671 DEBUG: E_{T}^{MISS}	met_met	>	65	met	false
2021-10-28 22:11:33,671 DEBUG: p_T	mu_pt	>	65	mu pt	false
2021-10-28 22:11:33,671 DEBUG: M_T	mu_mt	>	55	muon mt	false
2021-10-28 22:11:33,671 DEBUG: M_W	MC_WZ_m	>	120	W m	false	truth
2021-10-28 22:11:33,671 DEBUG: 
2021-10-28 22:11:33,671 DEBUG: [OUTPUTS]
2021-10-28 22:11:33,671 DEBUG: # variables to process
2021-10-28 22:11:33,672 DEBUG: mu_mt
2021-10-28 22:11:33,672 DEBUG: mu_pt
2021-10-28 22:11:33,672 DEBUG: mu_eta
2021-10-28 22:11:33,672 DEBUG: 
2021-10-28 22:11:33,672 DEBUG: [OPTIONS]
2021-10-28 22:11:33,672 DEBUG: # case-insensitive
2021-10-28 22:11:33,672 DEBUG: sequential	false
2021-10-28 22:11:33,672 DEBUG: grouped cutflow	false
2021-10-28 22:11:33,672 DEBUG: ---------------------------
2021-10-28 22:11:33,672 INFO: Parsting cutfile for wmintaunu_slices...
2021-10-28 22:11:33,676 DEBUG: Datafile found
2021-10-28 22:11:33,676 INFO: Reading data for wmintaunu_slices dataframe from outputs/jesal_cutflow/data/wmintaunu_slices_df.pkl...
2021-10-28 22:11:33,708 INFO: Number of events in dataset wmintaunu_slices: 726886
2021-10-28 22:11:33,708 INFO: Creating weights for wmintaunu_slices...
2021-10-28 22:11:33,719 DEBUG: PER-DSID INFO:
2021-10-28 22:11:33,719 DEBUG: --------------
2021-10-28 22:11:33,719 DEBUG: DSID       n_events   sum_w         x-s fb        lumi fb-1
2021-10-28 22:11:33,719 DEBUG: ==========================================================
2021-10-28 22:11:33,769 DEBUG: 301160     584        1.304203e+04  2.233225e+01  1.750007e-01
2021-10-28 22:11:33,771 DEBUG: 301161     7814       2.572807e+04  3.292561e+00  4.385605e+00
2021-10-28 22:11:33,774 DEBUG: 301162     19355      2.097866e+04  1.083888e+00  1.807713e+01
2021-10-28 22:11:33,778 DEBUG: 301163     32203      5.649394e+03  1.754307e-01  4.508980e+01
2021-10-28 22:11:33,781 DEBUG: 301164     36493      1.130532e+03  3.097943e-02  1.021794e+02
2021-10-28 22:11:33,785 DEBUG: 301165     40197      3.330843e+02  8.286296e-03  1.125505e+02
2021-10-28 22:11:33,788 DEBUG: 301166     38794      1.225665e+02  3.159418e-03  1.180722e+02
2021-10-28 22:11:33,792 DEBUG: 301167     45957      4.608419e+01  1.002768e-03  1.286798e+02
2021-10-28 22:11:33,796 DEBUG: 301168     46553      1.713763e+01  3.681316e-04  1.303474e+02
2021-10-28 22:11:33,800 DEBUG: 301169     46357      6.928842e+00  1.494670e-04  1.298001e+02
2021-10-28 22:11:33,803 DEBUG: 301170     48747      3.183652e+00  6.530970e-05  1.364905e+02
2021-10-28 22:11:33,807 DEBUG: 301171     45132      1.361533e+00  3.016780e-05  1.263680e+02
2021-10-28 22:11:33,810 DEBUG: 301172     48195      7.012044e-01  1.454932e-05  1.349483e+02
2021-10-28 22:11:33,814 DEBUG: 301173     47837      3.472451e-01  7.258924e-06  1.339429e+02
2021-10-28 22:11:33,817 DEBUG: 301174     46889      2.658246e-01  5.669233e-06  1.312917e+02
2021-10-28 22:11:33,820 DEBUG: 301175     46518      7.430704e-02  1.597383e-06  1.302495e+02
2021-10-28 22:11:33,824 DEBUG: 301176     44600      2.105576e-02  4.721023e-07  1.248797e+02
2021-10-28 22:11:33,827 DEBUG: 301177     44286      6.324148e-03  1.428024e-07  1.240002e+02
2021-10-28 22:11:33,830 DEBUG: 301178     40375      2.488081e-03  6.162430e-08  1.130493e+02
2021-10-28 22:11:33,830 INFO: Creating cuts for wmintaunu_slices...
2021-10-28 22:11:33,837 INFO: 
2021-10-28 22:11:33,837 INFO: ========== CUTS USED ============
2021-10-28 22:11:33,837 INFO: Tight muon  : mu_isTight = 1.0
2021-10-28 22:11:33,837 INFO: eta         :    |mu_eta| < 2.4
2021-10-28 22:11:33,837 INFO: E_{T}^{MISS}:    met_met > 65.0
2021-10-28 22:11:33,837 INFO: p_T         :      mu_pt > 65.0
2021-10-28 22:11:33,837 INFO: M_T         :      mu_mt > 55.0
2021-10-28 22:11:33,837 INFO: M_W         :    MC_WZ_m > 120.0
2021-10-28 22:11:33,838 INFO: 
2021-10-28 22:11:33,922 INFO: =========== CUTFLOW =============
2021-10-28 22:11:33,922 INFO: Option: Non-sequential
2021-10-28 22:11:33,922 INFO: ---------------------------------
2021-10-28 22:11:33,922 INFO: Cut            Events Ratio
2021-10-28 22:11:33,923 INFO: Inclusive      726886   -
2021-10-28 22:11:33,923 INFO: tight muon cut 726886 1.000    
2021-10-28 22:11:33,923 INFO: eta            726886 1.000    
2021-10-28 22:11:33,923 INFO: met            726886 1.000    
2021-10-28 22:11:33,923 INFO: mu pt          726886 1.000    
2021-10-28 22:11:33,923 INFO: muon mt        726886 1.000    
2021-10-28 22:11:33,923 INFO: W m            726886 1.000    
2021-10-28 22:11:33,923 INFO: 
2021-10-28 22:11:33,923 INFO: ========= DATASET 'wmintaunu_slices' INITIALISED =========
2021-10-28 22:11:33,923 INFO: 
2021-10-28 22:11:33,924 INFO: ======== INITIALISING DATASET 'wmintaunu_inclusive' =========
2021-10-28 22:11:33,924 DEBUG: DATASET INPUT OPTIONS: 
2021-10-28 22:11:33,925 DEBUG: ----------------------------
2021-10-28 22:11:33,925 DEBUG: Input file(s):  /data/atlas/HighMassDrellYan/test_mc16a/wmintaunu/*.root
2021-10-28 22:11:33,925 DEBUG: TTree: nominal_Loose
2021-10-28 22:11:33,925 DEBUG: Cutfile: options/jesal_cutflow/cutfile_jesal.txt
2021-10-28 22:11:33,925 DEBUG: Slices: False
2021-10-28 22:11:33,925 DEBUG: grouped cutflow: True
2021-10-28 22:11:33,925 DEBUG: Forced dataset rebuild: False
2021-10-28 22:11:33,925 DEBUG: ----------------------------
2021-10-28 22:11:33,925 DEBUG: 
2021-10-28 22:11:33,925 DEBUG: CUTFILE CONTENTS
2021-10-28 22:11:33,925 DEBUG: ---------------------------
2021-10-28 22:11:33,926 DEBUG: [CUTS]
2021-10-28 22:11:33,926 DEBUG: # Name	Variable	</>	Cut (in GeV if applicable)	Group Symmetric
2021-10-28 22:11:33,926 DEBUG: # !!REMEMBER DEFAULT ANALYSISTOP OUTPUT IS IN MeV NOT GeV!!
2021-10-28 22:11:33,926 DEBUG: Tight muon	mu_isTight	=	1	tight muon cut	false
2021-10-28 22:11:33,926 DEBUG: eta	mu_eta	<	2.4	eta	true
2021-10-28 22:11:33,926 DEBUG: E_{T}^{MISS}	met_met	>	65	met	false
2021-10-28 22:11:33,926 DEBUG: p_T	mu_pt	>	65	mu pt	false
2021-10-28 22:11:33,926 DEBUG: M_T	mu_mt	>	55	muon mt	false
2021-10-28 22:11:33,926 DEBUG: M_W	MC_WZ_m	>	120	W m	false	truth
2021-10-28 22:11:33,926 DEBUG: 
2021-10-28 22:11:33,926 DEBUG: [OUTPUTS]
2021-10-28 22:11:33,926 DEBUG: # variables to process
2021-10-28 22:11:33,926 DEBUG: mu_mt
2021-10-28 22:11:33,926 DEBUG: mu_pt
2021-10-28 22:11:33,926 DEBUG: mu_eta
2021-10-28 22:11:33,926 DEBUG: 
2021-10-28 22:11:33,926 DEBUG: [OPTIONS]
2021-10-28 22:11:33,926 DEBUG: # case-insensitive
2021-10-28 22:11:33,926 DEBUG: sequential	false
2021-10-28 22:11:33,926 DEBUG: grouped cutflow	false
2021-10-28 22:11:33,926 DEBUG: ---------------------------
2021-10-28 22:11:33,927 INFO: Parsting cutfile for wmintaunu_inclusive...
2021-10-28 22:11:33,928 DEBUG: Datafile found
2021-10-28 22:11:33,929 INFO: Reading data for wmintaunu_inclusive dataframe from outputs/jesal_cutflow/data/wmintaunu_inclusive_df.pkl...
2021-10-28 22:11:33,930 INFO: Number of events in dataset wmintaunu_inclusive: 118
2021-10-28 22:11:33,931 INFO: Creating weights for wmintaunu_inclusive...
2021-10-28 22:11:33,933 DEBUG: INCLUSIVE SAMPLE METADATA:
2021-10-28 22:11:33,933 DEBUG: --------------------------
2021-10-28 22:11:33,933 DEBUG: n_events   sum_w         x-s fb        lumi fb-1
2021-10-28 22:11:33,933 DEBUG: ==========================================================
2021-10-28 22:11:33,933 DEBUG: 118        9.953306e+05  8.435005e+03  1.958505e+00
2021-10-28 22:11:33,934 INFO: Creating cuts for wmintaunu_inclusive...
2021-10-28 22:11:33,937 INFO: 
2021-10-28 22:11:33,937 INFO: ========== CUTS USED ============
2021-10-28 22:11:33,937 INFO: Tight muon  : mu_isTight = 1.0
2021-10-28 22:11:33,937 INFO: eta         :    |mu_eta| < 2.4
2021-10-28 22:11:33,937 INFO: E_{T}^{MISS}:    met_met > 65.0
2021-10-28 22:11:33,937 INFO: p_T         :      mu_pt > 65.0
2021-10-28 22:11:33,938 INFO: M_T         :      mu_mt > 55.0
2021-10-28 22:11:33,938 INFO: M_W         :    MC_WZ_m > 120.0
2021-10-28 22:11:33,939 INFO: 
2021-10-28 22:11:33,944 INFO: =========== CUTFLOW =============
2021-10-28 22:11:33,944 INFO: Option: Non-sequential
2021-10-28 22:11:33,944 INFO: ---------------------------------
2021-10-28 22:11:33,944 INFO: Cut            Events Ratio
2021-10-28 22:11:33,944 INFO: Inclusive      118   -
2021-10-28 22:11:33,944 INFO: tight muon cut 118 1.000    
2021-10-28 22:11:33,944 INFO: eta            118 1.000    
2021-10-28 22:11:33,945 INFO: met            118 1.000    
2021-10-28 22:11:33,945 INFO: mu pt          118 1.000    
2021-10-28 22:11:33,946 INFO: muon mt        118 1.000    
2021-10-28 22:11:33,946 INFO: W m            107 0.907    
2021-10-28 22:11:33,946 INFO: 
2021-10-28 22:11:33,946 INFO: ========= DATASET 'wmintaunu_inclusive' INITIALISED =========
2021-10-28 22:11:33,946 INFO: 
2021-10-28 22:11:33,946 INFO: ======== INITIALISING DATASET 'wplustaunu_slices' =========
2021-10-28 22:11:33,953 DEBUG: DATASET INPUT OPTIONS: 
2021-10-28 22:11:33,953 DEBUG: ----------------------------
2021-10-28 22:11:33,953 DEBUG: Input file(s):  /data/atlas/HighMassDrellYan/test_mc16a/wplustaunu_*/*.root
2021-10-28 22:11:33,953 DEBUG: TTree: nominal_Loose
2021-10-28 22:11:33,953 DEBUG: Cutfile: options/jesal_cutflow/cutfile_jesal.txt
2021-10-28 22:11:33,953 DEBUG: Slices: True
2021-10-28 22:11:33,954 DEBUG: grouped cutflow: True
2021-10-28 22:11:33,955 DEBUG: Forced dataset rebuild: False
2021-10-28 22:11:33,956 DEBUG: ----------------------------
2021-10-28 22:11:33,956 DEBUG: 
2021-10-28 22:11:33,956 DEBUG: CUTFILE CONTENTS
2021-10-28 22:11:33,956 DEBUG: ---------------------------
2021-10-28 22:11:33,956 DEBUG: [CUTS]
2021-10-28 22:11:33,956 DEBUG: # Name	Variable	</>	Cut (in GeV if applicable)	Group Symmetric
2021-10-28 22:11:33,956 DEBUG: # !!REMEMBER DEFAULT ANALYSISTOP OUTPUT IS IN MeV NOT GeV!!
2021-10-28 22:11:33,956 DEBUG: Tight muon	mu_isTight	=	1	tight muon cut	false
2021-10-28 22:11:33,956 DEBUG: eta	mu_eta	<	2.4	eta	true
2021-10-28 22:11:33,956 DEBUG: E_{T}^{MISS}	met_met	>	65	met	false
2021-10-28 22:11:33,956 DEBUG: p_T	mu_pt	>	65	mu pt	false
2021-10-28 22:11:33,956 DEBUG: M_T	mu_mt	>	55	muon mt	false
2021-10-28 22:11:33,956 DEBUG: M_W	MC_WZ_m	>	120	W m	false	truth
2021-10-28 22:11:33,957 DEBUG: 
2021-10-28 22:11:33,957 DEBUG: [OUTPUTS]
2021-10-28 22:11:33,957 DEBUG: # variables to process
2021-10-28 22:11:33,957 DEBUG: mu_mt
2021-10-28 22:11:33,957 DEBUG: mu_pt
2021-10-28 22:11:33,957 DEBUG: mu_eta
2021-10-28 22:11:33,957 DEBUG: 
2021-10-28 22:11:33,957 DEBUG: [OPTIONS]
2021-10-28 22:11:33,957 DEBUG: # case-insensitive
2021-10-28 22:11:33,957 DEBUG: sequential	false
2021-10-28 22:11:33,957 DEBUG: grouped cutflow	false
2021-10-28 22:11:33,957 DEBUG: ---------------------------
2021-10-28 22:11:33,957 INFO: Parsting cutfile for wplustaunu_slices...
2021-10-28 22:11:33,958 DEBUG: Datafile found
2021-10-28 22:11:33,959 INFO: Reading data for wplustaunu_slices dataframe from outputs/jesal_cutflow/data/wplustaunu_slices_df.pkl...
2021-10-28 22:11:33,977 INFO: Number of events in dataset wplustaunu_slices: 772578
2021-10-28 22:11:33,977 INFO: Creating weights for wplustaunu_slices...
2021-10-28 22:11:33,985 DEBUG: PER-DSID INFO:
2021-10-28 22:11:33,985 DEBUG: --------------
2021-10-28 22:11:33,985 DEBUG: DSID       n_events   sum_w         x-s fb        lumi fb-1
2021-10-28 22:11:33,985 DEBUG: ==========================================================
2021-10-28 22:11:34,023 DEBUG: 301140     521        1.677207e+04  3.219208e+01  1.465126e-01
2021-10-28 22:11:34,025 DEBUG: 301141     8113       4.065248e+04  5.010782e+00  4.550459e+00
2021-10-28 22:11:34,027 DEBUG: 301142     21300      3.730728e+04  1.751515e+00  1.989156e+01
2021-10-28 22:11:34,030 DEBUG: 301143     36357      1.135788e+04  3.123987e-01  5.090710e+01
2021-10-28 22:11:34,033 DEBUG: 301144     37316      2.268519e+03  6.079211e-02  1.044842e+02
2021-10-28 22:11:34,036 DEBUG: 301145     42047      7.428984e+02  1.766828e-02  1.177314e+02
2021-10-28 22:11:34,039 DEBUG: 301146     47861      3.488693e+02  7.289219e-03  1.340092e+02
2021-10-28 22:11:34,043 DEBUG: 301147     48678      1.220389e+02  2.507065e-03  1.363000e+02
2021-10-28 22:11:34,046 DEBUG: 301148     49533      4.885402e+01  9.862924e-04  1.386951e+02
2021-10-28 22:11:34,049 DEBUG: 301149     50141      2.128827e+01  4.245682e-04  1.403967e+02
2021-10-28 22:11:34,053 DEBUG: 301150     49514      9.637255e+00  1.946370e-04  1.386388e+02
2021-10-28 22:11:34,056 DEBUG: 301151     49229      4.595385e+00  9.334710e-05  1.378400e+02
2021-10-28 22:11:34,059 DEBUG: 301152     49191      2.275536e+00  4.625919e-05  1.377341e+02
2021-10-28 22:11:34,063 DEBUG: 301153     50388      1.182906e+00  2.347594e-05  1.410873e+02
2021-10-28 22:11:34,066 DEBUG: 301154     49324      9.100242e-01  1.844993e-05  1.381123e+02
2021-10-28 22:11:34,069 DEBUG: 301155     47861      2.439302e-01  5.096639e-06  1.340080e+02
2021-10-28 22:11:34,073 DEBUG: 301156     47234      6.757697e-02  1.430685e-06  1.322577e+02
2021-10-28 22:11:34,076 DEBUG: 301157     46569      1.868748e-02  4.012858e-07  1.303949e+02
2021-10-28 22:11:34,078 DEBUG: 301158     41401      6.353437e-03  1.534610e-07  1.159238e+02
2021-10-28 22:11:34,079 INFO: Creating cuts for wplustaunu_slices...
2021-10-28 22:11:34,086 INFO: 
2021-10-28 22:11:34,086 INFO: ========== CUTS USED ============
2021-10-28 22:11:34,086 INFO: Tight muon  : mu_isTight = 1.0
2021-10-28 22:11:34,086 INFO: eta         :    |mu_eta| < 2.4
2021-10-28 22:11:34,086 INFO: E_{T}^{MISS}:    met_met > 65.0
2021-10-28 22:11:34,086 INFO: p_T         :      mu_pt > 65.0
2021-10-28 22:11:34,086 INFO: M_T         :      mu_mt > 55.0
2021-10-28 22:11:34,086 INFO: M_W         :    MC_WZ_m > 120.0
2021-10-28 22:11:34,086 INFO: 
2021-10-28 22:11:34,171 INFO: =========== CUTFLOW =============
2021-10-28 22:11:34,171 INFO: Option: Non-sequential
2021-10-28 22:11:34,171 INFO: ---------------------------------
2021-10-28 22:11:34,171 INFO: Cut            Events Ratio
2021-10-28 22:11:34,171 INFO: Inclusive      772578   -
2021-10-28 22:11:34,171 INFO: tight muon cut 772578 1.000    
2021-10-28 22:11:34,171 INFO: eta            772578 1.000    
2021-10-28 22:11:34,171 INFO: met            772578 1.000    
2021-10-28 22:11:34,171 INFO: mu pt          772578 1.000    
2021-10-28 22:11:34,171 INFO: muon mt        772578 1.000    
2021-10-28 22:11:34,171 INFO: W m            772578 1.000    
2021-10-28 22:11:34,171 INFO: 
2021-10-28 22:11:34,172 INFO: ========= DATASET 'wplustaunu_slices' INITIALISED =========
2021-10-28 22:11:34,173 INFO: 
2021-10-28 22:11:34,173 INFO: ======== INITIALISING DATASET 'wplustaunu_inclusive' =========
2021-10-28 22:11:34,174 DEBUG: DATASET INPUT OPTIONS: 
2021-10-28 22:11:34,174 DEBUG: ----------------------------
2021-10-28 22:11:34,174 DEBUG: Input file(s):  /data/atlas/HighMassDrellYan/test_mc16a/wplustaunu/*.root
2021-10-28 22:11:34,174 DEBUG: TTree: nominal_Loose
2021-10-28 22:11:34,174 DEBUG: Cutfile: options/jesal_cutflow/cutfile_jesal.txt
2021-10-28 22:11:34,174 DEBUG: Slices: False
2021-10-28 22:11:34,174 DEBUG: grouped cutflow: True
2021-10-28 22:11:34,174 DEBUG: Forced dataset rebuild: False
2021-10-28 22:11:34,174 DEBUG: ----------------------------
2021-10-28 22:11:34,174 DEBUG: 
2021-10-28 22:11:34,174 DEBUG: CUTFILE CONTENTS
2021-10-28 22:11:34,174 DEBUG: ---------------------------
2021-10-28 22:11:34,175 DEBUG: [CUTS]
2021-10-28 22:11:34,175 DEBUG: # Name	Variable	</>	Cut (in GeV if applicable)	Group Symmetric
2021-10-28 22:11:34,175 DEBUG: # !!REMEMBER DEFAULT ANALYSISTOP OUTPUT IS IN MeV NOT GeV!!
2021-10-28 22:11:34,175 DEBUG: Tight muon	mu_isTight	=	1	tight muon cut	false
2021-10-28 22:11:34,175 DEBUG: eta	mu_eta	<	2.4	eta	true
2021-10-28 22:11:34,175 DEBUG: E_{T}^{MISS}	met_met	>	65	met	false
2021-10-28 22:11:34,175 DEBUG: p_T	mu_pt	>	65	mu pt	false
2021-10-28 22:11:34,176 DEBUG: M_T	mu_mt	>	55	muon mt	false
2021-10-28 22:11:34,177 DEBUG: M_W	MC_WZ_m	>	120	W m	false	truth
2021-10-28 22:11:34,177 DEBUG: 
2021-10-28 22:11:34,177 DEBUG: [OUTPUTS]
2021-10-28 22:11:34,177 DEBUG: # variables to process
2021-10-28 22:11:34,177 DEBUG: mu_mt
2021-10-28 22:11:34,177 DEBUG: mu_pt
2021-10-28 22:11:34,177 DEBUG: mu_eta
2021-10-28 22:11:34,177 DEBUG: 
2021-10-28 22:11:34,177 DEBUG: [OPTIONS]
2021-10-28 22:11:34,177 DEBUG: # case-insensitive
2021-10-28 22:11:34,177 DEBUG: sequential	false
2021-10-28 22:11:34,177 DEBUG: grouped cutflow	false
2021-10-28 22:11:34,177 DEBUG: ---------------------------
2021-10-28 22:11:34,177 INFO: Parsting cutfile for wplustaunu_inclusive...
2021-10-28 22:11:34,179 DEBUG: Datafile found
2021-10-28 22:11:34,180 INFO: Reading data for wplustaunu_inclusive dataframe from outputs/jesal_cutflow/data/wplustaunu_inclusive_df.pkl...
2021-10-28 22:11:34,181 INFO: Number of events in dataset wplustaunu_inclusive: 226
2021-10-28 22:11:34,181 INFO: Creating weights for wplustaunu_inclusive...
2021-10-28 22:11:34,183 DEBUG: INCLUSIVE SAMPLE METADATA:
2021-10-28 22:11:34,183 DEBUG: --------------------------
2021-10-28 22:11:34,183 DEBUG: n_events   sum_w         x-s fb        lumi fb-1
2021-10-28 22:11:34,183 DEBUG: ==========================================================
2021-10-28 22:11:34,184 DEBUG: 226        2.566360e+06  1.135558e+04  2.761639e+00
2021-10-28 22:11:34,184 INFO: Creating cuts for wplustaunu_inclusive...
2021-10-28 22:11:34,187 INFO: 
2021-10-28 22:11:34,187 INFO: ========== CUTS USED ============
2021-10-28 22:11:34,187 INFO: Tight muon  : mu_isTight = 1.0
2021-10-28 22:11:34,187 INFO: eta         :    |mu_eta| < 2.4
2021-10-28 22:11:34,187 INFO: E_{T}^{MISS}:    met_met > 65.0
2021-10-28 22:11:34,187 INFO: p_T         :      mu_pt > 65.0
2021-10-28 22:11:34,188 INFO: M_T         :      mu_mt > 55.0
2021-10-28 22:11:34,189 INFO: M_W         :    MC_WZ_m > 120.0
2021-10-28 22:11:34,189 INFO: 
2021-10-28 22:11:34,194 INFO: =========== CUTFLOW =============
2021-10-28 22:11:34,194 INFO: Option: Non-sequential
2021-10-28 22:11:34,194 INFO: ---------------------------------
2021-10-28 22:11:34,194 INFO: Cut            Events Ratio
2021-10-28 22:11:34,194 INFO: Inclusive      226   -
2021-10-28 22:11:34,194 INFO: tight muon cut 226 1.000    
2021-10-28 22:11:34,195 INFO: eta            226 1.000    
2021-10-28 22:11:34,196 INFO: met            226 1.000    
2021-10-28 22:11:34,197 INFO: mu pt          226 1.000    
2021-10-28 22:11:34,197 INFO: muon mt        226 1.000    
2021-10-28 22:11:34,197 INFO: W m            193 0.854    
2021-10-28 22:11:34,197 INFO: 
2021-10-28 22:11:34,197 INFO: ========= DATASET 'wplustaunu_inclusive' INITIALISED =========
2021-10-28 22:11:34,197 INFO: 
2021-10-28 22:11:34,197 INFO: ======== INITIALISING DATASET 'wminmunu_slices' =========
2021-10-28 22:11:34,204 DEBUG: DATASET INPUT OPTIONS: 
2021-10-28 22:11:34,204 DEBUG: ----------------------------
2021-10-28 22:11:34,204 DEBUG: Input file(s):  /data/atlas/HighMassDrellYan/test_mc16a/wminmunu_*/*.root
2021-10-28 22:11:34,204 DEBUG: TTree: nominal_Loose
2021-10-28 22:11:34,204 DEBUG: Cutfile: options/jesal_cutflow/cutfile_jesal.txt
2021-10-28 22:11:34,204 DEBUG: Slices: True
2021-10-28 22:11:34,204 DEBUG: grouped cutflow: True
2021-10-28 22:11:34,204 DEBUG: Forced dataset rebuild: False
2021-10-28 22:11:34,204 DEBUG: ----------------------------
2021-10-28 22:11:34,204 DEBUG: 
2021-10-28 22:11:34,204 DEBUG: CUTFILE CONTENTS
2021-10-28 22:11:34,205 DEBUG: ---------------------------
2021-10-28 22:11:34,206 DEBUG: [CUTS]
2021-10-28 22:11:34,206 DEBUG: # Name	Variable	</>	Cut (in GeV if applicable)	Group Symmetric
2021-10-28 22:11:34,206 DEBUG: # !!REMEMBER DEFAULT ANALYSISTOP OUTPUT IS IN MeV NOT GeV!!
2021-10-28 22:11:34,206 DEBUG: Tight muon	mu_isTight	=	1	tight muon cut	false
2021-10-28 22:11:34,206 DEBUG: eta	mu_eta	<	2.4	eta	true
2021-10-28 22:11:34,206 DEBUG: E_{T}^{MISS}	met_met	>	65	met	false
2021-10-28 22:11:34,206 DEBUG: p_T	mu_pt	>	65	mu pt	false
2021-10-28 22:11:34,207 DEBUG: M_T	mu_mt	>	55	muon mt	false
2021-10-28 22:11:34,207 DEBUG: M_W	MC_WZ_m	>	120	W m	false	truth
2021-10-28 22:11:34,207 DEBUG: 
2021-10-28 22:11:34,207 DEBUG: [OUTPUTS]
2021-10-28 22:11:34,207 DEBUG: # variables to process
2021-10-28 22:11:34,207 DEBUG: mu_mt
2021-10-28 22:11:34,207 DEBUG: mu_pt
2021-10-28 22:11:34,207 DEBUG: mu_eta
2021-10-28 22:11:34,207 DEBUG: 
2021-10-28 22:11:34,207 DEBUG: [OPTIONS]
2021-10-28 22:11:34,207 DEBUG: # case-insensitive
2021-10-28 22:11:34,207 DEBUG: sequential	false
2021-10-28 22:11:34,207 DEBUG: grouped cutflow	false
2021-10-28 22:11:34,207 DEBUG: ---------------------------
2021-10-28 22:11:34,207 INFO: Parsting cutfile for wminmunu_slices...
2021-10-28 22:11:34,209 DEBUG: Datafile found
2021-10-28 22:11:34,209 INFO: Reading data for wminmunu_slices dataframe from outputs/jesal_cutflow/data/wminmunu_slices_df.pkl...
2021-10-28 22:11:34,575 INFO: Number of events in dataset wminmunu_slices: 10473533
2021-10-28 22:11:34,576 INFO: Creating weights for wminmunu_slices...
2021-10-28 22:11:34,900 DEBUG: PER-DSID INFO:
2021-10-28 22:11:34,901 DEBUG: --------------
2021-10-28 22:11:34,901 DEBUG: DSID       n_events   sum_w         x-s fb        lumi fb-1
2021-10-28 22:11:34,901 DEBUG: ==========================================================
2021-10-28 22:11:35,425 DEBUG: 301120     499915     1.110597e+07  2.221572e+01  1.408600e+01
2021-10-28 22:11:35,514 DEBUG: 301121     944456     3.101657e+06  3.284067e+00  8.836211e+01
2021-10-28 22:11:35,566 DEBUG: 301122     737165     7.982900e+05  1.082919e+00  1.738961e+02
2021-10-28 22:11:35,596 DEBUG: 301123     549364     9.635911e+04  1.754012e-01  7.691939e+02
2021-10-28 22:11:35,624 DEBUG: 301124     488699     1.513980e+04  3.097982e-02  1.368361e+03
2021-10-28 22:11:35,652 DEBUG: 301125     507642     4.206513e+03  8.286377e-03  1.421397e+03
2021-10-28 22:11:35,683 DEBUG: 301126     512753     1.619953e+03  3.159324e-03  1.435705e+03
2021-10-28 22:11:35,713 DEBUG: 301127     522006     5.234484e+02  1.002763e-03  1.461614e+03
2021-10-28 22:11:35,744 DEBUG: 301128     528485     1.945538e+02  3.681350e-04  1.479762e+03
2021-10-28 22:11:35,775 DEBUG: 301129     523222     7.820444e+01  1.494670e-04  1.465028e+03
2021-10-28 22:11:35,805 DEBUG: 301130     527231     3.443364e+01  6.531034e-05  1.476250e+03
2021-10-28 22:11:35,835 DEBUG: 301131     526452     1.588209e+01  3.016817e-05  1.474065e+03
2021-10-28 22:11:35,865 DEBUG: 301132     523697     7.619310e+00  1.454908e-05  1.466352e+03
2021-10-28 22:11:35,894 DEBUG: 301133     523944     3.803304e+00  7.258989e-06  1.467048e+03
2021-10-28 22:11:35,923 DEBUG: 301134     523849     2.969780e+00  5.669152e-06  1.466784e+03
2021-10-28 22:11:35,952 DEBUG: 301135     519023     8.290851e-01  1.597396e-06  1.453265e+03
2021-10-28 22:11:35,981 DEBUG: 301136     511632     2.415438e-01  4.721046e-07  1.432573e+03
2021-10-28 22:11:36,010 DEBUG: 301137     505761     7.222451e-02  1.428036e-07  1.416137e+03
2021-10-28 22:11:36,038 DEBUG: 301138     498237     3.070374e-02  6.162477e-08  1.395066e+03
2021-10-28 22:11:36,038 INFO: Creating cuts for wminmunu_slices...
2021-10-28 22:11:36,131 INFO: 
2021-10-28 22:11:36,131 INFO: ========== CUTS USED ============
2021-10-28 22:11:36,131 INFO: Tight muon  : mu_isTight = 1.0
2021-10-28 22:11:36,131 INFO: eta         :    |mu_eta| < 2.4
2021-10-28 22:11:36,131 INFO: E_{T}^{MISS}:    met_met > 65.0
2021-10-28 22:11:36,131 INFO: p_T         :      mu_pt > 65.0
2021-10-28 22:11:36,131 INFO: M_T         :      mu_mt > 55.0
2021-10-28 22:11:36,131 INFO: M_W         :    MC_WZ_m > 120.0
2021-10-28 22:11:36,131 INFO: 
2021-10-28 22:11:37,985 INFO: =========== CUTFLOW =============
2021-10-28 22:11:37,985 INFO: Option: Non-sequential
2021-10-28 22:11:37,986 INFO: ---------------------------------
2021-10-28 22:11:37,986 INFO: Cut            Events   Ratio
2021-10-28 22:11:37,986 INFO: Inclusive      10473533   -
2021-10-28 22:11:37,986 INFO: tight muon cut 10473533 1.000    
2021-10-28 22:11:37,986 INFO: eta            10473533 1.000    
2021-10-28 22:11:37,986 INFO: met            10473533 1.000    
2021-10-28 22:11:37,986 INFO: mu pt          10473533 1.000    
2021-10-28 22:11:37,986 INFO: muon mt        10473533 1.000    
2021-10-28 22:11:37,986 INFO: W m            10473533 1.000    
2021-10-28 22:11:37,986 INFO: 
2021-10-28 22:11:37,991 INFO: ========= DATASET 'wminmunu_slices' INITIALISED =========
2021-10-28 22:11:37,991 INFO: 
2021-10-28 22:11:37,991 INFO: ======== INITIALISING DATASET 'wminmunu_inclusive' =========
2021-10-28 22:11:37,992 DEBUG: DATASET INPUT OPTIONS: 
2021-10-28 22:11:37,992 DEBUG: ----------------------------
2021-10-28 22:11:37,992 DEBUG: Input file(s):  /data/atlas/HighMassDrellYan/test_mc16a/wminmunu/*.root
2021-10-28 22:11:37,992 DEBUG: TTree: nominal_Loose
2021-10-28 22:11:37,992 DEBUG: Cutfile: options/jesal_cutflow/cutfile_jesal.txt
2021-10-28 22:11:37,992 DEBUG: Slices: False
2021-10-28 22:11:37,992 DEBUG: grouped cutflow: True
2021-10-28 22:11:37,993 DEBUG: Forced dataset rebuild: False
2021-10-28 22:11:37,993 DEBUG: ----------------------------
2021-10-28 22:11:37,993 DEBUG: 
2021-10-28 22:11:37,993 DEBUG: CUTFILE CONTENTS
2021-10-28 22:11:37,993 DEBUG: ---------------------------
2021-10-28 22:11:37,993 DEBUG: [CUTS]
2021-10-28 22:11:37,993 DEBUG: # Name	Variable	</>	Cut (in GeV if applicable)	Group Symmetric
2021-10-28 22:11:37,993 DEBUG: # !!REMEMBER DEFAULT ANALYSISTOP OUTPUT IS IN MeV NOT GeV!!
2021-10-28 22:11:37,993 DEBUG: Tight muon	mu_isTight	=	1	tight muon cut	false
2021-10-28 22:11:37,993 DEBUG: eta	mu_eta	<	2.4	eta	true
2021-10-28 22:11:37,993 DEBUG: E_{T}^{MISS}	met_met	>	65	met	false
2021-10-28 22:11:37,993 DEBUG: p_T	mu_pt	>	65	mu pt	false
2021-10-28 22:11:37,993 DEBUG: M_T	mu_mt	>	55	muon mt	false
2021-10-28 22:11:37,993 DEBUG: M_W	MC_WZ_m	>	120	W m	false	truth
2021-10-28 22:11:37,993 DEBUG: 
2021-10-28 22:11:37,993 DEBUG: [OUTPUTS]
2021-10-28 22:11:37,993 DEBUG: # variables to process
2021-10-28 22:11:37,993 DEBUG: mu_mt
2021-10-28 22:11:37,994 DEBUG: mu_pt
2021-10-28 22:11:37,994 DEBUG: mu_eta
2021-10-28 22:11:37,994 DEBUG: 
2021-10-28 22:11:37,994 DEBUG: [OPTIONS]
2021-10-28 22:11:37,994 DEBUG: # case-insensitive
2021-10-28 22:11:37,994 DEBUG: sequential	false
2021-10-28 22:11:37,994 DEBUG: grouped cutflow	false
2021-10-28 22:11:37,994 DEBUG: ---------------------------
2021-10-28 22:11:37,994 INFO: Parsting cutfile for wminmunu_inclusive...
2021-10-28 22:11:37,995 DEBUG: Datafile found
2021-10-28 22:11:37,996 INFO: Reading data for wminmunu_inclusive dataframe from outputs/jesal_cutflow/data/wminmunu_inclusive_df.pkl...
2021-10-28 22:11:37,998 INFO: Number of events in dataset wminmunu_inclusive: 19384
2021-10-28 22:11:37,998 INFO: Creating weights for wminmunu_inclusive...
2021-10-28 22:11:38,003 DEBUG: INCLUSIVE SAMPLE METADATA:
2021-10-28 22:11:38,003 DEBUG: --------------------------
2021-10-28 22:11:38,003 DEBUG: n_events   sum_w         x-s fb        lumi fb-1
2021-10-28 22:11:38,003 DEBUG: ==========================================================
2021-10-28 22:11:38,004 DEBUG: 19384      1.617602e+08  8.345036e+03  3.217386e+02
2021-10-28 22:11:38,005 INFO: Creating cuts for wminmunu_inclusive...
2021-10-28 22:11:38,008 INFO: 
2021-10-28 22:11:38,008 INFO: ========== CUTS USED ============
2021-10-28 22:11:38,008 INFO: Tight muon  : mu_isTight = 1.0
2021-10-28 22:11:38,008 INFO: eta         :    |mu_eta| < 2.4
2021-10-28 22:11:38,008 INFO: E_{T}^{MISS}:    met_met > 65.0
2021-10-28 22:11:38,009 INFO: p_T         :      mu_pt > 65.0
2021-10-28 22:11:38,009 INFO: M_T         :      mu_mt > 55.0
2021-10-28 22:11:38,009 INFO: M_W         :    MC_WZ_m > 120.0
2021-10-28 22:11:38,009 INFO: 
2021-10-28 22:11:38,016 INFO: =========== CUTFLOW =============
2021-10-28 22:11:38,016 INFO: Option: Non-sequential
2021-10-28 22:11:38,016 INFO: ---------------------------------
2021-10-28 22:11:38,016 INFO: Cut            Events Ratio
2021-10-28 22:11:38,016 INFO: Inclusive      19384   -
2021-10-28 22:11:38,016 INFO: tight muon cut 19384 1.000    
2021-10-28 22:11:38,016 INFO: eta            19384 1.000    
2021-10-28 22:11:38,016 INFO: met            19384 1.000    
2021-10-28 22:11:38,016 INFO: mu pt          19384 1.000    
2021-10-28 22:11:38,016 INFO: muon mt        19384 1.000    
2021-10-28 22:11:38,017 INFO: W m            12171 0.628    
2021-10-28 22:11:38,018 INFO: 
2021-10-28 22:11:38,018 INFO: ========= DATASET 'wminmunu_inclusive' INITIALISED =========
2021-10-28 22:11:38,018 INFO: 
2021-10-28 22:11:38,018 INFO: ======== INITIALISING DATASET 'wplusmunu_slices' =========
2021-10-28 22:11:38,026 DEBUG: DATASET INPUT OPTIONS: 
2021-10-28 22:11:38,026 DEBUG: ----------------------------
2021-10-28 22:11:38,026 DEBUG: Input file(s):  /data/atlas/HighMassDrellYan/test_mc16a/wplusmunu_*/*.root
2021-10-28 22:11:38,026 DEBUG: TTree: nominal_Loose
2021-10-28 22:11:38,026 DEBUG: Cutfile: options/jesal_cutflow/cutfile_jesal.txt
2021-10-28 22:11:38,026 DEBUG: Slices: True
2021-10-28 22:11:38,026 DEBUG: grouped cutflow: True
2021-10-28 22:11:38,026 DEBUG: Forced dataset rebuild: False
2021-10-28 22:11:38,026 DEBUG: ----------------------------
2021-10-28 22:11:38,026 DEBUG: 
2021-10-28 22:11:38,027 DEBUG: CUTFILE CONTENTS
2021-10-28 22:11:38,028 DEBUG: ---------------------------
2021-10-28 22:11:38,029 DEBUG: [CUTS]
2021-10-28 22:11:38,029 DEBUG: # Name	Variable	</>	Cut (in GeV if applicable)	Group Symmetric
2021-10-28 22:11:38,029 DEBUG: # !!REMEMBER DEFAULT ANALYSISTOP OUTPUT IS IN MeV NOT GeV!!
2021-10-28 22:11:38,029 DEBUG: Tight muon	mu_isTight	=	1	tight muon cut	false
2021-10-28 22:11:38,029 DEBUG: eta	mu_eta	<	2.4	eta	true
2021-10-28 22:11:38,029 DEBUG: E_{T}^{MISS}	met_met	>	65	met	false
2021-10-28 22:11:38,029 DEBUG: p_T	mu_pt	>	65	mu pt	false
2021-10-28 22:11:38,029 DEBUG: M_T	mu_mt	>	55	muon mt	false
2021-10-28 22:11:38,029 DEBUG: M_W	MC_WZ_m	>	120	W m	false	truth
2021-10-28 22:11:38,030 DEBUG: 
2021-10-28 22:11:38,030 DEBUG: [OUTPUTS]
2021-10-28 22:11:38,030 DEBUG: # variables to process
2021-10-28 22:11:38,030 DEBUG: mu_mt
2021-10-28 22:11:38,030 DEBUG: mu_pt
2021-10-28 22:11:38,030 DEBUG: mu_eta
2021-10-28 22:11:38,030 DEBUG: 
2021-10-28 22:11:38,031 DEBUG: [OPTIONS]
2021-10-28 22:11:38,031 DEBUG: # case-insensitive
2021-10-28 22:11:38,031 DEBUG: sequential	false
2021-10-28 22:11:38,031 DEBUG: grouped cutflow	false
2021-10-28 22:11:38,031 DEBUG: ---------------------------
2021-10-28 22:11:38,031 INFO: Parsting cutfile for wplusmunu_slices...
2021-10-28 22:11:38,032 DEBUG: Datafile found
2021-10-28 22:11:38,033 INFO: Reading data for wplusmunu_slices dataframe from outputs/jesal_cutflow/data/wplusmunu_slices_df.pkl...
2021-10-28 22:11:38,425 INFO: Number of events in dataset wplusmunu_slices: 11241434
2021-10-28 22:11:38,425 INFO: Creating weights for wplusmunu_slices...
2021-10-28 22:11:38,598 DEBUG: PER-DSID INFO:
2021-10-28 22:11:38,598 DEBUG: --------------
2021-10-28 22:11:38,598 DEBUG: DSID       n_events   sum_w         x-s fb        lumi fb-1
2021-10-28 22:11:38,598 DEBUG: ==========================================================
2021-10-28 22:11:38,958 DEBUG: 301100     484716     1.553695e+07  3.205372e+01  1.365058e+01
2021-10-28 22:11:39,042 DEBUG: 301101     1012214    5.063302e+06  5.002206e+00  9.474268e+01
2021-10-28 22:11:39,096 DEBUG: 301102     847300     1.486461e+06  1.754350e+00  1.978004e+02
2021-10-28 22:11:39,131 DEBUG: 301103     628252     1.962419e+05  3.123617e-01  8.796504e+02
2021-10-28 22:11:39,227 DEBUG: 301104     546953     3.325082e+04  6.079284e-02  1.531479e+03
2021-10-28 22:11:39,265 DEBUG: 301105     558068     9.860153e+03  1.766837e-02  1.562594e+03
2021-10-28 22:11:39,300 DEBUG: 301106     557555     4.064182e+03  7.289293e-03  1.561152e+03
2021-10-28 22:11:39,335 DEBUG: 301107     565079     1.416678e+03  2.507044e-03  1.582226e+03
2021-10-28 22:11:39,368 DEBUG: 301108     563977     5.562368e+02  9.862756e-04  1.579139e+03
2021-10-28 22:11:39,399 DEBUG: 301109     562856     2.389681e+02  4.245635e-04  1.576001e+03
2021-10-28 22:11:39,430 DEBUG: 301110     560538     1.091019e+02  1.946378e-04  1.569509e+03
2021-10-28 22:11:39,461 DEBUG: 301111     561678     5.243172e+01  9.334835e-05  1.572705e+03
2021-10-28 22:11:39,492 DEBUG: 301112     562419     2.601713e+01  4.625934e-05  1.574772e+03
2021-10-28 22:11:39,523 DEBUG: 301113     555370     1.303779e+01  2.347587e-05  1.555040e+03
2021-10-28 22:11:39,553 DEBUG: 301114     549575     1.013926e+01  1.844928e-05  1.538813e+03
2021-10-28 22:11:39,583 DEBUG: 301115     541614     2.760483e+00  5.096771e-06  1.516527e+03
2021-10-28 22:11:39,613 DEBUG: 301116     539809     7.722799e-01  1.430654e-06  1.511460e+03
2021-10-28 22:11:39,643 DEBUG: 301117     528390     2.120333e-01  4.012819e-07  1.479497e+03
2021-10-28 22:11:39,681 DEBUG: 301118     515071     7.904281e-02  1.534600e-07  1.442202e+03
2021-10-28 22:11:39,681 INFO: Creating cuts for wplusmunu_slices...
2021-10-28 22:11:39,822 INFO: 
2021-10-28 22:11:39,829 INFO: ========== CUTS USED ============
2021-10-28 22:11:39,829 INFO: Tight muon  : mu_isTight = 1.0
2021-10-28 22:11:39,829 INFO: eta         :    |mu_eta| < 2.4
2021-10-28 22:11:39,829 INFO: E_{T}^{MISS}:    met_met > 65.0
2021-10-28 22:11:39,829 INFO: p_T         :      mu_pt > 65.0
2021-10-28 22:11:39,829 INFO: M_T         :      mu_mt > 55.0
2021-10-28 22:11:39,829 INFO: M_W         :    MC_WZ_m > 120.0
2021-10-28 22:11:39,829 INFO: 
2021-10-28 22:11:42,241 INFO: =========== CUTFLOW =============
2021-10-28 22:11:42,242 INFO: Option: Non-sequential
2021-10-28 22:11:42,242 INFO: ---------------------------------
2021-10-28 22:11:42,242 INFO: Cut            Events   Ratio
2021-10-28 22:11:42,242 INFO: Inclusive      11241434   -
2021-10-28 22:11:42,242 INFO: tight muon cut 11241434 1.000    
2021-10-28 22:11:42,242 INFO: eta            11241434 1.000    
2021-10-28 22:11:42,242 INFO: met            11241434 1.000    
2021-10-28 22:11:42,242 INFO: mu pt          11241434 1.000    
2021-10-28 22:11:42,242 INFO: muon mt        11241434 1.000    
2021-10-28 22:11:42,242 INFO: W m            11241433 1.000    
2021-10-28 22:11:42,242 INFO: 
2021-10-28 22:11:42,247 INFO: ========= DATASET 'wplusmunu_slices' INITIALISED =========
2021-10-28 22:11:42,247 INFO: 
2021-10-28 22:11:42,247 INFO: ======== INITIALISING DATASET 'wplusmunu_inclusive' =========
2021-10-28 22:11:42,248 DEBUG: DATASET INPUT OPTIONS: 
2021-10-28 22:11:42,249 DEBUG: ----------------------------
2021-10-28 22:11:42,249 DEBUG: Input file(s):  /data/atlas/HighMassDrellYan/test_mc16a/wplusmunu/*.root
2021-10-28 22:11:42,249 DEBUG: TTree: nominal_Loose
2021-10-28 22:11:42,249 DEBUG: Cutfile: options/jesal_cutflow/cutfile_jesal.txt
2021-10-28 22:11:42,249 DEBUG: Slices: False
2021-10-28 22:11:42,249 DEBUG: grouped cutflow: True
2021-10-28 22:11:42,249 DEBUG: Forced dataset rebuild: False
2021-10-28 22:11:42,250 DEBUG: ----------------------------
2021-10-28 22:11:42,250 DEBUG: 
2021-10-28 22:11:42,250 DEBUG: CUTFILE CONTENTS
2021-10-28 22:11:42,250 DEBUG: ---------------------------
2021-10-28 22:11:42,252 DEBUG: [CUTS]
2021-10-28 22:11:42,252 DEBUG: # Name	Variable	</>	Cut (in GeV if applicable)	Group Symmetric
2021-10-28 22:11:42,252 DEBUG: # !!REMEMBER DEFAULT ANALYSISTOP OUTPUT IS IN MeV NOT GeV!!
2021-10-28 22:11:42,252 DEBUG: Tight muon	mu_isTight	=	1	tight muon cut	false
2021-10-28 22:11:42,253 DEBUG: eta	mu_eta	<	2.4	eta	true
2021-10-28 22:11:42,254 DEBUG: E_{T}^{MISS}	met_met	>	65	met	false
2021-10-28 22:11:42,254 DEBUG: p_T	mu_pt	>	65	mu pt	false
2021-10-28 22:11:42,254 DEBUG: M_T	mu_mt	>	55	muon mt	false
2021-10-28 22:11:42,254 DEBUG: M_W	MC_WZ_m	>	120	W m	false	truth
2021-10-28 22:11:42,255 DEBUG: 
2021-10-28 22:11:42,255 DEBUG: [OUTPUTS]
2021-10-28 22:11:42,255 DEBUG: # variables to process
2021-10-28 22:11:42,255 DEBUG: mu_mt
2021-10-28 22:11:42,255 DEBUG: mu_pt
2021-10-28 22:11:42,255 DEBUG: mu_eta
2021-10-28 22:11:42,255 DEBUG: 
2021-10-28 22:11:42,255 DEBUG: [OPTIONS]
2021-10-28 22:11:42,256 DEBUG: # case-insensitive
2021-10-28 22:11:42,256 DEBUG: sequential	false
2021-10-28 22:11:42,256 DEBUG: grouped cutflow	false
2021-10-28 22:11:42,257 DEBUG: ---------------------------
2021-10-28 22:11:42,257 INFO: Parsting cutfile for wplusmunu_inclusive...
2021-10-28 22:11:42,259 DEBUG: Datafile found
2021-10-28 22:11:42,259 INFO: Reading data for wplusmunu_inclusive dataframe from outputs/jesal_cutflow/data/wplusmunu_inclusive_df.pkl...
2021-10-28 22:11:42,264 INFO: Number of events in dataset wplusmunu_inclusive: 25515
2021-10-28 22:11:42,264 INFO: Creating weights for wplusmunu_inclusive...
2021-10-28 22:11:42,278 DEBUG: INCLUSIVE SAMPLE METADATA:
2021-10-28 22:11:42,278 DEBUG: --------------------------
2021-10-28 22:11:42,278 DEBUG: n_events   sum_w         x-s fb        lumi fb-1
2021-10-28 22:11:42,278 DEBUG: ==========================================================
2021-10-28 22:11:42,280 DEBUG: 25515      2.903304e+08  1.137881e+04  3.117847e+02
2021-10-28 22:11:42,280 INFO: Creating cuts for wplusmunu_inclusive...
2021-10-28 22:11:42,286 INFO: 
2021-10-28 22:11:42,286 INFO: ========== CUTS USED ============
2021-10-28 22:11:42,286 INFO: Tight muon  : mu_isTight = 1.0
2021-10-28 22:11:42,286 INFO: eta         :    |mu_eta| < 2.4
2021-10-28 22:11:42,287 INFO: E_{T}^{MISS}:    met_met > 65.0
2021-10-28 22:11:42,288 INFO: p_T         :      mu_pt > 65.0
2021-10-28 22:11:42,288 INFO: M_T         :      mu_mt > 55.0
2021-10-28 22:11:42,288 INFO: M_W         :    MC_WZ_m > 120.0
2021-10-28 22:11:42,288 INFO: 
2021-10-28 22:11:42,303 INFO: =========== CUTFLOW =============
2021-10-28 22:11:42,303 INFO: Option: Non-sequential
2021-10-28 22:11:42,303 INFO: ---------------------------------
2021-10-28 22:11:42,303 INFO: Cut            Events Ratio
2021-10-28 22:11:42,303 INFO: Inclusive      25515   -
2021-10-28 22:11:42,304 INFO: tight muon cut 25515 1.000    
2021-10-28 22:11:42,304 INFO: eta            25515 1.000    
2021-10-28 22:11:42,304 INFO: met            25515 1.000    
2021-10-28 22:11:42,304 INFO: mu pt          25515 1.000    
2021-10-28 22:11:42,305 INFO: muon mt        25515 1.000    
2021-10-28 22:11:42,305 INFO: W m            17359 0.680    
2021-10-28 22:11:42,305 INFO: 
2021-10-28 22:11:42,305 INFO: ========= DATASET 'wplusmunu_inclusive' INITIALISED =========
2021-10-28 22:11:42,306 INFO: ====================================
2021-10-28 22:11:42,306 INFO: ANALYSIS 'jesal_cutflow' INITIALISED
2021-10-28 22:11:43,118 INFO: Saved pickle file to outputs/jesal_cutflow/histograms/wmintaunu_slices_mu_mt_mass_slices_full.pkl
2021-10-28 22:11:43,481 INFO: Figure saved to outputs/jesal_cutflow/plots/wmintaunu_slices_mu_mt_mass_slices_full.png
2021-10-28 22:11:43,974 INFO: Saved pickle file to outputs/jesal_cutflow/histograms/wplustaunu_slices_mu_mt_mass_slices_full.pkl
2021-10-28 22:11:44,265 INFO: Figure saved to outputs/jesal_cutflow/plots/wplustaunu_slices_mu_mt_mass_slices_full.png
2021-10-28 22:11:46,132 INFO: Saved pickle file to outputs/jesal_cutflow/histograms/wminmunu_slices_mu_mt_mass_slices_full.pkl
2021-10-28 22:11:46,503 INFO: Figure saved to outputs/jesal_cutflow/plots/wminmunu_slices_mu_mt_mass_slices_full.png
2021-10-28 22:11:48,457 INFO: Saved pickle file to outputs/jesal_cutflow/histograms/wplusmunu_slices_mu_mt_mass_slices_full.pkl
2021-10-28 22:11:48,845 INFO: Figure saved to outputs/jesal_cutflow/plots/wplusmunu_slices_mu_mt_mass_slices_full.png
