2021-10-28 22:16:15,087 INFO: INITIALISING ANALYSIS 'jesal_cutflow'...
2021-10-28 22:16:15,087 INFO: ========================================
2021-10-28 22:16:15,087 INFO: 
2021-10-28 22:16:15,087 INFO: ======== INITIALISING DATASET 'wmintaunu_slices' =========
2021-10-28 22:16:15,097 DEBUG: DATASET INPUT OPTIONS: 
2021-10-28 22:16:15,097 DEBUG: ----------------------------
2021-10-28 22:16:15,097 DEBUG: Input file(s):  /data/atlas/HighMassDrellYan/test_mc16a/wmintaunu_*/*.root
2021-10-28 22:16:15,097 DEBUG: TTree: nominal_Loose
2021-10-28 22:16:15,097 DEBUG: Cutfile: options/jesal_cutflow/cutfile_jesal.txt
2021-10-28 22:16:15,098 DEBUG: Slices: True
2021-10-28 22:16:15,099 DEBUG: grouped cutflow: True
2021-10-28 22:16:15,099 DEBUG: Forced dataset rebuild: False
2021-10-28 22:16:15,099 DEBUG: ----------------------------
2021-10-28 22:16:15,100 DEBUG: 
2021-10-28 22:16:15,100 DEBUG: CUTFILE CONTENTS
2021-10-28 22:16:15,100 DEBUG: ---------------------------
2021-10-28 22:16:15,101 DEBUG: [CUTS]
2021-10-28 22:16:15,102 DEBUG: # Name	Variable	</>	Cut (in GeV if applicable)	Group Symmetric
2021-10-28 22:16:15,102 DEBUG: # !!REMEMBER DEFAULT ANALYSISTOP OUTPUT IS IN MeV NOT GeV!!
2021-10-28 22:16:15,102 DEBUG: Tight muon	mu_isTight	=	1	tight muon cut	false
2021-10-28 22:16:15,102 DEBUG: eta	mu_eta	<	2.4	eta	true
2021-10-28 22:16:15,102 DEBUG: E_{T}^{MISS}	met_met	>	65	met	false
2021-10-28 22:16:15,102 DEBUG: p_T	mu_pt	>	65	mu pt	false
2021-10-28 22:16:15,102 DEBUG: M_T	mu_mt	>	55	muon mt	false
2021-10-28 22:16:15,103 DEBUG: M_W	MC_WZ_m	>	120	W m	false	truth
2021-10-28 22:16:15,103 DEBUG: 
2021-10-28 22:16:15,103 DEBUG: [OUTPUTS]
2021-10-28 22:16:15,103 DEBUG: # variables to process
2021-10-28 22:16:15,103 DEBUG: mu_mt
2021-10-28 22:16:15,103 DEBUG: mu_pt
2021-10-28 22:16:15,103 DEBUG: mu_eta
2021-10-28 22:16:15,104 DEBUG: 
2021-10-28 22:16:15,105 DEBUG: [OPTIONS]
2021-10-28 22:16:15,105 DEBUG: # case-insensitive
2021-10-28 22:16:15,105 DEBUG: sequential	false
2021-10-28 22:16:15,105 DEBUG: grouped cutflow	false
2021-10-28 22:16:15,105 DEBUG: ---------------------------
2021-10-28 22:16:15,105 INFO: Parsting cutfile for wmintaunu_slices...
2021-10-28 22:16:15,109 DEBUG: Datafile found
2021-10-28 22:16:15,110 INFO: Reading data for wmintaunu_slices dataframe from outputs/jesal_cutflow/data/wmintaunu_slices_df.pkl...
2021-10-28 22:16:15,143 INFO: Number of events in dataset wmintaunu_slices: 726886
2021-10-28 22:16:15,143 INFO: Creating weights for wmintaunu_slices...
2021-10-28 22:16:15,152 DEBUG: PER-DSID INFO:
2021-10-28 22:16:15,152 DEBUG: --------------
2021-10-28 22:16:15,152 DEBUG: DSID       n_events   sum_w         x-s fb        lumi fb-1
2021-10-28 22:16:15,152 DEBUG: ==========================================================
2021-10-28 22:16:15,183 DEBUG: 301160     584        1.304203e+04  2.233225e+01  1.750007e-01
2021-10-28 22:16:15,186 DEBUG: 301161     7814       2.572807e+04  3.292561e+00  4.385605e+00
2021-10-28 22:16:15,189 DEBUG: 301162     19355      2.097866e+04  1.083888e+00  1.807713e+01
2021-10-28 22:16:15,193 DEBUG: 301163     32203      5.649394e+03  1.754307e-01  4.508980e+01
2021-10-28 22:16:15,197 DEBUG: 301164     36493      1.130532e+03  3.097943e-02  1.021794e+02
2021-10-28 22:16:15,201 DEBUG: 301165     40197      3.330843e+02  8.286296e-03  1.125505e+02
2021-10-28 22:16:15,204 DEBUG: 301166     38794      1.225665e+02  3.159418e-03  1.180722e+02
2021-10-28 22:16:15,209 DEBUG: 301167     45957      4.608419e+01  1.002768e-03  1.286798e+02
2021-10-28 22:16:15,213 DEBUG: 301168     46553      1.713763e+01  3.681316e-04  1.303474e+02
2021-10-28 22:16:15,216 DEBUG: 301169     46357      6.928842e+00  1.494670e-04  1.298001e+02
2021-10-28 22:16:15,220 DEBUG: 301170     48747      3.183652e+00  6.530970e-05  1.364905e+02
2021-10-28 22:16:15,224 DEBUG: 301171     45132      1.361533e+00  3.016780e-05  1.263680e+02
2021-10-28 22:16:15,228 DEBUG: 301172     48195      7.012044e-01  1.454932e-05  1.349483e+02
2021-10-28 22:16:15,231 DEBUG: 301173     47837      3.472451e-01  7.258924e-06  1.339429e+02
2021-10-28 22:16:15,235 DEBUG: 301174     46889      2.658246e-01  5.669233e-06  1.312917e+02
2021-10-28 22:16:15,238 DEBUG: 301175     46518      7.430704e-02  1.597383e-06  1.302495e+02
2021-10-28 22:16:15,242 DEBUG: 301176     44600      2.105576e-02  4.721023e-07  1.248797e+02
2021-10-28 22:16:15,245 DEBUG: 301177     44286      6.324148e-03  1.428024e-07  1.240002e+02
2021-10-28 22:16:15,248 DEBUG: 301178     40375      2.488081e-03  6.162430e-08  1.130493e+02
2021-10-28 22:16:15,248 INFO: Creating cuts for wmintaunu_slices...
2021-10-28 22:16:15,255 INFO: 
2021-10-28 22:16:15,255 INFO: ========== CUTS USED ============
2021-10-28 22:16:15,256 INFO: Tight muon  : mu_isTight = 1.0
2021-10-28 22:16:15,256 INFO: eta         :    |mu_eta| < 2.4
2021-10-28 22:16:15,256 INFO: E_{T}^{MISS}:    met_met > 65.0
2021-10-28 22:16:15,256 INFO: p_T         :      mu_pt > 65.0
2021-10-28 22:16:15,256 INFO: M_T         :      mu_mt > 55.0
2021-10-28 22:16:15,256 INFO: M_W         :    MC_WZ_m > 120.0
2021-10-28 22:16:15,256 INFO: 
2021-10-28 22:16:15,343 INFO: =========== CUTFLOW =============
2021-10-28 22:16:15,343 INFO: Option: Non-sequential
2021-10-28 22:16:15,343 INFO: ---------------------------------
2021-10-28 22:16:15,343 INFO: Cut            Events Ratio
2021-10-28 22:16:15,343 INFO: Inclusive      726886   -
2021-10-28 22:16:15,343 INFO: tight muon cut 726886 1.000    
2021-10-28 22:16:15,343 INFO: eta            726886 1.000    
2021-10-28 22:16:15,343 INFO: met            726886 1.000    
2021-10-28 22:16:15,343 INFO: mu pt          726886 1.000    
2021-10-28 22:16:15,343 INFO: muon mt        726886 1.000    
2021-10-28 22:16:15,344 INFO: W m            726886 1.000    
2021-10-28 22:16:15,344 INFO: 
2021-10-28 22:16:15,344 INFO: ========= DATASET 'wmintaunu_slices' INITIALISED =========
2021-10-28 22:16:15,344 INFO: 
2021-10-28 22:16:15,345 INFO: ======== INITIALISING DATASET 'wmintaunu_inclusive' =========
2021-10-28 22:16:15,346 DEBUG: DATASET INPUT OPTIONS: 
2021-10-28 22:16:15,346 DEBUG: ----------------------------
2021-10-28 22:16:15,346 DEBUG: Input file(s):  /data/atlas/HighMassDrellYan/test_mc16a/wmintaunu/*.root
2021-10-28 22:16:15,346 DEBUG: TTree: nominal_Loose
2021-10-28 22:16:15,346 DEBUG: Cutfile: options/jesal_cutflow/cutfile_jesal.txt
2021-10-28 22:16:15,346 DEBUG: Slices: False
2021-10-28 22:16:15,346 DEBUG: grouped cutflow: True
2021-10-28 22:16:15,347 DEBUG: Forced dataset rebuild: False
2021-10-28 22:16:15,347 DEBUG: ----------------------------
2021-10-28 22:16:15,347 DEBUG: 
2021-10-28 22:16:15,347 DEBUG: CUTFILE CONTENTS
2021-10-28 22:16:15,347 DEBUG: ---------------------------
2021-10-28 22:16:15,347 DEBUG: [CUTS]
2021-10-28 22:16:15,347 DEBUG: # Name	Variable	</>	Cut (in GeV if applicable)	Group Symmetric
2021-10-28 22:16:15,347 DEBUG: # !!REMEMBER DEFAULT ANALYSISTOP OUTPUT IS IN MeV NOT GeV!!
2021-10-28 22:16:15,347 DEBUG: Tight muon	mu_isTight	=	1	tight muon cut	false
2021-10-28 22:16:15,347 DEBUG: eta	mu_eta	<	2.4	eta	true
2021-10-28 22:16:15,347 DEBUG: E_{T}^{MISS}	met_met	>	65	met	false
2021-10-28 22:16:15,347 DEBUG: p_T	mu_pt	>	65	mu pt	false
2021-10-28 22:16:15,347 DEBUG: M_T	mu_mt	>	55	muon mt	false
2021-10-28 22:16:15,347 DEBUG: M_W	MC_WZ_m	>	120	W m	false	truth
2021-10-28 22:16:15,347 DEBUG: 
2021-10-28 22:16:15,347 DEBUG: [OUTPUTS]
2021-10-28 22:16:15,348 DEBUG: # variables to process
2021-10-28 22:16:15,348 DEBUG: mu_mt
2021-10-28 22:16:15,348 DEBUG: mu_pt
2021-10-28 22:16:15,348 DEBUG: mu_eta
2021-10-28 22:16:15,348 DEBUG: 
2021-10-28 22:16:15,348 DEBUG: [OPTIONS]
2021-10-28 22:16:15,349 DEBUG: # case-insensitive
2021-10-28 22:16:15,349 DEBUG: sequential	false
2021-10-28 22:16:15,349 DEBUG: grouped cutflow	false
2021-10-28 22:16:15,349 DEBUG: ---------------------------
2021-10-28 22:16:15,349 INFO: Parsting cutfile for wmintaunu_inclusive...
2021-10-28 22:16:15,350 DEBUG: Datafile found
2021-10-28 22:16:15,350 INFO: Reading data for wmintaunu_inclusive dataframe from outputs/jesal_cutflow/data/wmintaunu_inclusive_df.pkl...
2021-10-28 22:16:15,352 INFO: Number of events in dataset wmintaunu_inclusive: 118
2021-10-28 22:16:15,352 INFO: Creating weights for wmintaunu_inclusive...
2021-10-28 22:16:15,353 DEBUG: INCLUSIVE SAMPLE METADATA:
2021-10-28 22:16:15,353 DEBUG: --------------------------
2021-10-28 22:16:15,353 DEBUG: n_events   sum_w         x-s fb        lumi fb-1
2021-10-28 22:16:15,353 DEBUG: ==========================================================
2021-10-28 22:16:15,354 DEBUG: 118        9.953306e+05  8.435005e+03  1.958505e+00
2021-10-28 22:16:15,355 INFO: Creating cuts for wmintaunu_inclusive...
2021-10-28 22:16:15,357 INFO: 
2021-10-28 22:16:15,357 INFO: ========== CUTS USED ============
2021-10-28 22:16:15,357 INFO: Tight muon  : mu_isTight = 1.0
2021-10-28 22:16:15,357 INFO: eta         :    |mu_eta| < 2.4
2021-10-28 22:16:15,357 INFO: E_{T}^{MISS}:    met_met > 65.0
2021-10-28 22:16:15,358 INFO: p_T         :      mu_pt > 65.0
2021-10-28 22:16:15,358 INFO: M_T         :      mu_mt > 55.0
2021-10-28 22:16:15,358 INFO: M_W         :    MC_WZ_m > 120.0
2021-10-28 22:16:15,358 INFO: 
2021-10-28 22:16:15,363 INFO: =========== CUTFLOW =============
2021-10-28 22:16:15,363 INFO: Option: Non-sequential
2021-10-28 22:16:15,363 INFO: ---------------------------------
2021-10-28 22:16:15,363 INFO: Cut            Events Ratio
2021-10-28 22:16:15,363 INFO: Inclusive      118   -
2021-10-28 22:16:15,363 INFO: tight muon cut 118 1.000    
2021-10-28 22:16:15,363 INFO: eta            118 1.000    
2021-10-28 22:16:15,363 INFO: met            118 1.000    
2021-10-28 22:16:15,363 INFO: mu pt          118 1.000    
2021-10-28 22:16:15,364 INFO: muon mt        118 1.000    
2021-10-28 22:16:15,365 INFO: W m            107 0.907    
2021-10-28 22:16:15,365 INFO: 
2021-10-28 22:16:15,365 INFO: ========= DATASET 'wmintaunu_inclusive' INITIALISED =========
2021-10-28 22:16:15,365 INFO: 
2021-10-28 22:16:15,365 INFO: ======== INITIALISING DATASET 'wplustaunu_slices' =========
2021-10-28 22:16:15,416 DEBUG: DATASET INPUT OPTIONS: 
2021-10-28 22:16:15,416 DEBUG: ----------------------------
2021-10-28 22:16:15,416 DEBUG: Input file(s):  /data/atlas/HighMassDrellYan/test_mc16a/wplustaunu_*/*.root
2021-10-28 22:16:15,416 DEBUG: TTree: nominal_Loose
2021-10-28 22:16:15,417 DEBUG: Cutfile: options/jesal_cutflow/cutfile_jesal.txt
2021-10-28 22:16:15,417 DEBUG: Slices: True
2021-10-28 22:16:15,417 DEBUG: grouped cutflow: True
2021-10-28 22:16:15,418 DEBUG: Forced dataset rebuild: False
2021-10-28 22:16:15,419 DEBUG: ----------------------------
2021-10-28 22:16:15,419 DEBUG: 
2021-10-28 22:16:15,419 DEBUG: CUTFILE CONTENTS
2021-10-28 22:16:15,419 DEBUG: ---------------------------
2021-10-28 22:16:15,419 DEBUG: [CUTS]
2021-10-28 22:16:15,420 DEBUG: # Name	Variable	</>	Cut (in GeV if applicable)	Group Symmetric
2021-10-28 22:16:15,420 DEBUG: # !!REMEMBER DEFAULT ANALYSISTOP OUTPUT IS IN MeV NOT GeV!!
2021-10-28 22:16:15,420 DEBUG: Tight muon	mu_isTight	=	1	tight muon cut	false
2021-10-28 22:16:15,420 DEBUG: eta	mu_eta	<	2.4	eta	true
2021-10-28 22:16:15,420 DEBUG: E_{T}^{MISS}	met_met	>	65	met	false
2021-10-28 22:16:15,420 DEBUG: p_T	mu_pt	>	65	mu pt	false
2021-10-28 22:16:15,420 DEBUG: M_T	mu_mt	>	55	muon mt	false
2021-10-28 22:16:15,420 DEBUG: M_W	MC_WZ_m	>	120	W m	false	truth
2021-10-28 22:16:15,420 DEBUG: 
2021-10-28 22:16:15,420 DEBUG: [OUTPUTS]
2021-10-28 22:16:15,420 DEBUG: # variables to process
2021-10-28 22:16:15,421 DEBUG: mu_mt
2021-10-28 22:16:15,421 DEBUG: mu_pt
2021-10-28 22:16:15,421 DEBUG: mu_eta
2021-10-28 22:16:15,421 DEBUG: 
2021-10-28 22:16:15,421 DEBUG: [OPTIONS]
2021-10-28 22:16:15,421 DEBUG: # case-insensitive
2021-10-28 22:16:15,421 DEBUG: sequential	false
2021-10-28 22:16:15,421 DEBUG: grouped cutflow	false
2021-10-28 22:16:15,421 DEBUG: ---------------------------
2021-10-28 22:16:15,422 INFO: Parsting cutfile for wplustaunu_slices...
2021-10-28 22:16:15,424 DEBUG: Datafile found
2021-10-28 22:16:15,425 INFO: Reading data for wplustaunu_slices dataframe from outputs/jesal_cutflow/data/wplustaunu_slices_df.pkl...
2021-10-28 22:16:15,448 INFO: Number of events in dataset wplustaunu_slices: 772578
2021-10-28 22:16:15,448 INFO: Creating weights for wplustaunu_slices...
2021-10-28 22:16:15,456 DEBUG: PER-DSID INFO:
2021-10-28 22:16:15,456 DEBUG: --------------
2021-10-28 22:16:15,456 DEBUG: DSID       n_events   sum_w         x-s fb        lumi fb-1
2021-10-28 22:16:15,456 DEBUG: ==========================================================
2021-10-28 22:16:15,487 DEBUG: 301140     521        1.677207e+04  3.219208e+01  1.465126e-01
2021-10-28 22:16:15,490 DEBUG: 301141     8113       4.065248e+04  5.010782e+00  4.550459e+00
2021-10-28 22:16:15,493 DEBUG: 301142     21300      3.730728e+04  1.751515e+00  1.989156e+01
2021-10-28 22:16:15,497 DEBUG: 301143     36357      1.135788e+04  3.123987e-01  5.090710e+01
2021-10-28 22:16:15,500 DEBUG: 301144     37316      2.268519e+03  6.079211e-02  1.044842e+02
2021-10-28 22:16:15,504 DEBUG: 301145     42047      7.428984e+02  1.766828e-02  1.177314e+02
2021-10-28 22:16:15,508 DEBUG: 301146     47861      3.488693e+02  7.289219e-03  1.340092e+02
2021-10-28 22:16:15,512 DEBUG: 301147     48678      1.220389e+02  2.507065e-03  1.363000e+02
2021-10-28 22:16:15,516 DEBUG: 301148     49533      4.885402e+01  9.862924e-04  1.386951e+02
2021-10-28 22:16:15,519 DEBUG: 301149     50141      2.128827e+01  4.245682e-04  1.403967e+02
2021-10-28 22:16:15,523 DEBUG: 301150     49514      9.637255e+00  1.946370e-04  1.386388e+02
2021-10-28 22:16:15,527 DEBUG: 301151     49229      4.595385e+00  9.334710e-05  1.378400e+02
2021-10-28 22:16:15,530 DEBUG: 301152     49191      2.275536e+00  4.625919e-05  1.377341e+02
2021-10-28 22:16:15,534 DEBUG: 301153     50388      1.182906e+00  2.347594e-05  1.410873e+02
2021-10-28 22:16:15,538 DEBUG: 301154     49324      9.100242e-01  1.844993e-05  1.381123e+02
2021-10-28 22:16:15,541 DEBUG: 301155     47861      2.439302e-01  5.096639e-06  1.340080e+02
2021-10-28 22:16:15,544 DEBUG: 301156     47234      6.757697e-02  1.430685e-06  1.322577e+02
2021-10-28 22:16:15,548 DEBUG: 301157     46569      1.868748e-02  4.012858e-07  1.303949e+02
2021-10-28 22:16:15,550 DEBUG: 301158     41401      6.353437e-03  1.534610e-07  1.159238e+02
2021-10-28 22:16:15,551 INFO: Creating cuts for wplustaunu_slices...
2021-10-28 22:16:15,558 INFO: 
2021-10-28 22:16:15,558 INFO: ========== CUTS USED ============
2021-10-28 22:16:15,558 INFO: Tight muon  : mu_isTight = 1.0
2021-10-28 22:16:15,558 INFO: eta         :    |mu_eta| < 2.4
2021-10-28 22:16:15,558 INFO: E_{T}^{MISS}:    met_met > 65.0
2021-10-28 22:16:15,558 INFO: p_T         :      mu_pt > 65.0
2021-10-28 22:16:15,558 INFO: M_T         :      mu_mt > 55.0
2021-10-28 22:16:15,559 INFO: M_W         :    MC_WZ_m > 120.0
2021-10-28 22:16:15,560 INFO: 
2021-10-28 22:16:15,646 INFO: =========== CUTFLOW =============
2021-10-28 22:16:15,647 INFO: Option: Non-sequential
2021-10-28 22:16:15,647 INFO: ---------------------------------
2021-10-28 22:16:15,647 INFO: Cut            Events Ratio
2021-10-28 22:16:15,647 INFO: Inclusive      772578   -
2021-10-28 22:16:15,647 INFO: tight muon cut 772578 1.000    
2021-10-28 22:16:15,647 INFO: eta            772578 1.000    
2021-10-28 22:16:15,647 INFO: met            772578 1.000    
2021-10-28 22:16:15,647 INFO: mu pt          772578 1.000    
2021-10-28 22:16:15,647 INFO: muon mt        772578 1.000    
2021-10-28 22:16:15,647 INFO: W m            772578 1.000    
2021-10-28 22:16:15,647 INFO: 
2021-10-28 22:16:15,647 INFO: ========= DATASET 'wplustaunu_slices' INITIALISED =========
2021-10-28 22:16:15,648 INFO: 
2021-10-28 22:16:15,649 INFO: ======== INITIALISING DATASET 'wplustaunu_inclusive' =========
2021-10-28 22:16:15,650 DEBUG: DATASET INPUT OPTIONS: 
2021-10-28 22:16:15,650 DEBUG: ----------------------------
2021-10-28 22:16:15,650 DEBUG: Input file(s):  /data/atlas/HighMassDrellYan/test_mc16a/wplustaunu/*.root
2021-10-28 22:16:15,650 DEBUG: TTree: nominal_Loose
2021-10-28 22:16:15,650 DEBUG: Cutfile: options/jesal_cutflow/cutfile_jesal.txt
2021-10-28 22:16:15,650 DEBUG: Slices: False
2021-10-28 22:16:15,650 DEBUG: grouped cutflow: True
2021-10-28 22:16:15,651 DEBUG: Forced dataset rebuild: False
2021-10-28 22:16:15,651 DEBUG: ----------------------------
2021-10-28 22:16:15,651 DEBUG: 
2021-10-28 22:16:15,651 DEBUG: CUTFILE CONTENTS
2021-10-28 22:16:15,651 DEBUG: ---------------------------
2021-10-28 22:16:15,651 DEBUG: [CUTS]
2021-10-28 22:16:15,651 DEBUG: # Name	Variable	</>	Cut (in GeV if applicable)	Group Symmetric
2021-10-28 22:16:15,653 DEBUG: # !!REMEMBER DEFAULT ANALYSISTOP OUTPUT IS IN MeV NOT GeV!!
2021-10-28 22:16:15,653 DEBUG: Tight muon	mu_isTight	=	1	tight muon cut	false
2021-10-28 22:16:15,653 DEBUG: eta	mu_eta	<	2.4	eta	true
2021-10-28 22:16:15,654 DEBUG: E_{T}^{MISS}	met_met	>	65	met	false
2021-10-28 22:16:15,654 DEBUG: p_T	mu_pt	>	65	mu pt	false
2021-10-28 22:16:15,655 DEBUG: M_T	mu_mt	>	55	muon mt	false
2021-10-28 22:16:15,656 DEBUG: M_W	MC_WZ_m	>	120	W m	false	truth
2021-10-28 22:16:15,656 DEBUG: 
2021-10-28 22:16:15,656 DEBUG: [OUTPUTS]
2021-10-28 22:16:15,656 DEBUG: # variables to process
2021-10-28 22:16:15,656 DEBUG: mu_mt
2021-10-28 22:16:15,656 DEBUG: mu_pt
2021-10-28 22:16:15,656 DEBUG: mu_eta
2021-10-28 22:16:15,656 DEBUG: 
2021-10-28 22:16:15,656 DEBUG: [OPTIONS]
2021-10-28 22:16:15,657 DEBUG: # case-insensitive
2021-10-28 22:16:15,657 DEBUG: sequential	false
2021-10-28 22:16:15,657 DEBUG: grouped cutflow	false
2021-10-28 22:16:15,657 DEBUG: ---------------------------
2021-10-28 22:16:15,658 INFO: Parsting cutfile for wplustaunu_inclusive...
2021-10-28 22:16:15,660 DEBUG: Datafile found
2021-10-28 22:16:15,661 INFO: Reading data for wplustaunu_inclusive dataframe from outputs/jesal_cutflow/data/wplustaunu_inclusive_df.pkl...
2021-10-28 22:16:15,662 INFO: Number of events in dataset wplustaunu_inclusive: 226
2021-10-28 22:16:15,662 INFO: Creating weights for wplustaunu_inclusive...
2021-10-28 22:16:15,664 DEBUG: INCLUSIVE SAMPLE METADATA:
2021-10-28 22:16:15,664 DEBUG: --------------------------
2021-10-28 22:16:15,664 DEBUG: n_events   sum_w         x-s fb        lumi fb-1
2021-10-28 22:16:15,664 DEBUG: ==========================================================
2021-10-28 22:16:15,666 DEBUG: 226        2.566360e+06  1.135558e+04  2.761639e+00
2021-10-28 22:16:15,666 INFO: Creating cuts for wplustaunu_inclusive...
2021-10-28 22:16:15,673 INFO: 
2021-10-28 22:16:15,673 INFO: ========== CUTS USED ============
2021-10-28 22:16:15,673 INFO: Tight muon  : mu_isTight = 1.0
2021-10-28 22:16:15,673 INFO: eta         :    |mu_eta| < 2.4
2021-10-28 22:16:15,674 INFO: E_{T}^{MISS}:    met_met > 65.0
2021-10-28 22:16:15,675 INFO: p_T         :      mu_pt > 65.0
2021-10-28 22:16:15,675 INFO: M_T         :      mu_mt > 55.0
2021-10-28 22:16:15,675 INFO: M_W         :    MC_WZ_m > 120.0
2021-10-28 22:16:15,675 INFO: 
2021-10-28 22:16:15,687 INFO: =========== CUTFLOW =============
2021-10-28 22:16:15,687 INFO: Option: Non-sequential
2021-10-28 22:16:15,687 INFO: ---------------------------------
2021-10-28 22:16:15,688 INFO: Cut            Events Ratio
2021-10-28 22:16:15,688 INFO: Inclusive      226   -
2021-10-28 22:16:15,688 INFO: tight muon cut 226 1.000    
2021-10-28 22:16:15,689 INFO: eta            226 1.000    
2021-10-28 22:16:15,690 INFO: met            226 1.000    
2021-10-28 22:16:15,690 INFO: mu pt          226 1.000    
2021-10-28 22:16:15,690 INFO: muon mt        226 1.000    
2021-10-28 22:16:15,690 INFO: W m            193 0.854    
2021-10-28 22:16:15,690 INFO: 
2021-10-28 22:16:15,690 INFO: ========= DATASET 'wplustaunu_inclusive' INITIALISED =========
2021-10-28 22:16:15,690 INFO: 
2021-10-28 22:16:15,690 INFO: ======== INITIALISING DATASET 'wminmunu_slices' =========
2021-10-28 22:16:15,699 DEBUG: DATASET INPUT OPTIONS: 
2021-10-28 22:16:15,699 DEBUG: ----------------------------
2021-10-28 22:16:15,699 DEBUG: Input file(s):  /data/atlas/HighMassDrellYan/test_mc16a/wminmunu_*/*.root
2021-10-28 22:16:15,700 DEBUG: TTree: nominal_Loose
2021-10-28 22:16:15,701 DEBUG: Cutfile: options/jesal_cutflow/cutfile_jesal.txt
2021-10-28 22:16:15,701 DEBUG: Slices: True
2021-10-28 22:16:15,701 DEBUG: grouped cutflow: True
2021-10-28 22:16:15,701 DEBUG: Forced dataset rebuild: False
2021-10-28 22:16:15,701 DEBUG: ----------------------------
2021-10-28 22:16:15,701 DEBUG: 
2021-10-28 22:16:15,701 DEBUG: CUTFILE CONTENTS
2021-10-28 22:16:15,701 DEBUG: ---------------------------
2021-10-28 22:16:15,702 DEBUG: [CUTS]
2021-10-28 22:16:15,702 DEBUG: # Name	Variable	</>	Cut (in GeV if applicable)	Group Symmetric
2021-10-28 22:16:15,702 DEBUG: # !!REMEMBER DEFAULT ANALYSISTOP OUTPUT IS IN MeV NOT GeV!!
2021-10-28 22:16:15,702 DEBUG: Tight muon	mu_isTight	=	1	tight muon cut	false
2021-10-28 22:16:15,702 DEBUG: eta	mu_eta	<	2.4	eta	true
2021-10-28 22:16:15,703 DEBUG: E_{T}^{MISS}	met_met	>	65	met	false
2021-10-28 22:16:15,703 DEBUG: p_T	mu_pt	>	65	mu pt	false
2021-10-28 22:16:15,703 DEBUG: M_T	mu_mt	>	55	muon mt	false
2021-10-28 22:16:15,704 DEBUG: M_W	MC_WZ_m	>	120	W m	false	truth
2021-10-28 22:16:15,704 DEBUG: 
2021-10-28 22:16:15,704 DEBUG: [OUTPUTS]
2021-10-28 22:16:15,704 DEBUG: # variables to process
2021-10-28 22:16:15,704 DEBUG: mu_mt
2021-10-28 22:16:15,704 DEBUG: mu_pt
2021-10-28 22:16:15,704 DEBUG: mu_eta
2021-10-28 22:16:15,704 DEBUG: 
2021-10-28 22:16:15,704 DEBUG: [OPTIONS]
2021-10-28 22:16:15,704 DEBUG: # case-insensitive
2021-10-28 22:16:15,704 DEBUG: sequential	false
2021-10-28 22:16:15,704 DEBUG: grouped cutflow	false
2021-10-28 22:16:15,704 DEBUG: ---------------------------
2021-10-28 22:16:15,705 INFO: Parsting cutfile for wminmunu_slices...
2021-10-28 22:16:15,706 DEBUG: Datafile found
2021-10-28 22:16:15,707 INFO: Reading data for wminmunu_slices dataframe from outputs/jesal_cutflow/data/wminmunu_slices_df.pkl...
2021-10-28 22:16:16,004 INFO: Number of events in dataset wminmunu_slices: 10473533
2021-10-28 22:16:16,004 INFO: Creating weights for wminmunu_slices...
2021-10-28 22:16:16,168 DEBUG: PER-DSID INFO:
2021-10-28 22:16:16,168 DEBUG: --------------
2021-10-28 22:16:16,168 DEBUG: DSID       n_events   sum_w         x-s fb        lumi fb-1
2021-10-28 22:16:16,168 DEBUG: ==========================================================
2021-10-28 22:16:16,428 DEBUG: 301120     499915     1.110597e+07  2.221572e+01  1.408600e+01
2021-10-28 22:16:16,490 DEBUG: 301121     944456     3.101657e+06  3.284067e+00  8.836211e+01
2021-10-28 22:16:16,535 DEBUG: 301122     737165     7.982900e+05  1.082919e+00  1.738961e+02
2021-10-28 22:16:16,567 DEBUG: 301123     549364     9.635911e+04  1.754012e-01  7.691939e+02
2021-10-28 22:16:16,597 DEBUG: 301124     488699     1.513980e+04  3.097982e-02  1.368361e+03
2021-10-28 22:16:16,644 DEBUG: 301125     507642     4.206513e+03  8.286377e-03  1.421397e+03
2021-10-28 22:16:16,688 DEBUG: 301126     512753     1.619953e+03  3.159324e-03  1.435705e+03
2021-10-28 22:16:16,724 DEBUG: 301127     522006     5.234484e+02  1.002763e-03  1.461614e+03
2021-10-28 22:16:16,757 DEBUG: 301128     528485     1.945538e+02  3.681350e-04  1.479762e+03
2021-10-28 22:16:16,788 DEBUG: 301129     523222     7.820444e+01  1.494670e-04  1.465028e+03
2021-10-28 22:16:16,818 DEBUG: 301130     527231     3.443364e+01  6.531034e-05  1.476250e+03
2021-10-28 22:16:16,847 DEBUG: 301131     526452     1.588209e+01  3.016817e-05  1.474065e+03
2021-10-28 22:16:16,876 DEBUG: 301132     523697     7.619310e+00  1.454908e-05  1.466352e+03
2021-10-28 22:16:16,904 DEBUG: 301133     523944     3.803304e+00  7.258989e-06  1.467048e+03
2021-10-28 22:16:16,932 DEBUG: 301134     523849     2.969780e+00  5.669152e-06  1.466784e+03
2021-10-28 22:16:16,963 DEBUG: 301135     519023     8.290851e-01  1.597396e-06  1.453265e+03
2021-10-28 22:16:17,000 DEBUG: 301136     511632     2.415438e-01  4.721046e-07  1.432573e+03
2021-10-28 22:16:17,028 DEBUG: 301137     505761     7.222451e-02  1.428036e-07  1.416137e+03
2021-10-28 22:16:17,056 DEBUG: 301138     498237     3.070374e-02  6.162477e-08  1.395066e+03
2021-10-28 22:16:17,056 INFO: Creating cuts for wminmunu_slices...
2021-10-28 22:16:17,158 INFO: 
2021-10-28 22:16:17,158 INFO: ========== CUTS USED ============
2021-10-28 22:16:17,158 INFO: Tight muon  : mu_isTight = 1.0
2021-10-28 22:16:17,158 INFO: eta         :    |mu_eta| < 2.4
2021-10-28 22:16:17,158 INFO: E_{T}^{MISS}:    met_met > 65.0
2021-10-28 22:16:17,158 INFO: p_T         :      mu_pt > 65.0
2021-10-28 22:16:17,158 INFO: M_T         :      mu_mt > 55.0
2021-10-28 22:16:17,158 INFO: M_W         :    MC_WZ_m > 120.0
2021-10-28 22:16:17,158 INFO: 
2021-10-28 22:16:19,147 INFO: =========== CUTFLOW =============
2021-10-28 22:16:19,147 INFO: Option: Non-sequential
2021-10-28 22:16:19,147 INFO: ---------------------------------
2021-10-28 22:16:19,147 INFO: Cut            Events   Ratio
2021-10-28 22:16:19,147 INFO: Inclusive      10473533   -
2021-10-28 22:16:19,147 INFO: tight muon cut 10473533 1.000    
2021-10-28 22:16:19,147 INFO: eta            10473533 1.000    
2021-10-28 22:16:19,147 INFO: met            10473533 1.000    
2021-10-28 22:16:19,147 INFO: mu pt          10473533 1.000    
2021-10-28 22:16:19,147 INFO: muon mt        10473533 1.000    
2021-10-28 22:16:19,147 INFO: W m            10473533 1.000    
2021-10-28 22:16:19,147 INFO: 
2021-10-28 22:16:19,151 INFO: ========= DATASET 'wminmunu_slices' INITIALISED =========
2021-10-28 22:16:19,151 INFO: 
2021-10-28 22:16:19,151 INFO: ======== INITIALISING DATASET 'wminmunu_inclusive' =========
2021-10-28 22:16:19,151 DEBUG: DATASET INPUT OPTIONS: 
2021-10-28 22:16:19,151 DEBUG: ----------------------------
2021-10-28 22:16:19,151 DEBUG: Input file(s):  /data/atlas/HighMassDrellYan/test_mc16a/wminmunu/*.root
2021-10-28 22:16:19,152 DEBUG: TTree: nominal_Loose
2021-10-28 22:16:19,152 DEBUG: Cutfile: options/jesal_cutflow/cutfile_jesal.txt
2021-10-28 22:16:19,152 DEBUG: Slices: False
2021-10-28 22:16:19,153 DEBUG: grouped cutflow: True
2021-10-28 22:16:19,153 DEBUG: Forced dataset rebuild: False
2021-10-28 22:16:19,153 DEBUG: ----------------------------
2021-10-28 22:16:19,153 DEBUG: 
2021-10-28 22:16:19,153 DEBUG: CUTFILE CONTENTS
2021-10-28 22:16:19,153 DEBUG: ---------------------------
2021-10-28 22:16:19,154 DEBUG: [CUTS]
2021-10-28 22:16:19,155 DEBUG: # Name	Variable	</>	Cut (in GeV if applicable)	Group Symmetric
2021-10-28 22:16:19,155 DEBUG: # !!REMEMBER DEFAULT ANALYSISTOP OUTPUT IS IN MeV NOT GeV!!
2021-10-28 22:16:19,155 DEBUG: Tight muon	mu_isTight	=	1	tight muon cut	false
2021-10-28 22:16:19,155 DEBUG: eta	mu_eta	<	2.4	eta	true
2021-10-28 22:16:19,155 DEBUG: E_{T}^{MISS}	met_met	>	65	met	false
2021-10-28 22:16:19,155 DEBUG: p_T	mu_pt	>	65	mu pt	false
2021-10-28 22:16:19,156 DEBUG: M_T	mu_mt	>	55	muon mt	false
2021-10-28 22:16:19,156 DEBUG: M_W	MC_WZ_m	>	120	W m	false	truth
2021-10-28 22:16:19,157 DEBUG: 
2021-10-28 22:16:19,157 DEBUG: [OUTPUTS]
2021-10-28 22:16:19,157 DEBUG: # variables to process
2021-10-28 22:16:19,157 DEBUG: mu_mt
2021-10-28 22:16:19,157 DEBUG: mu_pt
2021-10-28 22:16:19,157 DEBUG: mu_eta
2021-10-28 22:16:19,157 DEBUG: 
2021-10-28 22:16:19,157 DEBUG: [OPTIONS]
2021-10-28 22:16:19,157 DEBUG: # case-insensitive
2021-10-28 22:16:19,157 DEBUG: sequential	false
2021-10-28 22:16:19,158 DEBUG: grouped cutflow	false
2021-10-28 22:16:19,158 DEBUG: ---------------------------
2021-10-28 22:16:19,158 INFO: Parsting cutfile for wminmunu_inclusive...
2021-10-28 22:16:19,161 DEBUG: Datafile found
2021-10-28 22:16:19,161 INFO: Reading data for wminmunu_inclusive dataframe from outputs/jesal_cutflow/data/wminmunu_inclusive_df.pkl...
2021-10-28 22:16:19,166 INFO: Number of events in dataset wminmunu_inclusive: 19384
2021-10-28 22:16:19,166 INFO: Creating weights for wminmunu_inclusive...
2021-10-28 22:16:19,177 DEBUG: INCLUSIVE SAMPLE METADATA:
2021-10-28 22:16:19,177 DEBUG: --------------------------
2021-10-28 22:16:19,177 DEBUG: n_events   sum_w         x-s fb        lumi fb-1
2021-10-28 22:16:19,178 DEBUG: ==========================================================
2021-10-28 22:16:19,179 DEBUG: 19384      1.617602e+08  8.345036e+03  3.217386e+02
2021-10-28 22:16:19,179 INFO: Creating cuts for wminmunu_inclusive...
2021-10-28 22:16:19,185 INFO: 
2021-10-28 22:16:19,185 INFO: ========== CUTS USED ============
2021-10-28 22:16:19,186 INFO: Tight muon  : mu_isTight = 1.0
2021-10-28 22:16:19,186 INFO: eta         :    |mu_eta| < 2.4
2021-10-28 22:16:19,187 INFO: E_{T}^{MISS}:    met_met > 65.0
2021-10-28 22:16:19,187 INFO: p_T         :      mu_pt > 65.0
2021-10-28 22:16:19,187 INFO: M_T         :      mu_mt > 55.0
2021-10-28 22:16:19,188 INFO: M_W         :    MC_WZ_m > 120.0
2021-10-28 22:16:19,188 INFO: 
2021-10-28 22:16:19,202 INFO: =========== CUTFLOW =============
2021-10-28 22:16:19,202 INFO: Option: Non-sequential
2021-10-28 22:16:19,202 INFO: ---------------------------------
2021-10-28 22:16:19,202 INFO: Cut            Events Ratio
2021-10-28 22:16:19,202 INFO: Inclusive      19384   -
2021-10-28 22:16:19,203 INFO: tight muon cut 19384 1.000    
2021-10-28 22:16:19,203 INFO: eta            19384 1.000    
2021-10-28 22:16:19,204 INFO: met            19384 1.000    
2021-10-28 22:16:19,204 INFO: mu pt          19384 1.000    
2021-10-28 22:16:19,204 INFO: muon mt        19384 1.000    
2021-10-28 22:16:19,204 INFO: W m            12171 0.628    
2021-10-28 22:16:19,204 INFO: 
2021-10-28 22:16:19,204 INFO: ========= DATASET 'wminmunu_inclusive' INITIALISED =========
2021-10-28 22:16:19,204 INFO: 
2021-10-28 22:16:19,204 INFO: ======== INITIALISING DATASET 'wplusmunu_slices' =========
2021-10-28 22:16:19,212 DEBUG: DATASET INPUT OPTIONS: 
2021-10-28 22:16:19,212 DEBUG: ----------------------------
2021-10-28 22:16:19,213 DEBUG: Input file(s):  /data/atlas/HighMassDrellYan/test_mc16a/wplusmunu_*/*.root
2021-10-28 22:16:19,213 DEBUG: TTree: nominal_Loose
2021-10-28 22:16:19,213 DEBUG: Cutfile: options/jesal_cutflow/cutfile_jesal.txt
2021-10-28 22:16:19,213 DEBUG: Slices: True
2021-10-28 22:16:19,214 DEBUG: grouped cutflow: True
2021-10-28 22:16:19,214 DEBUG: Forced dataset rebuild: False
2021-10-28 22:16:19,214 DEBUG: ----------------------------
2021-10-28 22:16:19,214 DEBUG: 
2021-10-28 22:16:19,214 DEBUG: CUTFILE CONTENTS
2021-10-28 22:16:19,214 DEBUG: ---------------------------
2021-10-28 22:16:19,215 DEBUG: [CUTS]
2021-10-28 22:16:19,215 DEBUG: # Name	Variable	</>	Cut (in GeV if applicable)	Group Symmetric
2021-10-28 22:16:19,215 DEBUG: # !!REMEMBER DEFAULT ANALYSISTOP OUTPUT IS IN MeV NOT GeV!!
2021-10-28 22:16:19,215 DEBUG: Tight muon	mu_isTight	=	1	tight muon cut	false
2021-10-28 22:16:19,215 DEBUG: eta	mu_eta	<	2.4	eta	true
2021-10-28 22:16:19,215 DEBUG: E_{T}^{MISS}	met_met	>	65	met	false
2021-10-28 22:16:19,215 DEBUG: p_T	mu_pt	>	65	mu pt	false
2021-10-28 22:16:19,216 DEBUG: M_T	mu_mt	>	55	muon mt	false
2021-10-28 22:16:19,216 DEBUG: M_W	MC_WZ_m	>	120	W m	false	truth
2021-10-28 22:16:19,216 DEBUG: 
2021-10-28 22:16:19,216 DEBUG: [OUTPUTS]
2021-10-28 22:16:19,216 DEBUG: # variables to process
2021-10-28 22:16:19,216 DEBUG: mu_mt
2021-10-28 22:16:19,216 DEBUG: mu_pt
2021-10-28 22:16:19,216 DEBUG: mu_eta
2021-10-28 22:16:19,217 DEBUG: 
2021-10-28 22:16:19,217 DEBUG: [OPTIONS]
2021-10-28 22:16:19,217 DEBUG: # case-insensitive
2021-10-28 22:16:19,217 DEBUG: sequential	false
2021-10-28 22:16:19,217 DEBUG: grouped cutflow	false
2021-10-28 22:16:19,217 DEBUG: ---------------------------
2021-10-28 22:16:19,217 INFO: Parsting cutfile for wplusmunu_slices...
2021-10-28 22:16:19,219 DEBUG: Datafile found
2021-10-28 22:16:19,219 INFO: Reading data for wplusmunu_slices dataframe from outputs/jesal_cutflow/data/wplusmunu_slices_df.pkl...
2021-10-28 22:16:19,676 INFO: Number of events in dataset wplusmunu_slices: 11241434
2021-10-28 22:16:19,677 INFO: Creating weights for wplusmunu_slices...
2021-10-28 22:16:19,884 DEBUG: PER-DSID INFO:
2021-10-28 22:16:19,884 DEBUG: --------------
2021-10-28 22:16:19,884 DEBUG: DSID       n_events   sum_w         x-s fb        lumi fb-1
2021-10-28 22:16:19,884 DEBUG: ==========================================================
2021-10-28 22:16:20,375 DEBUG: 301100     484716     1.553695e+07  3.205372e+01  1.365058e+01
2021-10-28 22:16:20,483 DEBUG: 301101     1012214    5.063302e+06  5.002206e+00  9.474268e+01
2021-10-28 22:16:20,546 DEBUG: 301102     847300     1.486461e+06  1.754350e+00  1.978004e+02
2021-10-28 22:16:20,584 DEBUG: 301103     628252     1.962419e+05  3.123617e-01  8.796504e+02
2021-10-28 22:16:20,620 DEBUG: 301104     546953     3.325082e+04  6.079284e-02  1.531479e+03
2021-10-28 22:16:20,653 DEBUG: 301105     558068     9.860153e+03  1.766837e-02  1.562594e+03
2021-10-28 22:16:20,688 DEBUG: 301106     557555     4.064182e+03  7.289293e-03  1.561152e+03
2021-10-28 22:16:20,722 DEBUG: 301107     565079     1.416678e+03  2.507044e-03  1.582226e+03
2021-10-28 22:16:20,756 DEBUG: 301108     563977     5.562368e+02  9.862756e-04  1.579139e+03
2021-10-28 22:16:20,790 DEBUG: 301109     562856     2.389681e+02  4.245635e-04  1.576001e+03
2021-10-28 22:16:20,823 DEBUG: 301110     560538     1.091019e+02  1.946378e-04  1.569509e+03
2021-10-28 22:16:20,857 DEBUG: 301111     561678     5.243172e+01  9.334835e-05  1.572705e+03
2021-10-28 22:16:20,890 DEBUG: 301112     562419     2.601713e+01  4.625934e-05  1.574772e+03
2021-10-28 22:16:20,923 DEBUG: 301113     555370     1.303779e+01  2.347587e-05  1.555040e+03
2021-10-28 22:16:20,956 DEBUG: 301114     549575     1.013926e+01  1.844928e-05  1.538813e+03
2021-10-28 22:16:20,989 DEBUG: 301115     541614     2.760483e+00  5.096771e-06  1.516527e+03
2021-10-28 22:16:21,022 DEBUG: 301116     539809     7.722799e-01  1.430654e-06  1.511460e+03
2021-10-28 22:16:21,054 DEBUG: 301117     528390     2.120333e-01  4.012819e-07  1.479497e+03
2021-10-28 22:16:21,089 DEBUG: 301118     515071     7.904281e-02  1.534600e-07  1.442202e+03
2021-10-28 22:16:21,089 INFO: Creating cuts for wplusmunu_slices...
2021-10-28 22:16:21,204 INFO: 
2021-10-28 22:16:21,204 INFO: ========== CUTS USED ============
2021-10-28 22:16:21,204 INFO: Tight muon  : mu_isTight = 1.0
2021-10-28 22:16:21,204 INFO: eta         :    |mu_eta| < 2.4
2021-10-28 22:16:21,204 INFO: E_{T}^{MISS}:    met_met > 65.0
2021-10-28 22:16:21,204 INFO: p_T         :      mu_pt > 65.0
2021-10-28 22:16:21,204 INFO: M_T         :      mu_mt > 55.0
2021-10-28 22:16:21,204 INFO: M_W         :    MC_WZ_m > 120.0
2021-10-28 22:16:21,205 INFO: 
2021-10-28 22:16:23,887 INFO: =========== CUTFLOW =============
2021-10-28 22:16:23,887 INFO: Option: Non-sequential
2021-10-28 22:16:23,887 INFO: ---------------------------------
2021-10-28 22:16:23,887 INFO: Cut            Events   Ratio
2021-10-28 22:16:23,887 INFO: Inclusive      11241434   -
2021-10-28 22:16:23,887 INFO: tight muon cut 11241434 1.000    
2021-10-28 22:16:23,887 INFO: eta            11241434 1.000    
2021-10-28 22:16:23,887 INFO: met            11241434 1.000    
2021-10-28 22:16:23,887 INFO: mu pt          11241434 1.000    
2021-10-28 22:16:23,887 INFO: muon mt        11241434 1.000    
2021-10-28 22:16:23,887 INFO: W m            11241433 1.000    
2021-10-28 22:16:23,887 INFO: 
2021-10-28 22:16:23,894 INFO: ========= DATASET 'wplusmunu_slices' INITIALISED =========
2021-10-28 22:16:23,894 INFO: 
2021-10-28 22:16:23,894 INFO: ======== INITIALISING DATASET 'wplusmunu_inclusive' =========
2021-10-28 22:16:23,895 DEBUG: DATASET INPUT OPTIONS: 
2021-10-28 22:16:23,895 DEBUG: ----------------------------
2021-10-28 22:16:23,896 DEBUG: Input file(s):  /data/atlas/HighMassDrellYan/test_mc16a/wplusmunu/*.root
2021-10-28 22:16:23,896 DEBUG: TTree: nominal_Loose
2021-10-28 22:16:23,896 DEBUG: Cutfile: options/jesal_cutflow/cutfile_jesal.txt
2021-10-28 22:16:23,896 DEBUG: Slices: False
2021-10-28 22:16:23,896 DEBUG: grouped cutflow: True
2021-10-28 22:16:23,896 DEBUG: Forced dataset rebuild: False
2021-10-28 22:16:23,896 DEBUG: ----------------------------
2021-10-28 22:16:23,897 DEBUG: 
2021-10-28 22:16:23,897 DEBUG: CUTFILE CONTENTS
2021-10-28 22:16:23,897 DEBUG: ---------------------------
2021-10-28 22:16:23,897 DEBUG: [CUTS]
2021-10-28 22:16:23,897 DEBUG: # Name	Variable	</>	Cut (in GeV if applicable)	Group Symmetric
2021-10-28 22:16:23,897 DEBUG: # !!REMEMBER DEFAULT ANALYSISTOP OUTPUT IS IN MeV NOT GeV!!
2021-10-28 22:16:23,897 DEBUG: Tight muon	mu_isTight	=	1	tight muon cut	false
2021-10-28 22:16:23,897 DEBUG: eta	mu_eta	<	2.4	eta	true
2021-10-28 22:16:23,897 DEBUG: E_{T}^{MISS}	met_met	>	65	met	false
2021-10-28 22:16:23,897 DEBUG: p_T	mu_pt	>	65	mu pt	false
2021-10-28 22:16:23,897 DEBUG: M_T	mu_mt	>	55	muon mt	false
2021-10-28 22:16:23,897 DEBUG: M_W	MC_WZ_m	>	120	W m	false	truth
2021-10-28 22:16:23,897 DEBUG: 
2021-10-28 22:16:23,898 DEBUG: [OUTPUTS]
2021-10-28 22:16:23,898 DEBUG: # variables to process
2021-10-28 22:16:23,898 DEBUG: mu_mt
2021-10-28 22:16:23,898 DEBUG: mu_pt
2021-10-28 22:16:23,898 DEBUG: mu_eta
2021-10-28 22:16:23,898 DEBUG: 
2021-10-28 22:16:23,898 DEBUG: [OPTIONS]
2021-10-28 22:16:23,898 DEBUG: # case-insensitive
2021-10-28 22:16:23,898 DEBUG: sequential	false
2021-10-28 22:16:23,898 DEBUG: grouped cutflow	false
2021-10-28 22:16:23,900 DEBUG: ---------------------------
2021-10-28 22:16:23,900 INFO: Parsting cutfile for wplusmunu_inclusive...
2021-10-28 22:16:23,902 DEBUG: Datafile found
2021-10-28 22:16:23,902 INFO: Reading data for wplusmunu_inclusive dataframe from outputs/jesal_cutflow/data/wplusmunu_inclusive_df.pkl...
2021-10-28 22:16:23,904 INFO: Number of events in dataset wplusmunu_inclusive: 25515
2021-10-28 22:16:23,904 INFO: Creating weights for wplusmunu_inclusive...
2021-10-28 22:16:23,910 DEBUG: INCLUSIVE SAMPLE METADATA:
2021-10-28 22:16:23,910 DEBUG: --------------------------
2021-10-28 22:16:23,910 DEBUG: n_events   sum_w         x-s fb        lumi fb-1
2021-10-28 22:16:23,910 DEBUG: ==========================================================
2021-10-28 22:16:23,911 DEBUG: 25515      2.903304e+08  1.137881e+04  3.117847e+02
2021-10-28 22:16:23,911 INFO: Creating cuts for wplusmunu_inclusive...
2021-10-28 22:16:23,914 INFO: 
2021-10-28 22:16:23,914 INFO: ========== CUTS USED ============
2021-10-28 22:16:23,914 INFO: Tight muon  : mu_isTight = 1.0
2021-10-28 22:16:23,914 INFO: eta         :    |mu_eta| < 2.4
2021-10-28 22:16:23,914 INFO: E_{T}^{MISS}:    met_met > 65.0
2021-10-28 22:16:23,914 INFO: p_T         :      mu_pt > 65.0
2021-10-28 22:16:23,914 INFO: M_T         :      mu_mt > 55.0
2021-10-28 22:16:23,914 INFO: M_W         :    MC_WZ_m > 120.0
2021-10-28 22:16:23,915 INFO: 
2021-10-28 22:16:23,922 INFO: =========== CUTFLOW =============
2021-10-28 22:16:23,922 INFO: Option: Non-sequential
2021-10-28 22:16:23,922 INFO: ---------------------------------
2021-10-28 22:16:23,922 INFO: Cut            Events Ratio
2021-10-28 22:16:23,923 INFO: Inclusive      25515   -
2021-10-28 22:16:23,923 INFO: tight muon cut 25515 1.000    
2021-10-28 22:16:23,923 INFO: eta            25515 1.000    
2021-10-28 22:16:23,923 INFO: met            25515 1.000    
2021-10-28 22:16:23,923 INFO: mu pt          25515 1.000    
2021-10-28 22:16:23,923 INFO: muon mt        25515 1.000    
2021-10-28 22:16:23,923 INFO: W m            17359 0.680    
2021-10-28 22:16:23,923 INFO: 
2021-10-28 22:16:23,923 INFO: ========= DATASET 'wplusmunu_inclusive' INITIALISED =========
2021-10-28 22:16:23,923 INFO: ====================================
2021-10-28 22:16:23,924 INFO: ANALYSIS 'jesal_cutflow' INITIALISED
2021-10-28 22:16:24,487 INFO: Saved pickle file to outputs/jesal_cutflow/histograms/wmintaunu_slices_mu_mt_mass_slices_full.pkl
2021-10-28 22:16:24,871 INFO: Figure saved to outputs/jesal_cutflow/plots/wmintaunu_slices_mu_mt_mass_slices_full.png
2021-10-28 22:16:25,327 INFO: Saved pickle file to outputs/jesal_cutflow/histograms/wplustaunu_slices_mu_mt_mass_slices_full.pkl
2021-10-28 22:16:25,656 INFO: Figure saved to outputs/jesal_cutflow/plots/wplustaunu_slices_mu_mt_mass_slices_full.png
2021-10-28 22:16:27,761 INFO: Saved pickle file to outputs/jesal_cutflow/histograms/wminmunu_slices_mu_mt_mass_slices_full.pkl
2021-10-28 22:16:28,093 INFO: Figure saved to outputs/jesal_cutflow/plots/wminmunu_slices_mu_mt_mass_slices_full.png
2021-10-28 22:16:30,309 INFO: Saved pickle file to outputs/jesal_cutflow/histograms/wplusmunu_slices_mu_mt_mass_slices_full.pkl
2021-10-28 22:16:30,637 INFO: Figure saved to outputs/jesal_cutflow/plots/wplusmunu_slices_mu_mt_mass_slices_full.png
