2021-10-28 11:30:26,353 INFO: INITIALISING ANALYSIS 'jesal_cutflow'...
2021-10-28 11:30:26,353 INFO: ========================================
2021-10-28 11:30:26,354 INFO: 
2021-10-28 11:30:26,354 INFO: ======== INITIALISING DATASET 'wmintaunu_slices' =========
2021-10-28 11:30:26,361 DEBUG: DATASET INPUT OPTIONS: 
2021-10-28 11:30:26,361 DEBUG: ----------------------------
2021-10-28 11:30:26,361 DEBUG: Input file(s):  /data/atlas/HighMassDrellYan/test_mc16a/wmintaunu_*/*.root
2021-10-28 11:30:26,361 DEBUG: TTree: nominal_Loose
2021-10-28 11:30:26,362 DEBUG: Cutfile: options/jesal_cutflow/cutfile_jesal.txt
2021-10-28 11:30:26,363 DEBUG: Slices: True
2021-10-28 11:30:26,363 DEBUG: grouped cutflow: True
2021-10-28 11:30:26,363 DEBUG: Forced dataset rebuild: False
2021-10-28 11:30:26,363 DEBUG: ----------------------------
2021-10-28 11:30:26,363 DEBUG: 
2021-10-28 11:30:26,363 DEBUG: CUTFILE CONTENTS
2021-10-28 11:30:26,364 DEBUG: ---------------------------
2021-10-28 11:30:26,364 DEBUG: [CUTS]
2021-10-28 11:30:26,364 DEBUG: # Name	Variable	</>	Cut (in GeV if applicable)	Group Symmetric
2021-10-28 11:30:26,364 DEBUG: # !!REMEMBER DEFAULT ANALYSISTOP OUTPUT IS IN MeV NOT GeV!!
2021-10-28 11:30:26,365 DEBUG: Tight muon	mu_isTight	=	1	tight muon cut	false
2021-10-28 11:30:26,365 DEBUG: eta	mu_eta	<	2.4	eta	true
2021-10-28 11:30:26,365 DEBUG: E_{T}^{MISS}	met_met	>	65	met	false
2021-10-28 11:30:26,365 DEBUG: p_T	mu_pt	>	65	mu pt	false
2021-10-28 11:30:26,365 DEBUG: M_T	mu_mt	>	55	muon mt	false
2021-10-28 11:30:26,365 DEBUG: M_W	MC_WZ_m	>	120	W m	false	truth
2021-10-28 11:30:26,365 DEBUG: 
2021-10-28 11:30:26,365 DEBUG: [OUTPUTS]
2021-10-28 11:30:26,366 DEBUG: # variables to process
2021-10-28 11:30:26,366 DEBUG: mu_mt
2021-10-28 11:30:26,366 DEBUG: mu_pt
2021-10-28 11:30:26,366 DEBUG: mu_eta
2021-10-28 11:30:26,367 DEBUG: 
2021-10-28 11:30:26,367 DEBUG: [OPTIONS]
2021-10-28 11:30:26,367 DEBUG: # case-insensitive
2021-10-28 11:30:26,367 DEBUG: sequential	false
2021-10-28 11:30:26,367 DEBUG: grouped cutflow	false
2021-10-28 11:30:26,368 DEBUG: ---------------------------
2021-10-28 11:30:26,368 INFO: Parsting cutfile for wmintaunu_slices...
2021-10-28 11:30:26,371 DEBUG: Datafile found
2021-10-28 11:30:26,372 INFO: Reading data for wmintaunu_slices dataframe from outputs/jesal_cutflow/data/wmintaunu_slices_df.pkl...
2021-10-28 11:30:26,427 INFO: Number of events in dataset wmintaunu_slices: 726886
2021-10-28 11:30:26,427 INFO: Creating weights for wmintaunu_slices...
2021-10-28 11:30:26,441 DEBUG: PER-DSID INFO:
2021-10-28 11:30:26,441 DEBUG: --------------
2021-10-28 11:30:26,441 DEBUG: DSID       n_events   sum_w         x-s fb        lumi fb-1
2021-10-28 11:30:26,441 DEBUG: ==========================================================
2021-10-28 11:30:26,504 DEBUG: 301160     584        1.304203e+04  2.233225e+01  1.750007e-01
2021-10-28 11:30:26,506 DEBUG: 301161     7814       2.572807e+04  3.292561e+00  4.385605e+00
2021-10-28 11:30:26,508 DEBUG: 301162     19355      2.097866e+04  1.083888e+00  1.807713e+01
2021-10-28 11:30:26,511 DEBUG: 301163     32203      5.649394e+03  1.754307e-01  4.508980e+01
2021-10-28 11:30:26,514 DEBUG: 301164     36493      1.130532e+03  3.097943e-02  1.021794e+02
2021-10-28 11:30:26,517 DEBUG: 301165     40197      3.330843e+02  8.286296e-03  1.125505e+02
2021-10-28 11:30:26,520 DEBUG: 301166     38794      1.225665e+02  3.159418e-03  1.180722e+02
2021-10-28 11:30:26,523 DEBUG: 301167     45957      4.608419e+01  1.002768e-03  1.286798e+02
2021-10-28 11:30:26,526 DEBUG: 301168     46553      1.713763e+01  3.681316e-04  1.303474e+02
2021-10-28 11:30:26,529 DEBUG: 301169     46357      6.928842e+00  1.494670e-04  1.298001e+02
2021-10-28 11:30:26,533 DEBUG: 301170     48747      3.183652e+00  6.530970e-05  1.364905e+02
2021-10-28 11:30:26,536 DEBUG: 301171     45132      1.361533e+00  3.016780e-05  1.263680e+02
2021-10-28 11:30:26,539 DEBUG: 301172     48195      7.012044e-01  1.454932e-05  1.349483e+02
2021-10-28 11:30:26,542 DEBUG: 301173     47837      3.472451e-01  7.258924e-06  1.339429e+02
2021-10-28 11:30:26,545 DEBUG: 301174     46889      2.658246e-01  5.669233e-06  1.312917e+02
2021-10-28 11:30:26,548 DEBUG: 301175     46518      7.430704e-02  1.597383e-06  1.302495e+02
2021-10-28 11:30:26,551 DEBUG: 301176     44600      2.105576e-02  4.721023e-07  1.248797e+02
2021-10-28 11:30:26,553 DEBUG: 301177     44286      6.324148e-03  1.428024e-07  1.240002e+02
2021-10-28 11:30:26,556 DEBUG: 301178     40375      2.488081e-03  6.162430e-08  1.130493e+02
2021-10-28 11:30:26,556 INFO: Creating cuts for wmintaunu_slices...
2021-10-28 11:30:26,564 INFO: 
2021-10-28 11:30:26,564 INFO: ========== CUTS USED ============
2021-10-28 11:30:26,564 INFO: Tight muon  : mu_isTight = 1.0
2021-10-28 11:30:26,564 INFO: eta         :    |mu_eta| < 2.4
2021-10-28 11:30:26,564 INFO: E_{T}^{MISS}:    met_met > 65.0
2021-10-28 11:30:26,564 INFO: p_T         :      mu_pt > 65.0
2021-10-28 11:30:26,565 INFO: M_T         :      mu_mt > 55.0
2021-10-28 11:30:26,566 INFO: M_W         :    MC_WZ_m > 120.0
2021-10-28 11:30:26,567 INFO: 
2021-10-28 11:30:26,665 INFO: =========== CUTFLOW =============
2021-10-28 11:30:26,665 INFO: Option: Non-sequential
2021-10-28 11:30:26,665 INFO: ---------------------------------
2021-10-28 11:30:26,665 INFO: Cut            Events Ratio
2021-10-28 11:30:26,665 INFO: Inclusive      726886   -
2021-10-28 11:30:26,665 INFO: tight muon cut 726886 1.000    
2021-10-28 11:30:26,665 INFO: eta            726886 1.000    
2021-10-28 11:30:26,665 INFO: met            726886 1.000    
2021-10-28 11:30:26,665 INFO: mu pt          726886 1.000    
2021-10-28 11:30:26,665 INFO: muon mt        726886 1.000    
2021-10-28 11:30:26,665 INFO: W m            726886 1.000    
2021-10-28 11:30:26,665 INFO: 
2021-10-28 11:30:26,666 INFO: ========= DATASET 'wmintaunu_slices' INITIALISED =========
2021-10-28 11:30:26,667 INFO: 
2021-10-28 11:30:26,668 INFO: ======== INITIALISING DATASET 'wmintaunu_inclusive' =========
2021-10-28 11:30:26,669 DEBUG: DATASET INPUT OPTIONS: 
2021-10-28 11:30:26,669 DEBUG: ----------------------------
2021-10-28 11:30:26,669 DEBUG: Input file(s):  /data/atlas/HighMassDrellYan/test_mc16a/wmintaunu/*.root
2021-10-28 11:30:26,669 DEBUG: TTree: nominal_Loose
2021-10-28 11:30:26,669 DEBUG: Cutfile: options/jesal_cutflow/cutfile_jesal.txt
2021-10-28 11:30:26,669 DEBUG: Slices: False
2021-10-28 11:30:26,669 DEBUG: grouped cutflow: True
2021-10-28 11:30:26,669 DEBUG: Forced dataset rebuild: False
2021-10-28 11:30:26,669 DEBUG: ----------------------------
2021-10-28 11:30:26,669 DEBUG: 
2021-10-28 11:30:26,669 DEBUG: CUTFILE CONTENTS
2021-10-28 11:30:26,670 DEBUG: ---------------------------
2021-10-28 11:30:26,670 DEBUG: [CUTS]
2021-10-28 11:30:26,670 DEBUG: # Name	Variable	</>	Cut (in GeV if applicable)	Group Symmetric
2021-10-28 11:30:26,670 DEBUG: # !!REMEMBER DEFAULT ANALYSISTOP OUTPUT IS IN MeV NOT GeV!!
2021-10-28 11:30:26,670 DEBUG: Tight muon	mu_isTight	=	1	tight muon cut	false
2021-10-28 11:30:26,671 DEBUG: eta	mu_eta	<	2.4	eta	true
2021-10-28 11:30:26,672 DEBUG: E_{T}^{MISS}	met_met	>	65	met	false
2021-10-28 11:30:26,672 DEBUG: p_T	mu_pt	>	65	mu pt	false
2021-10-28 11:30:26,672 DEBUG: M_T	mu_mt	>	55	muon mt	false
2021-10-28 11:30:26,672 DEBUG: M_W	MC_WZ_m	>	120	W m	false	truth
2021-10-28 11:30:26,672 DEBUG: 
2021-10-28 11:30:26,672 DEBUG: [OUTPUTS]
2021-10-28 11:30:26,672 DEBUG: # variables to process
2021-10-28 11:30:26,672 DEBUG: mu_mt
2021-10-28 11:30:26,672 DEBUG: mu_pt
2021-10-28 11:30:26,672 DEBUG: mu_eta
2021-10-28 11:30:26,672 DEBUG: 
2021-10-28 11:30:26,672 DEBUG: [OPTIONS]
2021-10-28 11:30:26,673 DEBUG: # case-insensitive
2021-10-28 11:30:26,673 DEBUG: sequential	false
2021-10-28 11:30:26,673 DEBUG: grouped cutflow	false
2021-10-28 11:30:26,673 DEBUG: ---------------------------
2021-10-28 11:30:26,673 INFO: Parsting cutfile for wmintaunu_inclusive...
2021-10-28 11:30:26,675 DEBUG: Datafile found
2021-10-28 11:30:26,676 INFO: Reading data for wmintaunu_inclusive dataframe from outputs/jesal_cutflow/data/wmintaunu_inclusive_df.pkl...
2021-10-28 11:30:26,678 INFO: Number of events in dataset wmintaunu_inclusive: 118
2021-10-28 11:30:26,678 INFO: Creating weights for wmintaunu_inclusive...
2021-10-28 11:30:26,678 DEBUG: INCLUSIVE SAMPLE METADATA:
2021-10-28 11:30:26,679 DEBUG: --------------------------
2021-10-28 11:30:26,680 DEBUG: n_events   sum_w         x-s fb        lumi fb-1
2021-10-28 11:30:26,680 DEBUG: ==========================================================
2021-10-28 11:30:26,680 DEBUG: 118        9.953306e+05  8.435005e+03  1.958505e+00
2021-10-28 11:30:26,681 INFO: Creating cuts for wmintaunu_inclusive...
2021-10-28 11:30:26,683 INFO: 
2021-10-28 11:30:26,684 INFO: ========== CUTS USED ============
2021-10-28 11:30:26,684 INFO: Tight muon  : mu_isTight = 1.0
2021-10-28 11:30:26,684 INFO: eta         :    |mu_eta| < 2.4
2021-10-28 11:30:26,684 INFO: E_{T}^{MISS}:    met_met > 65.0
2021-10-28 11:30:26,684 INFO: p_T         :      mu_pt > 65.0
2021-10-28 11:30:26,684 INFO: M_T         :      mu_mt > 55.0
2021-10-28 11:30:26,684 INFO: M_W         :    MC_WZ_m > 120.0
2021-10-28 11:30:26,684 INFO: 
2021-10-28 11:30:26,689 INFO: =========== CUTFLOW =============
2021-10-28 11:30:26,689 INFO: Option: Non-sequential
2021-10-28 11:30:26,689 INFO: ---------------------------------
2021-10-28 11:30:26,689 INFO: Cut            Events Ratio
2021-10-28 11:30:26,689 INFO: Inclusive      118   -
2021-10-28 11:30:26,689 INFO: tight muon cut 118 1.000    
2021-10-28 11:30:26,690 INFO: eta            118 1.000    
2021-10-28 11:30:26,690 INFO: met            118 1.000    
2021-10-28 11:30:26,690 INFO: mu pt          118 1.000    
2021-10-28 11:30:26,691 INFO: muon mt        118 1.000    
2021-10-28 11:30:26,691 INFO: W m            107 0.907    
2021-10-28 11:30:26,691 INFO: 
2021-10-28 11:30:26,691 INFO: ========= DATASET 'wmintaunu_inclusive' INITIALISED =========
2021-10-28 11:30:26,691 INFO: 
2021-10-28 11:30:26,691 INFO: ======== INITIALISING DATASET 'wplustaunu_slices' =========
2021-10-28 11:30:27,620 DEBUG: DATASET INPUT OPTIONS: 
2021-10-28 11:30:27,620 DEBUG: ----------------------------
2021-10-28 11:30:27,620 DEBUG: Input file(s):  /data/atlas/HighMassDrellYan/test_mc16a/wplustaunu_*/*.root
2021-10-28 11:30:27,620 DEBUG: TTree: nominal_Loose
2021-10-28 11:30:27,620 DEBUG: Cutfile: options/jesal_cutflow/cutfile_jesal.txt
2021-10-28 11:30:27,620 DEBUG: Slices: True
2021-10-28 11:30:27,622 DEBUG: grouped cutflow: True
2021-10-28 11:30:27,622 DEBUG: Forced dataset rebuild: False
2021-10-28 11:30:27,623 DEBUG: ----------------------------
2021-10-28 11:30:27,623 DEBUG: 
2021-10-28 11:30:27,623 DEBUG: CUTFILE CONTENTS
2021-10-28 11:30:27,623 DEBUG: ---------------------------
2021-10-28 11:30:27,623 DEBUG: [CUTS]
2021-10-28 11:30:27,623 DEBUG: # Name	Variable	</>	Cut (in GeV if applicable)	Group Symmetric
2021-10-28 11:30:27,623 DEBUG: # !!REMEMBER DEFAULT ANALYSISTOP OUTPUT IS IN MeV NOT GeV!!
2021-10-28 11:30:27,624 DEBUG: Tight muon	mu_isTight	=	1	tight muon cut	false
2021-10-28 11:30:27,624 DEBUG: eta	mu_eta	<	2.4	eta	true
2021-10-28 11:30:27,624 DEBUG: E_{T}^{MISS}	met_met	>	65	met	false
2021-10-28 11:30:27,624 DEBUG: p_T	mu_pt	>	65	mu pt	false
2021-10-28 11:30:27,624 DEBUG: M_T	mu_mt	>	55	muon mt	false
2021-10-28 11:30:27,624 DEBUG: M_W	MC_WZ_m	>	120	W m	false	truth
2021-10-28 11:30:27,624 DEBUG: 
2021-10-28 11:30:27,625 DEBUG: [OUTPUTS]
2021-10-28 11:30:27,626 DEBUG: # variables to process
2021-10-28 11:30:27,626 DEBUG: mu_mt
2021-10-28 11:30:27,626 DEBUG: mu_pt
2021-10-28 11:30:27,626 DEBUG: mu_eta
2021-10-28 11:30:27,626 DEBUG: 
2021-10-28 11:30:27,626 DEBUG: [OPTIONS]
2021-10-28 11:30:27,626 DEBUG: # case-insensitive
2021-10-28 11:30:27,626 DEBUG: sequential	false
2021-10-28 11:30:27,626 DEBUG: grouped cutflow	false
2021-10-28 11:30:27,626 DEBUG: ---------------------------
2021-10-28 11:30:27,626 INFO: Parsting cutfile for wplustaunu_slices...
2021-10-28 11:30:27,628 DEBUG: Datafile found
2021-10-28 11:30:27,629 INFO: Reading data for wplustaunu_slices dataframe from outputs/jesal_cutflow/data/wplustaunu_slices_df.pkl...
2021-10-28 11:30:27,983 INFO: Number of events in dataset wplustaunu_slices: 772578
2021-10-28 11:30:27,983 INFO: Creating weights for wplustaunu_slices...
2021-10-28 11:30:27,996 DEBUG: PER-DSID INFO:
2021-10-28 11:30:27,997 DEBUG: --------------
2021-10-28 11:30:27,997 DEBUG: DSID       n_events   sum_w         x-s fb        lumi fb-1
2021-10-28 11:30:27,997 DEBUG: ==========================================================
2021-10-28 11:30:28,071 DEBUG: 301140     521        1.677207e+04  3.219208e+01  1.465126e-01
2021-10-28 11:30:28,074 DEBUG: 301141     8113       4.065248e+04  5.010782e+00  4.550459e+00
2021-10-28 11:30:28,077 DEBUG: 301142     21300      3.730728e+04  1.751515e+00  1.989156e+01
2021-10-28 11:30:28,080 DEBUG: 301143     36357      1.135788e+04  3.123987e-01  5.090710e+01
2021-10-28 11:30:28,084 DEBUG: 301144     37316      2.268519e+03  6.079211e-02  1.044842e+02
2021-10-28 11:30:28,087 DEBUG: 301145     42047      7.428984e+02  1.766828e-02  1.177314e+02
2021-10-28 11:30:28,091 DEBUG: 301146     47861      3.488693e+02  7.289219e-03  1.340092e+02
2021-10-28 11:30:28,095 DEBUG: 301147     48678      1.220389e+02  2.507065e-03  1.363000e+02
2021-10-28 11:30:28,098 DEBUG: 301148     49533      4.885402e+01  9.862924e-04  1.386951e+02
2021-10-28 11:30:28,102 DEBUG: 301149     50141      2.128827e+01  4.245682e-04  1.403967e+02
2021-10-28 11:30:28,106 DEBUG: 301150     49514      9.637255e+00  1.946370e-04  1.386388e+02
2021-10-28 11:30:28,109 DEBUG: 301151     49229      4.595385e+00  9.334710e-05  1.378400e+02
2021-10-28 11:30:28,113 DEBUG: 301152     49191      2.275536e+00  4.625919e-05  1.377341e+02
2021-10-28 11:30:28,116 DEBUG: 301153     50388      1.182906e+00  2.347594e-05  1.410873e+02
2021-10-28 11:30:28,120 DEBUG: 301154     49324      9.100242e-01  1.844993e-05  1.381123e+02
2021-10-28 11:30:28,123 DEBUG: 301155     47861      2.439302e-01  5.096639e-06  1.340080e+02
2021-10-28 11:30:28,127 DEBUG: 301156     47234      6.757697e-02  1.430685e-06  1.322577e+02
2021-10-28 11:30:28,130 DEBUG: 301157     46569      1.868748e-02  4.012858e-07  1.303949e+02
2021-10-28 11:30:28,133 DEBUG: 301158     41401      6.353437e-03  1.534610e-07  1.159238e+02
2021-10-28 11:30:28,133 INFO: Creating cuts for wplustaunu_slices...
2021-10-28 11:30:28,142 INFO: 
2021-10-28 11:30:28,142 INFO: ========== CUTS USED ============
2021-10-28 11:30:28,142 INFO: Tight muon  : mu_isTight = 1.0
2021-10-28 11:30:28,143 INFO: eta         :    |mu_eta| < 2.4
2021-10-28 11:30:28,143 INFO: E_{T}^{MISS}:    met_met > 65.0
2021-10-28 11:30:28,143 INFO: p_T         :      mu_pt > 65.0
2021-10-28 11:30:28,143 INFO: M_T         :      mu_mt > 55.0
2021-10-28 11:30:28,143 INFO: M_W         :    MC_WZ_m > 120.0
2021-10-28 11:30:28,143 INFO: 
2021-10-28 11:30:28,239 INFO: =========== CUTFLOW =============
2021-10-28 11:30:28,240 INFO: Option: Non-sequential
2021-10-28 11:30:28,240 INFO: ---------------------------------
2021-10-28 11:30:28,240 INFO: Cut            Events Ratio
2021-10-28 11:30:28,240 INFO: Inclusive      772578   -
2021-10-28 11:30:28,240 INFO: tight muon cut 772578 1.000    
2021-10-28 11:30:28,240 INFO: eta            772578 1.000    
2021-10-28 11:30:28,240 INFO: met            772578 1.000    
2021-10-28 11:30:28,240 INFO: mu pt          772578 1.000    
2021-10-28 11:30:28,240 INFO: muon mt        772578 1.000    
2021-10-28 11:30:28,240 INFO: W m            772578 1.000    
2021-10-28 11:30:28,240 INFO: 
2021-10-28 11:30:28,240 INFO: ========= DATASET 'wplustaunu_slices' INITIALISED =========
2021-10-28 11:30:28,240 INFO: 
2021-10-28 11:30:28,240 INFO: ======== INITIALISING DATASET 'wplustaunu_inclusive' =========
2021-10-28 11:30:28,542 DEBUG: DATASET INPUT OPTIONS: 
2021-10-28 11:30:28,542 DEBUG: ----------------------------
2021-10-28 11:30:28,542 DEBUG: Input file(s):  /data/atlas/HighMassDrellYan/test_mc16a/wplustaunu/*.root
2021-10-28 11:30:28,543 DEBUG: TTree: nominal_Loose
2021-10-28 11:30:28,543 DEBUG: Cutfile: options/jesal_cutflow/cutfile_jesal.txt
2021-10-28 11:30:28,544 DEBUG: Slices: False
2021-10-28 11:30:28,545 DEBUG: grouped cutflow: True
2021-10-28 11:30:28,545 DEBUG: Forced dataset rebuild: False
2021-10-28 11:30:28,545 DEBUG: ----------------------------
2021-10-28 11:30:28,545 DEBUG: 
2021-10-28 11:30:28,545 DEBUG: CUTFILE CONTENTS
2021-10-28 11:30:28,545 DEBUG: ---------------------------
2021-10-28 11:30:28,546 DEBUG: [CUTS]
2021-10-28 11:30:28,546 DEBUG: # Name	Variable	</>	Cut (in GeV if applicable)	Group Symmetric
2021-10-28 11:30:28,546 DEBUG: # !!REMEMBER DEFAULT ANALYSISTOP OUTPUT IS IN MeV NOT GeV!!
2021-10-28 11:30:28,546 DEBUG: Tight muon	mu_isTight	=	1	tight muon cut	false
2021-10-28 11:30:28,547 DEBUG: eta	mu_eta	<	2.4	eta	true
2021-10-28 11:30:28,547 DEBUG: E_{T}^{MISS}	met_met	>	65	met	false
2021-10-28 11:30:28,547 DEBUG: p_T	mu_pt	>	65	mu pt	false
2021-10-28 11:30:28,547 DEBUG: M_T	mu_mt	>	55	muon mt	false
2021-10-28 11:30:28,547 DEBUG: M_W	MC_WZ_m	>	120	W m	false	truth
2021-10-28 11:30:28,549 DEBUG: 
2021-10-28 11:30:28,550 DEBUG: [OUTPUTS]
2021-10-28 11:30:28,551 DEBUG: # variables to process
2021-10-28 11:30:28,551 DEBUG: mu_mt
2021-10-28 11:30:28,551 DEBUG: mu_pt
2021-10-28 11:30:28,551 DEBUG: mu_eta
2021-10-28 11:30:28,551 DEBUG: 
2021-10-28 11:30:28,552 DEBUG: [OPTIONS]
2021-10-28 11:30:28,552 DEBUG: # case-insensitive
2021-10-28 11:30:28,552 DEBUG: sequential	false
2021-10-28 11:30:28,552 DEBUG: grouped cutflow	false
2021-10-28 11:30:28,552 DEBUG: ---------------------------
2021-10-28 11:30:28,552 INFO: Parsting cutfile for wplustaunu_inclusive...
2021-10-28 11:30:28,555 DEBUG: Datafile found
2021-10-28 11:30:28,555 INFO: Reading data for wplustaunu_inclusive dataframe from outputs/jesal_cutflow/data/wplustaunu_inclusive_df.pkl...
2021-10-28 11:30:28,557 INFO: Number of events in dataset wplustaunu_inclusive: 226
2021-10-28 11:30:28,557 INFO: Creating weights for wplustaunu_inclusive...
2021-10-28 11:30:28,559 DEBUG: INCLUSIVE SAMPLE METADATA:
2021-10-28 11:30:28,559 DEBUG: --------------------------
2021-10-28 11:30:28,559 DEBUG: n_events   sum_w         x-s fb        lumi fb-1
2021-10-28 11:30:28,559 DEBUG: ==========================================================
2021-10-28 11:30:28,561 DEBUG: 226        2.566360e+06  1.135558e+04  2.761639e+00
2021-10-28 11:30:28,561 INFO: Creating cuts for wplustaunu_inclusive...
2021-10-28 11:30:28,568 INFO: 
2021-10-28 11:30:28,568 INFO: ========== CUTS USED ============
2021-10-28 11:30:28,569 INFO: Tight muon  : mu_isTight = 1.0
2021-10-28 11:30:28,569 INFO: eta         :    |mu_eta| < 2.4
2021-10-28 11:30:28,569 INFO: E_{T}^{MISS}:    met_met > 65.0
2021-10-28 11:30:28,570 INFO: p_T         :      mu_pt > 65.0
2021-10-28 11:30:28,570 INFO: M_T         :      mu_mt > 55.0
2021-10-28 11:30:28,571 INFO: M_W         :    MC_WZ_m > 120.0
2021-10-28 11:30:28,571 INFO: 
2021-10-28 11:30:28,582 INFO: =========== CUTFLOW =============
2021-10-28 11:30:28,582 INFO: Option: Non-sequential
2021-10-28 11:30:28,582 INFO: ---------------------------------
2021-10-28 11:30:28,582 INFO: Cut            Events Ratio
2021-10-28 11:30:28,582 INFO: Inclusive      226   -
2021-10-28 11:30:28,583 INFO: tight muon cut 226 1.000    
2021-10-28 11:30:28,584 INFO: eta            226 1.000    
2021-10-28 11:30:28,585 INFO: met            226 1.000    
2021-10-28 11:30:28,585 INFO: mu pt          226 1.000    
2021-10-28 11:30:28,585 INFO: muon mt        226 1.000    
2021-10-28 11:30:28,585 INFO: W m            193 0.854    
2021-10-28 11:30:28,585 INFO: 
2021-10-28 11:30:28,585 INFO: ========= DATASET 'wplustaunu_inclusive' INITIALISED =========
2021-10-28 11:30:28,585 INFO: 
2021-10-28 11:30:28,585 INFO: ======== INITIALISING DATASET 'wminmunu_slices' =========
2021-10-28 11:30:34,086 DEBUG: DATASET INPUT OPTIONS: 
2021-10-28 11:30:34,087 DEBUG: ----------------------------
2021-10-28 11:30:34,087 DEBUG: Input file(s):  /data/atlas/HighMassDrellYan/test_mc16a/wminmunu_*/*.root
2021-10-28 11:30:34,087 DEBUG: TTree: nominal_Loose
2021-10-28 11:30:34,087 DEBUG: Cutfile: options/jesal_cutflow/cutfile_jesal.txt
2021-10-28 11:30:34,087 DEBUG: Slices: True
2021-10-28 11:30:34,087 DEBUG: grouped cutflow: True
2021-10-28 11:30:34,088 DEBUG: Forced dataset rebuild: False
2021-10-28 11:30:34,089 DEBUG: ----------------------------
2021-10-28 11:30:34,089 DEBUG: 
2021-10-28 11:30:34,090 DEBUG: CUTFILE CONTENTS
2021-10-28 11:30:34,090 DEBUG: ---------------------------
2021-10-28 11:30:34,090 DEBUG: [CUTS]
2021-10-28 11:30:34,090 DEBUG: # Name	Variable	</>	Cut (in GeV if applicable)	Group Symmetric
2021-10-28 11:30:34,090 DEBUG: # !!REMEMBER DEFAULT ANALYSISTOP OUTPUT IS IN MeV NOT GeV!!
2021-10-28 11:30:34,090 DEBUG: Tight muon	mu_isTight	=	1	tight muon cut	false
2021-10-28 11:30:34,091 DEBUG: eta	mu_eta	<	2.4	eta	true
2021-10-28 11:30:34,091 DEBUG: E_{T}^{MISS}	met_met	>	65	met	false
2021-10-28 11:30:34,091 DEBUG: p_T	mu_pt	>	65	mu pt	false
2021-10-28 11:30:34,092 DEBUG: M_T	mu_mt	>	55	muon mt	false
2021-10-28 11:30:34,092 DEBUG: M_W	MC_WZ_m	>	120	W m	false	truth
2021-10-28 11:30:34,092 DEBUG: 
2021-10-28 11:30:34,092 DEBUG: [OUTPUTS]
2021-10-28 11:30:34,092 DEBUG: # variables to process
2021-10-28 11:30:34,092 DEBUG: mu_mt
2021-10-28 11:30:34,093 DEBUG: mu_pt
2021-10-28 11:30:34,093 DEBUG: mu_eta
2021-10-28 11:30:34,093 DEBUG: 
2021-10-28 11:30:34,093 DEBUG: [OPTIONS]
2021-10-28 11:30:34,093 DEBUG: # case-insensitive
2021-10-28 11:30:34,093 DEBUG: sequential	false
2021-10-28 11:30:34,093 DEBUG: grouped cutflow	false
2021-10-28 11:30:34,093 DEBUG: ---------------------------
2021-10-28 11:30:34,093 INFO: Parsting cutfile for wminmunu_slices...
2021-10-28 11:30:34,095 DEBUG: Datafile found
2021-10-28 11:30:34,096 INFO: Reading data for wminmunu_slices dataframe from outputs/jesal_cutflow/data/wminmunu_slices_df.pkl...
2021-10-28 11:30:38,847 INFO: Number of events in dataset wminmunu_slices: 10473533
2021-10-28 11:30:38,847 INFO: Creating weights for wminmunu_slices...
2021-10-28 11:30:39,090 DEBUG: PER-DSID INFO:
2021-10-28 11:30:39,090 DEBUG: --------------
2021-10-28 11:30:39,090 DEBUG: DSID       n_events   sum_w         x-s fb        lumi fb-1
2021-10-28 11:30:39,090 DEBUG: ==========================================================
2021-10-28 11:30:39,565 DEBUG: 301120     499915     1.110597e+07  2.221572e+01  1.408600e+01
2021-10-28 11:30:39,654 DEBUG: 301121     944456     3.101657e+06  3.284067e+00  8.836211e+01
2021-10-28 11:30:39,709 DEBUG: 301122     737165     7.982900e+05  1.082919e+00  1.738961e+02
2021-10-28 11:30:39,741 DEBUG: 301123     549364     9.635911e+04  1.754012e-01  7.691939e+02
2021-10-28 11:30:39,771 DEBUG: 301124     488699     1.513980e+04  3.097982e-02  1.368361e+03
2021-10-28 11:30:39,801 DEBUG: 301125     507642     4.206513e+03  8.286377e-03  1.421397e+03
2021-10-28 11:30:39,832 DEBUG: 301126     512753     1.619953e+03  3.159324e-03  1.435705e+03
2021-10-28 11:30:39,864 DEBUG: 301127     522006     5.234484e+02  1.002763e-03  1.461614e+03
2021-10-28 11:30:39,895 DEBUG: 301128     528485     1.945538e+02  3.681350e-04  1.479762e+03
2021-10-28 11:30:39,926 DEBUG: 301129     523222     7.820444e+01  1.494670e-04  1.465028e+03
2021-10-28 11:30:39,957 DEBUG: 301130     527231     3.443364e+01  6.531034e-05  1.476250e+03
2021-10-28 11:30:39,988 DEBUG: 301131     526452     1.588209e+01  3.016817e-05  1.474065e+03
2021-10-28 11:30:40,019 DEBUG: 301132     523697     7.619310e+00  1.454908e-05  1.466352e+03
2021-10-28 11:30:40,050 DEBUG: 301133     523944     3.803304e+00  7.258989e-06  1.467048e+03
2021-10-28 11:30:40,081 DEBUG: 301134     523849     2.969780e+00  5.669152e-06  1.466784e+03
2021-10-28 11:30:40,112 DEBUG: 301135     519023     8.290851e-01  1.597396e-06  1.453265e+03
2021-10-28 11:30:40,142 DEBUG: 301136     511632     2.415438e-01  4.721046e-07  1.432573e+03
2021-10-28 11:30:40,173 DEBUG: 301137     505761     7.222451e-02  1.428036e-07  1.416137e+03
2021-10-28 11:30:40,203 DEBUG: 301138     498237     3.070374e-02  6.162477e-08  1.395066e+03
2021-10-28 11:30:40,203 INFO: Creating cuts for wminmunu_slices...
2021-10-28 11:30:40,295 INFO: 
2021-10-28 11:30:40,296 INFO: ========== CUTS USED ============
2021-10-28 11:30:40,296 INFO: Tight muon  : mu_isTight = 1.0
2021-10-28 11:30:40,296 INFO: eta         :    |mu_eta| < 2.4
2021-10-28 11:30:40,296 INFO: E_{T}^{MISS}:    met_met > 65.0
2021-10-28 11:30:40,296 INFO: p_T         :      mu_pt > 65.0
2021-10-28 11:30:40,296 INFO: M_T         :      mu_mt > 55.0
2021-10-28 11:30:40,296 INFO: M_W         :    MC_WZ_m > 120.0
2021-10-28 11:30:40,296 INFO: 
2021-10-28 11:30:42,797 INFO: =========== CUTFLOW =============
2021-10-28 11:30:42,797 INFO: Option: Non-sequential
2021-10-28 11:30:42,797 INFO: ---------------------------------
2021-10-28 11:30:42,797 INFO: Cut            Events   Ratio
2021-10-28 11:30:42,798 INFO: Inclusive      10473533   -
2021-10-28 11:30:42,798 INFO: tight muon cut 10473533 1.000    
2021-10-28 11:30:42,798 INFO: eta            10473533 1.000    
2021-10-28 11:30:42,798 INFO: met            10473533 1.000    
2021-10-28 11:30:42,798 INFO: mu pt          10473533 1.000    
2021-10-28 11:30:42,798 INFO: muon mt        10473533 1.000    
2021-10-28 11:30:42,798 INFO: W m            10473533 1.000    
2021-10-28 11:30:42,798 INFO: 
2021-10-28 11:30:42,801 INFO: ========= DATASET 'wminmunu_slices' INITIALISED =========
2021-10-28 11:30:42,802 INFO: 
2021-10-28 11:30:42,802 INFO: ======== INITIALISING DATASET 'wminmunu_inclusive' =========
2021-10-28 11:30:42,864 DEBUG: DATASET INPUT OPTIONS: 
2021-10-28 11:30:42,864 DEBUG: ----------------------------
2021-10-28 11:30:42,864 DEBUG: Input file(s):  /data/atlas/HighMassDrellYan/test_mc16a/wminmunu/*.root
2021-10-28 11:30:42,864 DEBUG: TTree: nominal_Loose
2021-10-28 11:30:42,864 DEBUG: Cutfile: options/jesal_cutflow/cutfile_jesal.txt
2021-10-28 11:30:42,864 DEBUG: Slices: False
2021-10-28 11:30:42,864 DEBUG: grouped cutflow: True
2021-10-28 11:30:42,865 DEBUG: Forced dataset rebuild: False
2021-10-28 11:30:42,865 DEBUG: ----------------------------
2021-10-28 11:30:42,865 DEBUG: 
2021-10-28 11:30:42,866 DEBUG: CUTFILE CONTENTS
2021-10-28 11:30:42,866 DEBUG: ---------------------------
2021-10-28 11:30:42,867 DEBUG: [CUTS]
2021-10-28 11:30:42,867 DEBUG: # Name	Variable	</>	Cut (in GeV if applicable)	Group Symmetric
2021-10-28 11:30:42,867 DEBUG: # !!REMEMBER DEFAULT ANALYSISTOP OUTPUT IS IN MeV NOT GeV!!
2021-10-28 11:30:42,867 DEBUG: Tight muon	mu_isTight	=	1	tight muon cut	false
2021-10-28 11:30:42,867 DEBUG: eta	mu_eta	<	2.4	eta	true
2021-10-28 11:30:42,867 DEBUG: E_{T}^{MISS}	met_met	>	65	met	false
2021-10-28 11:30:42,867 DEBUG: p_T	mu_pt	>	65	mu pt	false
2021-10-28 11:30:42,867 DEBUG: M_T	mu_mt	>	55	muon mt	false
2021-10-28 11:30:42,868 DEBUG: M_W	MC_WZ_m	>	120	W m	false	truth
2021-10-28 11:30:42,868 DEBUG: 
2021-10-28 11:30:42,868 DEBUG: [OUTPUTS]
2021-10-28 11:30:42,868 DEBUG: # variables to process
2021-10-28 11:30:42,868 DEBUG: mu_mt
2021-10-28 11:30:42,868 DEBUG: mu_pt
2021-10-28 11:30:42,868 DEBUG: mu_eta
2021-10-28 11:30:42,868 DEBUG: 
2021-10-28 11:30:42,868 DEBUG: [OPTIONS]
2021-10-28 11:30:42,868 DEBUG: # case-insensitive
2021-10-28 11:30:42,868 DEBUG: sequential	false
2021-10-28 11:30:42,868 DEBUG: grouped cutflow	false
2021-10-28 11:30:42,868 DEBUG: ---------------------------
2021-10-28 11:30:42,868 INFO: Parsting cutfile for wminmunu_inclusive...
2021-10-28 11:30:42,871 DEBUG: Datafile found
2021-10-28 11:30:42,871 INFO: Reading data for wminmunu_inclusive dataframe from outputs/jesal_cutflow/data/wminmunu_inclusive_df.pkl...
2021-10-28 11:30:42,883 INFO: Number of events in dataset wminmunu_inclusive: 19384
2021-10-28 11:30:42,883 INFO: Creating weights for wminmunu_inclusive...
2021-10-28 11:30:42,892 DEBUG: INCLUSIVE SAMPLE METADATA:
2021-10-28 11:30:42,892 DEBUG: --------------------------
2021-10-28 11:30:42,892 DEBUG: n_events   sum_w         x-s fb        lumi fb-1
2021-10-28 11:30:42,892 DEBUG: ==========================================================
2021-10-28 11:30:42,893 DEBUG: 19384      1.617602e+08  8.345036e+03  3.217386e+02
2021-10-28 11:30:42,894 INFO: Creating cuts for wminmunu_inclusive...
2021-10-28 11:30:42,898 INFO: 
2021-10-28 11:30:42,899 INFO: ========== CUTS USED ============
2021-10-28 11:30:42,899 INFO: Tight muon  : mu_isTight = 1.0
2021-10-28 11:30:42,899 INFO: eta         :    |mu_eta| < 2.4
2021-10-28 11:30:42,899 INFO: E_{T}^{MISS}:    met_met > 65.0
2021-10-28 11:30:42,900 INFO: p_T         :      mu_pt > 65.0
2021-10-28 11:30:42,900 INFO: M_T         :      mu_mt > 55.0
2021-10-28 11:30:42,900 INFO: M_W         :    MC_WZ_m > 120.0
2021-10-28 11:30:42,900 INFO: 
2021-10-28 11:30:42,912 INFO: =========== CUTFLOW =============
2021-10-28 11:30:42,912 INFO: Option: Non-sequential
2021-10-28 11:30:42,912 INFO: ---------------------------------
2021-10-28 11:30:42,912 INFO: Cut            Events Ratio
2021-10-28 11:30:42,912 INFO: Inclusive      19384   -
2021-10-28 11:30:42,912 INFO: tight muon cut 19384 1.000    
2021-10-28 11:30:42,912 INFO: eta            19384 1.000    
2021-10-28 11:30:42,912 INFO: met            19384 1.000    
2021-10-28 11:30:42,913 INFO: mu pt          19384 1.000    
2021-10-28 11:30:42,915 INFO: muon mt        19384 1.000    
2021-10-28 11:30:42,915 INFO: W m            12171 0.628    
2021-10-28 11:30:42,915 INFO: 
2021-10-28 11:30:42,915 INFO: ========= DATASET 'wminmunu_inclusive' INITIALISED =========
2021-10-28 11:30:42,915 INFO: 
2021-10-28 11:30:42,915 INFO: ======== INITIALISING DATASET 'wplusmunu_inclusive' =========
2021-10-28 11:30:43,345 DEBUG: DATASET INPUT OPTIONS: 
2021-10-28 11:30:43,345 DEBUG: ----------------------------
2021-10-28 11:30:43,345 DEBUG: Input file(s):  /data/atlas/HighMassDrellYan/test_mc16a/wplusmunu/*.root
2021-10-28 11:30:43,346 DEBUG: TTree: nominal_Loose
2021-10-28 11:30:43,346 DEBUG: Cutfile: options/jesal_cutflow/cutfile_jesal.txt
2021-10-28 11:30:43,346 DEBUG: Slices: False
2021-10-28 11:30:43,347 DEBUG: grouped cutflow: True
2021-10-28 11:30:43,347 DEBUG: Forced dataset rebuild: False
2021-10-28 11:30:43,348 DEBUG: ----------------------------
2021-10-28 11:30:43,348 DEBUG: 
2021-10-28 11:30:43,348 DEBUG: CUTFILE CONTENTS
2021-10-28 11:30:43,348 DEBUG: ---------------------------
2021-10-28 11:30:43,348 DEBUG: [CUTS]
2021-10-28 11:30:43,348 DEBUG: # Name	Variable	</>	Cut (in GeV if applicable)	Group Symmetric
2021-10-28 11:30:43,349 DEBUG: # !!REMEMBER DEFAULT ANALYSISTOP OUTPUT IS IN MeV NOT GeV!!
2021-10-28 11:30:43,349 DEBUG: Tight muon	mu_isTight	=	1	tight muon cut	false
2021-10-28 11:30:43,349 DEBUG: eta	mu_eta	<	2.4	eta	true
2021-10-28 11:30:43,349 DEBUG: E_{T}^{MISS}	met_met	>	65	met	false
2021-10-28 11:30:43,349 DEBUG: p_T	mu_pt	>	65	mu pt	false
2021-10-28 11:30:43,349 DEBUG: M_T	mu_mt	>	55	muon mt	false
2021-10-28 11:30:43,349 DEBUG: M_W	MC_WZ_m	>	120	W m	false	truth
2021-10-28 11:30:43,350 DEBUG: 
2021-10-28 11:30:43,350 DEBUG: [OUTPUTS]
2021-10-28 11:30:43,350 DEBUG: # variables to process
2021-10-28 11:30:43,351 DEBUG: mu_mt
2021-10-28 11:30:43,351 DEBUG: mu_pt
2021-10-28 11:30:43,351 DEBUG: mu_eta
2021-10-28 11:30:43,351 DEBUG: 
2021-10-28 11:30:43,351 DEBUG: [OPTIONS]
2021-10-28 11:30:43,351 DEBUG: # case-insensitive
2021-10-28 11:30:43,351 DEBUG: sequential	false
2021-10-28 11:30:43,351 DEBUG: grouped cutflow	false
2021-10-28 11:30:43,351 DEBUG: ---------------------------
2021-10-28 11:30:43,351 INFO: Parsting cutfile for wplusmunu_inclusive...
2021-10-28 11:30:43,354 DEBUG: Datafile found
2021-10-28 11:30:43,354 INFO: Reading data for wplusmunu_inclusive dataframe from outputs/jesal_cutflow/data/wplusmunu_inclusive_df.pkl...
2021-10-28 11:30:43,358 INFO: Number of events in dataset wplusmunu_inclusive: 25515
2021-10-28 11:30:43,359 INFO: Creating weights for wplusmunu_inclusive...
2021-10-28 11:30:43,372 DEBUG: INCLUSIVE SAMPLE METADATA:
2021-10-28 11:30:43,373 DEBUG: --------------------------
2021-10-28 11:30:43,373 DEBUG: n_events   sum_w         x-s fb        lumi fb-1
2021-10-28 11:30:43,373 DEBUG: ==========================================================
2021-10-28 11:30:43,374 DEBUG: 25515      2.903304e+08  1.137881e+04  3.117847e+02
2021-10-28 11:30:43,374 INFO: Creating cuts for wplusmunu_inclusive...
2021-10-28 11:30:43,380 INFO: 
2021-10-28 11:30:43,380 INFO: ========== CUTS USED ============
2021-10-28 11:30:43,380 INFO: Tight muon  : mu_isTight = 1.0
2021-10-28 11:30:43,380 INFO: eta         :    |mu_eta| < 2.4
2021-10-28 11:30:43,381 INFO: E_{T}^{MISS}:    met_met > 65.0
2021-10-28 11:30:43,381 INFO: p_T         :      mu_pt > 65.0
2021-10-28 11:30:43,382 INFO: M_T         :      mu_mt > 55.0
2021-10-28 11:30:43,383 INFO: M_W         :    MC_WZ_m > 120.0
2021-10-28 11:30:43,383 INFO: 
2021-10-28 11:30:43,398 INFO: =========== CUTFLOW =============
2021-10-28 11:30:43,398 INFO: Option: Non-sequential
2021-10-28 11:30:43,399 INFO: ---------------------------------
2021-10-28 11:30:43,399 INFO: Cut            Events Ratio
2021-10-28 11:30:43,399 INFO: Inclusive      25515   -
2021-10-28 11:30:43,400 INFO: tight muon cut 25515 1.000    
2021-10-28 11:30:43,401 INFO: eta            25515 1.000    
2021-10-28 11:30:43,401 INFO: met            25515 1.000    
2021-10-28 11:30:43,401 INFO: mu pt          25515 1.000    
2021-10-28 11:30:43,401 INFO: muon mt        25515 1.000    
2021-10-28 11:30:43,401 INFO: W m            17359 0.680    
2021-10-28 11:30:43,401 INFO: 
2021-10-28 11:30:43,401 INFO: ========= DATASET 'wplusmunu_inclusive' INITIALISED =========
2021-10-28 11:30:43,401 INFO: ====================================
2021-10-28 11:30:43,401 INFO: ANALYSIS 'jesal_cutflow' INITIALISED
