2021-10-27 11:44:12,131 INFO:INITIALISING ANALYSIS 'jesal_cutflow'...
2021-10-27 11:44:12,131 INFO:========================================
2021-10-27 11:44:12,131 INFO:
2021-10-27 11:44:12,131 INFO:======== INITIALISING DATASET 'wmintaunu_slices' =========
2021-10-27 11:44:12,208 DEBUG:DATASET INPUT OPTIONS: 
2021-10-27 11:44:12,208 DEBUG:----------------------------
2021-10-27 11:44:12,208 DEBUG:Input file(s):  /data/atlas/HighMassDrellYan/test_mc16a/wmintaunu_*/*.root
2021-10-27 11:44:12,208 DEBUG:TTree: nominal_Loose
2021-10-27 11:44:12,209 DEBUG:Cutfile: options/jesal_cutflow/cutfile_jesal.txt
2021-10-27 11:44:12,209 DEBUG:Slices: True
2021-10-27 11:44:12,209 DEBUG:grouped cutflow: True
2021-10-27 11:44:12,210 DEBUG:Forced dataset rebuild: False
2021-10-27 11:44:12,210 DEBUG:----------------------------
2021-10-27 11:44:12,210 DEBUG:
2021-10-27 11:44:12,210 DEBUG:CUTFILE CONTENTS
2021-10-27 11:44:12,210 DEBUG:---------------------------
2021-10-27 11:44:12,211 DEBUG:[CUTS]
2021-10-27 11:44:12,211 DEBUG:# Name	Variable	</>	Cut (in GeV if applicable)	Group Symmetric
2021-10-27 11:44:12,211 DEBUG:# !!REMEMBER DEFAULT ANALYSISTOP OUTPUT IS IN MeV NOT GeV!!
2021-10-27 11:44:12,211 DEBUG:Tight muon	mu_isTight	=	1	tight muon cut	false
2021-10-27 11:44:12,211 DEBUG:eta	mu_eta	<	2.4	eta	true
2021-10-27 11:44:12,211 DEBUG:E_{T}^{MISS}	met_met	>	65	met	false
2021-10-27 11:44:12,212 DEBUG:p_T	mu_pt	>	65	mu pt	false
2021-10-27 11:44:12,212 DEBUG:M_T	mu_mt	>	55	muon mt	false
2021-10-27 11:44:12,212 DEBUG:M_W	MC_WZ_m	<	120	W m	false	truth
2021-10-27 11:44:12,212 DEBUG:
2021-10-27 11:44:12,212 DEBUG:[OUTPUTS]
2021-10-27 11:44:12,212 DEBUG:# variables to process
2021-10-27 11:44:12,212 DEBUG:mu_mt
2021-10-27 11:44:12,212 DEBUG:mu_pt
2021-10-27 11:44:12,212 DEBUG:mu_eta
2021-10-27 11:44:12,213 DEBUG:
2021-10-27 11:44:12,213 DEBUG:[OPTIONS]
2021-10-27 11:44:12,213 DEBUG:# case-insensitive
2021-10-27 11:44:12,213 DEBUG:sequential	false
2021-10-27 11:44:12,213 DEBUG:grouped cutflow	false
2021-10-27 11:44:12,213 DEBUG:---------------------------
2021-10-27 11:44:12,213 INFO:Parsting cutfile for wmintaunu_slices...
2021-10-27 11:44:12,217 INFO:Building wmintaunu_slices dataframe from /data/atlas/HighMassDrellYan/test_mc16a/wmintaunu_*/*.root...
2021-10-27 11:44:12,217 DEBUG:Variables to extract from nominal_Loose tree: 
2021-10-27 11:44:12,218 DEBUG:  - mu_isTight
2021-10-27 11:44:12,218 DEBUG:  - met_phi
2021-10-27 11:44:12,218 DEBUG:  - eventNumber
2021-10-27 11:44:12,218 DEBUG:  - weight_mc
2021-10-27 11:44:12,218 DEBUG:  - mu_phi
2021-10-27 11:44:12,218 DEBUG:  - mu_eta
2021-10-27 11:44:12,218 DEBUG:  - met_met
2021-10-27 11:44:12,218 DEBUG:  - mu_pt
2021-10-27 11:44:12,218 DEBUG:Variables to extract from truth tree: 
2021-10-27 11:44:12,218 DEBUG:  - MC_WZ_m
2021-10-27 11:44:12,219 DEBUG:Variables to calculate: 
2021-10-27 11:44:12,219 DEBUG:  - mu_mt
2021-10-27 11:44:12,220 DEBUG:Checking TTree and TBranch values in file(s) '/data/atlas/HighMassDrellYan/test_mc16a/wmintaunu_*/*.root'...
2021-10-27 11:44:12,408 DEBUG:All TTrees and variables found in /data/atlas/HighMassDrellYan/test_mc16a/wmintaunu_1000/user.jmandali.24799642._000002.prelim_mc16a_mu_sig.root...
2021-10-27 11:44:12,524 DEBUG:All TTrees and variables found in /data/atlas/HighMassDrellYan/test_mc16a/wmintaunu_120/user.jmandali.24799634._000002.prelim_mc16a_mu_sig.root...
2021-10-27 11:44:12,636 DEBUG:All TTrees and variables found in /data/atlas/HighMassDrellYan/test_mc16a/wmintaunu_1250/user.jmandali.24799644._000002.prelim_mc16a_mu_sig.root...
2021-10-27 11:44:12,825 DEBUG:All TTrees and variables found in /data/atlas/HighMassDrellYan/test_mc16a/wmintaunu_1500/user.jmandali.24799851._000001.prelim_mc16a_tau_sig.root...
2021-10-27 11:44:12,942 DEBUG:All TTrees and variables found in /data/atlas/HighMassDrellYan/test_mc16a/wmintaunu_1750/user.jmandali.24799852._000001.prelim_mc16a_tau_sig.root...
2021-10-27 11:44:13,099 DEBUG:All TTrees and variables found in /data/atlas/HighMassDrellYan/test_mc16a/wmintaunu_180/user.jmandali.24799635._000002.prelim_mc16a_mu_sig.root...
2021-10-27 11:44:13,213 DEBUG:All TTrees and variables found in /data/atlas/HighMassDrellYan/test_mc16a/wmintaunu_2000/user.jmandali.24799853._000001.prelim_mc16a_tau_sig.root...
2021-10-27 11:44:13,321 DEBUG:All TTrees and variables found in /data/atlas/HighMassDrellYan/test_mc16a/wmintaunu_2250/user.jmandali.24799855._000002.prelim_mc16a_tau_sig.root...
2021-10-27 11:44:13,434 DEBUG:All TTrees and variables found in /data/atlas/HighMassDrellYan/test_mc16a/wmintaunu_250/user.jmandali.24799638._000003.prelim_mc16a_mu_sig.root...
2021-10-27 11:44:13,544 DEBUG:All TTrees and variables found in /data/atlas/HighMassDrellYan/test_mc16a/wmintaunu_2500/user.jmandali.24799857._000001.prelim_mc16a_tau_sig.root...
2021-10-27 11:44:13,712 DEBUG:All TTrees and variables found in /data/atlas/HighMassDrellYan/test_mc16a/wmintaunu_2750/user.jmandali.24799859._000001.prelim_mc16a_tau_sig.root...
2021-10-27 11:44:13,819 DEBUG:All TTrees and variables found in /data/atlas/HighMassDrellYan/test_mc16a/wmintaunu_3000/user.jmandali.24799860._000001.prelim_mc16a_tau_sig.root...
2021-10-27 11:44:13,926 DEBUG:All TTrees and variables found in /data/atlas/HighMassDrellYan/test_mc16a/wmintaunu_3500/user.jmandali.24799862._000002.prelim_mc16a_tau_sig.root...
2021-10-27 11:44:14,039 DEBUG:All TTrees and variables found in /data/atlas/HighMassDrellYan/test_mc16a/wmintaunu_400/user.jmandali.24799639._000002.prelim_mc16a_mu_sig.root...
2021-10-27 11:44:14,148 DEBUG:All TTrees and variables found in /data/atlas/HighMassDrellYan/test_mc16a/wmintaunu_4000/user.jmandali.24799864._000001.prelim_mc16a_tau_sig.root...
2021-10-27 11:44:14,257 DEBUG:All TTrees and variables found in /data/atlas/HighMassDrellYan/test_mc16a/wmintaunu_4500/user.jmandali.24799866._000005.prelim_mc16a_tau_sig.root...
2021-10-27 11:44:14,412 DEBUG:All TTrees and variables found in /data/atlas/HighMassDrellYan/test_mc16a/wmintaunu_5000/user.jmandali.24799867._000001.prelim_mc16a_tau_sig.root...
2021-10-27 11:44:14,519 DEBUG:All TTrees and variables found in /data/atlas/HighMassDrellYan/test_mc16a/wmintaunu_600/user.jmandali.24799640._000002.prelim_mc16a_mu_sig.root...
2021-10-27 11:44:14,626 DEBUG:All TTrees and variables found in /data/atlas/HighMassDrellYan/test_mc16a/wmintaunu_800/user.jmandali.24799641._000002.prelim_mc16a_mu_sig.root...
2021-10-27 11:44:14,626 DEBUG:All required TTrees variables found.
2021-10-27 11:44:14,626 WARNING:Variable(s) ['mu_isTight'] not contained in labels dictionary. Some unexpected behaviour may occur.
2021-10-27 11:44:14,627 INFO:Extracting mass slices from /data/atlas/HighMassDrellYan/test_mc16a/wmintaunu_*/*.root...
2021-10-27 11:44:14,627 DEBUG:Extracting {'mu_isTight', 'met_phi', 'eventNumber', 'weight_mc', 'mu_phi', 'mu_eta', 'met_met', 'mcChannelNumber', 'mu_pt'} from nominal_Loose tree...
2021-10-27 11:44:17,383 DEBUG:Extracted 41791 events.
2021-10-27 11:44:17,384 DEBUG:Extracting ['total_EventsWeighted', 'dsid'] from 'sumWeights' tree...
2021-10-27 11:44:17,958 DEBUG:Calculating sum of weights and merging...
2021-10-27 11:44:17,965 DEBUG:Extracting ['MC_WZ_m'] from truth tree...
2021-10-27 11:44:20,137 DEBUG:Extracted 1716000 events.
2021-10-27 11:44:20,137 DEBUG:Merging with rest of dataframe...
2021-10-27 11:44:20,312 DEBUG:Found 19 unique dsid(s).
2021-10-27 11:44:20,349 WARNING:Value of 'totalEventsWeighted' (145.32899475097656) is not the same as the total summed values of 'weight_mc' (122.56646728515625) for DISD 301166. Ratio = 1.2
2021-10-27 11:44:20,351 WARNING:Value of 'totalEventsWeighted' (10433584.0) is not the same as the total summed values of 'weight_mc' (13042.0302734375) for DISD 301160. Ratio = 8e+02
2021-10-27 11:44:20,354 WARNING:Value of 'totalEventsWeighted' (50.13829803466797) is not the same as the total summed values of 'weight_mc' (46.08418655395508) for DISD 301167. Ratio = 1.1
2021-10-27 11:44:20,357 WARNING:Value of 'totalEventsWeighted' (18.406715393066406) is not the same as the total summed values of 'weight_mc' (17.13762664794922) for DISD 301168. Ratio = 1.1
2021-10-27 11:44:20,360 WARNING:Value of 'totalEventsWeighted' (7.473324775695801) is not the same as the total summed values of 'weight_mc' (6.928842067718506) for DISD 301169. Ratio = 1.1
2021-10-27 11:44:20,362 WARNING:Value of 'totalEventsWeighted' (821307.6875) is not the same as the total summed values of 'weight_mc' (25728.07421875) for DISD 301161. Ratio = 32
2021-10-27 11:44:20,365 WARNING:Value of 'totalEventsWeighted' (3.265511989593506) is not the same as the total summed values of 'weight_mc' (3.18365216255188) for DISD 301170. Ratio = 1
2021-10-27 11:44:20,368 WARNING:Value of 'totalEventsWeighted' (1.5084095001220703) is not the same as the total summed values of 'weight_mc' (1.3615330457687378) for DISD 301171. Ratio = 1.1
2021-10-27 11:44:20,371 WARNING:Value of 'totalEventsWeighted' (162471.15625) is not the same as the total summed values of 'weight_mc' (20978.65625) for DISD 301162. Ratio = 7.7
2021-10-27 11:44:20,374 WARNING:Value of 'totalEventsWeighted' (0.7274540066719055) is not the same as the total summed values of 'weight_mc' (0.7012044191360474) for DISD 301172. Ratio = 1
2021-10-27 11:44:20,377 WARNING:Value of 'totalEventsWeighted' (0.36294829845428467) is not the same as the total summed values of 'weight_mc' (0.34724515676498413) for DISD 301173. Ratio = 1
2021-10-27 11:44:20,379 WARNING:Value of 'totalEventsWeighted' (0.283456414937973) is not the same as the total summed values of 'weight_mc' (0.26582467555999756) for DISD 301174. Ratio = 1.1
2021-10-27 11:44:20,382 WARNING:Value of 'totalEventsWeighted' (0.07986969500780106) is not the same as the total summed values of 'weight_mc' (0.07430703938007355) for DISD 301175. Ratio = 1.1
2021-10-27 11:44:20,385 WARNING:Value of 'totalEventsWeighted' (17540.888671875) is not the same as the total summed values of 'weight_mc' (5649.39306640625) for DISD 301163. Ratio = 3.1
2021-10-27 11:44:20,388 WARNING:Value of 'totalEventsWeighted' (0.023605169728398323) is not the same as the total summed values of 'weight_mc' (0.021055759862065315) for DISD 301176. Ratio = 1.1
2021-10-27 11:44:20,391 WARNING:Value of 'totalEventsWeighted' (0.007140154950320721) is not the same as the total summed values of 'weight_mc' (0.006324147339910269) for DISD 301177. Ratio = 1.1
2021-10-27 11:44:20,393 WARNING:Value of 'totalEventsWeighted' (0.0030812351033091545) is not the same as the total summed values of 'weight_mc' (0.0024880808778107166) for DISD 301178. Ratio = 1.2
2021-10-27 11:44:20,396 WARNING:Value of 'totalEventsWeighted' (1548.9874267578125) is not the same as the total summed values of 'weight_mc' (1130.5323486328125) for DISD 301164. Ratio = 1.4
2021-10-27 11:44:20,399 WARNING:Value of 'totalEventsWeighted' (414.3192138671875) is not the same as the total summed values of 'weight_mc' (333.08428955078125) for DISD 301165. Ratio = 1.2
2021-10-27 11:44:20,399 INFO:time to build dataframe: 00:00:05s
2021-10-27 11:44:20,399 INFO:Computing 'mu_mt' column from ['mu_pt', 'met_met', 'mu_phi', 'met_phi']...
2021-10-27 11:44:32,803 DEBUG:dropping ['mu_phi', 'met_phi']
2021-10-27 11:44:32,833 DEBUG:Rescaled columns ['mu_pt', 'MC_WZ_m', 'mu_mt'] to GeV.
2021-10-27 11:44:33,294 INFO:Dataframe built and saved in outputs/jesal_cutflow/data/wmintaunu_slices_df.pkl
2021-10-27 11:44:33,295 INFO:Number of events in dataset wmintaunu_slices: 726886
2021-10-27 11:44:33,295 INFO:Creating weights for wmintaunu_slices...
2021-10-27 11:44:33,302 DEBUG:PER-DSID INFO:
2021-10-27 11:44:33,302 DEBUG:--------------
2021-10-27 11:44:33,303 DEBUG:DSID       n_events   sum_w         x-s fb        lumi fb-1
2021-10-27 11:44:33,304 DEBUG:==========================================================
2021-10-27 11:44:33,345 DEBUG:301166     38794      1.225665e+02  3.159418e-03  1.180722e+02
2021-10-27 11:44:33,347 DEBUG:301160     584        1.304203e+04  2.233225e+01  1.750007e-01
2021-10-27 11:44:33,353 DEBUG:301167     45957      4.608419e+01  1.002768e-03  1.286798e+02
2021-10-27 11:44:33,358 DEBUG:301168     46553      1.713763e+01  3.681316e-04  1.303474e+02
2021-10-27 11:44:33,362 DEBUG:301169     46357      6.928842e+00  1.494670e-04  1.298001e+02
2021-10-27 11:44:33,365 DEBUG:301161     7814       2.572807e+04  3.292561e+00  4.385605e+00
2021-10-27 11:44:33,369 DEBUG:301170     48747      3.183652e+00  6.530970e-05  1.364905e+02
2021-10-27 11:44:33,373 DEBUG:301171     45132      1.361533e+00  3.016780e-05  1.263680e+02
2021-10-27 11:44:33,376 DEBUG:301162     19355      2.097866e+04  1.083888e+00  1.807713e+01
2021-10-27 11:44:33,380 DEBUG:301172     48195      7.012044e-01  1.454932e-05  1.349483e+02
2021-10-27 11:44:33,384 DEBUG:301173     47837      3.472451e-01  7.258924e-06  1.339429e+02
2021-10-27 11:44:33,388 DEBUG:301174     46889      2.658246e-01  5.669233e-06  1.312917e+02
2021-10-27 11:44:33,392 DEBUG:301175     46518      7.430704e-02  1.597383e-06  1.302495e+02
2021-10-27 11:44:33,396 DEBUG:301163     32203      5.649394e+03  1.754307e-01  4.508980e+01
2021-10-27 11:44:33,399 DEBUG:301176     44600      2.105576e-02  4.721023e-07  1.248797e+02
2021-10-27 11:44:33,403 DEBUG:301177     44286      6.324148e-03  1.428024e-07  1.240002e+02
2021-10-27 11:44:33,406 DEBUG:301178     40375      2.488081e-03  6.162430e-08  1.130493e+02
2021-10-27 11:44:33,409 DEBUG:301164     36493      1.130532e+03  3.097943e-02  1.021794e+02
2021-10-27 11:44:33,413 DEBUG:301165     40197      3.330843e+02  8.286296e-03  1.125505e+02
2021-10-27 11:44:33,413 INFO:Creating cuts for wmintaunu_slices...
2021-10-27 11:44:33,420 INFO:
2021-10-27 11:44:33,421 INFO:========== CUTS USED ============
2021-10-27 11:44:33,421 INFO:Tight muon  : mu_isTight = 1.0
2021-10-27 11:44:33,421 INFO:eta         :    |mu_eta| < 2.4
2021-10-27 11:44:33,421 INFO:E_{T}^{MISS}:    met_met > 65.0
2021-10-27 11:44:33,421 INFO:p_T         :      mu_pt > 65.0
2021-10-27 11:44:33,421 INFO:M_T         :      mu_mt > 55.0
2021-10-27 11:44:33,421 INFO:M_W         :    MC_WZ_m < 120.0
2021-10-27 11:44:33,421 INFO:
2021-10-27 11:44:33,497 INFO:=========== CUTFLOW =============
2021-10-27 11:44:33,498 INFO:Option: Non-sequential
2021-10-27 11:44:33,498 INFO:---------------------------------
2021-10-27 11:44:33,498 INFO:Cut            Events Ratio
2021-10-27 11:44:33,498 INFO:Inclusive      726886   -
2021-10-27 11:44:33,498 INFO:tight muon cut 726886 1.000    
2021-10-27 11:44:33,498 INFO:eta            726886 1.000    
2021-10-27 11:44:33,498 INFO:met            726886 1.000    
2021-10-27 11:44:33,498 INFO:mu pt          726886 1.000    
2021-10-27 11:44:33,498 INFO:muon mt        726886 1.000    
2021-10-27 11:44:33,498 INFO:W m            0      0.000    
2021-10-27 11:44:33,498 INFO:
2021-10-27 11:44:33,498 INFO:========= DATASET 'wmintaunu_slices' INITIALISED =========
2021-10-27 11:44:33,499 INFO:
2021-10-27 11:44:33,501 INFO:======== INITIALISING DATASET 'wmintaunu_inclusive' =========
2021-10-27 11:44:33,502 DEBUG:DATASET INPUT OPTIONS: 
2021-10-27 11:44:33,502 DEBUG:----------------------------
2021-10-27 11:44:33,502 DEBUG:Input file(s):  /data/atlas/HighMassDrellYan/test_mc16a/wmintaunu/*.root
2021-10-27 11:44:33,502 DEBUG:TTree: nominal_Loose
2021-10-27 11:44:33,502 DEBUG:Cutfile: options/jesal_cutflow/cutfile_jesal.txt
2021-10-27 11:44:33,502 DEBUG:Slices: False
2021-10-27 11:44:33,502 DEBUG:grouped cutflow: True
2021-10-27 11:44:33,502 DEBUG:Forced dataset rebuild: False
2021-10-27 11:44:33,502 DEBUG:----------------------------
2021-10-27 11:44:33,502 DEBUG:
2021-10-27 11:44:33,502 DEBUG:CUTFILE CONTENTS
2021-10-27 11:44:33,502 DEBUG:---------------------------
2021-10-27 11:44:33,502 DEBUG:[CUTS]
2021-10-27 11:44:33,502 DEBUG:# Name	Variable	</>	Cut (in GeV if applicable)	Group Symmetric
2021-10-27 11:44:33,502 DEBUG:# !!REMEMBER DEFAULT ANALYSISTOP OUTPUT IS IN MeV NOT GeV!!
2021-10-27 11:44:33,503 DEBUG:Tight muon	mu_isTight	=	1	tight muon cut	false
2021-10-27 11:44:33,503 DEBUG:eta	mu_eta	<	2.4	eta	true
2021-10-27 11:44:33,503 DEBUG:E_{T}^{MISS}	met_met	>	65	met	false
2021-10-27 11:44:33,503 DEBUG:p_T	mu_pt	>	65	mu pt	false
2021-10-27 11:44:33,503 DEBUG:M_T	mu_mt	>	55	muon mt	false
2021-10-27 11:44:33,503 DEBUG:M_W	MC_WZ_m	<	120	W m	false	truth
2021-10-27 11:44:33,503 DEBUG:
2021-10-27 11:44:33,504 DEBUG:[OUTPUTS]
2021-10-27 11:44:33,506 DEBUG:# variables to process
2021-10-27 11:44:33,506 DEBUG:mu_mt
2021-10-27 11:44:33,506 DEBUG:mu_pt
2021-10-27 11:44:33,506 DEBUG:mu_eta
2021-10-27 11:44:33,506 DEBUG:
2021-10-27 11:44:33,506 DEBUG:[OPTIONS]
2021-10-27 11:44:33,506 DEBUG:# case-insensitive
2021-10-27 11:44:33,507 DEBUG:sequential	false
2021-10-27 11:44:33,507 DEBUG:grouped cutflow	false
2021-10-27 11:44:33,507 DEBUG:---------------------------
2021-10-27 11:44:33,507 INFO:Parsting cutfile for wmintaunu_inclusive...
2021-10-27 11:44:33,509 INFO:Building wmintaunu_inclusive dataframe from /data/atlas/HighMassDrellYan/test_mc16a/wmintaunu/*.root...
2021-10-27 11:44:33,510 DEBUG:Variables to extract from nominal_Loose tree: 
2021-10-27 11:44:33,510 DEBUG:  - mu_isTight
2021-10-27 11:44:33,510 DEBUG:  - met_phi
2021-10-27 11:44:33,510 DEBUG:  - eventNumber
2021-10-27 11:44:33,510 DEBUG:  - weight_mc
2021-10-27 11:44:33,510 DEBUG:  - mu_phi
2021-10-27 11:44:33,510 DEBUG:  - mu_eta
2021-10-27 11:44:33,510 DEBUG:  - met_met
2021-10-27 11:44:33,510 DEBUG:  - mu_pt
2021-10-27 11:44:33,510 DEBUG:Variables to extract from truth tree: 
2021-10-27 11:44:33,510 DEBUG:  - MC_WZ_m
2021-10-27 11:44:33,510 DEBUG:Variables to calculate: 
2021-10-27 11:44:33,510 DEBUG:  - mu_mt
2021-10-27 11:44:33,510 DEBUG:Checking TTree and TBranch values in file(s) '/data/atlas/HighMassDrellYan/test_mc16a/wmintaunu/*.root'...
2021-10-27 11:44:33,622 DEBUG:All TTrees and variables found in /data/atlas/HighMassDrellYan/test_mc16a/wmintaunu/user.jmandali.24799633._000004.prelim_mc16a_mu_sig.root...
2021-10-27 11:44:33,730 DEBUG:All TTrees and variables found in /data/atlas/HighMassDrellYan/test_mc16a/wmintaunu/user.jmandali.24799633._000005.prelim_mc16a_mu_sig.root...
2021-10-27 11:44:33,838 DEBUG:All TTrees and variables found in /data/atlas/HighMassDrellYan/test_mc16a/wmintaunu/user.jmandali.24799633._000006.prelim_mc16a_mu_sig.root...
2021-10-27 11:44:33,946 DEBUG:All TTrees and variables found in /data/atlas/HighMassDrellYan/test_mc16a/wmintaunu/user.jmandali.24799633._000011.prelim_mc16a_mu_sig.root...
2021-10-27 11:44:34,053 DEBUG:All TTrees and variables found in /data/atlas/HighMassDrellYan/test_mc16a/wmintaunu/user.jmandali.24799633._000012.prelim_mc16a_mu_sig.root...
2021-10-27 11:44:34,221 DEBUG:All TTrees and variables found in /data/atlas/HighMassDrellYan/test_mc16a/wmintaunu/user.jmandali.24799633._000007.prelim_mc16a_mu_sig.root...
2021-10-27 11:44:34,407 DEBUG:All TTrees and variables found in /data/atlas/HighMassDrellYan/test_mc16a/wmintaunu/user.jmandali.24799633._000008.prelim_mc16a_mu_sig.root...
2021-10-27 11:44:34,516 DEBUG:All TTrees and variables found in /data/atlas/HighMassDrellYan/test_mc16a/wmintaunu/user.jmandali.24799633._000009.prelim_mc16a_mu_sig.root...
2021-10-27 11:44:34,625 DEBUG:All TTrees and variables found in /data/atlas/HighMassDrellYan/test_mc16a/wmintaunu/user.jmandali.24799633._000010.prelim_mc16a_mu_sig.root...
2021-10-27 11:44:34,625 DEBUG:All required TTrees variables found.
2021-10-27 11:44:34,625 WARNING:Variable(s) ['mu_isTight'] not contained in labels dictionary. Some unexpected behaviour may occur.
2021-10-27 11:44:34,625 INFO:Extracting {'mu_isTight', 'met_phi', 'eventNumber', 'weight_mc', 'mu_phi', 'mu_eta', 'met_met', 'mu_pt'} from /data/atlas/HighMassDrellYan/test_mc16a/wmintaunu/*.root...
2021-10-27 11:44:35,733 DEBUG:Extracted 118 events.
2021-10-27 11:44:35,733 DEBUG:Extracting ['MC_WZ_m'] from TTree truth...
2021-10-27 11:44:45,745 DEBUG:Extracted 19955000 events.
2021-10-27 11:44:45,746 DEBUG:Merging with rest of dataframe...
2021-10-27 11:44:49,445 INFO:time to build dataframe: 00:00:14s
2021-10-27 11:44:49,446 INFO:Computing 'mu_mt' column from ['mu_pt', 'met_met', 'mu_phi', 'met_phi']...
2021-10-27 11:44:49,450 DEBUG:dropping ['mu_phi', 'met_phi']
2021-10-27 11:44:49,452 DEBUG:Rescaled columns ['mu_pt', 'MC_WZ_m', 'mu_mt'] to GeV.
2021-10-27 11:44:49,456 INFO:Dataframe built and saved in outputs/jesal_cutflow/data/wmintaunu_inclusive_df.pkl
2021-10-27 11:44:49,457 INFO:Number of events in dataset wmintaunu_inclusive: 118
2021-10-27 11:44:49,457 INFO:Creating weights for wmintaunu_inclusive...
2021-10-27 11:44:49,457 DEBUG:INCLUSIVE SAMPLE METADATA:
2021-10-27 11:44:49,457 DEBUG:--------------------------
2021-10-27 11:44:49,457 DEBUG:n_events   sum_w         x-s fb        lumi fb-1
2021-10-27 11:44:49,457 DEBUG:==========================================================
2021-10-27 11:44:49,458 DEBUG:118        9.953306e+05  8.435005e+03  1.958505e+00
2021-10-27 11:44:49,458 INFO:Creating cuts for wmintaunu_inclusive...
2021-10-27 11:44:49,461 INFO:
2021-10-27 11:44:49,461 INFO:========== CUTS USED ============
2021-10-27 11:44:49,461 INFO:Tight muon  : mu_isTight = 1.0
2021-10-27 11:44:49,462 INFO:eta         :    |mu_eta| < 2.4
2021-10-27 11:44:49,462 INFO:E_{T}^{MISS}:    met_met > 65.0
2021-10-27 11:44:49,462 INFO:p_T         :      mu_pt > 65.0
2021-10-27 11:44:49,462 INFO:M_T         :      mu_mt > 55.0
2021-10-27 11:44:49,462 INFO:M_W         :    MC_WZ_m < 120.0
2021-10-27 11:44:49,462 INFO:
2021-10-27 11:44:49,467 INFO:=========== CUTFLOW =============
2021-10-27 11:44:49,467 INFO:Option: Non-sequential
2021-10-27 11:44:49,467 INFO:---------------------------------
2021-10-27 11:44:49,467 INFO:Cut            Events Ratio
2021-10-27 11:44:49,467 INFO:Inclusive      118   -
2021-10-27 11:44:49,467 INFO:tight muon cut 118 1.000    
2021-10-27 11:44:49,467 INFO:eta            118 1.000    
2021-10-27 11:44:49,468 INFO:met            118 1.000    
2021-10-27 11:44:49,469 INFO:mu pt          118 1.000    
2021-10-27 11:44:49,469 INFO:muon mt        118 1.000    
2021-10-27 11:44:49,469 INFO:W m            11  0.093    
2021-10-27 11:44:49,469 INFO:
2021-10-27 11:44:49,469 INFO:========= DATASET 'wmintaunu_inclusive' INITIALISED =========
2021-10-27 11:44:49,469 INFO:
2021-10-27 11:44:49,469 INFO:======== INITIALISING DATASET 'wplustaunu_slices' =========
2021-10-27 11:44:49,779 DEBUG:DATASET INPUT OPTIONS: 
2021-10-27 11:44:49,779 DEBUG:----------------------------
2021-10-27 11:44:49,780 DEBUG:Input file(s):  /data/atlas/HighMassDrellYan/test_mc16a/wplustaunu_*/*.root
2021-10-27 11:44:49,780 DEBUG:TTree: nominal_Loose
2021-10-27 11:44:49,780 DEBUG:Cutfile: options/jesal_cutflow/cutfile_jesal.txt
2021-10-27 11:44:49,780 DEBUG:Slices: True
2021-10-27 11:44:49,781 DEBUG:grouped cutflow: True
2021-10-27 11:44:49,782 DEBUG:Forced dataset rebuild: False
2021-10-27 11:44:49,782 DEBUG:----------------------------
2021-10-27 11:44:49,782 DEBUG:
2021-10-27 11:44:49,782 DEBUG:CUTFILE CONTENTS
2021-10-27 11:44:49,783 DEBUG:---------------------------
2021-10-27 11:44:49,783 DEBUG:[CUTS]
2021-10-27 11:44:49,783 DEBUG:# Name	Variable	</>	Cut (in GeV if applicable)	Group Symmetric
2021-10-27 11:44:49,783 DEBUG:# !!REMEMBER DEFAULT ANALYSISTOP OUTPUT IS IN MeV NOT GeV!!
2021-10-27 11:44:49,783 DEBUG:Tight muon	mu_isTight	=	1	tight muon cut	false
2021-10-27 11:44:49,784 DEBUG:eta	mu_eta	<	2.4	eta	true
2021-10-27 11:44:49,784 DEBUG:E_{T}^{MISS}	met_met	>	65	met	false
2021-10-27 11:44:49,784 DEBUG:p_T	mu_pt	>	65	mu pt	false
2021-10-27 11:44:49,784 DEBUG:M_T	mu_mt	>	55	muon mt	false
2021-10-27 11:44:49,784 DEBUG:M_W	MC_WZ_m	<	120	W m	false	truth
2021-10-27 11:44:49,784 DEBUG:
2021-10-27 11:44:49,784 DEBUG:[OUTPUTS]
2021-10-27 11:44:49,784 DEBUG:# variables to process
2021-10-27 11:44:49,784 DEBUG:mu_mt
2021-10-27 11:44:49,785 DEBUG:mu_pt
2021-10-27 11:44:49,785 DEBUG:mu_eta
2021-10-27 11:44:49,785 DEBUG:
2021-10-27 11:44:49,785 DEBUG:[OPTIONS]
2021-10-27 11:44:49,786 DEBUG:# case-insensitive
2021-10-27 11:44:49,787 DEBUG:sequential	false
2021-10-27 11:44:49,787 DEBUG:grouped cutflow	false
2021-10-27 11:44:49,787 DEBUG:---------------------------
2021-10-27 11:44:49,788 INFO:Parsting cutfile for wplustaunu_slices...
2021-10-27 11:44:49,790 INFO:Building wplustaunu_slices dataframe from /data/atlas/HighMassDrellYan/test_mc16a/wplustaunu_*/*.root...
2021-10-27 11:44:49,791 DEBUG:Variables to extract from nominal_Loose tree: 
2021-10-27 11:44:49,791 DEBUG:  - mu_isTight
2021-10-27 11:44:49,791 DEBUG:  - met_phi
2021-10-27 11:44:49,791 DEBUG:  - eventNumber
2021-10-27 11:44:49,793 DEBUG:  - weight_mc
2021-10-27 11:44:49,794 DEBUG:  - mu_phi
2021-10-27 11:44:49,794 DEBUG:  - mu_eta
2021-10-27 11:44:49,794 DEBUG:  - met_met
2021-10-27 11:44:49,794 DEBUG:  - mu_pt
2021-10-27 11:44:49,795 DEBUG:Variables to extract from truth tree: 
2021-10-27 11:44:49,795 DEBUG:  - MC_WZ_m
2021-10-27 11:44:49,795 DEBUG:Variables to calculate: 
2021-10-27 11:44:49,795 DEBUG:  - mu_mt
2021-10-27 11:44:49,795 DEBUG:Checking TTree and TBranch values in file(s) '/data/atlas/HighMassDrellYan/test_mc16a/wplustaunu_*/*.root'...
2021-10-27 11:44:52,053 DEBUG:All TTrees and variables found in /data/atlas/HighMassDrellYan/test_mc16a/wplustaunu_1000/user.jmandali.24799615._000001.prelim_mc16a_mu_sig.root...
2021-10-27 11:44:55,035 DEBUG:All TTrees and variables found in /data/atlas/HighMassDrellYan/test_mc16a/wplustaunu_120/user.jmandali.24799607._000002.prelim_mc16a_mu_sig.root...
2021-10-27 11:44:57,839 DEBUG:All TTrees and variables found in /data/atlas/HighMassDrellYan/test_mc16a/wplustaunu_1250/user.jmandali.24799616._000002.prelim_mc16a_mu_sig.root...
2021-10-27 11:45:00,396 DEBUG:All TTrees and variables found in /data/atlas/HighMassDrellYan/test_mc16a/wplustaunu_1500/user.jmandali.24799617._000003.prelim_mc16a_mu_sig.root...
2021-10-27 11:45:03,332 DEBUG:All TTrees and variables found in /data/atlas/HighMassDrellYan/test_mc16a/wplustaunu_1750/user.jmandali.24799619._000002.prelim_mc16a_mu_sig.root...
2021-10-27 11:45:07,190 DEBUG:All TTrees and variables found in /data/atlas/HighMassDrellYan/test_mc16a/wplustaunu_180/user.jmandali.24799609._000003.prelim_mc16a_mu_sig.root...
2021-10-27 11:45:10,185 DEBUG:All TTrees and variables found in /data/atlas/HighMassDrellYan/test_mc16a/wplustaunu_2000/user.jmandali.24799621._000002.prelim_mc16a_mu_sig.root...
2021-10-27 11:45:13,181 DEBUG:All TTrees and variables found in /data/atlas/HighMassDrellYan/test_mc16a/wplustaunu_2250/user.jmandali.24799622._000006.prelim_mc16a_mu_sig.root...
2021-10-27 11:45:16,189 DEBUG:All TTrees and variables found in /data/atlas/HighMassDrellYan/test_mc16a/wplustaunu_250/user.jmandali.24799610._000002.prelim_mc16a_mu_sig.root...
2021-10-27 11:45:19,281 DEBUG:All TTrees and variables found in /data/atlas/HighMassDrellYan/test_mc16a/wplustaunu_2500/user.jmandali.24799623._000002.prelim_mc16a_mu_sig.root...
2021-10-27 11:45:22,615 DEBUG:All TTrees and variables found in /data/atlas/HighMassDrellYan/test_mc16a/wplustaunu_2750/user.jmandali.24799624._000002.prelim_mc16a_mu_sig.root...
2021-10-27 11:45:25,612 DEBUG:All TTrees and variables found in /data/atlas/HighMassDrellYan/test_mc16a/wplustaunu_3000/user.jmandali.24799626._000002.prelim_mc16a_mu_sig.root...
2021-10-27 11:45:28,732 DEBUG:All TTrees and variables found in /data/atlas/HighMassDrellYan/test_mc16a/wplustaunu_3500/user.jmandali.24799627._000002.prelim_mc16a_mu_sig.root...
2021-10-27 11:45:31,684 DEBUG:All TTrees and variables found in /data/atlas/HighMassDrellYan/test_mc16a/wplustaunu_400/user.jmandali.24799611._000001.prelim_mc16a_mu_sig.root...
2021-10-27 11:45:34,884 DEBUG:All TTrees and variables found in /data/atlas/HighMassDrellYan/test_mc16a/wplustaunu_4000/user.jmandali.24799628._000003.prelim_mc16a_mu_sig.root...
2021-10-27 11:45:37,859 DEBUG:All TTrees and variables found in /data/atlas/HighMassDrellYan/test_mc16a/wplustaunu_4500/user.jmandali.24799629._000002.prelim_mc16a_mu_sig.root...
2021-10-27 11:45:40,914 DEBUG:All TTrees and variables found in /data/atlas/HighMassDrellYan/test_mc16a/wplustaunu_5000/user.jmandali.24799631._000002.prelim_mc16a_mu_sig.root...
2021-10-27 11:45:44,364 DEBUG:All TTrees and variables found in /data/atlas/HighMassDrellYan/test_mc16a/wplustaunu_800/user.jmandali.24799613._000003.prelim_mc16a_mu_sig.root...
2021-10-27 11:45:47,276 DEBUG:All TTrees and variables found in /data/atlas/HighMassDrellYan/test_mc16a/wplustaunu_600/user.jmandali.24799612._000003.prelim_mc16a_mu_sig.root...
2021-10-27 11:45:47,276 DEBUG:All required TTrees variables found.
2021-10-27 11:45:47,276 WARNING:Variable(s) ['mu_isTight'] not contained in labels dictionary. Some unexpected behaviour may occur.
2021-10-27 11:45:47,276 INFO:Extracting mass slices from /data/atlas/HighMassDrellYan/test_mc16a/wplustaunu_*/*.root...
2021-10-27 11:45:47,276 DEBUG:Extracting {'mu_isTight', 'met_phi', 'eventNumber', 'weight_mc', 'mu_phi', 'mu_eta', 'met_met', 'mcChannelNumber', 'mu_pt'} from nominal_Loose tree...
2021-10-27 11:50:35,285 DEBUG:Extracted 44299 events.
2021-10-27 11:50:35,285 DEBUG:Extracting ['total_EventsWeighted', 'dsid'] from 'sumWeights' tree...
2021-10-27 11:50:35,897 DEBUG:Calculating sum of weights and merging...
2021-10-27 11:50:35,903 DEBUG:Extracting ['MC_WZ_m'] from truth tree...
2021-10-27 11:58:24,742 DEBUG:Extracted 1750000 events.
2021-10-27 11:58:24,742 DEBUG:Merging with rest of dataframe...
2021-10-27 11:58:24,914 DEBUG:Found 19 unique dsid(s).
2021-10-27 11:58:24,958 WARNING:Value of 'totalEventsWeighted' (364.46539306640625) is not the same as the total summed values of 'weight_mc' (348.8692626953125) for DISD 301146. Ratio = 1
2021-10-27 11:58:24,959 WARNING:Value of 'totalEventsWeighted' (16026548.0) is not the same as the total summed values of 'weight_mc' (16772.07421875) for DISD 301140. Ratio = 9.6e+02
2021-10-27 11:58:24,962 WARNING:Value of 'totalEventsWeighted' (125.35179901123047) is not the same as the total summed values of 'weight_mc' (122.03888702392578) for DISD 301147. Ratio = 1
2021-10-27 11:58:24,966 WARNING:Value of 'totalEventsWeighted' (49.313682556152344) is not the same as the total summed values of 'weight_mc' (48.85401916503906) for DISD 301148. Ratio = 1
2021-10-27 11:58:24,969 WARNING:Value of 'totalEventsWeighted' (21.228139877319336) is not the same as the total summed values of 'weight_mc' (21.28827476501465) for DISD 301149. Ratio = 1
2021-10-27 11:58:24,970 WARNING:Value of 'totalEventsWeighted' (1250719.625) is not the same as the total summed values of 'weight_mc' (40652.4765625) for DISD 301141. Ratio = 31
2021-10-27 11:58:24,974 WARNING:Value of 'totalEventsWeighted' (9.731880187988281) is not the same as the total summed values of 'weight_mc' (9.63725471496582) for DISD 301150. Ratio = 1
2021-10-27 11:58:24,977 WARNING:Value of 'totalEventsWeighted' (4.667399883270264) is not the same as the total summed values of 'weight_mc' (4.59538459777832) for DISD 301151. Ratio = 1
2021-10-27 11:58:24,979 WARNING:Value of 'totalEventsWeighted' (263143.0625) is not the same as the total summed values of 'weight_mc' (37307.27734375) for DISD 301142. Ratio = 7.1
2021-10-27 11:58:24,983 WARNING:Value of 'totalEventsWeighted' (2.3129725456237793) is not the same as the total summed values of 'weight_mc' (2.275536060333252) for DISD 301152. Ratio = 1
2021-10-27 11:58:24,986 WARNING:Value of 'totalEventsWeighted' (1.173790454864502) is not the same as the total summed values of 'weight_mc' (1.182905673980713) for DISD 301153. Ratio = 0.99
2021-10-27 11:58:24,989 WARNING:Value of 'totalEventsWeighted' (0.9224629402160645) is not the same as the total summed values of 'weight_mc' (0.9100242257118225) for DISD 301154. Ratio = 1
2021-10-27 11:58:24,992 WARNING:Value of 'totalEventsWeighted' (0.2548375427722931) is not the same as the total summed values of 'weight_mc' (0.24393023550510406) for DISD 301155. Ratio = 1
2021-10-27 11:58:24,995 WARNING:Value of 'totalEventsWeighted' (31235.4140625) is not the same as the total summed values of 'weight_mc' (11357.8798828125) for DISD 301143. Ratio = 2.8
2021-10-27 11:58:24,998 WARNING:Value of 'totalEventsWeighted' (0.0715329498052597) is not the same as the total summed values of 'weight_mc' (0.06757696717977524) for DISD 301156. Ratio = 1.1
2021-10-27 11:58:25,002 WARNING:Value of 'totalEventsWeighted' (0.02006404474377632) is not the same as the total summed values of 'weight_mc' (0.018687479197978973) for DISD 301157. Ratio = 1.1
2021-10-27 11:58:25,005 WARNING:Value of 'totalEventsWeighted' (0.0076729897409677505) is not the same as the total summed values of 'weight_mc' (0.006353437434881926) for DISD 301158. Ratio = 1.2
2021-10-27 11:58:25,008 WARNING:Value of 'totalEventsWeighted' (883.4165649414062) is not the same as the total summed values of 'weight_mc' (742.8984985351562) for DISD 301145. Ratio = 1.2
2021-10-27 11:58:25,011 WARNING:Value of 'totalEventsWeighted' (3039.623779296875) is not the same as the total summed values of 'weight_mc' (2268.5185546875) for DISD 301144. Ratio = 1.3
2021-10-27 11:58:25,011 INFO:time to build dataframe: 00:12:37s
2021-10-27 11:58:25,011 INFO:Computing 'mu_mt' column from ['mu_pt', 'met_met', 'mu_phi', 'met_phi']...
2021-10-27 11:58:38,305 DEBUG:dropping ['mu_phi', 'met_phi']
2021-10-27 11:58:38,341 DEBUG:Rescaled columns ['mu_pt', 'MC_WZ_m', 'mu_mt'] to GeV.
2021-10-27 11:58:39,146 INFO:Dataframe built and saved in outputs/jesal_cutflow/data/wplustaunu_slices_df.pkl
2021-10-27 11:58:39,147 INFO:Number of events in dataset wplustaunu_slices: 772578
2021-10-27 11:58:39,148 INFO:Creating weights for wplustaunu_slices...
2021-10-27 11:58:39,154 DEBUG:PER-DSID INFO:
2021-10-27 11:58:39,154 DEBUG:--------------
2021-10-27 11:58:39,154 DEBUG:DSID       n_events   sum_w         x-s fb        lumi fb-1
2021-10-27 11:58:39,155 DEBUG:==========================================================
2021-10-27 11:58:39,193 DEBUG:301146     47861      3.488693e+02  7.289219e-03  1.340092e+02
2021-10-27 11:58:39,196 DEBUG:301140     521        1.677207e+04  3.219208e+01  1.465126e-01
2021-10-27 11:58:39,201 DEBUG:301147     48678      1.220389e+02  2.507065e-03  1.363000e+02
2021-10-27 11:58:39,206 DEBUG:301148     49533      4.885402e+01  9.862924e-04  1.386951e+02
2021-10-27 11:58:39,211 DEBUG:301149     50141      2.128827e+01  4.245682e-04  1.403967e+02
2021-10-27 11:58:39,213 DEBUG:301141     8113       4.065248e+04  5.010782e+00  4.550459e+00
2021-10-27 11:58:39,217 DEBUG:301150     49514      9.637255e+00  1.946370e-04  1.386388e+02
2021-10-27 11:58:39,222 DEBUG:301151     49229      4.595385e+00  9.334710e-05  1.378400e+02
2021-10-27 11:58:39,225 DEBUG:301142     21300      3.730728e+04  1.751515e+00  1.989156e+01
2021-10-27 11:58:39,229 DEBUG:301152     49191      2.275536e+00  4.625919e-05  1.377341e+02
2021-10-27 11:58:39,233 DEBUG:301153     50388      1.182906e+00  2.347594e-05  1.410873e+02
2021-10-27 11:58:39,237 DEBUG:301154     49324      9.100242e-01  1.844993e-05  1.381123e+02
2021-10-27 11:58:39,241 DEBUG:301155     47861      2.439302e-01  5.096639e-06  1.340080e+02
2021-10-27 11:58:39,245 DEBUG:301143     36357      1.135788e+04  3.123987e-01  5.090710e+01
2021-10-27 11:58:39,249 DEBUG:301156     47234      6.757697e-02  1.430685e-06  1.322577e+02
2021-10-27 11:58:39,252 DEBUG:301157     46569      1.868748e-02  4.012858e-07  1.303949e+02
2021-10-27 11:58:39,256 DEBUG:301158     41401      6.353437e-03  1.534610e-07  1.159238e+02
2021-10-27 11:58:39,259 DEBUG:301145     42047      7.428984e+02  1.766828e-02  1.177314e+02
2021-10-27 11:58:39,262 DEBUG:301144     37316      2.268519e+03  6.079211e-02  1.044842e+02
2021-10-27 11:58:39,263 INFO:Creating cuts for wplustaunu_slices...
2021-10-27 11:58:39,271 INFO:
2021-10-27 11:58:39,271 INFO:========== CUTS USED ============
2021-10-27 11:58:39,271 INFO:Tight muon  : mu_isTight = 1.0
2021-10-27 11:58:39,271 INFO:eta         :    |mu_eta| < 2.4
2021-10-27 11:58:39,271 INFO:E_{T}^{MISS}:    met_met > 65.0
2021-10-27 11:58:39,271 INFO:p_T         :      mu_pt > 65.0
2021-10-27 11:58:39,271 INFO:M_T         :      mu_mt > 55.0
2021-10-27 11:58:39,271 INFO:M_W         :    MC_WZ_m < 120.0
2021-10-27 11:58:39,272 INFO:
2021-10-27 11:58:39,355 INFO:=========== CUTFLOW =============
2021-10-27 11:58:39,355 INFO:Option: Non-sequential
2021-10-27 11:58:39,355 INFO:---------------------------------
2021-10-27 11:58:39,355 INFO:Cut            Events Ratio
2021-10-27 11:58:39,355 INFO:Inclusive      772578   -
2021-10-27 11:58:39,355 INFO:tight muon cut 772578 1.000    
2021-10-27 11:58:39,355 INFO:eta            772578 1.000    
2021-10-27 11:58:39,355 INFO:met            772578 1.000    
2021-10-27 11:58:39,355 INFO:mu pt          772578 1.000    
2021-10-27 11:58:39,355 INFO:muon mt        772578 1.000    
2021-10-27 11:58:39,355 INFO:W m            0      0.000    
2021-10-27 11:58:39,355 INFO:
2021-10-27 11:58:39,355 INFO:========= DATASET 'wplustaunu_slices' INITIALISED =========
2021-10-27 11:58:39,358 INFO:
2021-10-27 11:58:39,359 INFO:======== INITIALISING DATASET 'wplustaunu_inclusive' =========
2021-10-27 11:58:39,409 DEBUG:DATASET INPUT OPTIONS: 
2021-10-27 11:58:39,409 DEBUG:----------------------------
2021-10-27 11:58:39,409 DEBUG:Input file(s):  /data/atlas/HighMassDrellYan/test_mc16a/wplustaunu/*.root
2021-10-27 11:58:39,409 DEBUG:TTree: nominal_Loose
2021-10-27 11:58:39,409 DEBUG:Cutfile: options/jesal_cutflow/cutfile_jesal.txt
2021-10-27 11:58:39,409 DEBUG:Slices: False
2021-10-27 11:58:39,409 DEBUG:grouped cutflow: True
2021-10-27 11:58:39,410 DEBUG:Forced dataset rebuild: False
2021-10-27 11:58:39,410 DEBUG:----------------------------
2021-10-27 11:58:39,410 DEBUG:
2021-10-27 11:58:39,410 DEBUG:CUTFILE CONTENTS
2021-10-27 11:58:39,410 DEBUG:---------------------------
2021-10-27 11:58:39,411 DEBUG:[CUTS]
2021-10-27 11:58:39,412 DEBUG:# Name	Variable	</>	Cut (in GeV if applicable)	Group Symmetric
2021-10-27 11:58:39,412 DEBUG:# !!REMEMBER DEFAULT ANALYSISTOP OUTPUT IS IN MeV NOT GeV!!
2021-10-27 11:58:39,412 DEBUG:Tight muon	mu_isTight	=	1	tight muon cut	false
2021-10-27 11:58:39,412 DEBUG:eta	mu_eta	<	2.4	eta	true
2021-10-27 11:58:39,412 DEBUG:E_{T}^{MISS}	met_met	>	65	met	false
2021-10-27 11:58:39,412 DEBUG:p_T	mu_pt	>	65	mu pt	false
2021-10-27 11:58:39,412 DEBUG:M_T	mu_mt	>	55	muon mt	false
2021-10-27 11:58:39,412 DEBUG:M_W	MC_WZ_m	<	120	W m	false	truth
2021-10-27 11:58:39,413 DEBUG:
2021-10-27 11:58:39,413 DEBUG:[OUTPUTS]
2021-10-27 11:58:39,413 DEBUG:# variables to process
2021-10-27 11:58:39,413 DEBUG:mu_mt
2021-10-27 11:58:39,413 DEBUG:mu_pt
2021-10-27 11:58:39,413 DEBUG:mu_eta
2021-10-27 11:58:39,413 DEBUG:
2021-10-27 11:58:39,413 DEBUG:[OPTIONS]
2021-10-27 11:58:39,413 DEBUG:# case-insensitive
2021-10-27 11:58:39,413 DEBUG:sequential	false
2021-10-27 11:58:39,413 DEBUG:grouped cutflow	false
2021-10-27 11:58:39,413 DEBUG:---------------------------
2021-10-27 11:58:39,414 INFO:Parsting cutfile for wplustaunu_inclusive...
2021-10-27 11:58:39,417 INFO:Building wplustaunu_inclusive dataframe from /data/atlas/HighMassDrellYan/test_mc16a/wplustaunu/*.root...
2021-10-27 11:58:39,417 DEBUG:Variables to extract from nominal_Loose tree: 
2021-10-27 11:58:39,417 DEBUG:  - mu_isTight
2021-10-27 11:58:39,418 DEBUG:  - met_phi
2021-10-27 11:58:39,419 DEBUG:  - eventNumber
2021-10-27 11:58:39,419 DEBUG:  - weight_mc
2021-10-27 11:58:39,420 DEBUG:  - mu_phi
2021-10-27 11:58:39,420 DEBUG:  - mu_eta
2021-10-27 11:58:39,420 DEBUG:  - met_met
2021-10-27 11:58:39,420 DEBUG:  - mu_pt
2021-10-27 11:58:39,420 DEBUG:Variables to extract from truth tree: 
2021-10-27 11:58:39,420 DEBUG:  - MC_WZ_m
2021-10-27 11:58:39,420 DEBUG:Variables to calculate: 
2021-10-27 11:58:39,420 DEBUG:  - mu_mt
2021-10-27 11:58:39,420 DEBUG:Checking TTree and TBranch values in file(s) '/data/atlas/HighMassDrellYan/test_mc16a/wplustaunu/*.root'...
2021-10-27 11:58:43,110 DEBUG:All TTrees and variables found in /data/atlas/HighMassDrellYan/test_mc16a/wplustaunu/user.jmandali.24799721._000004.prelim_mc16a_tau_sig.root...
2021-10-27 11:58:47,126 DEBUG:All TTrees and variables found in /data/atlas/HighMassDrellYan/test_mc16a/wplustaunu/user.jmandali.24799721._000005.prelim_mc16a_tau_sig.root...
2021-10-27 11:58:50,787 DEBUG:All TTrees and variables found in /data/atlas/HighMassDrellYan/test_mc16a/wplustaunu/user.jmandali.24799721._000006.prelim_mc16a_tau_sig.root...
2021-10-27 11:58:54,076 DEBUG:All TTrees and variables found in /data/atlas/HighMassDrellYan/test_mc16a/wplustaunu/user.jmandali.24799721._000007.prelim_mc16a_tau_sig.root...
2021-10-27 11:58:57,613 DEBUG:All TTrees and variables found in /data/atlas/HighMassDrellYan/test_mc16a/wplustaunu/user.jmandali.24799721._000008.prelim_mc16a_tau_sig.root...
2021-10-27 11:59:01,135 DEBUG:All TTrees and variables found in /data/atlas/HighMassDrellYan/test_mc16a/wplustaunu/user.jmandali.24799721._000009.prelim_mc16a_tau_sig.root...
2021-10-27 11:59:04,522 DEBUG:All TTrees and variables found in /data/atlas/HighMassDrellYan/test_mc16a/wplustaunu/user.jmandali.24799721._000010.prelim_mc16a_tau_sig.root...
2021-10-27 11:59:07,653 DEBUG:All TTrees and variables found in /data/atlas/HighMassDrellYan/test_mc16a/wplustaunu/user.jmandali.24799721._000012.prelim_mc16a_tau_sig.root...
2021-10-27 11:59:11,336 DEBUG:All TTrees and variables found in /data/atlas/HighMassDrellYan/test_mc16a/wplustaunu/user.jmandali.24799721._000016.prelim_mc16a_tau_sig.root...
2021-10-27 11:59:14,409 DEBUG:All TTrees and variables found in /data/atlas/HighMassDrellYan/test_mc16a/wplustaunu/user.jmandali.24799721._000018.prelim_mc16a_tau_sig.root...
2021-10-27 11:59:17,655 DEBUG:All TTrees and variables found in /data/atlas/HighMassDrellYan/test_mc16a/wplustaunu/user.jmandali.24799721._000019.prelim_mc16a_tau_sig.root...
2021-10-27 11:59:21,311 DEBUG:All TTrees and variables found in /data/atlas/HighMassDrellYan/test_mc16a/wplustaunu/user.jmandali.24799721._000027.prelim_mc16a_tau_sig.root...
2021-10-27 11:59:23,826 DEBUG:All TTrees and variables found in /data/atlas/HighMassDrellYan/test_mc16a/wplustaunu/user.jmandali.24799721._000032.prelim_mc16a_tau_sig.root...
2021-10-27 11:59:26,999 DEBUG:All TTrees and variables found in /data/atlas/HighMassDrellYan/test_mc16a/wplustaunu/user.jmandali.24799721._000033.prelim_mc16a_tau_sig.root...
2021-10-27 11:59:29,859 DEBUG:All TTrees and variables found in /data/atlas/HighMassDrellYan/test_mc16a/wplustaunu/user.jmandali.24799721._000034.prelim_mc16a_tau_sig.root...
2021-10-27 11:59:32,902 DEBUG:All TTrees and variables found in /data/atlas/HighMassDrellYan/test_mc16a/wplustaunu/user.jmandali.24799721._000036.prelim_mc16a_tau_sig.root...
2021-10-27 11:59:32,902 DEBUG:All required TTrees variables found.
2021-10-27 11:59:32,903 WARNING:Variable(s) ['mu_isTight'] not contained in labels dictionary. Some unexpected behaviour may occur.
2021-10-27 11:59:32,903 INFO:Extracting {'mu_isTight', 'met_phi', 'eventNumber', 'weight_mc', 'mu_phi', 'mu_eta', 'met_met', 'mu_pt'} from /data/atlas/HighMassDrellYan/test_mc16a/wplustaunu/*.root...
2021-10-27 11:59:34,927 DEBUG:Extracted 226 events.
2021-10-27 11:59:34,927 DEBUG:Extracting ['MC_WZ_m'] from TTree truth...
