2021-10-21 17:54:13,306 INFO:INITIALISING ANALYSIS 'jesal_cutflow'...
2021-10-21 17:54:13,307 INFO:========================================
2021-10-21 17:54:13,307 INFO:
2021-10-21 17:54:13,309 INFO:======== INITIALISING DATASET 'truth' =========
2021-10-21 17:54:13,311 DEBUG:DATASET INPUT OPTIONS: 
2021-10-21 17:54:13,311 DEBUG:----------------------------
2021-10-21 17:54:13,311 DEBUG:Input file:  /data/atlas/HighMassDrellYan/test_mc16a/wmintaunu/*.root
2021-10-21 17:54:13,311 DEBUG:TTree: nominal_Loose
2021-10-21 17:54:13,311 DEBUG:Cutfile: options/jesal_cutflow/cutfile_jesal.txt
2021-10-21 17:54:13,311 DEBUG:Slices: True
2021-10-21 17:54:13,312 DEBUG:groupted cutflow: True
2021-10-21 17:54:13,313 DEBUG:CUTFILE CONTENTS
2021-10-21 17:54:13,313 DEBUG:---------------------------
2021-10-21 17:54:13,314 DEBUG:[CUTS]
2021-10-21 17:54:13,314 DEBUG:# Name	Variable	</>	Cut (in GeV if applicable)	Group Symmetric
2021-10-21 17:54:13,314 DEBUG:# !!REMEMBER DEFAULT ANALYSISTOP OUTPUT IS IN MeV NOT GeV!!
2021-10-21 17:54:13,315 DEBUG:Tight muon	mu_isTight	=	1	tight muon cut	false
2021-10-21 17:54:13,315 DEBUG:eta	mu_eta	<	2.4	eta	true
2021-10-21 17:54:13,315 DEBUG:E_{T}^{MISS}	met_met	>	65	met	false
2021-10-21 17:54:13,315 DEBUG:p_T	mu_pt	>	65	mu pt	false
2021-10-21 17:54:13,315 DEBUG:M_T	PDFinfo_Q	>	55	dilepton mass	false
2021-10-21 17:54:13,315 DEBUG:
2021-10-21 17:54:13,316 DEBUG:[OUTPUTS]
2021-10-21 17:54:13,316 DEBUG:# variables to process
2021-10-21 17:54:13,317 DEBUG:PDFinfo_Q
2021-10-21 17:54:13,318 DEBUG:
2021-10-21 17:54:13,318 DEBUG:[OPTIONS]
2021-10-21 17:54:13,318 DEBUG:# case-insensitive
2021-10-21 17:54:13,319 DEBUG:sequential	false
2021-10-21 17:54:13,319 DEBUG:grouped cutflow	false
2021-10-21 17:54:13,319 DEBUG:---------------------------
2021-10-21 17:54:13,319 INFO:Parsting cutfile for truth...
2021-10-21 17:54:13,322 DEBUG:Datafile found
2021-10-21 17:54:13,323 INFO:Building truth dataframe from /data/atlas/HighMassDrellYan/test_mc16a/wmintaunu/*.root...
2021-10-21 17:54:13,323 DEBUG:Variables to extract: 
2021-10-21 17:54:13,324 DEBUG:  - met_met
2021-10-21 17:54:13,325 DEBUG:  - weight_mc
2021-10-21 17:54:13,325 DEBUG:  - mu_pt
2021-10-21 17:54:13,325 DEBUG:  - PDFinfo_Q
2021-10-21 17:54:13,325 DEBUG:  - mu_isTight
2021-10-21 17:54:13,325 DEBUG:  - mu_eta
2021-10-21 17:54:13,325 DEBUG:Checking TTree and TBranch values in file(s) '/data/atlas/HighMassDrellYan/test_mc16a/wmintaunu/*.root'...
2021-10-21 17:54:15,544 DEBUG:All required variables found.
2021-10-21 17:54:15,544 WARNING:Warning: variable(s) ['mu_isTight'] not contained in labels dictionary.Some unexpected behaviour may occur.
2021-10-21 17:54:15,544 INFO:Extracting data from /data/atlas/HighMassDrellYan/test_mc16a/wmintaunu/*.root...
2021-10-21 17:54:15,544 INFO:Extracting in slices...
2021-10-21 17:54:18,330 DEBUG:Found 1 unique dsid(s).
2021-10-21 17:54:18,337 WARNING:Value of 'totalEventsWeighted' (165275369472.0) is not the same as the total summed values of 'weight_mc' (995330.625) for DISD 361105.
2021-10-21 17:54:18,337 INFO:time to build dataframe: 2.8s
2021-10-21 17:54:18,340 DEBUG:Rescaled columns ['mu_pt', 'PDFinfo_Q'] to GeV.
2021-10-21 17:54:18,344 INFO:Dataframe built and saved in outputs/jesal_cutflow/data/truth_df.pkl
2021-10-21 17:54:18,344 INFO:Creating weights for truth...
2021-10-21 17:54:18,346 DEBUG:PER-DSID INFO:
2021-10-21 17:54:18,346 DEBUG:--------------
2021-10-21 17:54:18,346 DEBUG:DSID       n_events   sum_w         x-s fb        lumi fb-1
2021-10-21 17:54:18,346 DEBUG:==========================================================
2021-10-21 17:54:18,349 DEBUG:361105     118        9.953306e+05  8.435005e+03  8.431161e-04
2021-10-21 17:54:18,349 INFO:Creating cuts for truth...
2021-10-21 17:54:18,353 INFO:
2021-10-21 17:54:18,354 INFO:========== CUTS USED ============
2021-10-21 17:54:18,354 INFO:Tight muon  : mu_isTight = 1.0
2021-10-21 17:54:18,354 INFO:eta         : |    mu_eta| < 2.4
2021-10-21 17:54:18,354 INFO:E_{T}^{MISS}:    met_met > 65.0
2021-10-21 17:54:18,354 INFO:p_T         :      mu_pt > 65.0
2021-10-21 17:54:18,355 INFO:M_T         :  PDFinfo_Q > 55.0
2021-10-21 17:54:18,355 INFO:
2021-10-21 17:54:18,364 INFO:========= DATASET 'truth' INITIALISED =========
2021-10-21 17:54:18,364 INFO:====================================
2021-10-21 17:54:18,364 INFO:ANALYSIS 'jesal_cutflow' INITIALISED
