2021-10-28 22:20:40,600 INFO: INITIALISING ANALYSIS 'jesal_cutflow'...
2021-10-28 22:20:40,600 INFO: ========================================
2021-10-28 22:20:40,600 INFO: 
2021-10-28 22:20:40,600 INFO: ======== INITIALISING DATASET 'wmintaunu_slices' =========
2021-10-28 22:20:40,608 DEBUG: DATASET INPUT OPTIONS: 
2021-10-28 22:20:40,608 DEBUG: ----------------------------
2021-10-28 22:20:40,608 DEBUG: Input file(s):  /data/atlas/HighMassDrellYan/test_mc16a/wmintaunu_*/*.root
2021-10-28 22:20:40,609 DEBUG: TTree: nominal_Loose
2021-10-28 22:20:40,609 DEBUG: Cutfile: options/jesal_cutflow/cutfile_jesal.txt
2021-10-28 22:20:40,609 DEBUG: Slices: True
2021-10-28 22:20:40,609 DEBUG: grouped cutflow: True
2021-10-28 22:20:40,609 DEBUG: Forced dataset rebuild: False
2021-10-28 22:20:40,622 DEBUG: ----------------------------
2021-10-28 22:20:40,622 DEBUG: 
2021-10-28 22:20:40,623 DEBUG: CUTFILE CONTENTS
2021-10-28 22:20:40,623 DEBUG: ---------------------------
2021-10-28 22:20:40,624 DEBUG: [CUTS]
2021-10-28 22:20:40,624 DEBUG: # Name	Variable	</>	Cut (in GeV if applicable)	Group Symmetric
2021-10-28 22:20:40,624 DEBUG: # !!REMEMBER DEFAULT ANALYSISTOP OUTPUT IS IN MeV NOT GeV!!
2021-10-28 22:20:40,624 DEBUG: Tight muon	mu_isTight	=	1	tight muon cut	false
2021-10-28 22:20:40,624 DEBUG: eta	mu_eta	<	2.4	eta	true
2021-10-28 22:20:40,624 DEBUG: E_{T}^{MISS}	met_met	>	65	met	false
2021-10-28 22:20:40,624 DEBUG: p_T	mu_pt	>	65	mu pt	false
2021-10-28 22:20:40,624 DEBUG: M_T	mu_mt	>	55	muon mt	false
2021-10-28 22:20:40,625 DEBUG: M_W	MC_WZ_m	>	120	W m	false	truth
2021-10-28 22:20:40,625 DEBUG: 
2021-10-28 22:20:40,625 DEBUG: [OUTPUTS]
2021-10-28 22:20:40,625 DEBUG: # variables to process
2021-10-28 22:20:40,625 DEBUG: mu_mt
2021-10-28 22:20:40,625 DEBUG: mu_pt
2021-10-28 22:20:40,625 DEBUG: mu_eta
2021-10-28 22:20:40,625 DEBUG: 
2021-10-28 22:20:40,625 DEBUG: [OPTIONS]
2021-10-28 22:20:40,625 DEBUG: # case-insensitive
2021-10-28 22:20:40,625 DEBUG: sequential	false
2021-10-28 22:20:40,625 DEBUG: grouped cutflow	false
2021-10-28 22:20:40,626 DEBUG: ---------------------------
2021-10-28 22:20:40,626 INFO: Parsting cutfile for wmintaunu_slices...
2021-10-28 22:20:40,628 DEBUG: Datafile found
2021-10-28 22:20:40,628 INFO: Reading data for wmintaunu_slices dataframe from outputs/jesal_cutflow/data/wmintaunu_slices_df.pkl...
2021-10-28 22:20:40,654 INFO: Number of events in dataset wmintaunu_slices: 726886
2021-10-28 22:20:40,654 INFO: Creating weights for wmintaunu_slices...
2021-10-28 22:20:40,661 DEBUG: PER-DSID INFO:
2021-10-28 22:20:40,661 DEBUG: --------------
2021-10-28 22:20:40,661 DEBUG: DSID       n_events   sum_w         x-s fb        lumi fb-1
2021-10-28 22:20:40,661 DEBUG: ==========================================================
2021-10-28 22:20:40,687 DEBUG: 301160     584        1.304203e+04  2.233225e+01  1.750007e-01
2021-10-28 22:20:40,689 DEBUG: 301161     7814       2.572807e+04  3.292561e+00  4.385605e+00
2021-10-28 22:20:40,691 DEBUG: 301162     19355      2.097866e+04  1.083888e+00  1.807713e+01
2021-10-28 22:20:40,694 DEBUG: 301163     32203      5.649394e+03  1.754307e-01  4.508980e+01
2021-10-28 22:20:40,697 DEBUG: 301164     36493      1.130532e+03  3.097943e-02  1.021794e+02
2021-10-28 22:20:40,700 DEBUG: 301165     40197      3.330843e+02  8.286296e-03  1.125505e+02
2021-10-28 22:20:40,703 DEBUG: 301166     38794      1.225665e+02  3.159418e-03  1.180722e+02
2021-10-28 22:20:40,706 DEBUG: 301167     45957      4.608419e+01  1.002768e-03  1.286798e+02
2021-10-28 22:20:40,710 DEBUG: 301168     46553      1.713763e+01  3.681316e-04  1.303474e+02
2021-10-28 22:20:40,713 DEBUG: 301169     46357      6.928842e+00  1.494670e-04  1.298001e+02
2021-10-28 22:20:40,717 DEBUG: 301170     48747      3.183652e+00  6.530970e-05  1.364905e+02
2021-10-28 22:20:40,720 DEBUG: 301171     45132      1.361533e+00  3.016780e-05  1.263680e+02
2021-10-28 22:20:40,723 DEBUG: 301172     48195      7.012044e-01  1.454932e-05  1.349483e+02
2021-10-28 22:20:40,726 DEBUG: 301173     47837      3.472451e-01  7.258924e-06  1.339429e+02
2021-10-28 22:20:40,729 DEBUG: 301174     46889      2.658246e-01  5.669233e-06  1.312917e+02
2021-10-28 22:20:40,732 DEBUG: 301175     46518      7.430704e-02  1.597383e-06  1.302495e+02
2021-10-28 22:20:40,735 DEBUG: 301176     44600      2.105576e-02  4.721023e-07  1.248797e+02
2021-10-28 22:20:40,738 DEBUG: 301177     44286      6.324148e-03  1.428024e-07  1.240002e+02
2021-10-28 22:20:40,741 DEBUG: 301178     40375      2.488081e-03  6.162430e-08  1.130493e+02
2021-10-28 22:20:40,741 INFO: Creating cuts for wmintaunu_slices...
2021-10-28 22:20:40,748 INFO: 
2021-10-28 22:20:40,749 INFO: ========== CUTS USED ============
2021-10-28 22:20:40,749 INFO: Tight muon  : mu_isTight = 1.0
2021-10-28 22:20:40,749 INFO: eta         :    |mu_eta| < 2.4
2021-10-28 22:20:40,749 INFO: E_{T}^{MISS}:    met_met > 65.0
2021-10-28 22:20:40,749 INFO: p_T         :      mu_pt > 65.0
2021-10-28 22:20:40,749 INFO: M_T         :      mu_mt > 55.0
2021-10-28 22:20:40,750 INFO: M_W         :    MC_WZ_m > 120.0
2021-10-28 22:20:40,750 INFO: 
2021-10-28 22:20:40,835 INFO: =========== CUTFLOW =============
2021-10-28 22:20:40,836 INFO: Option: Non-sequential
2021-10-28 22:20:40,836 INFO: ---------------------------------
2021-10-28 22:20:40,836 INFO: Cut            Events Ratio
2021-10-28 22:20:40,836 INFO: Inclusive      726886   -
2021-10-28 22:20:40,836 INFO: tight muon cut 726886 1.000    
2021-10-28 22:20:40,836 INFO: eta            726886 1.000    
2021-10-28 22:20:40,836 INFO: met            726886 1.000    
2021-10-28 22:20:40,836 INFO: mu pt          726886 1.000    
2021-10-28 22:20:40,836 INFO: muon mt        726886 1.000    
2021-10-28 22:20:40,836 INFO: W m            726886 1.000    
2021-10-28 22:20:40,836 INFO: 
2021-10-28 22:20:40,837 INFO: ========= DATASET 'wmintaunu_slices' INITIALISED =========
2021-10-28 22:20:40,838 INFO: 
2021-10-28 22:20:40,838 INFO: ======== INITIALISING DATASET 'wmintaunu_inclusive' =========
2021-10-28 22:20:40,839 DEBUG: DATASET INPUT OPTIONS: 
2021-10-28 22:20:40,839 DEBUG: ----------------------------
2021-10-28 22:20:40,839 DEBUG: Input file(s):  /data/atlas/HighMassDrellYan/test_mc16a/wmintaunu/*.root
2021-10-28 22:20:40,839 DEBUG: TTree: nominal_Loose
2021-10-28 22:20:40,839 DEBUG: Cutfile: options/jesal_cutflow/cutfile_jesal.txt
2021-10-28 22:20:40,839 DEBUG: Slices: False
2021-10-28 22:20:40,839 DEBUG: grouped cutflow: True
2021-10-28 22:20:40,839 DEBUG: Forced dataset rebuild: False
2021-10-28 22:20:40,839 DEBUG: ----------------------------
2021-10-28 22:20:40,839 DEBUG: 
2021-10-28 22:20:40,839 DEBUG: CUTFILE CONTENTS
2021-10-28 22:20:40,839 DEBUG: ---------------------------
2021-10-28 22:20:40,840 DEBUG: [CUTS]
2021-10-28 22:20:40,840 DEBUG: # Name	Variable	</>	Cut (in GeV if applicable)	Group Symmetric
2021-10-28 22:20:40,840 DEBUG: # !!REMEMBER DEFAULT ANALYSISTOP OUTPUT IS IN MeV NOT GeV!!
2021-10-28 22:20:40,840 DEBUG: Tight muon	mu_isTight	=	1	tight muon cut	false
2021-10-28 22:20:40,840 DEBUG: eta	mu_eta	<	2.4	eta	true
2021-10-28 22:20:40,840 DEBUG: E_{T}^{MISS}	met_met	>	65	met	false
2021-10-28 22:20:40,840 DEBUG: p_T	mu_pt	>	65	mu pt	false
2021-10-28 22:20:40,840 DEBUG: M_T	mu_mt	>	55	muon mt	false
2021-10-28 22:20:40,840 DEBUG: M_W	MC_WZ_m	>	120	W m	false	truth
2021-10-28 22:20:40,841 DEBUG: 
2021-10-28 22:20:40,841 DEBUG: [OUTPUTS]
2021-10-28 22:20:40,841 DEBUG: # variables to process
2021-10-28 22:20:40,841 DEBUG: mu_mt
2021-10-28 22:20:40,841 DEBUG: mu_pt
2021-10-28 22:20:40,841 DEBUG: mu_eta
2021-10-28 22:20:40,841 DEBUG: 
2021-10-28 22:20:40,841 DEBUG: [OPTIONS]
2021-10-28 22:20:40,841 DEBUG: # case-insensitive
2021-10-28 22:20:40,841 DEBUG: sequential	false
2021-10-28 22:20:40,841 DEBUG: grouped cutflow	false
2021-10-28 22:20:40,841 DEBUG: ---------------------------
2021-10-28 22:20:40,841 INFO: Parsting cutfile for wmintaunu_inclusive...
2021-10-28 22:20:40,843 DEBUG: Datafile found
2021-10-28 22:20:40,843 INFO: Reading data for wmintaunu_inclusive dataframe from outputs/jesal_cutflow/data/wmintaunu_inclusive_df.pkl...
2021-10-28 22:20:40,844 INFO: Number of events in dataset wmintaunu_inclusive: 118
2021-10-28 22:20:40,844 INFO: Creating weights for wmintaunu_inclusive...
2021-10-28 22:20:40,845 DEBUG: INCLUSIVE SAMPLE METADATA:
2021-10-28 22:20:40,845 DEBUG: --------------------------
2021-10-28 22:20:40,845 DEBUG: n_events   sum_w         x-s fb        lumi fb-1
2021-10-28 22:20:40,845 DEBUG: ==========================================================
2021-10-28 22:20:40,846 DEBUG: 118        9.953306e+05  8.435005e+03  1.958505e+00
2021-10-28 22:20:40,846 INFO: Creating cuts for wmintaunu_inclusive...
2021-10-28 22:20:40,849 INFO: 
2021-10-28 22:20:40,849 INFO: ========== CUTS USED ============
2021-10-28 22:20:40,849 INFO: Tight muon  : mu_isTight = 1.0
2021-10-28 22:20:40,849 INFO: eta         :    |mu_eta| < 2.4
2021-10-28 22:20:40,849 INFO: E_{T}^{MISS}:    met_met > 65.0
2021-10-28 22:20:40,849 INFO: p_T         :      mu_pt > 65.0
2021-10-28 22:20:40,849 INFO: M_T         :      mu_mt > 55.0
2021-10-28 22:20:40,849 INFO: M_W         :    MC_WZ_m > 120.0
2021-10-28 22:20:40,849 INFO: 
2021-10-28 22:20:40,855 INFO: =========== CUTFLOW =============
2021-10-28 22:20:40,855 INFO: Option: Non-sequential
2021-10-28 22:20:40,855 INFO: ---------------------------------
2021-10-28 22:20:40,855 INFO: Cut            Events Ratio
2021-10-28 22:20:40,855 INFO: Inclusive      118   -
2021-10-28 22:20:40,855 INFO: tight muon cut 118 1.000    
2021-10-28 22:20:40,855 INFO: eta            118 1.000    
2021-10-28 22:20:40,855 INFO: met            118 1.000    
2021-10-28 22:20:40,855 INFO: mu pt          118 1.000    
2021-10-28 22:20:40,855 INFO: muon mt        118 1.000    
2021-10-28 22:20:40,856 INFO: W m            107 0.907    
2021-10-28 22:20:40,857 INFO: 
2021-10-28 22:20:40,857 INFO: ========= DATASET 'wmintaunu_inclusive' INITIALISED =========
2021-10-28 22:20:40,858 INFO: 
2021-10-28 22:20:40,858 INFO: ======== INITIALISING DATASET 'wplustaunu_slices' =========
2021-10-28 22:20:40,865 DEBUG: DATASET INPUT OPTIONS: 
2021-10-28 22:20:40,865 DEBUG: ----------------------------
2021-10-28 22:20:40,865 DEBUG: Input file(s):  /data/atlas/HighMassDrellYan/test_mc16a/wplustaunu_*/*.root
2021-10-28 22:20:40,865 DEBUG: TTree: nominal_Loose
2021-10-28 22:20:40,865 DEBUG: Cutfile: options/jesal_cutflow/cutfile_jesal.txt
2021-10-28 22:20:40,865 DEBUG: Slices: True
2021-10-28 22:20:40,865 DEBUG: grouped cutflow: True
2021-10-28 22:20:40,865 DEBUG: Forced dataset rebuild: False
2021-10-28 22:20:40,866 DEBUG: ----------------------------
2021-10-28 22:20:40,866 DEBUG: 
2021-10-28 22:20:40,866 DEBUG: CUTFILE CONTENTS
2021-10-28 22:20:40,867 DEBUG: ---------------------------
2021-10-28 22:20:40,867 DEBUG: [CUTS]
2021-10-28 22:20:40,867 DEBUG: # Name	Variable	</>	Cut (in GeV if applicable)	Group Symmetric
2021-10-28 22:20:40,867 DEBUG: # !!REMEMBER DEFAULT ANALYSISTOP OUTPUT IS IN MeV NOT GeV!!
2021-10-28 22:20:40,867 DEBUG: Tight muon	mu_isTight	=	1	tight muon cut	false
2021-10-28 22:20:40,867 DEBUG: eta	mu_eta	<	2.4	eta	true
2021-10-28 22:20:40,867 DEBUG: E_{T}^{MISS}	met_met	>	65	met	false
2021-10-28 22:20:40,867 DEBUG: p_T	mu_pt	>	65	mu pt	false
2021-10-28 22:20:40,867 DEBUG: M_T	mu_mt	>	55	muon mt	false
2021-10-28 22:20:40,867 DEBUG: M_W	MC_WZ_m	>	120	W m	false	truth
2021-10-28 22:20:40,867 DEBUG: 
2021-10-28 22:20:40,867 DEBUG: [OUTPUTS]
2021-10-28 22:20:40,867 DEBUG: # variables to process
2021-10-28 22:20:40,867 DEBUG: mu_mt
2021-10-28 22:20:40,868 DEBUG: mu_pt
2021-10-28 22:20:40,868 DEBUG: mu_eta
2021-10-28 22:20:40,868 DEBUG: 
2021-10-28 22:20:40,868 DEBUG: [OPTIONS]
2021-10-28 22:20:40,868 DEBUG: # case-insensitive
2021-10-28 22:20:40,868 DEBUG: sequential	false
2021-10-28 22:20:40,868 DEBUG: grouped cutflow	false
2021-10-28 22:20:40,868 DEBUG: ---------------------------
2021-10-28 22:20:40,868 INFO: Parsting cutfile for wplustaunu_slices...
2021-10-28 22:20:40,869 DEBUG: Datafile found
2021-10-28 22:20:40,870 INFO: Reading data for wplustaunu_slices dataframe from outputs/jesal_cutflow/data/wplustaunu_slices_df.pkl...
2021-10-28 22:20:40,889 INFO: Number of events in dataset wplustaunu_slices: 772578
2021-10-28 22:20:40,889 INFO: Creating weights for wplustaunu_slices...
2021-10-28 22:20:40,896 DEBUG: PER-DSID INFO:
2021-10-28 22:20:40,896 DEBUG: --------------
2021-10-28 22:20:40,896 DEBUG: DSID       n_events   sum_w         x-s fb        lumi fb-1
2021-10-28 22:20:40,896 DEBUG: ==========================================================
2021-10-28 22:20:40,921 DEBUG: 301140     521        1.677207e+04  3.219208e+01  1.465126e-01
2021-10-28 22:20:40,924 DEBUG: 301141     8113       4.065248e+04  5.010782e+00  4.550459e+00
2021-10-28 22:20:40,926 DEBUG: 301142     21300      3.730728e+04  1.751515e+00  1.989156e+01
2021-10-28 22:20:40,929 DEBUG: 301143     36357      1.135788e+04  3.123987e-01  5.090710e+01
2021-10-28 22:20:40,932 DEBUG: 301144     37316      2.268519e+03  6.079211e-02  1.044842e+02
2021-10-28 22:20:40,935 DEBUG: 301145     42047      7.428984e+02  1.766828e-02  1.177314e+02
2021-10-28 22:20:40,938 DEBUG: 301146     47861      3.488693e+02  7.289219e-03  1.340092e+02
2021-10-28 22:20:40,941 DEBUG: 301147     48678      1.220389e+02  2.507065e-03  1.363000e+02
2021-10-28 22:20:40,945 DEBUG: 301148     49533      4.885402e+01  9.862924e-04  1.386951e+02
2021-10-28 22:20:40,948 DEBUG: 301149     50141      2.128827e+01  4.245682e-04  1.403967e+02
2021-10-28 22:20:40,952 DEBUG: 301150     49514      9.637255e+00  1.946370e-04  1.386388e+02
2021-10-28 22:20:40,955 DEBUG: 301151     49229      4.595385e+00  9.334710e-05  1.378400e+02
2021-10-28 22:20:40,959 DEBUG: 301152     49191      2.275536e+00  4.625919e-05  1.377341e+02
2021-10-28 22:20:40,962 DEBUG: 301153     50388      1.182906e+00  2.347594e-05  1.410873e+02
2021-10-28 22:20:40,965 DEBUG: 301154     49324      9.100242e-01  1.844993e-05  1.381123e+02
2021-10-28 22:20:40,969 DEBUG: 301155     47861      2.439302e-01  5.096639e-06  1.340080e+02
2021-10-28 22:20:40,972 DEBUG: 301156     47234      6.757697e-02  1.430685e-06  1.322577e+02
2021-10-28 22:20:40,975 DEBUG: 301157     46569      1.868748e-02  4.012858e-07  1.303949e+02
2021-10-28 22:20:40,978 DEBUG: 301158     41401      6.353437e-03  1.534610e-07  1.159238e+02
2021-10-28 22:20:40,978 INFO: Creating cuts for wplustaunu_slices...
2021-10-28 22:20:40,985 INFO: 
2021-10-28 22:20:40,985 INFO: ========== CUTS USED ============
2021-10-28 22:20:40,985 INFO: Tight muon  : mu_isTight = 1.0
2021-10-28 22:20:40,986 INFO: eta         :    |mu_eta| < 2.4
2021-10-28 22:20:40,987 INFO: E_{T}^{MISS}:    met_met > 65.0
2021-10-28 22:20:40,987 INFO: p_T         :      mu_pt > 65.0
2021-10-28 22:20:40,987 INFO: M_T         :      mu_mt > 55.0
2021-10-28 22:20:40,987 INFO: M_W         :    MC_WZ_m > 120.0
2021-10-28 22:20:40,987 INFO: 
2021-10-28 22:20:41,075 INFO: =========== CUTFLOW =============
2021-10-28 22:20:41,076 INFO: Option: Non-sequential
2021-10-28 22:20:41,076 INFO: ---------------------------------
2021-10-28 22:20:41,076 INFO: Cut            Events Ratio
2021-10-28 22:20:41,076 INFO: Inclusive      772578   -
2021-10-28 22:20:41,076 INFO: tight muon cut 772578 1.000    
2021-10-28 22:20:41,076 INFO: eta            772578 1.000    
2021-10-28 22:20:41,076 INFO: met            772578 1.000    
2021-10-28 22:20:41,076 INFO: mu pt          772578 1.000    
2021-10-28 22:20:41,077 INFO: muon mt        772578 1.000    
2021-10-28 22:20:41,078 INFO: W m            772578 1.000    
2021-10-28 22:20:41,078 INFO: 
2021-10-28 22:20:41,078 INFO: ========= DATASET 'wplustaunu_slices' INITIALISED =========
2021-10-28 22:20:41,078 INFO: 
2021-10-28 22:20:41,078 INFO: ======== INITIALISING DATASET 'wplustaunu_inclusive' =========
2021-10-28 22:20:41,079 DEBUG: DATASET INPUT OPTIONS: 
2021-10-28 22:20:41,079 DEBUG: ----------------------------
2021-10-28 22:20:41,079 DEBUG: Input file(s):  /data/atlas/HighMassDrellYan/test_mc16a/wplustaunu/*.root
2021-10-28 22:20:41,079 DEBUG: TTree: nominal_Loose
2021-10-28 22:20:41,079 DEBUG: Cutfile: options/jesal_cutflow/cutfile_jesal.txt
2021-10-28 22:20:41,079 DEBUG: Slices: False
2021-10-28 22:20:41,079 DEBUG: grouped cutflow: True
2021-10-28 22:20:41,079 DEBUG: Forced dataset rebuild: False
2021-10-28 22:20:41,079 DEBUG: ----------------------------
2021-10-28 22:20:41,079 DEBUG: 
2021-10-28 22:20:41,079 DEBUG: CUTFILE CONTENTS
2021-10-28 22:20:41,079 DEBUG: ---------------------------
2021-10-28 22:20:41,080 DEBUG: [CUTS]
2021-10-28 22:20:41,080 DEBUG: # Name	Variable	</>	Cut (in GeV if applicable)	Group Symmetric
2021-10-28 22:20:41,080 DEBUG: # !!REMEMBER DEFAULT ANALYSISTOP OUTPUT IS IN MeV NOT GeV!!
2021-10-28 22:20:41,081 DEBUG: Tight muon	mu_isTight	=	1	tight muon cut	false
2021-10-28 22:20:41,081 DEBUG: eta	mu_eta	<	2.4	eta	true
2021-10-28 22:20:41,081 DEBUG: E_{T}^{MISS}	met_met	>	65	met	false
2021-10-28 22:20:41,081 DEBUG: p_T	mu_pt	>	65	mu pt	false
2021-10-28 22:20:41,081 DEBUG: M_T	mu_mt	>	55	muon mt	false
2021-10-28 22:20:41,081 DEBUG: M_W	MC_WZ_m	>	120	W m	false	truth
2021-10-28 22:20:41,081 DEBUG: 
2021-10-28 22:20:41,081 DEBUG: [OUTPUTS]
2021-10-28 22:20:41,081 DEBUG: # variables to process
2021-10-28 22:20:41,081 DEBUG: mu_mt
2021-10-28 22:20:41,081 DEBUG: mu_pt
2021-10-28 22:20:41,081 DEBUG: mu_eta
2021-10-28 22:20:41,081 DEBUG: 
2021-10-28 22:20:41,081 DEBUG: [OPTIONS]
2021-10-28 22:20:41,081 DEBUG: # case-insensitive
2021-10-28 22:20:41,081 DEBUG: sequential	false
2021-10-28 22:20:41,081 DEBUG: grouped cutflow	false
2021-10-28 22:20:41,082 DEBUG: ---------------------------
2021-10-28 22:20:41,082 INFO: Parsting cutfile for wplustaunu_inclusive...
2021-10-28 22:20:41,083 DEBUG: Datafile found
2021-10-28 22:20:41,083 INFO: Reading data for wplustaunu_inclusive dataframe from outputs/jesal_cutflow/data/wplustaunu_inclusive_df.pkl...
2021-10-28 22:20:41,084 INFO: Number of events in dataset wplustaunu_inclusive: 226
2021-10-28 22:20:41,084 INFO: Creating weights for wplustaunu_inclusive...
2021-10-28 22:20:41,085 DEBUG: INCLUSIVE SAMPLE METADATA:
2021-10-28 22:20:41,085 DEBUG: --------------------------
2021-10-28 22:20:41,085 DEBUG: n_events   sum_w         x-s fb        lumi fb-1
2021-10-28 22:20:41,085 DEBUG: ==========================================================
2021-10-28 22:20:41,086 DEBUG: 226        2.566360e+06  1.135558e+04  2.761639e+00
2021-10-28 22:20:41,086 INFO: Creating cuts for wplustaunu_inclusive...
2021-10-28 22:20:41,089 INFO: 
2021-10-28 22:20:41,089 INFO: ========== CUTS USED ============
2021-10-28 22:20:41,089 INFO: Tight muon  : mu_isTight = 1.0
2021-10-28 22:20:41,089 INFO: eta         :    |mu_eta| < 2.4
2021-10-28 22:20:41,089 INFO: E_{T}^{MISS}:    met_met > 65.0
2021-10-28 22:20:41,089 INFO: p_T         :      mu_pt > 65.0
2021-10-28 22:20:41,089 INFO: M_T         :      mu_mt > 55.0
2021-10-28 22:20:41,089 INFO: M_W         :    MC_WZ_m > 120.0
2021-10-28 22:20:41,089 INFO: 
2021-10-28 22:20:41,095 INFO: =========== CUTFLOW =============
2021-10-28 22:20:41,095 INFO: Option: Non-sequential
2021-10-28 22:20:41,095 INFO: ---------------------------------
2021-10-28 22:20:41,095 INFO: Cut            Events Ratio
2021-10-28 22:20:41,096 INFO: Inclusive      226   -
2021-10-28 22:20:41,096 INFO: tight muon cut 226 1.000    
2021-10-28 22:20:41,096 INFO: eta            226 1.000    
2021-10-28 22:20:41,097 INFO: met            226 1.000    
2021-10-28 22:20:41,097 INFO: mu pt          226 1.000    
2021-10-28 22:20:41,097 INFO: muon mt        226 1.000    
2021-10-28 22:20:41,097 INFO: W m            193 0.854    
2021-10-28 22:20:41,097 INFO: 
2021-10-28 22:20:41,097 INFO: ========= DATASET 'wplustaunu_inclusive' INITIALISED =========
2021-10-28 22:20:41,097 INFO: 
2021-10-28 22:20:41,097 INFO: ======== INITIALISING DATASET 'wminmunu_slices' =========
2021-10-28 22:20:41,104 DEBUG: DATASET INPUT OPTIONS: 
2021-10-28 22:20:41,104 DEBUG: ----------------------------
2021-10-28 22:20:41,104 DEBUG: Input file(s):  /data/atlas/HighMassDrellYan/test_mc16a/wminmunu_*/*.root
2021-10-28 22:20:41,104 DEBUG: TTree: nominal_Loose
2021-10-28 22:20:41,104 DEBUG: Cutfile: options/jesal_cutflow/cutfile_jesal.txt
2021-10-28 22:20:41,104 DEBUG: Slices: True
2021-10-28 22:20:41,104 DEBUG: grouped cutflow: True
2021-10-28 22:20:41,105 DEBUG: Forced dataset rebuild: False
2021-10-28 22:20:41,105 DEBUG: ----------------------------
2021-10-28 22:20:41,106 DEBUG: 
2021-10-28 22:20:41,106 DEBUG: CUTFILE CONTENTS
2021-10-28 22:20:41,106 DEBUG: ---------------------------
2021-10-28 22:20:41,106 DEBUG: [CUTS]
2021-10-28 22:20:41,106 DEBUG: # Name	Variable	</>	Cut (in GeV if applicable)	Group Symmetric
2021-10-28 22:20:41,107 DEBUG: # !!REMEMBER DEFAULT ANALYSISTOP OUTPUT IS IN MeV NOT GeV!!
2021-10-28 22:20:41,107 DEBUG: Tight muon	mu_isTight	=	1	tight muon cut	false
2021-10-28 22:20:41,107 DEBUG: eta	mu_eta	<	2.4	eta	true
2021-10-28 22:20:41,107 DEBUG: E_{T}^{MISS}	met_met	>	65	met	false
2021-10-28 22:20:41,107 DEBUG: p_T	mu_pt	>	65	mu pt	false
2021-10-28 22:20:41,107 DEBUG: M_T	mu_mt	>	55	muon mt	false
2021-10-28 22:20:41,107 DEBUG: M_W	MC_WZ_m	>	120	W m	false	truth
2021-10-28 22:20:41,107 DEBUG: 
2021-10-28 22:20:41,107 DEBUG: [OUTPUTS]
2021-10-28 22:20:41,107 DEBUG: # variables to process
2021-10-28 22:20:41,107 DEBUG: mu_mt
2021-10-28 22:20:41,107 DEBUG: mu_pt
2021-10-28 22:20:41,107 DEBUG: mu_eta
2021-10-28 22:20:41,107 DEBUG: 
2021-10-28 22:20:41,107 DEBUG: [OPTIONS]
2021-10-28 22:20:41,107 DEBUG: # case-insensitive
2021-10-28 22:20:41,107 DEBUG: sequential	false
2021-10-28 22:20:41,107 DEBUG: grouped cutflow	false
2021-10-28 22:20:41,107 DEBUG: ---------------------------
2021-10-28 22:20:41,107 INFO: Parsting cutfile for wminmunu_slices...
2021-10-28 22:20:41,109 DEBUG: Datafile found
2021-10-28 22:20:41,109 INFO: Reading data for wminmunu_slices dataframe from outputs/jesal_cutflow/data/wminmunu_slices_df.pkl...
2021-10-28 22:20:41,429 INFO: Number of events in dataset wminmunu_slices: 10473533
2021-10-28 22:20:41,430 INFO: Creating weights for wminmunu_slices...
2021-10-28 22:20:41,642 DEBUG: PER-DSID INFO:
2021-10-28 22:20:41,642 DEBUG: --------------
2021-10-28 22:20:41,642 DEBUG: DSID       n_events   sum_w         x-s fb        lumi fb-1
2021-10-28 22:20:41,642 DEBUG: ==========================================================
2021-10-28 22:20:42,018 DEBUG: 301120     499915     1.110597e+07  2.221572e+01  1.408600e+01
2021-10-28 22:20:42,089 DEBUG: 301121     944456     3.101657e+06  3.284067e+00  8.836211e+01
2021-10-28 22:20:42,129 DEBUG: 301122     737165     7.982900e+05  1.082919e+00  1.738961e+02
2021-10-28 22:20:42,157 DEBUG: 301123     549364     9.635911e+04  1.754012e-01  7.691939e+02
2021-10-28 22:20:42,185 DEBUG: 301124     488699     1.513980e+04  3.097982e-02  1.368361e+03
2021-10-28 22:20:42,224 DEBUG: 301125     507642     4.206513e+03  8.286377e-03  1.421397e+03
2021-10-28 22:20:42,252 DEBUG: 301126     512753     1.619953e+03  3.159324e-03  1.435705e+03
2021-10-28 22:20:42,281 DEBUG: 301127     522006     5.234484e+02  1.002763e-03  1.461614e+03
2021-10-28 22:20:42,309 DEBUG: 301128     528485     1.945538e+02  3.681350e-04  1.479762e+03
2021-10-28 22:20:42,336 DEBUG: 301129     523222     7.820444e+01  1.494670e-04  1.465028e+03
2021-10-28 22:20:42,362 DEBUG: 301130     527231     3.443364e+01  6.531034e-05  1.476250e+03
2021-10-28 22:20:42,389 DEBUG: 301131     526452     1.588209e+01  3.016817e-05  1.474065e+03
2021-10-28 22:20:42,416 DEBUG: 301132     523697     7.619310e+00  1.454908e-05  1.466352e+03
2021-10-28 22:20:42,444 DEBUG: 301133     523944     3.803304e+00  7.258989e-06  1.467048e+03
2021-10-28 22:20:42,471 DEBUG: 301134     523849     2.969780e+00  5.669152e-06  1.466784e+03
2021-10-28 22:20:42,498 DEBUG: 301135     519023     8.290851e-01  1.597396e-06  1.453265e+03
2021-10-28 22:20:42,525 DEBUG: 301136     511632     2.415438e-01  4.721046e-07  1.432573e+03
2021-10-28 22:20:42,552 DEBUG: 301137     505761     7.222451e-02  1.428036e-07  1.416137e+03
2021-10-28 22:20:42,578 DEBUG: 301138     498237     3.070374e-02  6.162477e-08  1.395066e+03
2021-10-28 22:20:42,578 INFO: Creating cuts for wminmunu_slices...
2021-10-28 22:20:42,666 INFO: 
2021-10-28 22:20:42,666 INFO: ========== CUTS USED ============
2021-10-28 22:20:42,666 INFO: Tight muon  : mu_isTight = 1.0
2021-10-28 22:20:42,666 INFO: eta         :    |mu_eta| < 2.4
2021-10-28 22:20:42,666 INFO: E_{T}^{MISS}:    met_met > 65.0
2021-10-28 22:20:42,669 INFO: p_T         :      mu_pt > 65.0
2021-10-28 22:20:42,670 INFO: M_T         :      mu_mt > 55.0
2021-10-28 22:20:42,670 INFO: M_W         :    MC_WZ_m > 120.0
2021-10-28 22:20:42,670 INFO: 
2021-10-28 22:20:44,741 INFO: =========== CUTFLOW =============
2021-10-28 22:20:44,741 INFO: Option: Non-sequential
2021-10-28 22:20:44,741 INFO: ---------------------------------
2021-10-28 22:20:44,741 INFO: Cut            Events   Ratio
2021-10-28 22:20:44,741 INFO: Inclusive      10473533   -
2021-10-28 22:20:44,741 INFO: tight muon cut 10473533 1.000    
2021-10-28 22:20:44,741 INFO: eta            10473533 1.000    
2021-10-28 22:20:44,741 INFO: met            10473533 1.000    
2021-10-28 22:20:44,741 INFO: mu pt          10473533 1.000    
2021-10-28 22:20:44,741 INFO: muon mt        10473533 1.000    
2021-10-28 22:20:44,741 INFO: W m            10473533 1.000    
2021-10-28 22:20:44,742 INFO: 
2021-10-28 22:20:44,745 INFO: ========= DATASET 'wminmunu_slices' INITIALISED =========
2021-10-28 22:20:44,746 INFO: 
2021-10-28 22:20:44,746 INFO: ======== INITIALISING DATASET 'wminmunu_inclusive' =========
2021-10-28 22:20:44,746 DEBUG: DATASET INPUT OPTIONS: 
2021-10-28 22:20:44,747 DEBUG: ----------------------------
2021-10-28 22:20:44,747 DEBUG: Input file(s):  /data/atlas/HighMassDrellYan/test_mc16a/wminmunu/*.root
2021-10-28 22:20:44,747 DEBUG: TTree: nominal_Loose
2021-10-28 22:20:44,747 DEBUG: Cutfile: options/jesal_cutflow/cutfile_jesal.txt
2021-10-28 22:20:44,747 DEBUG: Slices: False
2021-10-28 22:20:44,747 DEBUG: grouped cutflow: True
2021-10-28 22:20:44,747 DEBUG: Forced dataset rebuild: False
2021-10-28 22:20:44,747 DEBUG: ----------------------------
2021-10-28 22:20:44,747 DEBUG: 
2021-10-28 22:20:44,747 DEBUG: CUTFILE CONTENTS
2021-10-28 22:20:44,747 DEBUG: ---------------------------
2021-10-28 22:20:44,747 DEBUG: [CUTS]
2021-10-28 22:20:44,748 DEBUG: # Name	Variable	</>	Cut (in GeV if applicable)	Group Symmetric
2021-10-28 22:20:44,748 DEBUG: # !!REMEMBER DEFAULT ANALYSISTOP OUTPUT IS IN MeV NOT GeV!!
2021-10-28 22:20:44,748 DEBUG: Tight muon	mu_isTight	=	1	tight muon cut	false
2021-10-28 22:20:44,748 DEBUG: eta	mu_eta	<	2.4	eta	true
2021-10-28 22:20:44,748 DEBUG: E_{T}^{MISS}	met_met	>	65	met	false
2021-10-28 22:20:44,748 DEBUG: p_T	mu_pt	>	65	mu pt	false
2021-10-28 22:20:44,748 DEBUG: M_T	mu_mt	>	55	muon mt	false
2021-10-28 22:20:44,748 DEBUG: M_W	MC_WZ_m	>	120	W m	false	truth
2021-10-28 22:20:44,748 DEBUG: 
2021-10-28 22:20:44,748 DEBUG: [OUTPUTS]
2021-10-28 22:20:44,748 DEBUG: # variables to process
2021-10-28 22:20:44,749 DEBUG: mu_mt
2021-10-28 22:20:44,749 DEBUG: mu_pt
2021-10-28 22:20:44,749 DEBUG: mu_eta
2021-10-28 22:20:44,749 DEBUG: 
2021-10-28 22:20:44,749 DEBUG: [OPTIONS]
2021-10-28 22:20:44,749 DEBUG: # case-insensitive
2021-10-28 22:20:44,749 DEBUG: sequential	false
2021-10-28 22:20:44,749 DEBUG: grouped cutflow	false
2021-10-28 22:20:44,749 DEBUG: ---------------------------
2021-10-28 22:20:44,749 INFO: Parsting cutfile for wminmunu_inclusive...
2021-10-28 22:20:44,750 DEBUG: Datafile found
2021-10-28 22:20:44,751 INFO: Reading data for wminmunu_inclusive dataframe from outputs/jesal_cutflow/data/wminmunu_inclusive_df.pkl...
2021-10-28 22:20:44,753 INFO: Number of events in dataset wminmunu_inclusive: 19384
2021-10-28 22:20:44,753 INFO: Creating weights for wminmunu_inclusive...
2021-10-28 22:20:44,758 DEBUG: INCLUSIVE SAMPLE METADATA:
2021-10-28 22:20:44,758 DEBUG: --------------------------
2021-10-28 22:20:44,758 DEBUG: n_events   sum_w         x-s fb        lumi fb-1
2021-10-28 22:20:44,758 DEBUG: ==========================================================
2021-10-28 22:20:44,759 DEBUG: 19384      1.617602e+08  8.345036e+03  3.217386e+02
2021-10-28 22:20:44,760 INFO: Creating cuts for wminmunu_inclusive...
2021-10-28 22:20:44,763 INFO: 
2021-10-28 22:20:44,763 INFO: ========== CUTS USED ============
2021-10-28 22:20:44,763 INFO: Tight muon  : mu_isTight = 1.0
2021-10-28 22:20:44,763 INFO: eta         :    |mu_eta| < 2.4
2021-10-28 22:20:44,763 INFO: E_{T}^{MISS}:    met_met > 65.0
2021-10-28 22:20:44,764 INFO: p_T         :      mu_pt > 65.0
2021-10-28 22:20:44,764 INFO: M_T         :      mu_mt > 55.0
2021-10-28 22:20:44,764 INFO: M_W         :    MC_WZ_m > 120.0
2021-10-28 22:20:44,765 INFO: 
2021-10-28 22:20:44,772 INFO: =========== CUTFLOW =============
2021-10-28 22:20:44,772 INFO: Option: Non-sequential
2021-10-28 22:20:44,772 INFO: ---------------------------------
2021-10-28 22:20:44,772 INFO: Cut            Events Ratio
2021-10-28 22:20:44,772 INFO: Inclusive      19384   -
2021-10-28 22:20:44,772 INFO: tight muon cut 19384 1.000    
2021-10-28 22:20:44,772 INFO: eta            19384 1.000    
2021-10-28 22:20:44,773 INFO: met            19384 1.000    
2021-10-28 22:20:44,773 INFO: mu pt          19384 1.000    
2021-10-28 22:20:44,773 INFO: muon mt        19384 1.000    
2021-10-28 22:20:44,773 INFO: W m            12171 0.628    
2021-10-28 22:20:44,773 INFO: 
2021-10-28 22:20:44,773 INFO: ========= DATASET 'wminmunu_inclusive' INITIALISED =========
2021-10-28 22:20:44,773 INFO: 
2021-10-28 22:20:44,774 INFO: ======== INITIALISING DATASET 'wplusmunu_slices' =========
2021-10-28 22:20:44,781 DEBUG: DATASET INPUT OPTIONS: 
2021-10-28 22:20:44,781 DEBUG: ----------------------------
2021-10-28 22:20:44,781 DEBUG: Input file(s):  /data/atlas/HighMassDrellYan/test_mc16a/wplusmunu_*/*.root
2021-10-28 22:20:44,781 DEBUG: TTree: nominal_Loose
2021-10-28 22:20:44,781 DEBUG: Cutfile: options/jesal_cutflow/cutfile_jesal.txt
2021-10-28 22:20:44,781 DEBUG: Slices: True
2021-10-28 22:20:44,781 DEBUG: grouped cutflow: True
2021-10-28 22:20:44,782 DEBUG: Forced dataset rebuild: False
2021-10-28 22:20:44,782 DEBUG: ----------------------------
2021-10-28 22:20:44,782 DEBUG: 
2021-10-28 22:20:44,783 DEBUG: CUTFILE CONTENTS
2021-10-28 22:20:44,783 DEBUG: ---------------------------
2021-10-28 22:20:44,783 DEBUG: [CUTS]
2021-10-28 22:20:44,783 DEBUG: # Name	Variable	</>	Cut (in GeV if applicable)	Group Symmetric
2021-10-28 22:20:44,783 DEBUG: # !!REMEMBER DEFAULT ANALYSISTOP OUTPUT IS IN MeV NOT GeV!!
2021-10-28 22:20:44,783 DEBUG: Tight muon	mu_isTight	=	1	tight muon cut	false
2021-10-28 22:20:44,783 DEBUG: eta	mu_eta	<	2.4	eta	true
2021-10-28 22:20:44,783 DEBUG: E_{T}^{MISS}	met_met	>	65	met	false
2021-10-28 22:20:44,783 DEBUG: p_T	mu_pt	>	65	mu pt	false
2021-10-28 22:20:44,783 DEBUG: M_T	mu_mt	>	55	muon mt	false
2021-10-28 22:20:44,783 DEBUG: M_W	MC_WZ_m	>	120	W m	false	truth
2021-10-28 22:20:44,783 DEBUG: 
2021-10-28 22:20:44,783 DEBUG: [OUTPUTS]
2021-10-28 22:20:44,783 DEBUG: # variables to process
2021-10-28 22:20:44,783 DEBUG: mu_mt
2021-10-28 22:20:44,783 DEBUG: mu_pt
2021-10-28 22:20:44,783 DEBUG: mu_eta
2021-10-28 22:20:44,784 DEBUG: 
2021-10-28 22:20:44,784 DEBUG: [OPTIONS]
2021-10-28 22:20:44,784 DEBUG: # case-insensitive
2021-10-28 22:20:44,784 DEBUG: sequential	false
2021-10-28 22:20:44,784 DEBUG: grouped cutflow	false
2021-10-28 22:20:44,784 DEBUG: ---------------------------
2021-10-28 22:20:44,784 INFO: Parsting cutfile for wplusmunu_slices...
2021-10-28 22:20:44,785 DEBUG: Datafile found
2021-10-28 22:20:44,785 INFO: Reading data for wplusmunu_slices dataframe from outputs/jesal_cutflow/data/wplusmunu_slices_df.pkl...
2021-10-28 22:20:45,296 INFO: Number of events in dataset wplusmunu_slices: 11241434
2021-10-28 22:20:45,296 INFO: Creating weights for wplusmunu_slices...
2021-10-28 22:20:45,491 DEBUG: PER-DSID INFO:
2021-10-28 22:20:45,491 DEBUG: --------------
2021-10-28 22:20:45,491 DEBUG: DSID       n_events   sum_w         x-s fb        lumi fb-1
2021-10-28 22:20:45,491 DEBUG: ==========================================================
2021-10-28 22:20:45,989 DEBUG: 301100     484716     1.553695e+07  3.205372e+01  1.365058e+01
2021-10-28 22:20:46,098 DEBUG: 301101     1012214    5.063302e+06  5.002206e+00  9.474268e+01
2021-10-28 22:20:46,164 DEBUG: 301102     847300     1.486461e+06  1.754350e+00  1.978004e+02
2021-10-28 22:20:46,205 DEBUG: 301103     628252     1.962419e+05  3.123617e-01  8.796504e+02
2021-10-28 22:20:46,240 DEBUG: 301104     546953     3.325082e+04  6.079284e-02  1.531479e+03
2021-10-28 22:20:46,275 DEBUG: 301105     558068     9.860153e+03  1.766837e-02  1.562594e+03
2021-10-28 22:20:46,311 DEBUG: 301106     557555     4.064182e+03  7.289293e-03  1.561152e+03
2021-10-28 22:20:46,346 DEBUG: 301107     565079     1.416678e+03  2.507044e-03  1.582226e+03
2021-10-28 22:20:46,381 DEBUG: 301108     563977     5.562368e+02  9.862756e-04  1.579139e+03
2021-10-28 22:20:46,416 DEBUG: 301109     562856     2.389681e+02  4.245635e-04  1.576001e+03
2021-10-28 22:20:46,451 DEBUG: 301110     560538     1.091019e+02  1.946378e-04  1.569509e+03
2021-10-28 22:20:46,486 DEBUG: 301111     561678     5.243172e+01  9.334835e-05  1.572705e+03
2021-10-28 22:20:46,520 DEBUG: 301112     562419     2.601713e+01  4.625934e-05  1.574772e+03
2021-10-28 22:20:46,556 DEBUG: 301113     555370     1.303779e+01  2.347587e-05  1.555040e+03
2021-10-28 22:20:46,590 DEBUG: 301114     549575     1.013926e+01  1.844928e-05  1.538813e+03
2021-10-28 22:20:46,624 DEBUG: 301115     541614     2.760483e+00  5.096771e-06  1.516527e+03
2021-10-28 22:20:46,658 DEBUG: 301116     539809     7.722799e-01  1.430654e-06  1.511460e+03
2021-10-28 22:20:46,692 DEBUG: 301117     528390     2.120333e-01  4.012819e-07  1.479497e+03
2021-10-28 22:20:46,724 DEBUG: 301118     515071     7.904281e-02  1.534600e-07  1.442202e+03
2021-10-28 22:20:46,725 INFO: Creating cuts for wplusmunu_slices...
2021-10-28 22:20:46,812 INFO: 
2021-10-28 22:20:46,812 INFO: ========== CUTS USED ============
2021-10-28 22:20:46,812 INFO: Tight muon  : mu_isTight = 1.0
2021-10-28 22:20:46,813 INFO: eta         :    |mu_eta| < 2.4
2021-10-28 22:20:46,813 INFO: E_{T}^{MISS}:    met_met > 65.0
2021-10-28 22:20:46,813 INFO: p_T         :      mu_pt > 65.0
2021-10-28 22:20:46,813 INFO: M_T         :      mu_mt > 55.0
2021-10-28 22:20:46,813 INFO: M_W         :    MC_WZ_m > 120.0
2021-10-28 22:20:46,813 INFO: 
2021-10-28 22:20:49,510 INFO: =========== CUTFLOW =============
2021-10-28 22:20:49,510 INFO: Option: Non-sequential
2021-10-28 22:20:49,510 INFO: ---------------------------------
2021-10-28 22:20:49,510 INFO: Cut            Events   Ratio
2021-10-28 22:20:49,510 INFO: Inclusive      11241434   -
2021-10-28 22:20:49,510 INFO: tight muon cut 11241434 1.000    
2021-10-28 22:20:49,510 INFO: eta            11241434 1.000    
2021-10-28 22:20:49,510 INFO: met            11241434 1.000    
2021-10-28 22:20:49,510 INFO: mu pt          11241434 1.000    
2021-10-28 22:20:49,511 INFO: muon mt        11241434 1.000    
2021-10-28 22:20:49,511 INFO: W m            11241433 1.000    
2021-10-28 22:20:49,511 INFO: 
2021-10-28 22:20:49,516 INFO: ========= DATASET 'wplusmunu_slices' INITIALISED =========
2021-10-28 22:20:49,516 INFO: 
2021-10-28 22:20:49,516 INFO: ======== INITIALISING DATASET 'wplusmunu_inclusive' =========
2021-10-28 22:20:49,517 DEBUG: DATASET INPUT OPTIONS: 
2021-10-28 22:20:49,517 DEBUG: ----------------------------
2021-10-28 22:20:49,518 DEBUG: Input file(s):  /data/atlas/HighMassDrellYan/test_mc16a/wplusmunu/*.root
2021-10-28 22:20:49,518 DEBUG: TTree: nominal_Loose
2021-10-28 22:20:49,518 DEBUG: Cutfile: options/jesal_cutflow/cutfile_jesal.txt
2021-10-28 22:20:49,518 DEBUG: Slices: False
2021-10-28 22:20:49,518 DEBUG: grouped cutflow: True
2021-10-28 22:20:49,518 DEBUG: Forced dataset rebuild: False
2021-10-28 22:20:49,518 DEBUG: ----------------------------
2021-10-28 22:20:49,518 DEBUG: 
2021-10-28 22:20:49,519 DEBUG: CUTFILE CONTENTS
2021-10-28 22:20:49,519 DEBUG: ---------------------------
2021-10-28 22:20:49,519 DEBUG: [CUTS]
2021-10-28 22:20:49,519 DEBUG: # Name	Variable	</>	Cut (in GeV if applicable)	Group Symmetric
2021-10-28 22:20:49,519 DEBUG: # !!REMEMBER DEFAULT ANALYSISTOP OUTPUT IS IN MeV NOT GeV!!
2021-10-28 22:20:49,519 DEBUG: Tight muon	mu_isTight	=	1	tight muon cut	false
2021-10-28 22:20:49,519 DEBUG: eta	mu_eta	<	2.4	eta	true
2021-10-28 22:20:49,519 DEBUG: E_{T}^{MISS}	met_met	>	65	met	false
2021-10-28 22:20:49,519 DEBUG: p_T	mu_pt	>	65	mu pt	false
2021-10-28 22:20:49,519 DEBUG: M_T	mu_mt	>	55	muon mt	false
2021-10-28 22:20:49,519 DEBUG: M_W	MC_WZ_m	>	120	W m	false	truth
2021-10-28 22:20:49,519 DEBUG: 
2021-10-28 22:20:49,519 DEBUG: [OUTPUTS]
2021-10-28 22:20:49,519 DEBUG: # variables to process
2021-10-28 22:20:49,519 DEBUG: mu_mt
2021-10-28 22:20:49,519 DEBUG: mu_pt
2021-10-28 22:20:49,519 DEBUG: mu_eta
2021-10-28 22:20:49,520 DEBUG: 
2021-10-28 22:20:49,520 DEBUG: [OPTIONS]
2021-10-28 22:20:49,520 DEBUG: # case-insensitive
2021-10-28 22:20:49,520 DEBUG: sequential	false
2021-10-28 22:20:49,520 DEBUG: grouped cutflow	false
2021-10-28 22:20:49,520 DEBUG: ---------------------------
2021-10-28 22:20:49,520 INFO: Parsting cutfile for wplusmunu_inclusive...
2021-10-28 22:20:49,522 DEBUG: Datafile found
2021-10-28 22:20:49,522 INFO: Reading data for wplusmunu_inclusive dataframe from outputs/jesal_cutflow/data/wplusmunu_inclusive_df.pkl...
2021-10-28 22:20:49,524 INFO: Number of events in dataset wplusmunu_inclusive: 25515
2021-10-28 22:20:49,524 INFO: Creating weights for wplusmunu_inclusive...
2021-10-28 22:20:49,530 DEBUG: INCLUSIVE SAMPLE METADATA:
2021-10-28 22:20:49,530 DEBUG: --------------------------
2021-10-28 22:20:49,530 DEBUG: n_events   sum_w         x-s fb        lumi fb-1
2021-10-28 22:20:49,530 DEBUG: ==========================================================
2021-10-28 22:20:49,531 DEBUG: 25515      2.903304e+08  1.137881e+04  3.117847e+02
2021-10-28 22:20:49,531 INFO: Creating cuts for wplusmunu_inclusive...
2021-10-28 22:20:49,535 INFO: 
2021-10-28 22:20:49,535 INFO: ========== CUTS USED ============
2021-10-28 22:20:49,535 INFO: Tight muon  : mu_isTight = 1.0
2021-10-28 22:20:49,535 INFO: eta         :    |mu_eta| < 2.4
2021-10-28 22:20:49,535 INFO: E_{T}^{MISS}:    met_met > 65.0
2021-10-28 22:20:49,535 INFO: p_T         :      mu_pt > 65.0
2021-10-28 22:20:49,536 INFO: M_T         :      mu_mt > 55.0
2021-10-28 22:20:49,536 INFO: M_W         :    MC_WZ_m > 120.0
2021-10-28 22:20:49,536 INFO: 
2021-10-28 22:20:49,544 INFO: =========== CUTFLOW =============
2021-10-28 22:20:49,544 INFO: Option: Non-sequential
2021-10-28 22:20:49,544 INFO: ---------------------------------
2021-10-28 22:20:49,544 INFO: Cut            Events Ratio
2021-10-28 22:20:49,544 INFO: Inclusive      25515   -
2021-10-28 22:20:49,544 INFO: tight muon cut 25515 1.000    
2021-10-28 22:20:49,544 INFO: eta            25515 1.000    
2021-10-28 22:20:49,544 INFO: met            25515 1.000    
2021-10-28 22:20:49,545 INFO: mu pt          25515 1.000    
2021-10-28 22:20:49,545 INFO: muon mt        25515 1.000    
2021-10-28 22:20:49,546 INFO: W m            17359 0.680    
2021-10-28 22:20:49,546 INFO: 
2021-10-28 22:20:49,546 INFO: ========= DATASET 'wplusmunu_inclusive' INITIALISED =========
2021-10-28 22:20:49,546 INFO: ====================================
2021-10-28 22:20:49,546 INFO: ANALYSIS 'jesal_cutflow' INITIALISED
2021-10-28 22:20:50,129 INFO: Saved pickle file to outputs/jesal_cutflow/histograms/wmintaunu_slices_MC_WZ_m_mass_slices_full.pkl
2021-10-28 22:20:50,483 INFO: Figure saved to outputs/jesal_cutflow/plots/wmintaunu_slices_MC_WZ_m_mass_slices_full.png
2021-10-28 22:20:50,976 INFO: Saved pickle file to outputs/jesal_cutflow/histograms/wplustaunu_slices_MC_WZ_m_mass_slices_full.pkl
2021-10-28 22:20:51,286 INFO: Figure saved to outputs/jesal_cutflow/plots/wplustaunu_slices_MC_WZ_m_mass_slices_full.png
2021-10-28 22:20:53,374 INFO: Saved pickle file to outputs/jesal_cutflow/histograms/wminmunu_slices_MC_WZ_m_mass_slices_full.pkl
2021-10-28 22:20:53,664 INFO: Figure saved to outputs/jesal_cutflow/plots/wminmunu_slices_MC_WZ_m_mass_slices_full.png
2021-10-28 22:20:55,514 INFO: Saved pickle file to outputs/jesal_cutflow/histograms/wplusmunu_slices_MC_WZ_m_mass_slices_full.pkl
2021-10-28 22:20:55,808 INFO: Figure saved to outputs/jesal_cutflow/plots/wplusmunu_slices_MC_WZ_m_mass_slices_full.png
