2021-10-21 18:09:38,291 INFO:INITIALISING ANALYSIS 'jesal_cutflow'...
2021-10-21 18:09:38,291 INFO:========================================
2021-10-21 18:09:38,291 INFO:
2021-10-21 18:09:38,291 INFO:======== INITIALISING DATASET 'truth' =========
2021-10-21 18:09:38,293 DEBUG:DATASET INPUT OPTIONS: 
2021-10-21 18:09:38,293 DEBUG:----------------------------
2021-10-21 18:09:38,293 DEBUG:Input file:  /data/atlas/HighMassDrellYan/test_mc16a/wmintaunu/*.root
2021-10-21 18:09:38,293 DEBUG:TTree: nominal_Loose
2021-10-21 18:09:38,294 DEBUG:Cutfile: options/jesal_cutflow/cutfile_jesal.txt
2021-10-21 18:09:38,294 DEBUG:Slices: True
2021-10-21 18:09:38,294 DEBUG:groupted cutflow: True
2021-10-21 18:09:38,294 DEBUG:CUTFILE CONTENTS
2021-10-21 18:09:38,295 DEBUG:---------------------------
2021-10-21 18:09:38,296 DEBUG:[CUTS]
2021-10-21 18:09:38,296 DEBUG:# Name	Variable	</>	Cut (in GeV if applicable)	Group Symmetric
2021-10-21 18:09:38,296 DEBUG:# !!REMEMBER DEFAULT ANALYSISTOP OUTPUT IS IN MeV NOT GeV!!
2021-10-21 18:09:38,296 DEBUG:Tight muon	mu_isTight	=	1	tight muon cut	false
2021-10-21 18:09:38,296 DEBUG:eta	mu_eta	<	2.4	eta	true
2021-10-21 18:09:38,296 DEBUG:E_{T}^{MISS}	met_met	>	65	met	false
2021-10-21 18:09:38,296 DEBUG:p_T	mu_pt	>	65	mu pt	false
2021-10-21 18:09:38,296 DEBUG:M_T	PDFinfo_Q	>	55	dilepton mass	false
2021-10-21 18:09:38,296 DEBUG:
2021-10-21 18:09:38,296 DEBUG:[OUTPUTS]
2021-10-21 18:09:38,296 DEBUG:# variables to process
2021-10-21 18:09:38,296 DEBUG:PDFinfo_Q
2021-10-21 18:09:38,296 DEBUG:
2021-10-21 18:09:38,296 DEBUG:[OPTIONS]
2021-10-21 18:09:38,297 DEBUG:# case-insensitive
2021-10-21 18:09:38,297 DEBUG:sequential	false
2021-10-21 18:09:38,297 DEBUG:grouped cutflow	false
2021-10-21 18:09:38,297 DEBUG:---------------------------
2021-10-21 18:09:38,297 INFO:Parsting cutfile for truth...
2021-10-21 18:09:38,300 DEBUG:Datafile found
2021-10-21 18:09:38,301 INFO:Reading data for truth dataframe from outputs/jesal_cutflow/data/truth_df.pkl...
2021-10-21 18:09:38,303 INFO:Creating weights for truth...
2021-10-21 18:09:38,305 DEBUG:PER-DSID INFO:
2021-10-21 18:09:38,305 DEBUG:--------------
2021-10-21 18:09:38,306 DEBUG:DSID       n_events   sum_w         x-s fb        lumi fb-1
2021-10-21 18:09:38,306 DEBUG:==========================================================
2021-10-21 18:09:38,308 DEBUG:361105     118        9.953306e+05  8.435005e+03  8.431161e-04
2021-10-21 18:09:38,308 INFO:Creating cuts for truth...
2021-10-21 18:09:38,312 INFO:
2021-10-21 18:09:38,312 INFO:========== CUTS USED ============
2021-10-21 18:09:38,312 INFO:Tight muon  : mu_isTight = 1.0
2021-10-21 18:09:38,312 INFO:eta         : |    mu_eta| < 2.4
2021-10-21 18:09:38,312 INFO:E_{T}^{MISS}:    met_met > 65.0
2021-10-21 18:09:38,312 INFO:p_T         :      mu_pt > 65.0
2021-10-21 18:09:38,313 INFO:M_T         :  PDFinfo_Q > 55.0
2021-10-21 18:09:38,314 INFO:
2021-10-21 18:09:38,320 INFO:========= DATASET 'truth' INITIALISED =========
2021-10-21 18:09:38,320 INFO:====================================
2021-10-21 18:09:38,320 INFO:ANALYSIS 'jesal_cutflow' INITIALISED
2021-10-21 18:09:38,878 INFO:Cutflow histogram saved to outputs/jesal_cutflow/plots/cutflow.png
2021-10-21 18:09:38,879 INFO:=========== CUTFLOW =============
2021-10-21 18:09:38,879 INFO:Option: Non-sequential
2021-10-21 18:09:38,879 INFO:---------------------------------
2021-10-21 18:09:38,880 INFO:Cut            Events Ratio
2021-10-21 18:09:38,880 INFO:Inclusive      118   -
2021-10-21 18:09:38,880 INFO:tight muon cut 118 1.000    
2021-10-21 18:09:38,881 INFO:eta            118 1.000    
2021-10-21 18:09:38,881 INFO:met            118 1.000    
2021-10-21 18:09:38,881 INFO:mu pt          118 1.000    
2021-10-21 18:09:38,881 INFO:dilepton mass  0   0.000    
2021-10-21 18:09:38,881 INFO:
2021-10-21 18:09:39,341 INFO:Figure saved to outputs/jesal_cutflow/plots/PDFinfo_Q_mass_slices_full.png
