2021-10-28 11:36:58,859 INFO: INITIALISING ANALYSIS 'jesal_cutflow'...
2021-10-28 11:36:58,859 INFO: ========================================
2021-10-28 11:36:58,859 INFO: 
2021-10-28 11:36:58,859 INFO: ======== INITIALISING DATASET 'wmintaunu_slices' =========
2021-10-28 11:36:58,868 DEBUG: DATASET INPUT OPTIONS: 
2021-10-28 11:36:58,868 DEBUG: ----------------------------
2021-10-28 11:36:58,868 DEBUG: Input file(s):  /data/atlas/HighMassDrellYan/test_mc16a/wmintaunu_*/*.root
2021-10-28 11:36:58,868 DEBUG: TTree: nominal_Loose
2021-10-28 11:36:58,868 DEBUG: Cutfile: options/jesal_cutflow/cutfile_jesal.txt
2021-10-28 11:36:58,868 DEBUG: Slices: True
2021-10-28 11:36:58,868 DEBUG: grouped cutflow: True
2021-10-28 11:36:58,868 DEBUG: Forced dataset rebuild: False
2021-10-28 11:36:58,868 DEBUG: ----------------------------
2021-10-28 11:36:58,868 DEBUG: 
2021-10-28 11:36:58,868 DEBUG: CUTFILE CONTENTS
2021-10-28 11:36:58,868 DEBUG: ---------------------------
2021-10-28 11:36:58,869 DEBUG: [CUTS]
2021-10-28 11:36:58,869 DEBUG: # Name	Variable	</>	Cut (in GeV if applicable)	Group Symmetric
2021-10-28 11:36:58,869 DEBUG: # !!REMEMBER DEFAULT ANALYSISTOP OUTPUT IS IN MeV NOT GeV!!
2021-10-28 11:36:58,869 DEBUG: Tight muon	mu_isTight	=	1	tight muon cut	false
2021-10-28 11:36:58,869 DEBUG: eta	mu_eta	<	2.4	eta	true
2021-10-28 11:36:58,869 DEBUG: E_{T}^{MISS}	met_met	>	65	met	false
2021-10-28 11:36:58,869 DEBUG: p_T	mu_pt	>	65	mu pt	false
2021-10-28 11:36:58,869 DEBUG: M_T	mu_mt	>	55	muon mt	false
2021-10-28 11:36:58,869 DEBUG: M_W	MC_WZ_m	>	120	W m	false	truth
2021-10-28 11:36:58,869 DEBUG: 
2021-10-28 11:36:58,869 DEBUG: [OUTPUTS]
2021-10-28 11:36:58,869 DEBUG: # variables to process
2021-10-28 11:36:58,869 DEBUG: mu_mt
2021-10-28 11:36:58,869 DEBUG: mu_pt
2021-10-28 11:36:58,870 DEBUG: mu_eta
2021-10-28 11:36:58,870 DEBUG: 
2021-10-28 11:36:58,870 DEBUG: [OPTIONS]
2021-10-28 11:36:58,870 DEBUG: # case-insensitive
2021-10-28 11:36:58,870 DEBUG: sequential	false
2021-10-28 11:36:58,870 DEBUG: grouped cutflow	false
2021-10-28 11:36:58,870 DEBUG: ---------------------------
2021-10-28 11:36:58,870 INFO: Parsting cutfile for wmintaunu_slices...
2021-10-28 11:36:58,872 DEBUG: Datafile found
2021-10-28 11:36:58,872 INFO: Reading data for wmintaunu_slices dataframe from outputs/jesal_cutflow/data/wmintaunu_slices_df.pkl...
2021-10-28 11:36:58,900 INFO: Number of events in dataset wmintaunu_slices: 726886
2021-10-28 11:36:58,900 INFO: Creating weights for wmintaunu_slices...
2021-10-28 11:36:58,911 DEBUG: PER-DSID INFO:
2021-10-28 11:36:58,911 DEBUG: --------------
2021-10-28 11:36:58,911 DEBUG: DSID       n_events   sum_w         x-s fb        lumi fb-1
2021-10-28 11:36:58,912 DEBUG: ==========================================================
2021-10-28 11:36:58,968 DEBUG: 301160     584        1.304203e+04  2.233225e+01  1.750007e-01
2021-10-28 11:36:58,970 DEBUG: 301161     7814       2.572807e+04  3.292561e+00  4.385605e+00
2021-10-28 11:36:58,972 DEBUG: 301162     19355      2.097866e+04  1.083888e+00  1.807713e+01
2021-10-28 11:36:58,974 DEBUG: 301163     32203      5.649394e+03  1.754307e-01  4.508980e+01
2021-10-28 11:36:58,977 DEBUG: 301164     36493      1.130532e+03  3.097943e-02  1.021794e+02
2021-10-28 11:36:58,980 DEBUG: 301165     40197      3.330843e+02  8.286296e-03  1.125505e+02
2021-10-28 11:36:58,983 DEBUG: 301166     38794      1.225665e+02  3.159418e-03  1.180722e+02
2021-10-28 11:36:58,986 DEBUG: 301167     45957      4.608419e+01  1.002768e-03  1.286798e+02
2021-10-28 11:36:58,989 DEBUG: 301168     46553      1.713763e+01  3.681316e-04  1.303474e+02
2021-10-28 11:36:58,992 DEBUG: 301169     46357      6.928842e+00  1.494670e-04  1.298001e+02
2021-10-28 11:36:58,996 DEBUG: 301170     48747      3.183652e+00  6.530970e-05  1.364905e+02
2021-10-28 11:36:58,998 DEBUG: 301171     45132      1.361533e+00  3.016780e-05  1.263680e+02
2021-10-28 11:36:59,001 DEBUG: 301172     48195      7.012044e-01  1.454932e-05  1.349483e+02
2021-10-28 11:36:59,004 DEBUG: 301173     47837      3.472451e-01  7.258924e-06  1.339429e+02
2021-10-28 11:36:59,007 DEBUG: 301174     46889      2.658246e-01  5.669233e-06  1.312917e+02
2021-10-28 11:36:59,010 DEBUG: 301175     46518      7.430704e-02  1.597383e-06  1.302495e+02
2021-10-28 11:36:59,013 DEBUG: 301176     44600      2.105576e-02  4.721023e-07  1.248797e+02
2021-10-28 11:36:59,016 DEBUG: 301177     44286      6.324148e-03  1.428024e-07  1.240002e+02
2021-10-28 11:36:59,018 DEBUG: 301178     40375      2.488081e-03  6.162430e-08  1.130493e+02
2021-10-28 11:36:59,019 INFO: Creating cuts for wmintaunu_slices...
2021-10-28 11:36:59,026 INFO: 
2021-10-28 11:36:59,027 INFO: ========== CUTS USED ============
2021-10-28 11:36:59,027 INFO: Tight muon  : mu_isTight = 1.0
2021-10-28 11:36:59,027 INFO: eta         :    |mu_eta| < 2.4
2021-10-28 11:36:59,027 INFO: E_{T}^{MISS}:    met_met > 65.0
2021-10-28 11:36:59,027 INFO: p_T         :      mu_pt > 65.0
2021-10-28 11:36:59,027 INFO: M_T         :      mu_mt > 55.0
2021-10-28 11:36:59,027 INFO: M_W         :    MC_WZ_m > 120.0
2021-10-28 11:36:59,028 INFO: 
2021-10-28 11:36:59,115 INFO: =========== CUTFLOW =============
2021-10-28 11:36:59,115 INFO: Option: Non-sequential
2021-10-28 11:36:59,115 INFO: ---------------------------------
2021-10-28 11:36:59,115 INFO: Cut            Events Ratio
2021-10-28 11:36:59,115 INFO: Inclusive      726886   -
2021-10-28 11:36:59,115 INFO: tight muon cut 726886 1.000    
2021-10-28 11:36:59,115 INFO: eta            726886 1.000    
2021-10-28 11:36:59,115 INFO: met            726886 1.000    
2021-10-28 11:36:59,115 INFO: mu pt          726886 1.000    
2021-10-28 11:36:59,115 INFO: muon mt        726886 1.000    
2021-10-28 11:36:59,115 INFO: W m            726886 1.000    
2021-10-28 11:36:59,115 INFO: 
2021-10-28 11:36:59,115 INFO: ========= DATASET 'wmintaunu_slices' INITIALISED =========
2021-10-28 11:36:59,115 INFO: 
2021-10-28 11:36:59,115 INFO: ======== INITIALISING DATASET 'wmintaunu_inclusive' =========
2021-10-28 11:36:59,116 DEBUG: DATASET INPUT OPTIONS: 
2021-10-28 11:36:59,117 DEBUG: ----------------------------
2021-10-28 11:36:59,117 DEBUG: Input file(s):  /data/atlas/HighMassDrellYan/test_mc16a/wmintaunu/*.root
2021-10-28 11:36:59,118 DEBUG: TTree: nominal_Loose
2021-10-28 11:36:59,118 DEBUG: Cutfile: options/jesal_cutflow/cutfile_jesal.txt
2021-10-28 11:36:59,118 DEBUG: Slices: False
2021-10-28 11:36:59,118 DEBUG: grouped cutflow: True
2021-10-28 11:36:59,118 DEBUG: Forced dataset rebuild: False
2021-10-28 11:36:59,118 DEBUG: ----------------------------
2021-10-28 11:36:59,118 DEBUG: 
2021-10-28 11:36:59,118 DEBUG: CUTFILE CONTENTS
2021-10-28 11:36:59,118 DEBUG: ---------------------------
2021-10-28 11:36:59,118 DEBUG: [CUTS]
2021-10-28 11:36:59,118 DEBUG: # Name	Variable	</>	Cut (in GeV if applicable)	Group Symmetric
2021-10-28 11:36:59,118 DEBUG: # !!REMEMBER DEFAULT ANALYSISTOP OUTPUT IS IN MeV NOT GeV!!
2021-10-28 11:36:59,118 DEBUG: Tight muon	mu_isTight	=	1	tight muon cut	false
2021-10-28 11:36:59,119 DEBUG: eta	mu_eta	<	2.4	eta	true
2021-10-28 11:36:59,119 DEBUG: E_{T}^{MISS}	met_met	>	65	met	false
2021-10-28 11:36:59,119 DEBUG: p_T	mu_pt	>	65	mu pt	false
2021-10-28 11:36:59,119 DEBUG: M_T	mu_mt	>	55	muon mt	false
2021-10-28 11:36:59,119 DEBUG: M_W	MC_WZ_m	>	120	W m	false	truth
2021-10-28 11:36:59,119 DEBUG: 
2021-10-28 11:36:59,119 DEBUG: [OUTPUTS]
2021-10-28 11:36:59,119 DEBUG: # variables to process
2021-10-28 11:36:59,119 DEBUG: mu_mt
2021-10-28 11:36:59,119 DEBUG: mu_pt
2021-10-28 11:36:59,119 DEBUG: mu_eta
2021-10-28 11:36:59,119 DEBUG: 
2021-10-28 11:36:59,119 DEBUG: [OPTIONS]
2021-10-28 11:36:59,119 DEBUG: # case-insensitive
2021-10-28 11:36:59,119 DEBUG: sequential	false
2021-10-28 11:36:59,119 DEBUG: grouped cutflow	false
2021-10-28 11:36:59,119 DEBUG: ---------------------------
2021-10-28 11:36:59,119 INFO: Parsting cutfile for wmintaunu_inclusive...
2021-10-28 11:36:59,121 DEBUG: Datafile found
2021-10-28 11:36:59,121 INFO: Reading data for wmintaunu_inclusive dataframe from outputs/jesal_cutflow/data/wmintaunu_inclusive_df.pkl...
2021-10-28 11:36:59,122 INFO: Number of events in dataset wmintaunu_inclusive: 118
2021-10-28 11:36:59,123 INFO: Creating weights for wmintaunu_inclusive...
2021-10-28 11:36:59,123 DEBUG: INCLUSIVE SAMPLE METADATA:
2021-10-28 11:36:59,124 DEBUG: --------------------------
2021-10-28 11:36:59,124 DEBUG: n_events   sum_w         x-s fb        lumi fb-1
2021-10-28 11:36:59,124 DEBUG: ==========================================================
2021-10-28 11:36:59,125 DEBUG: 118        9.953306e+05  8.435005e+03  1.958505e+00
2021-10-28 11:36:59,125 INFO: Creating cuts for wmintaunu_inclusive...
2021-10-28 11:36:59,128 INFO: 
2021-10-28 11:36:59,128 INFO: ========== CUTS USED ============
2021-10-28 11:36:59,128 INFO: Tight muon  : mu_isTight = 1.0
2021-10-28 11:36:59,128 INFO: eta         :    |mu_eta| < 2.4
2021-10-28 11:36:59,128 INFO: E_{T}^{MISS}:    met_met > 65.0
2021-10-28 11:36:59,128 INFO: p_T         :      mu_pt > 65.0
2021-10-28 11:36:59,128 INFO: M_T         :      mu_mt > 55.0
2021-10-28 11:36:59,128 INFO: M_W         :    MC_WZ_m > 120.0
2021-10-28 11:36:59,128 INFO: 
2021-10-28 11:36:59,134 INFO: =========== CUTFLOW =============
2021-10-28 11:36:59,135 INFO: Option: Non-sequential
2021-10-28 11:36:59,135 INFO: ---------------------------------
2021-10-28 11:36:59,135 INFO: Cut            Events Ratio
2021-10-28 11:36:59,135 INFO: Inclusive      118   -
2021-10-28 11:36:59,135 INFO: tight muon cut 118 1.000    
2021-10-28 11:36:59,135 INFO: eta            118 1.000    
2021-10-28 11:36:59,135 INFO: met            118 1.000    
2021-10-28 11:36:59,135 INFO: mu pt          118 1.000    
2021-10-28 11:36:59,135 INFO: muon mt        118 1.000    
2021-10-28 11:36:59,135 INFO: W m            107 0.907    
2021-10-28 11:36:59,135 INFO: 
2021-10-28 11:36:59,135 INFO: ========= DATASET 'wmintaunu_inclusive' INITIALISED =========
2021-10-28 11:36:59,135 INFO: 
2021-10-28 11:36:59,135 INFO: ======== INITIALISING DATASET 'wplustaunu_slices' =========
2021-10-28 11:36:59,143 DEBUG: DATASET INPUT OPTIONS: 
2021-10-28 11:36:59,143 DEBUG: ----------------------------
2021-10-28 11:36:59,143 DEBUG: Input file(s):  /data/atlas/HighMassDrellYan/test_mc16a/wplustaunu_*/*.root
2021-10-28 11:36:59,143 DEBUG: TTree: nominal_Loose
2021-10-28 11:36:59,143 DEBUG: Cutfile: options/jesal_cutflow/cutfile_jesal.txt
2021-10-28 11:36:59,143 DEBUG: Slices: True
2021-10-28 11:36:59,143 DEBUG: grouped cutflow: True
2021-10-28 11:36:59,143 DEBUG: Forced dataset rebuild: False
2021-10-28 11:36:59,143 DEBUG: ----------------------------
2021-10-28 11:36:59,143 DEBUG: 
2021-10-28 11:36:59,143 DEBUG: CUTFILE CONTENTS
2021-10-28 11:36:59,144 DEBUG: ---------------------------
2021-10-28 11:36:59,145 DEBUG: [CUTS]
2021-10-28 11:36:59,145 DEBUG: # Name	Variable	</>	Cut (in GeV if applicable)	Group Symmetric
2021-10-28 11:36:59,145 DEBUG: # !!REMEMBER DEFAULT ANALYSISTOP OUTPUT IS IN MeV NOT GeV!!
2021-10-28 11:36:59,145 DEBUG: Tight muon	mu_isTight	=	1	tight muon cut	false
2021-10-28 11:36:59,145 DEBUG: eta	mu_eta	<	2.4	eta	true
2021-10-28 11:36:59,145 DEBUG: E_{T}^{MISS}	met_met	>	65	met	false
2021-10-28 11:36:59,145 DEBUG: p_T	mu_pt	>	65	mu pt	false
2021-10-28 11:36:59,145 DEBUG: M_T	mu_mt	>	55	muon mt	false
2021-10-28 11:36:59,145 DEBUG: M_W	MC_WZ_m	>	120	W m	false	truth
2021-10-28 11:36:59,145 DEBUG: 
2021-10-28 11:36:59,145 DEBUG: [OUTPUTS]
2021-10-28 11:36:59,146 DEBUG: # variables to process
2021-10-28 11:36:59,146 DEBUG: mu_mt
2021-10-28 11:36:59,146 DEBUG: mu_pt
2021-10-28 11:36:59,146 DEBUG: mu_eta
2021-10-28 11:36:59,146 DEBUG: 
2021-10-28 11:36:59,146 DEBUG: [OPTIONS]
2021-10-28 11:36:59,146 DEBUG: # case-insensitive
2021-10-28 11:36:59,146 DEBUG: sequential	false
2021-10-28 11:36:59,146 DEBUG: grouped cutflow	false
2021-10-28 11:36:59,146 DEBUG: ---------------------------
2021-10-28 11:36:59,146 INFO: Parsting cutfile for wplustaunu_slices...
2021-10-28 11:36:59,147 DEBUG: Datafile found
2021-10-28 11:36:59,148 INFO: Reading data for wplustaunu_slices dataframe from outputs/jesal_cutflow/data/wplustaunu_slices_df.pkl...
2021-10-28 11:36:59,175 INFO: Number of events in dataset wplustaunu_slices: 772578
2021-10-28 11:36:59,175 INFO: Creating weights for wplustaunu_slices...
2021-10-28 11:36:59,183 DEBUG: PER-DSID INFO:
2021-10-28 11:36:59,183 DEBUG: --------------
2021-10-28 11:36:59,183 DEBUG: DSID       n_events   sum_w         x-s fb        lumi fb-1
2021-10-28 11:36:59,183 DEBUG: ==========================================================
2021-10-28 11:36:59,236 DEBUG: 301140     521        1.677207e+04  3.219208e+01  1.465126e-01
2021-10-28 11:36:59,238 DEBUG: 301141     8113       4.065248e+04  5.010782e+00  4.550459e+00
2021-10-28 11:36:59,240 DEBUG: 301142     21300      3.730728e+04  1.751515e+00  1.989156e+01
2021-10-28 11:36:59,242 DEBUG: 301143     36357      1.135788e+04  3.123987e-01  5.090710e+01
2021-10-28 11:36:59,245 DEBUG: 301144     37316      2.268519e+03  6.079211e-02  1.044842e+02
2021-10-28 11:36:59,248 DEBUG: 301145     42047      7.428984e+02  1.766828e-02  1.177314e+02
2021-10-28 11:36:59,251 DEBUG: 301146     47861      3.488693e+02  7.289219e-03  1.340092e+02
2021-10-28 11:36:59,254 DEBUG: 301147     48678      1.220389e+02  2.507065e-03  1.363000e+02
2021-10-28 11:36:59,257 DEBUG: 301148     49533      4.885402e+01  9.862924e-04  1.386951e+02
2021-10-28 11:36:59,260 DEBUG: 301149     50141      2.128827e+01  4.245682e-04  1.403967e+02
2021-10-28 11:36:59,263 DEBUG: 301150     49514      9.637255e+00  1.946370e-04  1.386388e+02
2021-10-28 11:36:59,266 DEBUG: 301151     49229      4.595385e+00  9.334710e-05  1.378400e+02
2021-10-28 11:36:59,269 DEBUG: 301152     49191      2.275536e+00  4.625919e-05  1.377341e+02
2021-10-28 11:36:59,272 DEBUG: 301153     50388      1.182906e+00  2.347594e-05  1.410873e+02
2021-10-28 11:36:59,275 DEBUG: 301154     49324      9.100242e-01  1.844993e-05  1.381123e+02
2021-10-28 11:36:59,278 DEBUG: 301155     47861      2.439302e-01  5.096639e-06  1.340080e+02
2021-10-28 11:36:59,281 DEBUG: 301156     47234      6.757697e-02  1.430685e-06  1.322577e+02
2021-10-28 11:36:59,284 DEBUG: 301157     46569      1.868748e-02  4.012858e-07  1.303949e+02
2021-10-28 11:36:59,286 DEBUG: 301158     41401      6.353437e-03  1.534610e-07  1.159238e+02
2021-10-28 11:36:59,286 INFO: Creating cuts for wplustaunu_slices...
2021-10-28 11:36:59,295 INFO: 
2021-10-28 11:36:59,295 INFO: ========== CUTS USED ============
2021-10-28 11:36:59,295 INFO: Tight muon  : mu_isTight = 1.0
2021-10-28 11:36:59,295 INFO: eta         :    |mu_eta| < 2.4
2021-10-28 11:36:59,295 INFO: E_{T}^{MISS}:    met_met > 65.0
2021-10-28 11:36:59,295 INFO: p_T         :      mu_pt > 65.0
2021-10-28 11:36:59,295 INFO: M_T         :      mu_mt > 55.0
2021-10-28 11:36:59,295 INFO: M_W         :    MC_WZ_m > 120.0
2021-10-28 11:36:59,295 INFO: 
2021-10-28 11:36:59,386 INFO: =========== CUTFLOW =============
2021-10-28 11:36:59,386 INFO: Option: Non-sequential
2021-10-28 11:36:59,386 INFO: ---------------------------------
2021-10-28 11:36:59,386 INFO: Cut            Events Ratio
2021-10-28 11:36:59,386 INFO: Inclusive      772578   -
2021-10-28 11:36:59,386 INFO: tight muon cut 772578 1.000    
2021-10-28 11:36:59,386 INFO: eta            772578 1.000    
2021-10-28 11:36:59,386 INFO: met            772578 1.000    
2021-10-28 11:36:59,386 INFO: mu pt          772578 1.000    
2021-10-28 11:36:59,386 INFO: muon mt        772578 1.000    
2021-10-28 11:36:59,386 INFO: W m            772578 1.000    
2021-10-28 11:36:59,386 INFO: 
2021-10-28 11:36:59,386 INFO: ========= DATASET 'wplustaunu_slices' INITIALISED =========
2021-10-28 11:36:59,386 INFO: 
2021-10-28 11:36:59,386 INFO: ======== INITIALISING DATASET 'wplustaunu_inclusive' =========
2021-10-28 11:36:59,387 DEBUG: DATASET INPUT OPTIONS: 
2021-10-28 11:36:59,387 DEBUG: ----------------------------
2021-10-28 11:36:59,388 DEBUG: Input file(s):  /data/atlas/HighMassDrellYan/test_mc16a/wplustaunu/*.root
2021-10-28 11:36:59,388 DEBUG: TTree: nominal_Loose
2021-10-28 11:36:59,389 DEBUG: Cutfile: options/jesal_cutflow/cutfile_jesal.txt
2021-10-28 11:36:59,389 DEBUG: Slices: False
2021-10-28 11:36:59,389 DEBUG: grouped cutflow: True
2021-10-28 11:36:59,389 DEBUG: Forced dataset rebuild: False
2021-10-28 11:36:59,389 DEBUG: ----------------------------
2021-10-28 11:36:59,389 DEBUG: 
2021-10-28 11:36:59,389 DEBUG: CUTFILE CONTENTS
2021-10-28 11:36:59,389 DEBUG: ---------------------------
2021-10-28 11:36:59,392 DEBUG: [CUTS]
2021-10-28 11:36:59,392 DEBUG: # Name	Variable	</>	Cut (in GeV if applicable)	Group Symmetric
2021-10-28 11:36:59,393 DEBUG: # !!REMEMBER DEFAULT ANALYSISTOP OUTPUT IS IN MeV NOT GeV!!
2021-10-28 11:36:59,393 DEBUG: Tight muon	mu_isTight	=	1	tight muon cut	false
2021-10-28 11:36:59,393 DEBUG: eta	mu_eta	<	2.4	eta	true
2021-10-28 11:36:59,393 DEBUG: E_{T}^{MISS}	met_met	>	65	met	false
2021-10-28 11:36:59,394 DEBUG: p_T	mu_pt	>	65	mu pt	false
2021-10-28 11:36:59,394 DEBUG: M_T	mu_mt	>	55	muon mt	false
2021-10-28 11:36:59,394 DEBUG: M_W	MC_WZ_m	>	120	W m	false	truth
2021-10-28 11:36:59,394 DEBUG: 
2021-10-28 11:36:59,394 DEBUG: [OUTPUTS]
2021-10-28 11:36:59,394 DEBUG: # variables to process
2021-10-28 11:36:59,394 DEBUG: mu_mt
2021-10-28 11:36:59,394 DEBUG: mu_pt
2021-10-28 11:36:59,394 DEBUG: mu_eta
2021-10-28 11:36:59,394 DEBUG: 
2021-10-28 11:36:59,394 DEBUG: [OPTIONS]
2021-10-28 11:36:59,394 DEBUG: # case-insensitive
2021-10-28 11:36:59,395 DEBUG: sequential	false
2021-10-28 11:36:59,396 DEBUG: grouped cutflow	false
2021-10-28 11:36:59,396 DEBUG: ---------------------------
2021-10-28 11:36:59,396 INFO: Parsting cutfile for wplustaunu_inclusive...
2021-10-28 11:36:59,399 DEBUG: Datafile found
2021-10-28 11:36:59,399 INFO: Reading data for wplustaunu_inclusive dataframe from outputs/jesal_cutflow/data/wplustaunu_inclusive_df.pkl...
2021-10-28 11:36:59,401 INFO: Number of events in dataset wplustaunu_inclusive: 226
2021-10-28 11:36:59,402 INFO: Creating weights for wplustaunu_inclusive...
2021-10-28 11:36:59,403 DEBUG: INCLUSIVE SAMPLE METADATA:
2021-10-28 11:36:59,404 DEBUG: --------------------------
2021-10-28 11:36:59,404 DEBUG: n_events   sum_w         x-s fb        lumi fb-1
2021-10-28 11:36:59,404 DEBUG: ==========================================================
2021-10-28 11:36:59,405 DEBUG: 226        2.566360e+06  1.135558e+04  2.761639e+00
2021-10-28 11:36:59,405 INFO: Creating cuts for wplustaunu_inclusive...
2021-10-28 11:36:59,412 INFO: 
2021-10-28 11:36:59,412 INFO: ========== CUTS USED ============
2021-10-28 11:36:59,412 INFO: Tight muon  : mu_isTight = 1.0
2021-10-28 11:36:59,413 INFO: eta         :    |mu_eta| < 2.4
2021-10-28 11:36:59,413 INFO: E_{T}^{MISS}:    met_met > 65.0
2021-10-28 11:36:59,414 INFO: p_T         :      mu_pt > 65.0
2021-10-28 11:36:59,414 INFO: M_T         :      mu_mt > 55.0
2021-10-28 11:36:59,414 INFO: M_W         :    MC_WZ_m > 120.0
2021-10-28 11:36:59,414 INFO: 
2021-10-28 11:36:59,425 INFO: =========== CUTFLOW =============
2021-10-28 11:36:59,426 INFO: Option: Non-sequential
2021-10-28 11:36:59,426 INFO: ---------------------------------
2021-10-28 11:36:59,426 INFO: Cut            Events Ratio
2021-10-28 11:36:59,426 INFO: Inclusive      226   -
2021-10-28 11:36:59,426 INFO: tight muon cut 226 1.000    
2021-10-28 11:36:59,427 INFO: eta            226 1.000    
2021-10-28 11:36:59,428 INFO: met            226 1.000    
2021-10-28 11:36:59,429 INFO: mu pt          226 1.000    
2021-10-28 11:36:59,429 INFO: muon mt        226 1.000    
2021-10-28 11:36:59,429 INFO: W m            193 0.854    
2021-10-28 11:36:59,429 INFO: 
2021-10-28 11:36:59,429 INFO: ========= DATASET 'wplustaunu_inclusive' INITIALISED =========
2021-10-28 11:36:59,429 INFO: 
2021-10-28 11:36:59,429 INFO: ======== INITIALISING DATASET 'wminmunu_slices' =========
2021-10-28 11:36:59,438 DEBUG: DATASET INPUT OPTIONS: 
2021-10-28 11:36:59,438 DEBUG: ----------------------------
2021-10-28 11:36:59,438 DEBUG: Input file(s):  /data/atlas/HighMassDrellYan/test_mc16a/wminmunu_*/*.root
2021-10-28 11:36:59,439 DEBUG: TTree: nominal_Loose
2021-10-28 11:36:59,440 DEBUG: Cutfile: options/jesal_cutflow/cutfile_jesal.txt
2021-10-28 11:36:59,440 DEBUG: Slices: True
2021-10-28 11:36:59,440 DEBUG: grouped cutflow: True
2021-10-28 11:36:59,440 DEBUG: Forced dataset rebuild: False
2021-10-28 11:36:59,440 DEBUG: ----------------------------
2021-10-28 11:36:59,440 DEBUG: 
2021-10-28 11:36:59,440 DEBUG: CUTFILE CONTENTS
2021-10-28 11:36:59,440 DEBUG: ---------------------------
2021-10-28 11:36:59,441 DEBUG: [CUTS]
2021-10-28 11:36:59,441 DEBUG: # Name	Variable	</>	Cut (in GeV if applicable)	Group Symmetric
2021-10-28 11:36:59,441 DEBUG: # !!REMEMBER DEFAULT ANALYSISTOP OUTPUT IS IN MeV NOT GeV!!
2021-10-28 11:36:59,441 DEBUG: Tight muon	mu_isTight	=	1	tight muon cut	false
2021-10-28 11:36:59,441 DEBUG: eta	mu_eta	<	2.4	eta	true
2021-10-28 11:36:59,441 DEBUG: E_{T}^{MISS}	met_met	>	65	met	false
2021-10-28 11:36:59,443 DEBUG: p_T	mu_pt	>	65	mu pt	false
2021-10-28 11:36:59,443 DEBUG: M_T	mu_mt	>	55	muon mt	false
2021-10-28 11:36:59,443 DEBUG: M_W	MC_WZ_m	>	120	W m	false	truth
2021-10-28 11:36:59,444 DEBUG: 
2021-10-28 11:36:59,444 DEBUG: [OUTPUTS]
2021-10-28 11:36:59,444 DEBUG: # variables to process
2021-10-28 11:36:59,444 DEBUG: mu_mt
2021-10-28 11:36:59,444 DEBUG: mu_pt
2021-10-28 11:36:59,444 DEBUG: mu_eta
2021-10-28 11:36:59,444 DEBUG: 
2021-10-28 11:36:59,444 DEBUG: [OPTIONS]
2021-10-28 11:36:59,444 DEBUG: # case-insensitive
2021-10-28 11:36:59,445 DEBUG: sequential	false
2021-10-28 11:36:59,446 DEBUG: grouped cutflow	false
2021-10-28 11:36:59,446 DEBUG: ---------------------------
2021-10-28 11:36:59,446 INFO: Parsting cutfile for wminmunu_slices...
2021-10-28 11:36:59,448 DEBUG: Datafile found
2021-10-28 11:36:59,449 INFO: Reading data for wminmunu_slices dataframe from outputs/jesal_cutflow/data/wminmunu_slices_df.pkl...
2021-10-28 11:36:59,912 INFO: Number of events in dataset wminmunu_slices: 10473533
2021-10-28 11:36:59,912 INFO: Creating weights for wminmunu_slices...
2021-10-28 11:37:00,151 DEBUG: PER-DSID INFO:
2021-10-28 11:37:00,151 DEBUG: --------------
2021-10-28 11:37:00,151 DEBUG: DSID       n_events   sum_w         x-s fb        lumi fb-1
2021-10-28 11:37:00,151 DEBUG: ==========================================================
2021-10-28 11:37:00,645 DEBUG: 301120     499915     1.110597e+07  2.221572e+01  1.408600e+01
2021-10-28 11:37:00,735 DEBUG: 301121     944456     3.101657e+06  3.284067e+00  8.836211e+01
2021-10-28 11:37:00,790 DEBUG: 301122     737165     7.982900e+05  1.082919e+00  1.738961e+02
2021-10-28 11:37:00,822 DEBUG: 301123     549364     9.635911e+04  1.754012e-01  7.691939e+02
2021-10-28 11:37:00,855 DEBUG: 301124     488699     1.513980e+04  3.097982e-02  1.368361e+03
2021-10-28 11:37:00,908 DEBUG: 301125     507642     4.206513e+03  8.286377e-03  1.421397e+03
2021-10-28 11:37:00,945 DEBUG: 301126     512753     1.619953e+03  3.159324e-03  1.435705e+03
2021-10-28 11:37:00,977 DEBUG: 301127     522006     5.234484e+02  1.002763e-03  1.461614e+03
2021-10-28 11:37:01,009 DEBUG: 301128     528485     1.945538e+02  3.681350e-04  1.479762e+03
2021-10-28 11:37:01,041 DEBUG: 301129     523222     7.820444e+01  1.494670e-04  1.465028e+03
2021-10-28 11:37:01,072 DEBUG: 301130     527231     3.443364e+01  6.531034e-05  1.476250e+03
2021-10-28 11:37:01,103 DEBUG: 301131     526452     1.588209e+01  3.016817e-05  1.474065e+03
2021-10-28 11:37:01,135 DEBUG: 301132     523697     7.619310e+00  1.454908e-05  1.466352e+03
2021-10-28 11:37:01,169 DEBUG: 301133     523944     3.803304e+00  7.258989e-06  1.467048e+03
2021-10-28 11:37:01,227 DEBUG: 301134     523849     2.969780e+00  5.669152e-06  1.466784e+03
2021-10-28 11:37:01,258 DEBUG: 301135     519023     8.290851e-01  1.597396e-06  1.453265e+03
2021-10-28 11:37:01,288 DEBUG: 301136     511632     2.415438e-01  4.721046e-07  1.432573e+03
2021-10-28 11:37:01,318 DEBUG: 301137     505761     7.222451e-02  1.428036e-07  1.416137e+03
2021-10-28 11:37:01,348 DEBUG: 301138     498237     3.070374e-02  6.162477e-08  1.395066e+03
2021-10-28 11:37:01,348 INFO: Creating cuts for wminmunu_slices...
2021-10-28 11:37:01,454 INFO: 
2021-10-28 11:37:01,454 INFO: ========== CUTS USED ============
2021-10-28 11:37:01,454 INFO: Tight muon  : mu_isTight = 1.0
2021-10-28 11:37:01,454 INFO: eta         :    |mu_eta| < 2.4
2021-10-28 11:37:01,454 INFO: E_{T}^{MISS}:    met_met > 65.0
2021-10-28 11:37:01,454 INFO: p_T         :      mu_pt > 65.0
2021-10-28 11:37:01,454 INFO: M_T         :      mu_mt > 55.0
2021-10-28 11:37:01,454 INFO: M_W         :    MC_WZ_m > 120.0
2021-10-28 11:37:01,454 INFO: 
2021-10-28 11:37:03,946 INFO: =========== CUTFLOW =============
2021-10-28 11:37:03,946 INFO: Option: Non-sequential
2021-10-28 11:37:03,946 INFO: ---------------------------------
2021-10-28 11:37:03,946 INFO: Cut            Events   Ratio
2021-10-28 11:37:03,946 INFO: Inclusive      10473533   -
2021-10-28 11:37:03,946 INFO: tight muon cut 10473533 1.000    
2021-10-28 11:37:03,946 INFO: eta            10473533 1.000    
2021-10-28 11:37:03,946 INFO: met            10473533 1.000    
2021-10-28 11:37:03,946 INFO: mu pt          10473533 1.000    
2021-10-28 11:37:03,946 INFO: muon mt        10473533 1.000    
2021-10-28 11:37:03,946 INFO: W m            10473533 1.000    
2021-10-28 11:37:03,946 INFO: 
2021-10-28 11:37:03,950 INFO: ========= DATASET 'wminmunu_slices' INITIALISED =========
2021-10-28 11:37:03,950 INFO: 
2021-10-28 11:37:03,950 INFO: ======== INITIALISING DATASET 'wminmunu_inclusive' =========
2021-10-28 11:37:03,951 DEBUG: DATASET INPUT OPTIONS: 
2021-10-28 11:37:03,951 DEBUG: ----------------------------
2021-10-28 11:37:03,951 DEBUG: Input file(s):  /data/atlas/HighMassDrellYan/test_mc16a/wminmunu/*.root
2021-10-28 11:37:03,951 DEBUG: TTree: nominal_Loose
2021-10-28 11:37:03,951 DEBUG: Cutfile: options/jesal_cutflow/cutfile_jesal.txt
2021-10-28 11:37:03,951 DEBUG: Slices: False
2021-10-28 11:37:03,952 DEBUG: grouped cutflow: True
2021-10-28 11:37:03,952 DEBUG: Forced dataset rebuild: False
2021-10-28 11:37:03,952 DEBUG: ----------------------------
2021-10-28 11:37:03,952 DEBUG: 
2021-10-28 11:37:03,952 DEBUG: CUTFILE CONTENTS
2021-10-28 11:37:03,952 DEBUG: ---------------------------
2021-10-28 11:37:03,953 DEBUG: [CUTS]
2021-10-28 11:37:03,953 DEBUG: # Name	Variable	</>	Cut (in GeV if applicable)	Group Symmetric
2021-10-28 11:37:03,953 DEBUG: # !!REMEMBER DEFAULT ANALYSISTOP OUTPUT IS IN MeV NOT GeV!!
2021-10-28 11:37:03,953 DEBUG: Tight muon	mu_isTight	=	1	tight muon cut	false
2021-10-28 11:37:03,953 DEBUG: eta	mu_eta	<	2.4	eta	true
2021-10-28 11:37:03,953 DEBUG: E_{T}^{MISS}	met_met	>	65	met	false
2021-10-28 11:37:03,953 DEBUG: p_T	mu_pt	>	65	mu pt	false
2021-10-28 11:37:03,953 DEBUG: M_T	mu_mt	>	55	muon mt	false
2021-10-28 11:37:03,954 DEBUG: M_W	MC_WZ_m	>	120	W m	false	truth
2021-10-28 11:37:03,954 DEBUG: 
2021-10-28 11:37:03,954 DEBUG: [OUTPUTS]
2021-10-28 11:37:03,954 DEBUG: # variables to process
2021-10-28 11:37:03,954 DEBUG: mu_mt
2021-10-28 11:37:03,954 DEBUG: mu_pt
2021-10-28 11:37:03,954 DEBUG: mu_eta
2021-10-28 11:37:03,954 DEBUG: 
2021-10-28 11:37:03,954 DEBUG: [OPTIONS]
2021-10-28 11:37:03,954 DEBUG: # case-insensitive
2021-10-28 11:37:03,954 DEBUG: sequential	false
2021-10-28 11:37:03,954 DEBUG: grouped cutflow	false
2021-10-28 11:37:03,954 DEBUG: ---------------------------
2021-10-28 11:37:03,954 INFO: Parsting cutfile for wminmunu_inclusive...
2021-10-28 11:37:03,956 DEBUG: Datafile found
2021-10-28 11:37:03,957 INFO: Reading data for wminmunu_inclusive dataframe from outputs/jesal_cutflow/data/wminmunu_inclusive_df.pkl...
2021-10-28 11:37:03,959 INFO: Number of events in dataset wminmunu_inclusive: 19384
2021-10-28 11:37:03,959 INFO: Creating weights for wminmunu_inclusive...
2021-10-28 11:37:03,965 DEBUG: INCLUSIVE SAMPLE METADATA:
2021-10-28 11:37:03,965 DEBUG: --------------------------
2021-10-28 11:37:03,965 DEBUG: n_events   sum_w         x-s fb        lumi fb-1
2021-10-28 11:37:03,965 DEBUG: ==========================================================
2021-10-28 11:37:03,965 DEBUG: 19384      1.617602e+08  8.345036e+03  3.217386e+02
2021-10-28 11:37:03,966 INFO: Creating cuts for wminmunu_inclusive...
2021-10-28 11:37:03,970 INFO: 
2021-10-28 11:37:03,970 INFO: ========== CUTS USED ============
2021-10-28 11:37:03,970 INFO: Tight muon  : mu_isTight = 1.0
2021-10-28 11:37:03,970 INFO: eta         :    |mu_eta| < 2.4
2021-10-28 11:37:03,970 INFO: E_{T}^{MISS}:    met_met > 65.0
2021-10-28 11:37:03,972 INFO: p_T         :      mu_pt > 65.0
2021-10-28 11:37:03,973 INFO: M_T         :      mu_mt > 55.0
2021-10-28 11:37:03,973 INFO: M_W         :    MC_WZ_m > 120.0
2021-10-28 11:37:03,973 INFO: 
2021-10-28 11:37:03,980 INFO: =========== CUTFLOW =============
2021-10-28 11:37:03,980 INFO: Option: Non-sequential
2021-10-28 11:37:03,980 INFO: ---------------------------------
2021-10-28 11:37:03,980 INFO: Cut            Events Ratio
2021-10-28 11:37:03,980 INFO: Inclusive      19384   -
2021-10-28 11:37:03,980 INFO: tight muon cut 19384 1.000    
2021-10-28 11:37:03,981 INFO: eta            19384 1.000    
2021-10-28 11:37:03,981 INFO: met            19384 1.000    
2021-10-28 11:37:03,981 INFO: mu pt          19384 1.000    
2021-10-28 11:37:03,981 INFO: muon mt        19384 1.000    
2021-10-28 11:37:03,981 INFO: W m            12171 0.628    
2021-10-28 11:37:03,981 INFO: 
2021-10-28 11:37:03,981 INFO: ========= DATASET 'wminmunu_inclusive' INITIALISED =========
2021-10-28 11:37:03,982 INFO: 
2021-10-28 11:37:03,982 INFO: ======== INITIALISING DATASET 'wplusmunu_slices' =========
2021-10-28 11:37:07,902 DEBUG: DATASET INPUT OPTIONS: 
2021-10-28 11:37:07,903 DEBUG: ----------------------------
2021-10-28 11:37:07,903 DEBUG: Input file(s):  /data/atlas/HighMassDrellYan/test_mc16a/wplusmunu_*/*.root
2021-10-28 11:37:07,903 DEBUG: TTree: nominal_Loose
2021-10-28 11:37:07,903 DEBUG: Cutfile: options/jesal_cutflow/cutfile_jesal.txt
2021-10-28 11:37:07,903 DEBUG: Slices: True
2021-10-28 11:37:07,904 DEBUG: grouped cutflow: True
2021-10-28 11:37:07,905 DEBUG: Forced dataset rebuild: False
2021-10-28 11:37:07,905 DEBUG: ----------------------------
2021-10-28 11:37:07,905 DEBUG: 
2021-10-28 11:37:07,905 DEBUG: CUTFILE CONTENTS
2021-10-28 11:37:07,905 DEBUG: ---------------------------
2021-10-28 11:37:07,905 DEBUG: [CUTS]
2021-10-28 11:37:07,906 DEBUG: # Name	Variable	</>	Cut (in GeV if applicable)	Group Symmetric
2021-10-28 11:37:07,906 DEBUG: # !!REMEMBER DEFAULT ANALYSISTOP OUTPUT IS IN MeV NOT GeV!!
2021-10-28 11:37:07,906 DEBUG: Tight muon	mu_isTight	=	1	tight muon cut	false
2021-10-28 11:37:07,906 DEBUG: eta	mu_eta	<	2.4	eta	true
2021-10-28 11:37:07,906 DEBUG: E_{T}^{MISS}	met_met	>	65	met	false
2021-10-28 11:37:07,907 DEBUG: p_T	mu_pt	>	65	mu pt	false
2021-10-28 11:37:07,907 DEBUG: M_T	mu_mt	>	55	muon mt	false
2021-10-28 11:37:07,908 DEBUG: M_W	MC_WZ_m	>	120	W m	false	truth
2021-10-28 11:37:07,908 DEBUG: 
2021-10-28 11:37:07,908 DEBUG: [OUTPUTS]
2021-10-28 11:37:07,908 DEBUG: # variables to process
2021-10-28 11:37:07,908 DEBUG: mu_mt
2021-10-28 11:37:07,908 DEBUG: mu_pt
2021-10-28 11:37:07,908 DEBUG: mu_eta
2021-10-28 11:37:07,909 DEBUG: 
2021-10-28 11:37:07,910 DEBUG: [OPTIONS]
2021-10-28 11:37:07,910 DEBUG: # case-insensitive
2021-10-28 11:37:07,910 DEBUG: sequential	false
2021-10-28 11:37:07,910 DEBUG: grouped cutflow	false
2021-10-28 11:37:07,910 DEBUG: ---------------------------
2021-10-28 11:37:07,910 INFO: Parsting cutfile for wplusmunu_slices...
2021-10-28 11:37:07,913 INFO: Building wplusmunu_slices dataframe from /data/atlas/HighMassDrellYan/test_mc16a/wplusmunu_*/*.root...
2021-10-28 11:37:07,913 DEBUG: Variables to extract from nominal_Loose tree: 
2021-10-28 11:37:07,913 DEBUG:   - eventNumber
2021-10-28 11:37:07,913 DEBUG:   - mu_pt
2021-10-28 11:37:07,913 DEBUG:   - met_phi
2021-10-28 11:37:07,913 DEBUG:   - weight_mc
2021-10-28 11:37:07,914 DEBUG:   - mu_phi
2021-10-28 11:37:07,915 DEBUG:   - met_met
2021-10-28 11:37:07,915 DEBUG:   - mu_isTight
2021-10-28 11:37:07,915 DEBUG:   - mu_eta
2021-10-28 11:37:07,915 DEBUG: Variables to extract from truth tree: 
2021-10-28 11:37:07,915 DEBUG:   - MC_WZ_m
2021-10-28 11:37:07,915 DEBUG: Variables to calculate: 
2021-10-28 11:37:07,916 DEBUG:   - mu_mt
2021-10-28 11:37:07,916 DEBUG: Checking TTree and TBranch values in file(s) '/data/atlas/HighMassDrellYan/test_mc16a/wplusmunu_*/*.root'...
2021-10-28 11:37:10,877 DEBUG: All TTrees and variables found in /data/atlas/HighMassDrellYan/test_mc16a/wplusmunu_120/user.jmandali.24799325._000001.prelim_mc16a_mu_sig.root...
2021-10-28 11:37:14,218 DEBUG: All TTrees and variables found in /data/atlas/HighMassDrellYan/test_mc16a/wplusmunu_120/user.jmandali.24799325._000002.prelim_mc16a_mu_sig.root...
2021-10-28 11:37:17,970 DEBUG: All TTrees and variables found in /data/atlas/HighMassDrellYan/test_mc16a/wplusmunu_120/user.jmandali.24799325._000003.prelim_mc16a_mu_sig.root...
2021-10-28 11:37:20,453 DEBUG: All TTrees and variables found in /data/atlas/HighMassDrellYan/test_mc16a/wplusmunu_120/user.jmandali.24799325._000004.prelim_mc16a_mu_sig.root...
2021-10-28 11:37:23,115 DEBUG: All TTrees and variables found in /data/atlas/HighMassDrellYan/test_mc16a/wplusmunu_120/user.jmandali.24799325._000005.prelim_mc16a_mu_sig.root...
2021-10-28 11:37:24,597 DEBUG: All TTrees and variables found in /data/atlas/HighMassDrellYan/test_mc16a/wplusmunu_120/user.jmandali.24799325._000006.prelim_mc16a_mu_sig.root...
2021-10-28 11:37:27,867 DEBUG: All TTrees and variables found in /data/atlas/HighMassDrellYan/test_mc16a/wplusmunu_120/user.jmandali.24799325._000007.prelim_mc16a_mu_sig.root...
2021-10-28 11:37:30,826 DEBUG: All TTrees and variables found in /data/atlas/HighMassDrellYan/test_mc16a/wplusmunu_120/user.jmandali.24799325._000008.prelim_mc16a_mu_sig.root...
2021-10-28 11:37:33,963 DEBUG: All TTrees and variables found in /data/atlas/HighMassDrellYan/test_mc16a/wplusmunu_120/user.jmandali.24799325._000009.prelim_mc16a_mu_sig.root...
2021-10-28 11:37:36,987 DEBUG: All TTrees and variables found in /data/atlas/HighMassDrellYan/test_mc16a/wplusmunu_120/user.jmandali.24799325._000010.prelim_mc16a_mu_sig.root...
2021-10-28 11:37:40,193 DEBUG: All TTrees and variables found in /data/atlas/HighMassDrellYan/test_mc16a/wplusmunu_120/user.jmandali.24799325._000011.prelim_mc16a_mu_sig.root...
2021-10-28 11:37:43,110 DEBUG: All TTrees and variables found in /data/atlas/HighMassDrellYan/test_mc16a/wplusmunu_120/user.jmandali.24799325._000012.prelim_mc16a_mu_sig.root...
2021-10-28 11:37:46,411 DEBUG: All TTrees and variables found in /data/atlas/HighMassDrellYan/test_mc16a/wplusmunu_120/user.jmandali.24799325._000013.prelim_mc16a_mu_sig.root...
2021-10-28 11:37:50,030 DEBUG: All TTrees and variables found in /data/atlas/HighMassDrellYan/test_mc16a/wplusmunu_120/user.jmandali.24799325._000014.prelim_mc16a_mu_sig.root...
2021-10-28 11:37:53,110 DEBUG: All TTrees and variables found in /data/atlas/HighMassDrellYan/test_mc16a/wplusmunu_120/user.jmandali.24799325._000015.prelim_mc16a_mu_sig.root...
2021-10-28 11:37:56,859 DEBUG: All TTrees and variables found in /data/atlas/HighMassDrellYan/test_mc16a/wplusmunu_120/user.jmandali.24799325._000016.prelim_mc16a_mu_sig.root...
2021-10-28 11:38:00,616 DEBUG: All TTrees and variables found in /data/atlas/HighMassDrellYan/test_mc16a/wplusmunu_120/user.jmandali.24799325._000017.prelim_mc16a_mu_sig.root...
2021-10-28 11:38:03,022 DEBUG: All TTrees and variables found in /data/atlas/HighMassDrellYan/test_mc16a/wplusmunu_120/user.jmandali.24799325._000018.prelim_mc16a_mu_sig.root...
2021-10-28 11:38:06,940 DEBUG: All TTrees and variables found in /data/atlas/HighMassDrellYan/test_mc16a/wplusmunu_120/user.jmandali.24799325._000019.prelim_mc16a_mu_sig.root...
2021-10-28 11:38:10,065 DEBUG: All TTrees and variables found in /data/atlas/HighMassDrellYan/test_mc16a/wplusmunu_120/user.jmandali.24799325._000020.prelim_mc16a_mu_sig.root...
2021-10-28 11:38:13,074 DEBUG: All TTrees and variables found in /data/atlas/HighMassDrellYan/test_mc16a/wplusmunu_120/user.jmandali.24799325._000021.prelim_mc16a_mu_sig.root...
2021-10-28 11:38:16,270 DEBUG: All TTrees and variables found in /data/atlas/HighMassDrellYan/test_mc16a/wplusmunu_120/user.jmandali.24799325._000022.prelim_mc16a_mu_sig.root...
2021-10-28 11:38:18,488 DEBUG: All TTrees and variables found in /data/atlas/HighMassDrellYan/test_mc16a/wplusmunu_120/user.jmandali.24799325._000023.prelim_mc16a_mu_sig.root...
2021-10-28 11:38:21,321 DEBUG: All TTrees and variables found in /data/atlas/HighMassDrellYan/test_mc16a/wplusmunu_120/user.jmandali.24799325._000024.prelim_mc16a_mu_sig.root...
2021-10-28 11:38:23,633 DEBUG: All TTrees and variables found in /data/atlas/HighMassDrellYan/test_mc16a/wplusmunu_120/user.jmandali.24799325._000025.prelim_mc16a_mu_sig.root...
2021-10-28 11:38:25,686 DEBUG: All TTrees and variables found in /data/atlas/HighMassDrellYan/test_mc16a/wplusmunu_120/user.jmandali.24799325._000026.prelim_mc16a_mu_sig.root...
2021-10-28 11:38:28,566 DEBUG: All TTrees and variables found in /data/atlas/HighMassDrellYan/test_mc16a/wplusmunu_120/user.jmandali.24799325._000027.prelim_mc16a_mu_sig.root...
2021-10-28 11:38:31,676 DEBUG: All TTrees and variables found in /data/atlas/HighMassDrellYan/test_mc16a/wplusmunu_120/user.jmandali.24799325._000028.prelim_mc16a_mu_sig.root...
2021-10-28 11:38:35,484 DEBUG: All TTrees and variables found in /data/atlas/HighMassDrellYan/test_mc16a/wplusmunu_120/user.jmandali.24799325._000029.prelim_mc16a_mu_sig.root...
2021-10-28 11:38:39,143 DEBUG: All TTrees and variables found in /data/atlas/HighMassDrellYan/test_mc16a/wplusmunu_120/user.jmandali.24799325._000030.prelim_mc16a_mu_sig.root...
2021-10-28 11:38:42,817 DEBUG: All TTrees and variables found in /data/atlas/HighMassDrellYan/test_mc16a/wplusmunu_120/user.jmandali.24799325._000031.prelim_mc16a_mu_sig.root...
2021-10-28 11:38:45,895 DEBUG: All TTrees and variables found in /data/atlas/HighMassDrellYan/test_mc16a/wplusmunu_120/user.jmandali.24799325._000032.prelim_mc16a_mu_sig.root...
2021-10-28 11:38:49,197 DEBUG: All TTrees and variables found in /data/atlas/HighMassDrellYan/test_mc16a/wplusmunu_120/user.jmandali.24799325._000033.prelim_mc16a_mu_sig.root...
2021-10-28 11:38:52,689 DEBUG: All TTrees and variables found in /data/atlas/HighMassDrellYan/test_mc16a/wplusmunu_120/user.jmandali.24799325._000034.prelim_mc16a_mu_sig.root...
2021-10-28 11:38:55,436 DEBUG: All TTrees and variables found in /data/atlas/HighMassDrellYan/test_mc16a/wplusmunu_120/user.jmandali.24799325._000035.prelim_mc16a_mu_sig.root...
2021-10-28 11:38:58,569 DEBUG: All TTrees and variables found in /data/atlas/HighMassDrellYan/test_mc16a/wplusmunu_120/user.jmandali.24799325._000036.prelim_mc16a_mu_sig.root...
2021-10-28 11:39:01,544 DEBUG: All TTrees and variables found in /data/atlas/HighMassDrellYan/test_mc16a/wplusmunu_120/user.jmandali.24799325._000037.prelim_mc16a_mu_sig.root...
2021-10-28 11:39:04,670 DEBUG: All TTrees and variables found in /data/atlas/HighMassDrellYan/test_mc16a/wplusmunu_120/user.jmandali.24799325._000038.prelim_mc16a_mu_sig.root...
2021-10-28 11:39:07,836 DEBUG: All TTrees and variables found in /data/atlas/HighMassDrellYan/test_mc16a/wplusmunu_1000/user.jmandali.24799351._000001.prelim_mc16a_mu_sig.root...
2021-10-28 11:39:11,702 DEBUG: All TTrees and variables found in /data/atlas/HighMassDrellYan/test_mc16a/wplusmunu_1250/user.jmandali.24799358._000001.prelim_mc16a_mu_sig.root...
2021-10-28 11:39:14,743 DEBUG: All TTrees and variables found in /data/atlas/HighMassDrellYan/test_mc16a/wplusmunu_1500/user.jmandali.24799366._000001.prelim_mc16a_mu_sig.root...
2021-10-28 11:39:17,946 DEBUG: All TTrees and variables found in /data/atlas/HighMassDrellYan/test_mc16a/wplusmunu_1750/user.jmandali.24799373._000001.prelim_mc16a_mu_sig.root...
2021-10-28 11:39:21,261 DEBUG: All TTrees and variables found in /data/atlas/HighMassDrellYan/test_mc16a/wplusmunu_2000/user.jmandali.24799381._000001.prelim_mc16a_mu_sig.root...
2021-10-28 11:39:24,526 DEBUG: All TTrees and variables found in /data/atlas/HighMassDrellYan/test_mc16a/wplusmunu_2250/user.jmandali.24799389._000002.prelim_mc16a_mu_sig.root...
2021-10-28 11:39:27,380 DEBUG: All TTrees and variables found in /data/atlas/HighMassDrellYan/test_mc16a/wplusmunu_2500/user.jmandali.24799397._000001.prelim_mc16a_mu_sig.root...
2021-10-28 11:39:29,917 DEBUG: All TTrees and variables found in /data/atlas/HighMassDrellYan/test_mc16a/wplusmunu_3000/user.jmandali.24799411._000001.prelim_mc16a_mu_sig.root...
2021-10-28 11:39:33,049 DEBUG: All TTrees and variables found in /data/atlas/HighMassDrellYan/test_mc16a/wplusmunu_400/user.jmandali.24799338._000001.prelim_mc16a_mu_sig.root...
2021-10-28 11:39:35,303 DEBUG: All TTrees and variables found in /data/atlas/HighMassDrellYan/test_mc16a/wplusmunu_4500/user.jmandali.24799453._000001.prelim_mc16a_mu_sig.root...
2021-10-28 11:39:38,267 DEBUG: All TTrees and variables found in /data/atlas/HighMassDrellYan/test_mc16a/wplusmunu_2750/user.jmandali.24799404._000001.prelim_mc16a_mu_sig.root...
2021-10-28 11:39:40,541 DEBUG: All TTrees and variables found in /data/atlas/HighMassDrellYan/test_mc16a/wplusmunu_3500/user.jmandali.24799418._000002.prelim_mc16a_mu_sig.root...
2021-10-28 11:39:43,453 DEBUG: All TTrees and variables found in /data/atlas/HighMassDrellYan/test_mc16a/wplusmunu_5000/user.jmandali.24799463._000001.prelim_mc16a_mu_sig.root...
2021-10-28 11:39:47,428 DEBUG: All TTrees and variables found in /data/atlas/HighMassDrellYan/test_mc16a/wplusmunu_180/user.jmandali.24799328._000001.prelim_mc16a_mu_sig.root...
2021-10-28 11:39:48,994 DEBUG: All TTrees and variables found in /data/atlas/HighMassDrellYan/test_mc16a/wplusmunu_180/user.jmandali.24799328._000002.prelim_mc16a_mu_sig.root...
2021-10-28 11:39:52,229 DEBUG: All TTrees and variables found in /data/atlas/HighMassDrellYan/test_mc16a/wplusmunu_800/user.jmandali.24799346._000001.prelim_mc16a_mu_sig.root...
2021-10-28 11:39:55,168 DEBUG: All TTrees and variables found in /data/atlas/HighMassDrellYan/test_mc16a/wplusmunu_250/user.jmandali.24799331._000001.prelim_mc16a_mu_sig.root...
2021-10-28 11:39:58,392 DEBUG: All TTrees and variables found in /data/atlas/HighMassDrellYan/test_mc16a/wplusmunu_250/user.jmandali.24799331._000002.prelim_mc16a_mu_sig.root...
2021-10-28 11:40:01,431 DEBUG: All TTrees and variables found in /data/atlas/HighMassDrellYan/test_mc16a/wplusmunu_250/user.jmandali.24799331._000003.prelim_mc16a_mu_sig.root...
2021-10-28 11:40:04,443 DEBUG: All TTrees and variables found in /data/atlas/HighMassDrellYan/test_mc16a/wplusmunu_250/user.jmandali.24799331._000004.prelim_mc16a_mu_sig.root...
2021-10-28 11:40:07,514 DEBUG: All TTrees and variables found in /data/atlas/HighMassDrellYan/test_mc16a/wplusmunu_4000/user.jmandali.24799433._000001.prelim_mc16a_mu_sig.root...
2021-10-28 11:40:11,191 DEBUG: All TTrees and variables found in /data/atlas/HighMassDrellYan/test_mc16a/wplusmunu_600/user.jmandali.24799341._000001.prelim_mc16a_mu_sig.root...
2021-10-28 11:40:11,191 DEBUG: All required TTrees variables found.
2021-10-28 11:40:11,191 WARNING: Variable(s) ['mu_isTight'] not contained in labels dictionary. Some unexpected behaviour may occur.
2021-10-28 11:40:11,192 INFO: Extracting mass slices from /data/atlas/HighMassDrellYan/test_mc16a/wplusmunu_*/*.root...
2021-10-28 11:40:11,192 DEBUG: Extracting {'eventNumber', 'mu_pt', 'met_phi', 'weight_mc', 'mu_phi', 'mcChannelNumber', 'met_met', 'mu_isTight', 'mu_eta'} from nominal_Loose tree...
2021-10-28 11:42:15,344 DEBUG: Extracted 1611938 events.
2021-10-28 11:42:15,344 DEBUG: Extracting ['total_EventsWeighted', 'dsid'] from 'sumWeights' tree...
2021-10-28 11:42:17,224 DEBUG: Calculating sum of weights and merging...
2021-10-28 11:42:17,363 DEBUG: Extracting ['MC_WZ_m'] from truth tree...
2021-10-28 13:35:05,959 DEBUG: Extracted 7940000 events.
2021-10-28 13:35:05,960 DEBUG: Merging with rest of dataframe...
2021-10-28 13:35:09,599 DEBUG: Found 19 unique dsid(s).
2021-10-28 13:35:10,810 WARNING: Value of 'totalEventsWeighted' (160037216.0) is not the same as the total summed values of 'weight_mc' (15536949.0) for DISD 301100. Ratio = 10
2021-10-28 13:35:10,840 WARNING: Value of 'totalEventsWeighted' (364.46539306640625) is not the same as the total summed values of 'weight_mc' (4064.181884765625) for DISD 301106. Ratio = 0.09
2021-10-28 13:35:10,870 WARNING: Value of 'totalEventsWeighted' (125.35179901123047) is not the same as the total summed values of 'weight_mc' (1416.677490234375) for DISD 301107. Ratio = 0.088
2021-10-28 13:35:10,907 WARNING: Value of 'totalEventsWeighted' (49.313682556152344) is not the same as the total summed values of 'weight_mc' (556.2366333007812) for DISD 301108. Ratio = 0.089
2021-10-28 13:35:10,937 WARNING: Value of 'totalEventsWeighted' (21.22814178466797) is not the same as the total summed values of 'weight_mc' (238.9681854248047) for DISD 301109. Ratio = 0.089
2021-10-28 13:35:10,967 WARNING: Value of 'totalEventsWeighted' (9.731880187988281) is not the same as the total summed values of 'weight_mc' (109.10186767578125) for DISD 301110. Ratio = 0.089
2021-10-28 13:35:10,997 WARNING: Value of 'totalEventsWeighted' (4.667399883270264) is not the same as the total summed values of 'weight_mc' (52.431705474853516) for DISD 301111. Ratio = 0.089
2021-10-28 13:35:11,028 WARNING: Value of 'totalEventsWeighted' (2.3129725456237793) is not the same as the total summed values of 'weight_mc' (26.01714324951172) for DISD 301112. Ratio = 0.089
2021-10-28 13:35:11,057 WARNING: Value of 'totalEventsWeighted' (0.9224629402160645) is not the same as the total summed values of 'weight_mc' (10.139263153076172) for DISD 301114. Ratio = 0.091
2021-10-28 13:35:11,091 WARNING: Value of 'totalEventsWeighted' (31235.412109375) is not the same as the total summed values of 'weight_mc' (196241.890625) for DISD 301103. Ratio = 0.16
2021-10-28 13:35:11,120 WARNING: Value of 'totalEventsWeighted' (0.02006404474377632) is not the same as the total summed values of 'weight_mc' (0.21203336119651794) for DISD 301117. Ratio = 0.095
2021-10-28 13:35:11,149 WARNING: Value of 'totalEventsWeighted' (1.1737905740737915) is not the same as the total summed values of 'weight_mc' (13.037788391113281) for DISD 301113. Ratio = 0.09
2021-10-28 13:35:11,179 WARNING: Value of 'totalEventsWeighted' (0.2548375427722931) is not the same as the total summed values of 'weight_mc' (2.7604827880859375) for DISD 301115. Ratio = 0.092
2021-10-28 13:35:11,207 WARNING: Value of 'totalEventsWeighted' (0.0076729897409677505) is not the same as the total summed values of 'weight_mc' (0.07904278486967087) for DISD 301118. Ratio = 0.097
2021-10-28 13:35:11,254 WARNING: Value of 'totalEventsWeighted' (7495199.0) is not the same as the total summed values of 'weight_mc' (5063301.5) for DISD 301101. Ratio = 1.5
2021-10-28 13:35:11,284 WARNING: Value of 'totalEventsWeighted' (883.41650390625) is not the same as the total summed values of 'weight_mc' (9860.1513671875) for DISD 301105. Ratio = 0.09
2021-10-28 13:35:11,324 WARNING: Value of 'totalEventsWeighted' (1052686.375) is not the same as the total summed values of 'weight_mc' (1486461.625) for DISD 301102. Ratio = 0.71
2021-10-28 13:35:11,354 WARNING: Value of 'totalEventsWeighted' (0.0715329498052597) is not the same as the total summed values of 'weight_mc' (0.772279679775238) for DISD 301116. Ratio = 0.093
2021-10-28 13:35:11,383 WARNING: Value of 'totalEventsWeighted' (3039.623779296875) is not the same as the total summed values of 'weight_mc' (33250.828125) for DISD 301104. Ratio = 0.091
2021-10-28 13:35:11,383 INFO: time to build dataframe: 01:55:00
2021-10-28 13:35:11,383 INFO: Computing 'mu_mt' column from ['mu_pt', 'met_met', 'mu_phi', 'met_phi']...
2021-10-28 13:38:23,085 DEBUG: Rescaled columns ['mu_pt', 'MC_WZ_m', 'mu_mt'] to GeV.
2021-10-28 13:38:42,164 INFO: Dataframe built and saved in outputs/jesal_cutflow/data/wplusmunu_slices_df.pkl
2021-10-28 13:38:42,164 INFO: Number of events in dataset wplusmunu_slices: 11241434
2021-10-28 13:38:42,164 INFO: Creating weights for wplusmunu_slices...
2021-10-28 13:38:42,243 DEBUG: PER-DSID INFO:
2021-10-28 13:38:42,244 DEBUG: --------------
2021-10-28 13:38:42,244 DEBUG: DSID       n_events   sum_w         x-s fb        lumi fb-1
2021-10-28 13:38:42,244 DEBUG: ==========================================================
2021-10-28 13:38:42,753 DEBUG: 301100     484716     1.553695e+07  3.205372e+01  1.365058e+01
2021-10-28 13:38:42,802 DEBUG: 301101     1012214    5.063302e+06  5.002206e+00  9.474268e+01
2021-10-28 13:38:42,846 DEBUG: 301102     847300     1.486461e+06  1.754350e+00  1.978004e+02
2021-10-28 13:38:42,882 DEBUG: 301103     628252     1.962419e+05  3.123617e-01  8.796504e+02
2021-10-28 13:38:42,913 DEBUG: 301104     546953     3.325082e+04  6.079284e-02  1.531479e+03
2021-10-28 13:38:42,944 DEBUG: 301105     558068     9.860153e+03  1.766837e-02  1.562594e+03
2021-10-28 13:38:42,975 DEBUG: 301106     557555     4.064182e+03  7.289293e-03  1.561152e+03
2021-10-28 13:38:43,006 DEBUG: 301107     565079     1.416678e+03  2.507044e-03  1.582226e+03
2021-10-28 13:38:43,038 DEBUG: 301108     563977     5.562368e+02  9.862756e-04  1.579139e+03
2021-10-28 13:38:43,068 DEBUG: 301109     562856     2.389681e+02  4.245635e-04  1.576001e+03
2021-10-28 13:38:43,100 DEBUG: 301110     560538     1.091019e+02  1.946378e-04  1.569509e+03
2021-10-28 13:38:43,131 DEBUG: 301111     561678     5.243172e+01  9.334835e-05  1.572705e+03
2021-10-28 13:38:43,162 DEBUG: 301112     562419     2.601713e+01  4.625934e-05  1.574772e+03
2021-10-28 13:38:43,193 DEBUG: 301113     555370     1.303779e+01  2.347587e-05  1.555040e+03
2021-10-28 13:38:43,224 DEBUG: 301114     549575     1.013926e+01  1.844928e-05  1.538813e+03
2021-10-28 13:38:43,254 DEBUG: 301115     541614     2.760483e+00  5.096771e-06  1.516527e+03
2021-10-28 13:38:43,284 DEBUG: 301116     539809     7.722799e-01  1.430654e-06  1.511460e+03
2021-10-28 13:38:43,314 DEBUG: 301117     528390     2.120333e-01  4.012819e-07  1.479497e+03
2021-10-28 13:38:43,343 DEBUG: 301118     515071     7.904281e-02  1.534600e-07  1.442202e+03
2021-10-28 13:38:43,343 INFO: Creating cuts for wplusmunu_slices...
2021-10-28 13:38:43,401 INFO: 
2021-10-28 13:38:43,401 INFO: ========== CUTS USED ============
2021-10-28 13:38:43,401 INFO: Tight muon  : mu_isTight = 1.0
2021-10-28 13:38:43,401 INFO: eta         :    |mu_eta| < 2.4
2021-10-28 13:38:43,401 INFO: E_{T}^{MISS}:    met_met > 65.0
2021-10-28 13:38:43,402 INFO: p_T         :      mu_pt > 65.0
2021-10-28 13:38:43,402 INFO: M_T         :      mu_mt > 55.0
2021-10-28 13:38:43,402 INFO: M_W         :    MC_WZ_m > 120.0
2021-10-28 13:38:43,402 INFO: 
2021-10-28 13:38:45,040 INFO: =========== CUTFLOW =============
2021-10-28 13:38:45,040 INFO: Option: Non-sequential
2021-10-28 13:38:45,040 INFO: ---------------------------------
2021-10-28 13:38:45,040 INFO: Cut            Events   Ratio
2021-10-28 13:38:45,040 INFO: Inclusive      11241434   -
2021-10-28 13:38:45,041 INFO: tight muon cut 11241434 1.000    
2021-10-28 13:38:45,041 INFO: eta            11241434 1.000    
2021-10-28 13:38:45,041 INFO: met            11241434 1.000    
2021-10-28 13:38:45,041 INFO: mu pt          11241434 1.000    
2021-10-28 13:38:45,041 INFO: muon mt        11241434 1.000    
2021-10-28 13:38:45,041 INFO: W m            11241433 1.000    
2021-10-28 13:38:45,041 INFO: 
2021-10-28 13:38:45,041 INFO: ========= DATASET 'wplusmunu_slices' INITIALISED =========
2021-10-28 13:38:45,041 INFO: 
2021-10-28 13:38:45,041 INFO: ======== INITIALISING DATASET 'wplusmunu_inclusive' =========
2021-10-28 13:38:46,099 DEBUG: DATASET INPUT OPTIONS: 
2021-10-28 13:38:46,099 DEBUG: ----------------------------
2021-10-28 13:38:46,099 DEBUG: Input file(s):  /data/atlas/HighMassDrellYan/test_mc16a/wplusmunu/*.root
2021-10-28 13:38:46,099 DEBUG: TTree: nominal_Loose
2021-10-28 13:38:46,099 DEBUG: Cutfile: options/jesal_cutflow/cutfile_jesal.txt
2021-10-28 13:38:46,099 DEBUG: Slices: False
2021-10-28 13:38:46,099 DEBUG: grouped cutflow: True
2021-10-28 13:38:46,099 DEBUG: Forced dataset rebuild: False
2021-10-28 13:38:46,100 DEBUG: ----------------------------
2021-10-28 13:38:46,100 DEBUG: 
2021-10-28 13:38:46,100 DEBUG: CUTFILE CONTENTS
2021-10-28 13:38:46,100 DEBUG: ---------------------------
2021-10-28 13:38:46,101 DEBUG: [CUTS]
2021-10-28 13:38:46,101 DEBUG: # Name	Variable	</>	Cut (in GeV if applicable)	Group Symmetric
2021-10-28 13:38:46,101 DEBUG: # !!REMEMBER DEFAULT ANALYSISTOP OUTPUT IS IN MeV NOT GeV!!
2021-10-28 13:38:46,102 DEBUG: Tight muon	mu_isTight	=	1	tight muon cut	false
2021-10-28 13:38:46,102 DEBUG: eta	mu_eta	<	2.4	eta	true
2021-10-28 13:38:46,102 DEBUG: E_{T}^{MISS}	met_met	>	65	met	false
2021-10-28 13:38:46,102 DEBUG: p_T	mu_pt	>	65	mu pt	false
2021-10-28 13:38:46,102 DEBUG: M_T	mu_mt	>	55	muon mt	false
2021-10-28 13:38:46,102 DEBUG: M_W	MC_WZ_m	>	120	W m	false	truth
2021-10-28 13:38:46,102 DEBUG: 
2021-10-28 13:38:46,102 DEBUG: [OUTPUTS]
2021-10-28 13:38:46,102 DEBUG: # variables to process
2021-10-28 13:38:46,102 DEBUG: mu_mt
2021-10-28 13:38:46,103 DEBUG: mu_pt
2021-10-28 13:38:46,103 DEBUG: mu_eta
2021-10-28 13:38:46,103 DEBUG: 
2021-10-28 13:38:46,103 DEBUG: [OPTIONS]
2021-10-28 13:38:46,103 DEBUG: # case-insensitive
2021-10-28 13:38:46,103 DEBUG: sequential	false
2021-10-28 13:38:46,103 DEBUG: grouped cutflow	false
2021-10-28 13:38:46,103 DEBUG: ---------------------------
2021-10-28 13:38:46,103 INFO: Parsting cutfile for wplusmunu_inclusive...
2021-10-28 13:38:46,106 DEBUG: Datafile found
2021-10-28 13:38:46,106 INFO: Reading data for wplusmunu_inclusive dataframe from outputs/jesal_cutflow/data/wplusmunu_inclusive_df.pkl...
2021-10-28 13:38:46,111 INFO: Number of events in dataset wplusmunu_inclusive: 25515
2021-10-28 13:38:46,111 INFO: Creating weights for wplusmunu_inclusive...
2021-10-28 13:38:46,124 DEBUG: INCLUSIVE SAMPLE METADATA:
2021-10-28 13:38:46,124 DEBUG: --------------------------
2021-10-28 13:38:46,124 DEBUG: n_events   sum_w         x-s fb        lumi fb-1
2021-10-28 13:38:46,124 DEBUG: ==========================================================
2021-10-28 13:38:46,125 DEBUG: 25515      2.903304e+08  1.137881e+04  3.117847e+02
2021-10-28 13:38:46,126 INFO: Creating cuts for wplusmunu_inclusive...
2021-10-28 13:38:46,131 INFO: 
2021-10-28 13:38:46,131 INFO: ========== CUTS USED ============
2021-10-28 13:38:46,131 INFO: Tight muon  : mu_isTight = 1.0
2021-10-28 13:38:46,131 INFO: eta         :    |mu_eta| < 2.4
2021-10-28 13:38:46,131 INFO: E_{T}^{MISS}:    met_met > 65.0
2021-10-28 13:38:46,131 INFO: p_T         :      mu_pt > 65.0
2021-10-28 13:38:46,132 INFO: M_T         :      mu_mt > 55.0
2021-10-28 13:38:46,132 INFO: M_W         :    MC_WZ_m > 120.0
2021-10-28 13:38:46,132 INFO: 
2021-10-28 13:38:46,146 INFO: =========== CUTFLOW =============
2021-10-28 13:38:46,147 INFO: Option: Non-sequential
2021-10-28 13:38:46,147 INFO: ---------------------------------
2021-10-28 13:38:46,147 INFO: Cut            Events Ratio
2021-10-28 13:38:46,147 INFO: Inclusive      25515   -
2021-10-28 13:38:46,147 INFO: tight muon cut 25515 1.000    
2021-10-28 13:38:46,147 INFO: eta            25515 1.000    
2021-10-28 13:38:46,147 INFO: met            25515 1.000    
2021-10-28 13:38:46,147 INFO: mu pt          25515 1.000    
2021-10-28 13:38:46,147 INFO: muon mt        25515 1.000    
2021-10-28 13:38:46,147 INFO: W m            17359 0.680    
2021-10-28 13:38:46,147 INFO: 
2021-10-28 13:38:46,147 INFO: ========= DATASET 'wplusmunu_inclusive' INITIALISED =========
2021-10-28 13:38:46,147 INFO: ====================================
2021-10-28 13:38:46,147 INFO: ANALYSIS 'jesal_cutflow' INITIALISED
2021-10-28 13:38:46,763 INFO: Saved pickle file to outputs/jesal_cutflow/histograms/wmintaunu_slices_mu_mt_mass_slices_full.pkl
2021-10-28 13:38:47,061 INFO: Figure saved to outputs/jesal_cutflow/plots/mu_mt_mass_slices_full.png
2021-10-28 13:38:47,558 INFO: Saved pickle file to outputs/jesal_cutflow/histograms/wplustaunu_slices_mu_mt_mass_slices_full.pkl
2021-10-28 13:38:47,833 INFO: Figure saved to outputs/jesal_cutflow/plots/mu_mt_mass_slices_full.png
2021-10-28 13:38:49,767 INFO: Saved pickle file to outputs/jesal_cutflow/histograms/wminmunu_slices_mu_mt_mass_slices_full.pkl
2021-10-28 13:38:50,044 INFO: Figure saved to outputs/jesal_cutflow/plots/mu_mt_mass_slices_full.png
2021-10-28 13:38:51,808 INFO: Saved pickle file to outputs/jesal_cutflow/histograms/wplusmunu_slices_mu_mt_mass_slices_full.pkl
2021-10-28 13:38:52,083 INFO: Figure saved to outputs/jesal_cutflow/plots/mu_mt_mass_slices_full.png
