2021-10-26 23:37:55,224 INFO:INITIALISING ANALYSIS 'jesal_cutflow'...
2021-10-26 23:37:55,224 INFO:========================================
2021-10-26 23:37:55,225 INFO:
2021-10-26 23:37:55,225 INFO:======== INITIALISING DATASET 'wmintaunu_slices' =========
2021-10-26 23:37:55,234 DEBUG:DATASET INPUT OPTIONS: 
2021-10-26 23:37:55,235 DEBUG:----------------------------
2021-10-26 23:37:55,235 DEBUG:Input file(s):  /data/atlas/HighMassDrellYan/test_mc16a/wmintaunu_*/*.root
2021-10-26 23:37:55,235 DEBUG:TTree: nominal_Loose
2021-10-26 23:37:55,235 DEBUG:Cutfile: options/jesal_cutflow/cutfile_jesal.txt
2021-10-26 23:37:55,235 DEBUG:Slices: True
2021-10-26 23:37:55,236 DEBUG:grouped cutflow: True
2021-10-26 23:37:55,236 DEBUG:Forced dataset rebuild: True
2021-10-26 23:37:55,236 DEBUG:----------------------------
2021-10-26 23:37:55,236 DEBUG:
2021-10-26 23:37:55,237 DEBUG:CUTFILE CONTENTS
2021-10-26 23:37:55,237 DEBUG:---------------------------
2021-10-26 23:37:55,237 DEBUG:[CUTS]
2021-10-26 23:37:55,237 DEBUG:# Name	Variable	</>	Cut (in GeV if applicable)	Group Symmetric
2021-10-26 23:37:55,237 DEBUG:# !!REMEMBER DEFAULT ANALYSISTOP OUTPUT IS IN MeV NOT GeV!!
2021-10-26 23:37:55,237 DEBUG:Tight muon	mu_isTight	=	1	tight muon cut	false
2021-10-26 23:37:55,238 DEBUG:eta	mu_eta	<	2.4	eta	true
2021-10-26 23:37:55,238 DEBUG:E_{T}^{MISS}	met_met	>	65	met	false
2021-10-26 23:37:55,238 DEBUG:p_T	mu_pt	>	65	mu pt	false
2021-10-26 23:37:55,238 DEBUG:M_T	mu_mt	>	55	muon mt	false
2021-10-26 23:37:55,238 DEBUG:M_W	MC_WZ_m	<	120	W m	false	truth
2021-10-26 23:37:55,239 DEBUG:
2021-10-26 23:37:55,239 DEBUG:[OUTPUTS]
2021-10-26 23:37:55,239 DEBUG:# variables to process
2021-10-26 23:37:55,240 DEBUG:mu_mt
2021-10-26 23:37:55,240 DEBUG:mu_pt
2021-10-26 23:37:55,240 DEBUG:mu_eta
2021-10-26 23:37:55,240 DEBUG:
2021-10-26 23:37:55,240 DEBUG:[OPTIONS]
2021-10-26 23:37:55,240 DEBUG:# case-insensitive
2021-10-26 23:37:55,240 DEBUG:sequential	false
2021-10-26 23:37:55,240 DEBUG:grouped cutflow	false
2021-10-26 23:37:55,240 DEBUG:---------------------------
2021-10-26 23:37:55,241 INFO:Parsting cutfile for wmintaunu_slices...
2021-10-26 23:37:55,245 INFO:Building wmintaunu_slices dataframe from /data/atlas/HighMassDrellYan/test_mc16a/wmintaunu_*/*.root...
2021-10-26 23:37:55,245 DEBUG:Variables to extract from nominal_Loose tree: 
2021-10-26 23:37:55,245 DEBUG:  - mu_pt
2021-10-26 23:37:55,245 DEBUG:  - eventNumber
2021-10-26 23:37:55,245 DEBUG:  - weight_mc
2021-10-26 23:37:55,246 DEBUG:  - met_met
2021-10-26 23:37:55,246 DEBUG:  - met_phi
2021-10-26 23:37:55,246 DEBUG:  - mu_phi
2021-10-26 23:37:55,246 DEBUG:  - mu_isTight
2021-10-26 23:37:55,246 DEBUG:  - mu_eta
2021-10-26 23:37:55,246 DEBUG:Variables to extract from truth tree: 
2021-10-26 23:37:55,246 DEBUG:  - MC_WZ_m
2021-10-26 23:37:55,246 DEBUG:Variables to calculate: 
2021-10-26 23:37:55,246 DEBUG:  - mu_mt
2021-10-26 23:37:55,246 DEBUG:Checking TTree and TBranch values in file(s) '/data/atlas/HighMassDrellYan/test_mc16a/wmintaunu_*/*.root'...
2021-10-26 23:37:55,432 DEBUG:All TTrees and variables found in /data/atlas/HighMassDrellYan/test_mc16a/wmintaunu_1000/user.jmandali.24799642._000002.prelim_mc16a_mu_sig.root...
2021-10-26 23:37:55,544 DEBUG:All TTrees and variables found in /data/atlas/HighMassDrellYan/test_mc16a/wmintaunu_120/user.jmandali.24799634._000002.prelim_mc16a_mu_sig.root...
2021-10-26 23:37:55,652 DEBUG:All TTrees and variables found in /data/atlas/HighMassDrellYan/test_mc16a/wmintaunu_1250/user.jmandali.24799644._000002.prelim_mc16a_mu_sig.root...
2021-10-26 23:37:55,766 DEBUG:All TTrees and variables found in /data/atlas/HighMassDrellYan/test_mc16a/wmintaunu_1500/user.jmandali.24799851._000001.prelim_mc16a_tau_sig.root...
2021-10-26 23:37:55,881 DEBUG:All TTrees and variables found in /data/atlas/HighMassDrellYan/test_mc16a/wmintaunu_1750/user.jmandali.24799852._000001.prelim_mc16a_tau_sig.root...
2021-10-26 23:37:56,041 DEBUG:All TTrees and variables found in /data/atlas/HighMassDrellYan/test_mc16a/wmintaunu_180/user.jmandali.24799635._000002.prelim_mc16a_mu_sig.root...
2021-10-26 23:37:56,152 DEBUG:All TTrees and variables found in /data/atlas/HighMassDrellYan/test_mc16a/wmintaunu_2000/user.jmandali.24799853._000001.prelim_mc16a_tau_sig.root...
2021-10-26 23:37:56,260 DEBUG:All TTrees and variables found in /data/atlas/HighMassDrellYan/test_mc16a/wmintaunu_2250/user.jmandali.24799855._000002.prelim_mc16a_tau_sig.root...
2021-10-26 23:37:56,370 DEBUG:All TTrees and variables found in /data/atlas/HighMassDrellYan/test_mc16a/wmintaunu_250/user.jmandali.24799638._000003.prelim_mc16a_mu_sig.root...
2021-10-26 23:37:56,484 DEBUG:All TTrees and variables found in /data/atlas/HighMassDrellYan/test_mc16a/wmintaunu_2500/user.jmandali.24799857._000001.prelim_mc16a_tau_sig.root...
2021-10-26 23:37:56,682 DEBUG:All TTrees and variables found in /data/atlas/HighMassDrellYan/test_mc16a/wmintaunu_2750/user.jmandali.24799859._000001.prelim_mc16a_tau_sig.root...
2021-10-26 23:37:56,796 DEBUG:All TTrees and variables found in /data/atlas/HighMassDrellYan/test_mc16a/wmintaunu_3000/user.jmandali.24799860._000001.prelim_mc16a_tau_sig.root...
2021-10-26 23:37:56,903 DEBUG:All TTrees and variables found in /data/atlas/HighMassDrellYan/test_mc16a/wmintaunu_3500/user.jmandali.24799862._000002.prelim_mc16a_tau_sig.root...
2021-10-26 23:37:57,008 DEBUG:All TTrees and variables found in /data/atlas/HighMassDrellYan/test_mc16a/wmintaunu_400/user.jmandali.24799639._000002.prelim_mc16a_mu_sig.root...
2021-10-26 23:37:57,114 DEBUG:All TTrees and variables found in /data/atlas/HighMassDrellYan/test_mc16a/wmintaunu_4000/user.jmandali.24799864._000001.prelim_mc16a_tau_sig.root...
2021-10-26 23:37:57,220 DEBUG:All TTrees and variables found in /data/atlas/HighMassDrellYan/test_mc16a/wmintaunu_4500/user.jmandali.24799866._000005.prelim_mc16a_tau_sig.root...
2021-10-26 23:37:57,374 DEBUG:All TTrees and variables found in /data/atlas/HighMassDrellYan/test_mc16a/wmintaunu_5000/user.jmandali.24799867._000001.prelim_mc16a_tau_sig.root...
2021-10-26 23:37:57,479 DEBUG:All TTrees and variables found in /data/atlas/HighMassDrellYan/test_mc16a/wmintaunu_600/user.jmandali.24799640._000002.prelim_mc16a_mu_sig.root...
2021-10-26 23:37:57,589 DEBUG:All TTrees and variables found in /data/atlas/HighMassDrellYan/test_mc16a/wmintaunu_800/user.jmandali.24799641._000002.prelim_mc16a_mu_sig.root...
2021-10-26 23:37:57,589 DEBUG:All required TTrees variables found.
2021-10-26 23:37:57,589 WARNING:Variable(s) ['mu_isTight'] not contained in labels dictionary. Some unexpected behaviour may occur.
2021-10-26 23:37:57,589 INFO:Extracting mass slices from /data/atlas/HighMassDrellYan/test_mc16a/wmintaunu_*/*.root...
2021-10-26 23:37:57,589 DEBUG:Extracting {'mu_pt', 'eventNumber', 'weight_mc', 'met_met', 'met_phi', 'mu_phi', 'mu_isTight', 'mcChannelNumber', 'mu_eta'} from nominal_Loose tree...
2021-10-26 23:38:00,520 DEBUG:Extracted 41791 events.
2021-10-26 23:38:00,520 DEBUG:Extracting ['total_EventsWeighted', 'dsid'] from 'sumWeights' tree...
2021-10-26 23:38:01,101 DEBUG:Calculating sum of weights and merging...
2021-10-26 23:38:01,109 DEBUG:Extracting ['MC_WZ_m'] from truth tree...
