2021-10-22 15:04:53,740 INFO:INITIALISING ANALYSIS 'jesal_cutflow'...
2021-10-22 15:04:53,741 INFO:========================================
2021-10-22 15:04:53,742 INFO:
2021-10-22 15:04:53,742 INFO:======== INITIALISING DATASET 'truth' =========
2021-10-22 15:04:53,746 DEBUG:DATASET INPUT OPTIONS: 
2021-10-22 15:04:53,747 DEBUG:----------------------------
2021-10-22 15:04:53,747 DEBUG:Input file:  /data/atlas/HighMassDrellYan/test_mc16a/wmintaunu/*.root
2021-10-22 15:04:53,747 DEBUG:TTree: nominal_Loose
2021-10-22 15:04:53,748 DEBUG:Cutfile: options/jesal_cutflow/cutfile_jesal.txt
2021-10-22 15:04:53,749 DEBUG:Slices: True
2021-10-22 15:04:53,749 DEBUG:groupted cutflow: True
2021-10-22 15:04:53,749 DEBUG:CUTFILE CONTENTS
2021-10-22 15:04:53,750 DEBUG:---------------------------
2021-10-22 15:04:53,750 DEBUG:[CUTS]
2021-10-22 15:04:53,750 DEBUG:# Name	Variable	</>	Cut (in GeV if applicable)	Group Symmetric
2021-10-22 15:04:53,751 DEBUG:# !!REMEMBER DEFAULT ANALYSISTOP OUTPUT IS IN MeV NOT GeV!!
2021-10-22 15:04:53,752 DEBUG:Tight muon	mu_isTight	=	1	tight muon cut	false
2021-10-22 15:04:53,752 DEBUG:eta	mu_eta	<	2.4	eta	true
2021-10-22 15:04:53,752 DEBUG:E_{T}^{MISS}	met_met	>	65	met	false
2021-10-22 15:04:53,753 DEBUG:p_T	mu_pt	>	65	mu pt	false
2021-10-22 15:04:53,753 DEBUG:M_T	PDFinfo_Q	>	55	dilepton mass	false
2021-10-22 15:04:53,753 DEBUG:
2021-10-22 15:04:53,754 DEBUG:[OUTPUTS]
2021-10-22 15:04:53,755 DEBUG:# variables to process
2021-10-22 15:04:53,755 DEBUG:PDFinfo_Q
2021-10-22 15:04:53,755 DEBUG:
2021-10-22 15:04:53,755 DEBUG:[OPTIONS]
2021-10-22 15:04:53,756 DEBUG:# case-insensitive
2021-10-22 15:04:53,757 DEBUG:sequential	false
2021-10-22 15:04:53,757 DEBUG:grouped cutflow	false
2021-10-22 15:04:53,757 DEBUG:---------------------------
2021-10-22 15:04:53,757 INFO:Parsting cutfile for truth...
2021-10-22 15:04:53,762 DEBUG:Datafile found
2021-10-22 15:04:53,762 INFO:Reading data for truth dataframe from outputs/jesal_cutflow/data/truth_df.pkl...
2021-10-22 15:04:53,768 INFO:Creating weights for truth...
2021-10-22 15:04:53,777 DEBUG:PER-DSID INFO:
2021-10-22 15:04:53,778 DEBUG:--------------
2021-10-22 15:04:53,778 DEBUG:DSID       n_events   sum_w         x-s fb        lumi fb-1
2021-10-22 15:04:53,778 DEBUG:==========================================================
2021-10-22 15:04:53,788 DEBUG:361105     118        9.953306e+05  8.435005e+03  8.431161e-04
2021-10-22 15:04:53,788 INFO:Creating cuts for truth...
2021-10-22 15:04:53,797 INFO:
2021-10-22 15:04:53,797 INFO:========== CUTS USED ============
2021-10-22 15:04:53,797 INFO:Tight muon  : mu_isTight = 1.0
2021-10-22 15:04:53,798 INFO:eta         :    |mu_eta| < 2.4
2021-10-22 15:04:53,798 INFO:E_{T}^{MISS}:    met_met > 65.0
2021-10-22 15:04:53,799 INFO:p_T         :      mu_pt > 65.0
2021-10-22 15:04:53,799 INFO:M_T         :  PDFinfo_Q > 55.0
2021-10-22 15:04:53,800 INFO:
2021-10-22 15:04:53,817 INFO:========= DATASET 'truth' INITIALISED =========
2021-10-22 15:04:53,817 INFO:====================================
2021-10-22 15:04:53,818 INFO:ANALYSIS 'jesal_cutflow' INITIALISED
2021-10-22 15:11:57,895 INFO:Cutflow histogram saved to outputs/jesal_cutflow/plots/cutflow.png
2021-10-22 15:21:10,696 INFO:=========== CUTFLOW =============
2021-10-22 15:21:10,697 INFO:Option: Non-sequential
2021-10-22 15:21:10,698 INFO:---------------------------------
2021-10-22 15:21:10,698 INFO:Cut            Events Ratio
2021-10-22 15:21:10,698 INFO:Inclusive      118   -
2021-10-22 15:21:10,700 INFO:tight muon cut 118 1.000    
2021-10-22 15:21:10,701 INFO:eta            118 1.000    
2021-10-22 15:21:10,701 INFO:met            118 1.000    
2021-10-22 15:21:10,701 INFO:mu pt          118 1.000    
2021-10-22 15:21:10,701 INFO:dilepton mass  0   0.000    
2021-10-22 15:21:10,702 INFO:
