2021-10-28 20:59:57,002 INFO: INITIALISING ANALYSIS 'jesal_cutflow'...
2021-10-28 20:59:57,003 INFO: ========================================
2021-10-28 20:59:57,003 INFO: 
2021-10-28 20:59:57,003 INFO: ======== INITIALISING DATASET 'wmintaunu_slices' =========
2021-10-28 20:59:59,594 DEBUG: DATASET INPUT OPTIONS: 
2021-10-28 20:59:59,594 DEBUG: ----------------------------
2021-10-28 20:59:59,595 DEBUG: Input file(s):  /data/atlas/HighMassDrellYan/test_mc16a/wmintaunu_*/*.root
2021-10-28 20:59:59,595 DEBUG: TTree: nominal_Loose
2021-10-28 20:59:59,595 DEBUG: Cutfile: options/jesal_cutflow/cutfile_jesal.txt
2021-10-28 20:59:59,596 DEBUG: Slices: True
2021-10-28 20:59:59,597 DEBUG: grouped cutflow: True
2021-10-28 20:59:59,597 DEBUG: Forced dataset rebuild: False
2021-10-28 20:59:59,597 DEBUG: ----------------------------
2021-10-28 20:59:59,597 DEBUG: 
2021-10-28 20:59:59,597 DEBUG: CUTFILE CONTENTS
2021-10-28 20:59:59,598 DEBUG: ---------------------------
2021-10-28 20:59:59,598 DEBUG: [CUTS]
2021-10-28 20:59:59,599 DEBUG: # Name	Variable	</>	Cut (in GeV if applicable)	Group Symmetric
2021-10-28 20:59:59,599 DEBUG: # !!REMEMBER DEFAULT ANALYSISTOP OUTPUT IS IN MeV NOT GeV!!
2021-10-28 20:59:59,599 DEBUG: Tight muon	mu_isTight	=	1	tight muon cut	false
2021-10-28 20:59:59,599 DEBUG: eta	mu_eta	<	2.4	eta	true
2021-10-28 20:59:59,600 DEBUG: E_{T}^{MISS}	met_met	>	65	met	false
2021-10-28 20:59:59,600 DEBUG: p_T	mu_pt	>	65	mu pt	false
2021-10-28 20:59:59,600 DEBUG: M_T	mu_mt	>	55	muon mt	false
2021-10-28 20:59:59,600 DEBUG: M_W	MC_WZ_m	>	120	W m	false	truth
2021-10-28 20:59:59,601 DEBUG: 
2021-10-28 20:59:59,602 DEBUG: [OUTPUTS]
2021-10-28 20:59:59,602 DEBUG: # variables to process
2021-10-28 20:59:59,602 DEBUG: mu_mt
2021-10-28 20:59:59,602 DEBUG: mu_pt
2021-10-28 20:59:59,602 DEBUG: mu_eta
2021-10-28 20:59:59,603 DEBUG: 
2021-10-28 20:59:59,603 DEBUG: [OPTIONS]
2021-10-28 20:59:59,603 DEBUG: # case-insensitive
2021-10-28 20:59:59,603 DEBUG: sequential	false
2021-10-28 20:59:59,603 DEBUG: grouped cutflow	false
2021-10-28 20:59:59,603 DEBUG: ---------------------------
2021-10-28 20:59:59,604 INFO: Parsting cutfile for wmintaunu_slices...
2021-10-28 20:59:59,608 DEBUG: Datafile found
2021-10-28 20:59:59,609 INFO: Reading data for wmintaunu_slices dataframe from outputs/jesal_cutflow/data/wmintaunu_slices_df.pkl...
2021-10-28 20:59:59,644 INFO: Number of events in dataset wmintaunu_slices: 726886
2021-10-28 20:59:59,644 INFO: Creating weights for wmintaunu_slices...
2021-10-28 20:59:59,658 DEBUG: PER-DSID INFO:
2021-10-28 20:59:59,658 DEBUG: --------------
2021-10-28 20:59:59,658 DEBUG: DSID       n_events   sum_w         x-s fb        lumi fb-1
2021-10-28 20:59:59,659 DEBUG: ==========================================================
2021-10-28 20:59:59,687 DEBUG: 301160     584        1.304203e+04  2.233225e+01  1.750007e-01
2021-10-28 20:59:59,689 DEBUG: 301161     7814       2.572807e+04  3.292561e+00  4.385605e+00
2021-10-28 20:59:59,692 DEBUG: 301162     19355      2.097866e+04  1.083888e+00  1.807713e+01
2021-10-28 20:59:59,696 DEBUG: 301163     32203      5.649394e+03  1.754307e-01  4.508980e+01
2021-10-28 20:59:59,700 DEBUG: 301164     36493      1.130532e+03  3.097943e-02  1.021794e+02
2021-10-28 20:59:59,703 DEBUG: 301165     40197      3.330843e+02  8.286296e-03  1.125505e+02
2021-10-28 20:59:59,707 DEBUG: 301166     38794      1.225665e+02  3.159418e-03  1.180722e+02
2021-10-28 20:59:59,711 DEBUG: 301167     45957      4.608419e+01  1.002768e-03  1.286798e+02
2021-10-28 20:59:59,715 DEBUG: 301168     46553      1.713763e+01  3.681316e-04  1.303474e+02
2021-10-28 20:59:59,719 DEBUG: 301169     46357      6.928842e+00  1.494670e-04  1.298001e+02
2021-10-28 20:59:59,722 DEBUG: 301170     48747      3.183652e+00  6.530970e-05  1.364905e+02
2021-10-28 20:59:59,726 DEBUG: 301171     45132      1.361533e+00  3.016780e-05  1.263680e+02
2021-10-28 20:59:59,729 DEBUG: 301172     48195      7.012044e-01  1.454932e-05  1.349483e+02
2021-10-28 20:59:59,733 DEBUG: 301173     47837      3.472451e-01  7.258924e-06  1.339429e+02
2021-10-28 20:59:59,737 DEBUG: 301174     46889      2.658246e-01  5.669233e-06  1.312917e+02
2021-10-28 20:59:59,741 DEBUG: 301175     46518      7.430704e-02  1.597383e-06  1.302495e+02
2021-10-28 20:59:59,744 DEBUG: 301176     44600      2.105576e-02  4.721023e-07  1.248797e+02
2021-10-28 20:59:59,748 DEBUG: 301177     44286      6.324148e-03  1.428024e-07  1.240002e+02
2021-10-28 20:59:59,751 DEBUG: 301178     40375      2.488081e-03  6.162430e-08  1.130493e+02
2021-10-28 20:59:59,751 INFO: Creating cuts for wmintaunu_slices...
2021-10-28 20:59:59,760 INFO: 
2021-10-28 20:59:59,760 INFO: ========== CUTS USED ============
2021-10-28 20:59:59,760 INFO: Tight muon  : mu_isTight = 1.0
2021-10-28 20:59:59,760 INFO: eta         :    |mu_eta| < 2.4
2021-10-28 20:59:59,760 INFO: E_{T}^{MISS}:    met_met > 65.0
2021-10-28 20:59:59,761 INFO: p_T         :      mu_pt > 65.0
2021-10-28 20:59:59,762 INFO: M_T         :      mu_mt > 55.0
2021-10-28 20:59:59,762 INFO: M_W         :    MC_WZ_m > 120.0
2021-10-28 20:59:59,762 INFO: 
2021-10-28 20:59:59,849 INFO: =========== CUTFLOW =============
2021-10-28 20:59:59,850 INFO: Option: Non-sequential
2021-10-28 20:59:59,850 INFO: ---------------------------------
2021-10-28 20:59:59,850 INFO: Cut            Events Ratio
2021-10-28 20:59:59,850 INFO: Inclusive      726886   -
2021-10-28 20:59:59,850 INFO: tight muon cut 726886 1.000    
2021-10-28 20:59:59,851 INFO: eta            726886 1.000    
2021-10-28 20:59:59,852 INFO: met            726886 1.000    
2021-10-28 20:59:59,852 INFO: mu pt          726886 1.000    
2021-10-28 20:59:59,852 INFO: muon mt        726886 1.000    
2021-10-28 20:59:59,852 INFO: W m            726886 1.000    
2021-10-28 20:59:59,852 INFO: 
2021-10-28 20:59:59,852 INFO: ========= DATASET 'wmintaunu_slices' INITIALISED =========
2021-10-28 20:59:59,852 INFO: 
2021-10-28 20:59:59,852 INFO: ======== INITIALISING DATASET 'wmintaunu_inclusive' =========
2021-10-28 20:59:59,853 DEBUG: DATASET INPUT OPTIONS: 
2021-10-28 20:59:59,853 DEBUG: ----------------------------
2021-10-28 20:59:59,854 DEBUG: Input file(s):  /data/atlas/HighMassDrellYan/test_mc16a/wmintaunu/*.root
2021-10-28 20:59:59,854 DEBUG: TTree: nominal_Loose
2021-10-28 20:59:59,854 DEBUG: Cutfile: options/jesal_cutflow/cutfile_jesal.txt
2021-10-28 20:59:59,854 DEBUG: Slices: False
2021-10-28 20:59:59,854 DEBUG: grouped cutflow: True
2021-10-28 20:59:59,854 DEBUG: Forced dataset rebuild: False
2021-10-28 20:59:59,854 DEBUG: ----------------------------
2021-10-28 20:59:59,854 DEBUG: 
2021-10-28 20:59:59,854 DEBUG: CUTFILE CONTENTS
2021-10-28 20:59:59,854 DEBUG: ---------------------------
2021-10-28 20:59:59,855 DEBUG: [CUTS]
2021-10-28 20:59:59,855 DEBUG: # Name	Variable	</>	Cut (in GeV if applicable)	Group Symmetric
2021-10-28 20:59:59,855 DEBUG: # !!REMEMBER DEFAULT ANALYSISTOP OUTPUT IS IN MeV NOT GeV!!
2021-10-28 20:59:59,855 DEBUG: Tight muon	mu_isTight	=	1	tight muon cut	false
2021-10-28 20:59:59,856 DEBUG: eta	mu_eta	<	2.4	eta	true
2021-10-28 20:59:59,857 DEBUG: E_{T}^{MISS}	met_met	>	65	met	false
2021-10-28 20:59:59,857 DEBUG: p_T	mu_pt	>	65	mu pt	false
2021-10-28 20:59:59,857 DEBUG: M_T	mu_mt	>	55	muon mt	false
2021-10-28 20:59:59,857 DEBUG: M_W	MC_WZ_m	>	120	W m	false	truth
2021-10-28 20:59:59,858 DEBUG: 
2021-10-28 20:59:59,858 DEBUG: [OUTPUTS]
2021-10-28 20:59:59,858 DEBUG: # variables to process
2021-10-28 20:59:59,858 DEBUG: mu_mt
2021-10-28 20:59:59,858 DEBUG: mu_pt
2021-10-28 20:59:59,858 DEBUG: mu_eta
2021-10-28 20:59:59,858 DEBUG: 
2021-10-28 20:59:59,858 DEBUG: [OPTIONS]
2021-10-28 20:59:59,858 DEBUG: # case-insensitive
2021-10-28 20:59:59,859 DEBUG: sequential	false
2021-10-28 20:59:59,859 DEBUG: grouped cutflow	false
2021-10-28 20:59:59,859 DEBUG: ---------------------------
2021-10-28 20:59:59,859 INFO: Parsting cutfile for wmintaunu_inclusive...
2021-10-28 20:59:59,861 DEBUG: Datafile found
2021-10-28 20:59:59,861 INFO: Reading data for wmintaunu_inclusive dataframe from outputs/jesal_cutflow/data/wmintaunu_inclusive_df.pkl...
2021-10-28 20:59:59,863 INFO: Number of events in dataset wmintaunu_inclusive: 118
2021-10-28 20:59:59,863 INFO: Creating weights for wmintaunu_inclusive...
2021-10-28 20:59:59,864 DEBUG: INCLUSIVE SAMPLE METADATA:
2021-10-28 20:59:59,865 DEBUG: --------------------------
2021-10-28 20:59:59,865 DEBUG: n_events   sum_w         x-s fb        lumi fb-1
2021-10-28 20:59:59,865 DEBUG: ==========================================================
2021-10-28 20:59:59,866 DEBUG: 118        9.953306e+05  8.435005e+03  1.958505e+00
2021-10-28 20:59:59,866 INFO: Creating cuts for wmintaunu_inclusive...
2021-10-28 20:59:59,870 INFO: 
2021-10-28 20:59:59,870 INFO: ========== CUTS USED ============
2021-10-28 20:59:59,871 INFO: Tight muon  : mu_isTight = 1.0
2021-10-28 20:59:59,871 INFO: eta         :    |mu_eta| < 2.4
2021-10-28 20:59:59,871 INFO: E_{T}^{MISS}:    met_met > 65.0
2021-10-28 20:59:59,871 INFO: p_T         :      mu_pt > 65.0
2021-10-28 20:59:59,871 INFO: M_T         :      mu_mt > 55.0
2021-10-28 20:59:59,871 INFO: M_W         :    MC_WZ_m > 120.0
2021-10-28 20:59:59,871 INFO: 
2021-10-28 20:59:59,877 INFO: =========== CUTFLOW =============
2021-10-28 20:59:59,877 INFO: Option: Non-sequential
2021-10-28 20:59:59,877 INFO: ---------------------------------
2021-10-28 20:59:59,877 INFO: Cut            Events Ratio
2021-10-28 20:59:59,878 INFO: Inclusive      118   -
2021-10-28 20:59:59,879 INFO: tight muon cut 118 1.000    
2021-10-28 20:59:59,879 INFO: eta            118 1.000    
2021-10-28 20:59:59,880 INFO: met            118 1.000    
2021-10-28 20:59:59,880 INFO: mu pt          118 1.000    
2021-10-28 20:59:59,880 INFO: muon mt        118 1.000    
2021-10-28 20:59:59,880 INFO: W m            107 0.907    
2021-10-28 20:59:59,880 INFO: 
2021-10-28 20:59:59,880 INFO: ========= DATASET 'wmintaunu_inclusive' INITIALISED =========
2021-10-28 20:59:59,880 INFO: 
2021-10-28 20:59:59,880 INFO: ======== INITIALISING DATASET 'wplustaunu_slices' =========
2021-10-28 21:00:00,147 DEBUG: DATASET INPUT OPTIONS: 
2021-10-28 21:00:00,147 DEBUG: ----------------------------
2021-10-28 21:00:00,147 DEBUG: Input file(s):  /data/atlas/HighMassDrellYan/test_mc16a/wplustaunu_*/*.root
2021-10-28 21:00:00,147 DEBUG: TTree: nominal_Loose
2021-10-28 21:00:00,147 DEBUG: Cutfile: options/jesal_cutflow/cutfile_jesal.txt
2021-10-28 21:00:00,147 DEBUG: Slices: True
2021-10-28 21:00:00,149 DEBUG: grouped cutflow: True
2021-10-28 21:00:00,150 DEBUG: Forced dataset rebuild: False
2021-10-28 21:00:00,150 DEBUG: ----------------------------
2021-10-28 21:00:00,150 DEBUG: 
2021-10-28 21:00:00,150 DEBUG: CUTFILE CONTENTS
2021-10-28 21:00:00,150 DEBUG: ---------------------------
2021-10-28 21:00:00,151 DEBUG: [CUTS]
2021-10-28 21:00:00,151 DEBUG: # Name	Variable	</>	Cut (in GeV if applicable)	Group Symmetric
2021-10-28 21:00:00,151 DEBUG: # !!REMEMBER DEFAULT ANALYSISTOP OUTPUT IS IN MeV NOT GeV!!
2021-10-28 21:00:00,151 DEBUG: Tight muon	mu_isTight	=	1	tight muon cut	false
2021-10-28 21:00:00,151 DEBUG: eta	mu_eta	<	2.4	eta	true
2021-10-28 21:00:00,151 DEBUG: E_{T}^{MISS}	met_met	>	65	met	false
2021-10-28 21:00:00,151 DEBUG: p_T	mu_pt	>	65	mu pt	false
2021-10-28 21:00:00,152 DEBUG: M_T	mu_mt	>	55	muon mt	false
2021-10-28 21:00:00,152 DEBUG: M_W	MC_WZ_m	>	120	W m	false	truth
2021-10-28 21:00:00,153 DEBUG: 
2021-10-28 21:00:00,154 DEBUG: [OUTPUTS]
2021-10-28 21:00:00,154 DEBUG: # variables to process
2021-10-28 21:00:00,154 DEBUG: mu_mt
2021-10-28 21:00:00,155 DEBUG: mu_pt
2021-10-28 21:00:00,155 DEBUG: mu_eta
2021-10-28 21:00:00,155 DEBUG: 
2021-10-28 21:00:00,155 DEBUG: [OPTIONS]
2021-10-28 21:00:00,155 DEBUG: # case-insensitive
2021-10-28 21:00:00,155 DEBUG: sequential	false
2021-10-28 21:00:00,155 DEBUG: grouped cutflow	false
2021-10-28 21:00:00,155 DEBUG: ---------------------------
2021-10-28 21:00:00,155 INFO: Parsting cutfile for wplustaunu_slices...
2021-10-28 21:00:00,158 DEBUG: Datafile found
2021-10-28 21:00:00,158 INFO: Reading data for wplustaunu_slices dataframe from outputs/jesal_cutflow/data/wplustaunu_slices_df.pkl...
2021-10-28 21:00:00,179 INFO: Number of events in dataset wplustaunu_slices: 772578
2021-10-28 21:00:00,179 INFO: Creating weights for wplustaunu_slices...
2021-10-28 21:00:00,186 DEBUG: PER-DSID INFO:
2021-10-28 21:00:00,186 DEBUG: --------------
2021-10-28 21:00:00,187 DEBUG: DSID       n_events   sum_w         x-s fb        lumi fb-1
2021-10-28 21:00:00,187 DEBUG: ==========================================================
2021-10-28 21:00:00,221 DEBUG: 301140     521        1.677207e+04  3.219208e+01  1.465126e-01
2021-10-28 21:00:00,224 DEBUG: 301141     8113       4.065248e+04  5.010782e+00  4.550459e+00
2021-10-28 21:00:00,227 DEBUG: 301142     21300      3.730728e+04  1.751515e+00  1.989156e+01
2021-10-28 21:00:00,230 DEBUG: 301143     36357      1.135788e+04  3.123987e-01  5.090710e+01
2021-10-28 21:00:00,233 DEBUG: 301144     37316      2.268519e+03  6.079211e-02  1.044842e+02
2021-10-28 21:00:00,237 DEBUG: 301145     42047      7.428984e+02  1.766828e-02  1.177314e+02
2021-10-28 21:00:00,240 DEBUG: 301146     47861      3.488693e+02  7.289219e-03  1.340092e+02
2021-10-28 21:00:00,244 DEBUG: 301147     48678      1.220389e+02  2.507065e-03  1.363000e+02
2021-10-28 21:00:00,247 DEBUG: 301148     49533      4.885402e+01  9.862924e-04  1.386951e+02
2021-10-28 21:00:00,251 DEBUG: 301149     50141      2.128827e+01  4.245682e-04  1.403967e+02
2021-10-28 21:00:00,254 DEBUG: 301150     49514      9.637255e+00  1.946370e-04  1.386388e+02
2021-10-28 21:00:00,258 DEBUG: 301151     49229      4.595385e+00  9.334710e-05  1.378400e+02
2021-10-28 21:00:00,262 DEBUG: 301152     49191      2.275536e+00  4.625919e-05  1.377341e+02
2021-10-28 21:00:00,265 DEBUG: 301153     50388      1.182906e+00  2.347594e-05  1.410873e+02
2021-10-28 21:00:00,269 DEBUG: 301154     49324      9.100242e-01  1.844993e-05  1.381123e+02
2021-10-28 21:00:00,273 DEBUG: 301155     47861      2.439302e-01  5.096639e-06  1.340080e+02
2021-10-28 21:00:00,276 DEBUG: 301156     47234      6.757697e-02  1.430685e-06  1.322577e+02
2021-10-28 21:00:00,281 DEBUG: 301157     46569      1.868748e-02  4.012858e-07  1.303949e+02
2021-10-28 21:00:00,284 DEBUG: 301158     41401      6.353437e-03  1.534610e-07  1.159238e+02
2021-10-28 21:00:00,284 INFO: Creating cuts for wplustaunu_slices...
2021-10-28 21:00:00,292 INFO: 
2021-10-28 21:00:00,292 INFO: ========== CUTS USED ============
2021-10-28 21:00:00,293 INFO: Tight muon  : mu_isTight = 1.0
2021-10-28 21:00:00,293 INFO: eta         :    |mu_eta| < 2.4
2021-10-28 21:00:00,294 INFO: E_{T}^{MISS}:    met_met > 65.0
2021-10-28 21:00:00,294 INFO: p_T         :      mu_pt > 65.0
2021-10-28 21:00:00,294 INFO: M_T         :      mu_mt > 55.0
2021-10-28 21:00:00,294 INFO: M_W         :    MC_WZ_m > 120.0
2021-10-28 21:00:00,295 INFO: 
2021-10-28 21:00:00,428 INFO: =========== CUTFLOW =============
2021-10-28 21:00:00,428 INFO: Option: Non-sequential
2021-10-28 21:00:00,428 INFO: ---------------------------------
2021-10-28 21:00:00,428 INFO: Cut            Events Ratio
2021-10-28 21:00:00,428 INFO: Inclusive      772578   -
2021-10-28 21:00:00,428 INFO: tight muon cut 772578 1.000    
2021-10-28 21:00:00,428 INFO: eta            772578 1.000    
2021-10-28 21:00:00,429 INFO: met            772578 1.000    
2021-10-28 21:00:00,430 INFO: mu pt          772578 1.000    
2021-10-28 21:00:00,430 INFO: muon mt        772578 1.000    
2021-10-28 21:00:00,430 INFO: W m            772578 1.000    
2021-10-28 21:00:00,430 INFO: 
2021-10-28 21:00:00,430 INFO: ========= DATASET 'wplustaunu_slices' INITIALISED =========
2021-10-28 21:00:00,431 INFO: 
2021-10-28 21:00:00,431 INFO: ======== INITIALISING DATASET 'wplustaunu_inclusive' =========
2021-10-28 21:00:01,048 DEBUG: DATASET INPUT OPTIONS: 
2021-10-28 21:00:01,048 DEBUG: ----------------------------
2021-10-28 21:00:01,048 DEBUG: Input file(s):  /data/atlas/HighMassDrellYan/test_mc16a/wplustaunu/*.root
2021-10-28 21:00:01,048 DEBUG: TTree: nominal_Loose
2021-10-28 21:00:01,049 DEBUG: Cutfile: options/jesal_cutflow/cutfile_jesal.txt
2021-10-28 21:00:01,050 DEBUG: Slices: False
2021-10-28 21:00:01,050 DEBUG: grouped cutflow: True
2021-10-28 21:00:01,050 DEBUG: Forced dataset rebuild: False
2021-10-28 21:00:01,051 DEBUG: ----------------------------
2021-10-28 21:00:01,051 DEBUG: 
2021-10-28 21:00:01,051 DEBUG: CUTFILE CONTENTS
2021-10-28 21:00:01,051 DEBUG: ---------------------------
2021-10-28 21:00:01,051 DEBUG: [CUTS]
2021-10-28 21:00:01,051 DEBUG: # Name	Variable	</>	Cut (in GeV if applicable)	Group Symmetric
2021-10-28 21:00:01,052 DEBUG: # !!REMEMBER DEFAULT ANALYSISTOP OUTPUT IS IN MeV NOT GeV!!
2021-10-28 21:00:01,052 DEBUG: Tight muon	mu_isTight	=	1	tight muon cut	false
2021-10-28 21:00:01,052 DEBUG: eta	mu_eta	<	2.4	eta	true
2021-10-28 21:00:01,052 DEBUG: E_{T}^{MISS}	met_met	>	65	met	false
2021-10-28 21:00:01,053 DEBUG: p_T	mu_pt	>	65	mu pt	false
2021-10-28 21:00:01,053 DEBUG: M_T	mu_mt	>	55	muon mt	false
2021-10-28 21:00:01,053 DEBUG: M_W	MC_WZ_m	>	120	W m	false	truth
2021-10-28 21:00:01,054 DEBUG: 
2021-10-28 21:00:01,054 DEBUG: [OUTPUTS]
2021-10-28 21:00:01,054 DEBUG: # variables to process
2021-10-28 21:00:01,054 DEBUG: mu_mt
2021-10-28 21:00:01,054 DEBUG: mu_pt
2021-10-28 21:00:01,054 DEBUG: mu_eta
2021-10-28 21:00:01,054 DEBUG: 
2021-10-28 21:00:01,054 DEBUG: [OPTIONS]
2021-10-28 21:00:01,054 DEBUG: # case-insensitive
2021-10-28 21:00:01,054 DEBUG: sequential	false
2021-10-28 21:00:01,054 DEBUG: grouped cutflow	false
2021-10-28 21:00:01,054 DEBUG: ---------------------------
2021-10-28 21:00:01,054 INFO: Parsting cutfile for wplustaunu_inclusive...
2021-10-28 21:00:01,056 DEBUG: Datafile found
2021-10-28 21:00:01,057 INFO: Reading data for wplustaunu_inclusive dataframe from outputs/jesal_cutflow/data/wplustaunu_inclusive_df.pkl...
2021-10-28 21:00:01,058 INFO: Number of events in dataset wplustaunu_inclusive: 226
2021-10-28 21:00:01,059 INFO: Creating weights for wplustaunu_inclusive...
2021-10-28 21:00:01,060 DEBUG: INCLUSIVE SAMPLE METADATA:
2021-10-28 21:00:01,061 DEBUG: --------------------------
2021-10-28 21:00:01,062 DEBUG: n_events   sum_w         x-s fb        lumi fb-1
2021-10-28 21:00:01,062 DEBUG: ==========================================================
2021-10-28 21:00:01,063 DEBUG: 226        2.566360e+06  1.135558e+04  2.761639e+00
2021-10-28 21:00:01,064 INFO: Creating cuts for wplustaunu_inclusive...
2021-10-28 21:00:01,070 INFO: 
2021-10-28 21:00:01,070 INFO: ========== CUTS USED ============
2021-10-28 21:00:01,070 INFO: Tight muon  : mu_isTight = 1.0
2021-10-28 21:00:01,071 INFO: eta         :    |mu_eta| < 2.4
2021-10-28 21:00:01,071 INFO: E_{T}^{MISS}:    met_met > 65.0
2021-10-28 21:00:01,071 INFO: p_T         :      mu_pt > 65.0
2021-10-28 21:00:01,071 INFO: M_T         :      mu_mt > 55.0
2021-10-28 21:00:01,071 INFO: M_W         :    MC_WZ_m > 120.0
2021-10-28 21:00:01,071 INFO: 
2021-10-28 21:00:01,085 INFO: =========== CUTFLOW =============
2021-10-28 21:00:01,086 INFO: Option: Non-sequential
2021-10-28 21:00:01,086 INFO: ---------------------------------
2021-10-28 21:00:01,087 INFO: Cut            Events Ratio
2021-10-28 21:00:01,088 INFO: Inclusive      226   -
2021-10-28 21:00:01,088 INFO: tight muon cut 226 1.000    
2021-10-28 21:00:01,088 INFO: eta            226 1.000    
2021-10-28 21:00:01,088 INFO: met            226 1.000    
2021-10-28 21:00:01,088 INFO: mu pt          226 1.000    
2021-10-28 21:00:01,088 INFO: muon mt        226 1.000    
2021-10-28 21:00:01,088 INFO: W m            193 0.854    
2021-10-28 21:00:01,088 INFO: 
2021-10-28 21:00:01,089 INFO: ========= DATASET 'wplustaunu_inclusive' INITIALISED =========
2021-10-28 21:00:01,089 INFO: 
2021-10-28 21:00:01,089 INFO: ======== INITIALISING DATASET 'wminmunu_slices' =========
2021-10-28 21:00:04,601 DEBUG: DATASET INPUT OPTIONS: 
2021-10-28 21:00:04,601 DEBUG: ----------------------------
2021-10-28 21:00:04,601 DEBUG: Input file(s):  /data/atlas/HighMassDrellYan/test_mc16a/wminmunu_*/*.root
2021-10-28 21:00:04,601 DEBUG: TTree: nominal_Loose
2021-10-28 21:00:04,601 DEBUG: Cutfile: options/jesal_cutflow/cutfile_jesal.txt
2021-10-28 21:00:04,602 DEBUG: Slices: True
2021-10-28 21:00:04,602 DEBUG: grouped cutflow: True
2021-10-28 21:00:04,602 DEBUG: Forced dataset rebuild: False
2021-10-28 21:00:04,602 DEBUG: ----------------------------
2021-10-28 21:00:04,603 DEBUG: 
2021-10-28 21:00:04,604 DEBUG: CUTFILE CONTENTS
2021-10-28 21:00:04,604 DEBUG: ---------------------------
2021-10-28 21:00:04,604 DEBUG: [CUTS]
2021-10-28 21:00:04,604 DEBUG: # Name	Variable	</>	Cut (in GeV if applicable)	Group Symmetric
2021-10-28 21:00:04,604 DEBUG: # !!REMEMBER DEFAULT ANALYSISTOP OUTPUT IS IN MeV NOT GeV!!
2021-10-28 21:00:04,605 DEBUG: Tight muon	mu_isTight	=	1	tight muon cut	false
2021-10-28 21:00:04,605 DEBUG: eta	mu_eta	<	2.4	eta	true
2021-10-28 21:00:04,605 DEBUG: E_{T}^{MISS}	met_met	>	65	met	false
2021-10-28 21:00:04,605 DEBUG: p_T	mu_pt	>	65	mu pt	false
2021-10-28 21:00:04,605 DEBUG: M_T	mu_mt	>	55	muon mt	false
2021-10-28 21:00:04,605 DEBUG: M_W	MC_WZ_m	>	120	W m	false	truth
2021-10-28 21:00:04,605 DEBUG: 
2021-10-28 21:00:04,605 DEBUG: [OUTPUTS]
2021-10-28 21:00:04,605 DEBUG: # variables to process
2021-10-28 21:00:04,605 DEBUG: mu_mt
2021-10-28 21:00:04,605 DEBUG: mu_pt
2021-10-28 21:00:04,605 DEBUG: mu_eta
2021-10-28 21:00:04,605 DEBUG: 
2021-10-28 21:00:04,605 DEBUG: [OPTIONS]
2021-10-28 21:00:04,605 DEBUG: # case-insensitive
2021-10-28 21:00:04,606 DEBUG: sequential	false
2021-10-28 21:00:04,606 DEBUG: grouped cutflow	false
2021-10-28 21:00:04,606 DEBUG: ---------------------------
2021-10-28 21:00:04,606 INFO: Parsting cutfile for wminmunu_slices...
2021-10-28 21:00:04,608 DEBUG: Datafile found
2021-10-28 21:00:04,608 INFO: Reading data for wminmunu_slices dataframe from outputs/jesal_cutflow/data/wminmunu_slices_df.pkl...
2021-10-28 21:00:04,981 INFO: Number of events in dataset wminmunu_slices: 10473533
2021-10-28 21:00:04,981 INFO: Creating weights for wminmunu_slices...
2021-10-28 21:00:05,095 DEBUG: PER-DSID INFO:
2021-10-28 21:00:05,095 DEBUG: --------------
2021-10-28 21:00:05,095 DEBUG: DSID       n_events   sum_w         x-s fb        lumi fb-1
2021-10-28 21:00:05,095 DEBUG: ==========================================================
2021-10-28 21:00:05,403 DEBUG: 301120     499915     1.110597e+07  2.221572e+01  1.408600e+01
2021-10-28 21:00:05,461 DEBUG: 301121     944456     3.101657e+06  3.284067e+00  8.836211e+01
2021-10-28 21:00:05,502 DEBUG: 301122     737165     7.982900e+05  1.082919e+00  1.738961e+02
2021-10-28 21:00:05,531 DEBUG: 301123     549364     9.635911e+04  1.754012e-01  7.691939e+02
2021-10-28 21:00:05,558 DEBUG: 301124     488699     1.513980e+04  3.097982e-02  1.368361e+03
2021-10-28 21:00:05,593 DEBUG: 301125     507642     4.206513e+03  8.286377e-03  1.421397e+03
2021-10-28 21:00:05,623 DEBUG: 301126     512753     1.619953e+03  3.159324e-03  1.435705e+03
2021-10-28 21:00:05,651 DEBUG: 301127     522006     5.234484e+02  1.002763e-03  1.461614e+03
2021-10-28 21:00:05,680 DEBUG: 301128     528485     1.945538e+02  3.681350e-04  1.479762e+03
2021-10-28 21:00:05,706 DEBUG: 301129     523222     7.820444e+01  1.494670e-04  1.465028e+03
2021-10-28 21:00:05,735 DEBUG: 301130     527231     3.443364e+01  6.531034e-05  1.476250e+03
2021-10-28 21:00:05,763 DEBUG: 301131     526452     1.588209e+01  3.016817e-05  1.474065e+03
2021-10-28 21:00:05,790 DEBUG: 301132     523697     7.619310e+00  1.454908e-05  1.466352e+03
2021-10-28 21:00:05,818 DEBUG: 301133     523944     3.803304e+00  7.258989e-06  1.467048e+03
2021-10-28 21:00:05,845 DEBUG: 301134     523849     2.969780e+00  5.669152e-06  1.466784e+03
2021-10-28 21:00:05,872 DEBUG: 301135     519023     8.290851e-01  1.597396e-06  1.453265e+03
2021-10-28 21:00:05,899 DEBUG: 301136     511632     2.415438e-01  4.721046e-07  1.432573e+03
2021-10-28 21:00:05,926 DEBUG: 301137     505761     7.222451e-02  1.428036e-07  1.416137e+03
2021-10-28 21:00:05,953 DEBUG: 301138     498237     3.070374e-02  6.162477e-08  1.395066e+03
2021-10-28 21:00:05,953 INFO: Creating cuts for wminmunu_slices...
2021-10-28 21:00:06,026 INFO: 
2021-10-28 21:00:06,026 INFO: ========== CUTS USED ============
2021-10-28 21:00:06,026 INFO: Tight muon  : mu_isTight = 1.0
2021-10-28 21:00:06,026 INFO: eta         :    |mu_eta| < 2.4
2021-10-28 21:00:06,026 INFO: E_{T}^{MISS}:    met_met > 65.0
2021-10-28 21:00:06,026 INFO: p_T         :      mu_pt > 65.0
2021-10-28 21:00:06,027 INFO: M_T         :      mu_mt > 55.0
2021-10-28 21:00:06,028 INFO: M_W         :    MC_WZ_m > 120.0
2021-10-28 21:00:06,028 INFO: 
2021-10-28 21:00:07,745 INFO: =========== CUTFLOW =============
2021-10-28 21:00:07,745 INFO: Option: Non-sequential
2021-10-28 21:00:07,745 INFO: ---------------------------------
2021-10-28 21:00:07,745 INFO: Cut            Events   Ratio
2021-10-28 21:00:07,745 INFO: Inclusive      10473533   -
2021-10-28 21:00:07,745 INFO: tight muon cut 10473533 1.000    
2021-10-28 21:00:07,745 INFO: eta            10473533 1.000    
2021-10-28 21:00:07,745 INFO: met            10473533 1.000    
2021-10-28 21:00:07,745 INFO: mu pt          10473533 1.000    
2021-10-28 21:00:07,745 INFO: muon mt        10473533 1.000    
2021-10-28 21:00:07,745 INFO: W m            10473533 1.000    
2021-10-28 21:00:07,745 INFO: 
2021-10-28 21:00:07,746 INFO: ========= DATASET 'wminmunu_slices' INITIALISED =========
2021-10-28 21:00:07,747 INFO: 
2021-10-28 21:00:07,747 INFO: ======== INITIALISING DATASET 'wminmunu_inclusive' =========
2021-10-28 21:00:07,780 DEBUG: DATASET INPUT OPTIONS: 
2021-10-28 21:00:07,780 DEBUG: ----------------------------
2021-10-28 21:00:07,780 DEBUG: Input file(s):  /data/atlas/HighMassDrellYan/test_mc16a/wminmunu/*.root
2021-10-28 21:00:07,780 DEBUG: TTree: nominal_Loose
2021-10-28 21:00:07,780 DEBUG: Cutfile: options/jesal_cutflow/cutfile_jesal.txt
2021-10-28 21:00:07,780 DEBUG: Slices: False
2021-10-28 21:00:07,780 DEBUG: grouped cutflow: True
2021-10-28 21:00:07,780 DEBUG: Forced dataset rebuild: False
2021-10-28 21:00:07,780 DEBUG: ----------------------------
2021-10-28 21:00:07,780 DEBUG: 
2021-10-28 21:00:07,780 DEBUG: CUTFILE CONTENTS
2021-10-28 21:00:07,780 DEBUG: ---------------------------
2021-10-28 21:00:07,782 DEBUG: [CUTS]
2021-10-28 21:00:07,782 DEBUG: # Name	Variable	</>	Cut (in GeV if applicable)	Group Symmetric
2021-10-28 21:00:07,782 DEBUG: # !!REMEMBER DEFAULT ANALYSISTOP OUTPUT IS IN MeV NOT GeV!!
2021-10-28 21:00:07,782 DEBUG: Tight muon	mu_isTight	=	1	tight muon cut	false
2021-10-28 21:00:07,782 DEBUG: eta	mu_eta	<	2.4	eta	true
2021-10-28 21:00:07,783 DEBUG: E_{T}^{MISS}	met_met	>	65	met	false
2021-10-28 21:00:07,783 DEBUG: p_T	mu_pt	>	65	mu pt	false
2021-10-28 21:00:07,783 DEBUG: M_T	mu_mt	>	55	muon mt	false
2021-10-28 21:00:07,783 DEBUG: M_W	MC_WZ_m	>	120	W m	false	truth
2021-10-28 21:00:07,783 DEBUG: 
2021-10-28 21:00:07,783 DEBUG: [OUTPUTS]
2021-10-28 21:00:07,783 DEBUG: # variables to process
2021-10-28 21:00:07,783 DEBUG: mu_mt
2021-10-28 21:00:07,783 DEBUG: mu_pt
2021-10-28 21:00:07,783 DEBUG: mu_eta
2021-10-28 21:00:07,783 DEBUG: 
2021-10-28 21:00:07,783 DEBUG: [OPTIONS]
2021-10-28 21:00:07,783 DEBUG: # case-insensitive
2021-10-28 21:00:07,783 DEBUG: sequential	false
2021-10-28 21:00:07,783 DEBUG: grouped cutflow	false
2021-10-28 21:00:07,783 DEBUG: ---------------------------
2021-10-28 21:00:07,783 INFO: Parsting cutfile for wminmunu_inclusive...
2021-10-28 21:00:07,786 DEBUG: Datafile found
2021-10-28 21:00:07,786 INFO: Reading data for wminmunu_inclusive dataframe from outputs/jesal_cutflow/data/wminmunu_inclusive_df.pkl...
2021-10-28 21:00:07,791 INFO: Number of events in dataset wminmunu_inclusive: 19384
2021-10-28 21:00:07,791 INFO: Creating weights for wminmunu_inclusive...
2021-10-28 21:00:07,803 DEBUG: INCLUSIVE SAMPLE METADATA:
2021-10-28 21:00:07,803 DEBUG: --------------------------
2021-10-28 21:00:07,803 DEBUG: n_events   sum_w         x-s fb        lumi fb-1
2021-10-28 21:00:07,803 DEBUG: ==========================================================
2021-10-28 21:00:07,805 DEBUG: 19384      1.617602e+08  8.345036e+03  3.217386e+02
2021-10-28 21:00:07,805 INFO: Creating cuts for wminmunu_inclusive...
2021-10-28 21:00:07,812 INFO: 
2021-10-28 21:00:07,812 INFO: ========== CUTS USED ============
2021-10-28 21:00:07,812 INFO: Tight muon  : mu_isTight = 1.0
2021-10-28 21:00:07,812 INFO: eta         :    |mu_eta| < 2.4
2021-10-28 21:00:07,812 INFO: E_{T}^{MISS}:    met_met > 65.0
2021-10-28 21:00:07,813 INFO: p_T         :      mu_pt > 65.0
2021-10-28 21:00:07,814 INFO: M_T         :      mu_mt > 55.0
2021-10-28 21:00:07,814 INFO: M_W         :    MC_WZ_m > 120.0
2021-10-28 21:00:07,814 INFO: 
2021-10-28 21:00:07,829 INFO: =========== CUTFLOW =============
2021-10-28 21:00:07,829 INFO: Option: Non-sequential
2021-10-28 21:00:07,829 INFO: ---------------------------------
2021-10-28 21:00:07,829 INFO: Cut            Events Ratio
2021-10-28 21:00:07,829 INFO: Inclusive      19384   -
2021-10-28 21:00:07,829 INFO: tight muon cut 19384 1.000    
2021-10-28 21:00:07,830 INFO: eta            19384 1.000    
2021-10-28 21:00:07,831 INFO: met            19384 1.000    
2021-10-28 21:00:07,831 INFO: mu pt          19384 1.000    
2021-10-28 21:00:07,831 INFO: muon mt        19384 1.000    
2021-10-28 21:00:07,831 INFO: W m            12171 0.628    
2021-10-28 21:00:07,831 INFO: 
2021-10-28 21:00:07,831 INFO: ========= DATASET 'wminmunu_inclusive' INITIALISED =========
2021-10-28 21:00:07,831 INFO: 
2021-10-28 21:00:07,831 INFO: ======== INITIALISING DATASET 'wplusmunu_slices' =========
2021-10-28 21:00:07,879 DEBUG: DATASET INPUT OPTIONS: 
2021-10-28 21:00:07,879 DEBUG: ----------------------------
2021-10-28 21:00:07,879 DEBUG: Input file(s):  /data/atlas/HighMassDrellYan/test_mc16a/wplusmunu_*/*.root
2021-10-28 21:00:07,879 DEBUG: TTree: nominal_Loose
2021-10-28 21:00:07,879 DEBUG: Cutfile: options/jesal_cutflow/cutfile_jesal.txt
2021-10-28 21:00:07,879 DEBUG: Slices: True
2021-10-28 21:00:07,879 DEBUG: grouped cutflow: True
2021-10-28 21:00:07,880 DEBUG: Forced dataset rebuild: False
2021-10-28 21:00:07,881 DEBUG: ----------------------------
2021-10-28 21:00:07,881 DEBUG: 
2021-10-28 21:00:07,881 DEBUG: CUTFILE CONTENTS
2021-10-28 21:00:07,881 DEBUG: ---------------------------
2021-10-28 21:00:07,881 DEBUG: [CUTS]
2021-10-28 21:00:07,882 DEBUG: # Name	Variable	</>	Cut (in GeV if applicable)	Group Symmetric
2021-10-28 21:00:07,882 DEBUG: # !!REMEMBER DEFAULT ANALYSISTOP OUTPUT IS IN MeV NOT GeV!!
2021-10-28 21:00:07,882 DEBUG: Tight muon	mu_isTight	=	1	tight muon cut	false
2021-10-28 21:00:07,882 DEBUG: eta	mu_eta	<	2.4	eta	true
2021-10-28 21:00:07,882 DEBUG: E_{T}^{MISS}	met_met	>	65	met	false
2021-10-28 21:00:07,882 DEBUG: p_T	mu_pt	>	65	mu pt	false
2021-10-28 21:00:07,882 DEBUG: M_T	mu_mt	>	55	muon mt	false
2021-10-28 21:00:07,883 DEBUG: M_W	MC_WZ_m	>	120	W m	false	truth
2021-10-28 21:00:07,883 DEBUG: 
2021-10-28 21:00:07,883 DEBUG: [OUTPUTS]
2021-10-28 21:00:07,883 DEBUG: # variables to process
2021-10-28 21:00:07,883 DEBUG: mu_mt
2021-10-28 21:00:07,883 DEBUG: mu_pt
2021-10-28 21:00:07,884 DEBUG: mu_eta
2021-10-28 21:00:07,884 DEBUG: 
2021-10-28 21:00:07,884 DEBUG: [OPTIONS]
2021-10-28 21:00:07,884 DEBUG: # case-insensitive
2021-10-28 21:00:07,884 DEBUG: sequential	false
2021-10-28 21:00:07,884 DEBUG: grouped cutflow	false
2021-10-28 21:00:07,884 DEBUG: ---------------------------
2021-10-28 21:00:07,884 INFO: Parsting cutfile for wplusmunu_slices...
2021-10-28 21:00:07,886 DEBUG: Datafile found
2021-10-28 21:00:07,887 INFO: Reading data for wplusmunu_slices dataframe from outputs/jesal_cutflow/data/wplusmunu_slices_df.pkl...
2021-10-28 21:00:08,308 INFO: Number of events in dataset wplusmunu_slices: 11241434
2021-10-28 21:00:08,308 INFO: Creating weights for wplusmunu_slices...
2021-10-28 21:00:08,478 DEBUG: PER-DSID INFO:
2021-10-28 21:00:08,478 DEBUG: --------------
2021-10-28 21:00:08,478 DEBUG: DSID       n_events   sum_w         x-s fb        lumi fb-1
2021-10-28 21:00:08,478 DEBUG: ==========================================================
2021-10-28 21:00:08,830 DEBUG: 301100     484716     1.553695e+07  3.205372e+01  1.365058e+01
2021-10-28 21:00:08,913 DEBUG: 301101     1012214    5.063302e+06  5.002206e+00  9.474268e+01
2021-10-28 21:00:08,965 DEBUG: 301102     847300     1.486461e+06  1.754350e+00  1.978004e+02
2021-10-28 21:00:08,998 DEBUG: 301103     628252     1.962419e+05  3.123617e-01  8.796504e+02
2021-10-28 21:00:09,026 DEBUG: 301104     546953     3.325082e+04  6.079284e-02  1.531479e+03
2021-10-28 21:00:09,054 DEBUG: 301105     558068     9.860153e+03  1.766837e-02  1.562594e+03
2021-10-28 21:00:09,083 DEBUG: 301106     557555     4.064182e+03  7.289293e-03  1.561152e+03
2021-10-28 21:00:09,111 DEBUG: 301107     565079     1.416678e+03  2.507044e-03  1.582226e+03
2021-10-28 21:00:09,139 DEBUG: 301108     563977     5.562368e+02  9.862756e-04  1.579139e+03
2021-10-28 21:00:09,167 DEBUG: 301109     562856     2.389681e+02  4.245635e-04  1.576001e+03
2021-10-28 21:00:09,199 DEBUG: 301110     560538     1.091019e+02  1.946378e-04  1.569509e+03
2021-10-28 21:00:09,245 DEBUG: 301111     561678     5.243172e+01  9.334835e-05  1.572705e+03
2021-10-28 21:00:09,275 DEBUG: 301112     562419     2.601713e+01  4.625934e-05  1.574772e+03
2021-10-28 21:00:09,303 DEBUG: 301113     555370     1.303779e+01  2.347587e-05  1.555040e+03
2021-10-28 21:00:09,331 DEBUG: 301114     549575     1.013926e+01  1.844928e-05  1.538813e+03
2021-10-28 21:00:09,359 DEBUG: 301115     541614     2.760483e+00  5.096771e-06  1.516527e+03
2021-10-28 21:00:09,387 DEBUG: 301116     539809     7.722799e-01  1.430654e-06  1.511460e+03
2021-10-28 21:00:09,414 DEBUG: 301117     528390     2.120333e-01  4.012819e-07  1.479497e+03
2021-10-28 21:00:09,441 DEBUG: 301118     515071     7.904281e-02  1.534600e-07  1.442202e+03
2021-10-28 21:00:09,441 INFO: Creating cuts for wplusmunu_slices...
2021-10-28 21:00:09,531 INFO: 
2021-10-28 21:00:09,531 INFO: ========== CUTS USED ============
2021-10-28 21:00:09,531 INFO: Tight muon  : mu_isTight = 1.0
2021-10-28 21:00:09,532 INFO: eta         :    |mu_eta| < 2.4
2021-10-28 21:00:09,532 INFO: E_{T}^{MISS}:    met_met > 65.0
2021-10-28 21:00:09,532 INFO: p_T         :      mu_pt > 65.0
2021-10-28 21:00:09,532 INFO: M_T         :      mu_mt > 55.0
2021-10-28 21:00:09,532 INFO: M_W         :    MC_WZ_m > 120.0
2021-10-28 21:00:09,532 INFO: 
2021-10-28 21:00:11,634 INFO: =========== CUTFLOW =============
2021-10-28 21:00:11,635 INFO: Option: Non-sequential
2021-10-28 21:00:11,635 INFO: ---------------------------------
2021-10-28 21:00:11,635 INFO: Cut            Events   Ratio
2021-10-28 21:00:11,635 INFO: Inclusive      11241434   -
2021-10-28 21:00:11,635 INFO: tight muon cut 11241434 1.000    
2021-10-28 21:00:11,635 INFO: eta            11241434 1.000    
2021-10-28 21:00:11,635 INFO: met            11241434 1.000    
2021-10-28 21:00:11,635 INFO: mu pt          11241434 1.000    
2021-10-28 21:00:11,635 INFO: muon mt        11241434 1.000    
2021-10-28 21:00:11,635 INFO: W m            11241433 1.000    
2021-10-28 21:00:11,635 INFO: 
2021-10-28 21:00:11,638 INFO: ========= DATASET 'wplusmunu_slices' INITIALISED =========
2021-10-28 21:00:11,638 INFO: 
2021-10-28 21:00:11,638 INFO: ======== INITIALISING DATASET 'wplusmunu_inclusive' =========
2021-10-28 21:00:11,639 DEBUG: DATASET INPUT OPTIONS: 
2021-10-28 21:00:11,639 DEBUG: ----------------------------
2021-10-28 21:00:11,639 DEBUG: Input file(s):  /data/atlas/HighMassDrellYan/test_mc16a/wplusmunu/*.root
2021-10-28 21:00:11,639 DEBUG: TTree: nominal_Loose
2021-10-28 21:00:11,639 DEBUG: Cutfile: options/jesal_cutflow/cutfile_jesal.txt
2021-10-28 21:00:11,639 DEBUG: Slices: False
2021-10-28 21:00:11,639 DEBUG: grouped cutflow: True
2021-10-28 21:00:11,639 DEBUG: Forced dataset rebuild: False
2021-10-28 21:00:11,639 DEBUG: ----------------------------
2021-10-28 21:00:11,639 DEBUG: 
2021-10-28 21:00:11,639 DEBUG: CUTFILE CONTENTS
2021-10-28 21:00:11,639 DEBUG: ---------------------------
2021-10-28 21:00:11,639 DEBUG: [CUTS]
2021-10-28 21:00:11,639 DEBUG: # Name	Variable	</>	Cut (in GeV if applicable)	Group Symmetric
2021-10-28 21:00:11,639 DEBUG: # !!REMEMBER DEFAULT ANALYSISTOP OUTPUT IS IN MeV NOT GeV!!
2021-10-28 21:00:11,640 DEBUG: Tight muon	mu_isTight	=	1	tight muon cut	false
2021-10-28 21:00:11,640 DEBUG: eta	mu_eta	<	2.4	eta	true
2021-10-28 21:00:11,640 DEBUG: E_{T}^{MISS}	met_met	>	65	met	false
2021-10-28 21:00:11,640 DEBUG: p_T	mu_pt	>	65	mu pt	false
2021-10-28 21:00:11,640 DEBUG: M_T	mu_mt	>	55	muon mt	false
2021-10-28 21:00:11,640 DEBUG: M_W	MC_WZ_m	>	120	W m	false	truth
2021-10-28 21:00:11,640 DEBUG: 
2021-10-28 21:00:11,640 DEBUG: [OUTPUTS]
2021-10-28 21:00:11,640 DEBUG: # variables to process
2021-10-28 21:00:11,640 DEBUG: mu_mt
2021-10-28 21:00:11,640 DEBUG: mu_pt
2021-10-28 21:00:11,640 DEBUG: mu_eta
2021-10-28 21:00:11,641 DEBUG: 
2021-10-28 21:00:11,642 DEBUG: [OPTIONS]
2021-10-28 21:00:11,642 DEBUG: # case-insensitive
2021-10-28 21:00:11,642 DEBUG: sequential	false
2021-10-28 21:00:11,642 DEBUG: grouped cutflow	false
2021-10-28 21:00:11,642 DEBUG: ---------------------------
2021-10-28 21:00:11,642 INFO: Parsting cutfile for wplusmunu_inclusive...
2021-10-28 21:00:11,643 DEBUG: Datafile found
2021-10-28 21:00:11,644 INFO: Reading data for wplusmunu_inclusive dataframe from outputs/jesal_cutflow/data/wplusmunu_inclusive_df.pkl...
2021-10-28 21:00:11,647 INFO: Number of events in dataset wplusmunu_inclusive: 25515
2021-10-28 21:00:11,647 INFO: Creating weights for wplusmunu_inclusive...
2021-10-28 21:00:11,653 DEBUG: INCLUSIVE SAMPLE METADATA:
2021-10-28 21:00:11,653 DEBUG: --------------------------
2021-10-28 21:00:11,653 DEBUG: n_events   sum_w         x-s fb        lumi fb-1
2021-10-28 21:00:11,653 DEBUG: ==========================================================
2021-10-28 21:00:11,654 DEBUG: 25515      2.903304e+08  1.137881e+04  3.117847e+02
2021-10-28 21:00:11,654 INFO: Creating cuts for wplusmunu_inclusive...
2021-10-28 21:00:11,658 INFO: 
2021-10-28 21:00:11,658 INFO: ========== CUTS USED ============
2021-10-28 21:00:11,658 INFO: Tight muon  : mu_isTight = 1.0
2021-10-28 21:00:11,658 INFO: eta         :    |mu_eta| < 2.4
2021-10-28 21:00:11,658 INFO: E_{T}^{MISS}:    met_met > 65.0
2021-10-28 21:00:11,659 INFO: p_T         :      mu_pt > 65.0
2021-10-28 21:00:11,659 INFO: M_T         :      mu_mt > 55.0
2021-10-28 21:00:11,659 INFO: M_W         :    MC_WZ_m > 120.0
2021-10-28 21:00:11,659 INFO: 
2021-10-28 21:00:11,667 INFO: =========== CUTFLOW =============
2021-10-28 21:00:11,667 INFO: Option: Non-sequential
2021-10-28 21:00:11,667 INFO: ---------------------------------
2021-10-28 21:00:11,667 INFO: Cut            Events Ratio
2021-10-28 21:00:11,667 INFO: Inclusive      25515   -
2021-10-28 21:00:11,667 INFO: tight muon cut 25515 1.000    
2021-10-28 21:00:11,668 INFO: eta            25515 1.000    
2021-10-28 21:00:11,668 INFO: met            25515 1.000    
2021-10-28 21:00:11,668 INFO: mu pt          25515 1.000    
2021-10-28 21:00:11,668 INFO: muon mt        25515 1.000    
2021-10-28 21:00:11,668 INFO: W m            17359 0.680    
2021-10-28 21:00:11,668 INFO: 
2021-10-28 21:00:11,669 INFO: ========= DATASET 'wplusmunu_inclusive' INITIALISED =========
2021-10-28 21:00:11,669 INFO: ====================================
2021-10-28 21:00:11,669 INFO: ANALYSIS 'jesal_cutflow' INITIALISED
