2021-10-21 17:53:34,251 INFO:INITIALISING ANALYSIS 'jesal_cutflow'...
2021-10-21 17:53:34,252 INFO:========================================
2021-10-21 17:53:34,252 INFO:
2021-10-21 17:53:34,253 INFO:======== INITIALISING DATASET 'truth' =========
2021-10-21 17:53:34,256 DEBUG:DATASET INPUT OPTIONS: 
2021-10-21 17:53:34,256 DEBUG:----------------------------
2021-10-21 17:53:34,257 DEBUG:Input file:  /data/atlas/HighMassDrellYan/test_mc16a/wmintaunu/*.root
2021-10-21 17:53:34,258 DEBUG:TTree: nominal_Loose
2021-10-21 17:53:34,258 DEBUG:Cutfile: options/jesal_cutflow/cutfile_jesal.txt
2021-10-21 17:53:34,258 DEBUG:Slices: True
2021-10-21 17:53:34,258 DEBUG:groupted cutflow: True
2021-10-21 17:53:34,259 DEBUG:CUTFILE CONTENTS
2021-10-21 17:53:34,259 DEBUG:---------------------------
2021-10-21 17:53:34,259 DEBUG:[CUTS]
2021-10-21 17:53:34,260 DEBUG:# Name	Variable	</>	Cut (in GeV if applicable)	Group Symmetric
2021-10-21 17:53:34,260 DEBUG:# !!REMEMBER DEFAULT ANALYSISTOP OUTPUT IS IN MeV NOT GeV!!
2021-10-21 17:53:34,260 DEBUG:Tight muon	mu_isTight	=	1	tight muon cut	false
2021-10-21 17:53:34,260 DEBUG:eta	mu_eta	<	2.4	eta	true
2021-10-21 17:53:34,260 DEBUG:E_{T}^{MISS}	met_met	>	65	met	false
2021-10-21 17:53:34,261 DEBUG:p_T	mu_pt	>	65	mu pt	false
2021-10-21 17:53:34,262 DEBUG:M_T	PDFinfo_Q	>	55	dilepton mass	false
2021-10-21 17:53:34,262 DEBUG:
2021-10-21 17:53:34,262 DEBUG:[OUTPUTS]
2021-10-21 17:53:34,263 DEBUG:# variables to process
2021-10-21 17:53:34,264 DEBUG:PDFinfo_Q
2021-10-21 17:53:34,265 DEBUG:
2021-10-21 17:53:34,265 DEBUG:[OPTIONS]
2021-10-21 17:53:34,266 DEBUG:# case-insensitive
2021-10-21 17:53:34,267 DEBUG:sequential	false
2021-10-21 17:53:34,267 DEBUG:grouped cutflow	false
2021-10-21 17:53:34,268 DEBUG:---------------------------
2021-10-21 17:53:34,268 INFO:Parsting cutfile for truth...
2021-10-21 17:53:34,272 DEBUG:Datafile found
2021-10-21 17:53:34,273 INFO:Building truth dataframe from /data/atlas/HighMassDrellYan/test_mc16a/wmintaunu/*.root...
2021-10-21 17:53:34,274 DEBUG:Variables to extract: 
2021-10-21 17:53:34,274 DEBUG:  - mu_eta
2021-10-21 17:53:34,274 DEBUG:  - PDFinfo_Q
2021-10-21 17:53:34,274 DEBUG:  - mu_pt
2021-10-21 17:53:34,274 DEBUG:  - mu_isTight
2021-10-21 17:53:34,274 DEBUG:  - weight_mc
2021-10-21 17:53:34,275 DEBUG:  - met_met
2021-10-21 17:53:34,275 DEBUG:Checking TTree and TBranch values in file(s) '/data/atlas/HighMassDrellYan/test_mc16a/wmintaunu/*.root'...
2021-10-21 17:53:36,513 DEBUG:All required variables found.
2021-10-21 17:53:36,514 WARNING:Warning: variable(s) ['mu_isTight'] not contained in labels dictionary.Some unexpected behaviour may occur.
2021-10-21 17:53:36,514 INFO:Extracting data from /data/atlas/HighMassDrellYan/test_mc16a/wmintaunu/*.root...
2021-10-21 17:53:36,514 INFO:Extracting in slices...
2021-10-21 17:53:39,444 DEBUG:Found 1 unique dsid(s).
2021-10-21 17:53:39,451 WARNING:Value of 'totalEventsWeighted' (165275369472.0) is not the same as the total summed values of 'weight_mc' (995330.625) for DISD 361105.
2021-10-21 17:53:39,451 INFO:time to build dataframe: 2.9s
2021-10-21 17:53:39,454 DEBUG:Rescaled columns ['PDFinfo_Q', 'mu_pt'] to GeV.
2021-10-21 17:53:39,459 INFO:Dataframe built and saved in outputs/jesal_cutflow/data/truth_df.pkl
2021-10-21 17:53:39,459 INFO:Creating weights for truth...
2021-10-21 17:53:39,461 DEBUG:PER-DSID INFO:
2021-10-21 17:53:39,462 DEBUG:--------------
2021-10-21 17:53:39,462 DEBUG:DSID       n_events   sum_w         x-s fb        lumi fb-1
2021-10-21 17:53:39,462 DEBUG:==========================================================
2021-10-21 17:53:39,465 DEBUG:361105     118        9.953306e+05  8.435005e+03  8.431161e-04
2021-10-21 17:53:39,465 INFO:Creating cuts for truth...
2021-10-21 17:53:39,470 INFO:
2021-10-21 17:53:39,470 INFO:========== CUTS USED ============
2021-10-21 17:53:39,470 INFO:Tight muon  : mu_isTight = 1.0
2021-10-21 17:53:39,470 INFO:eta         : |    mu_eta| < 2.4
2021-10-21 17:53:39,470 INFO:E_{T}^{MISS}:    met_met > 65.0
2021-10-21 17:53:39,470 INFO:p_T         :      mu_pt > 65.0
2021-10-21 17:53:39,471 INFO:M_T         :  PDFinfo_Q > 55.0
2021-10-21 17:53:39,471 INFO:
2021-10-21 17:53:39,480 INFO:========= DATASET 'truth' INITIALISED =========
2021-10-21 17:53:39,481 INFO:====================================
2021-10-21 17:53:39,481 INFO:ANALYSIS 'jesal_cutflow' INITIALISED
