2021-10-26 23:59:11,158 INFO:INITIALISING ANALYSIS 'jesal_cutflow'...
2021-10-26 23:59:11,158 INFO:========================================
2021-10-26 23:59:11,159 INFO:
2021-10-26 23:59:11,159 INFO:======== INITIALISING DATASET 'wmintaunu_slices' =========
2021-10-26 23:59:11,167 DEBUG:DATASET INPUT OPTIONS: 
2021-10-26 23:59:11,167 DEBUG:----------------------------
2021-10-26 23:59:11,167 DEBUG:Input file(s):  /data/atlas/HighMassDrellYan/test_mc16a/wmintaunu_*/*.root
2021-10-26 23:59:11,168 DEBUG:TTree: nominal_Loose
2021-10-26 23:59:11,168 DEBUG:Cutfile: options/jesal_cutflow/cutfile_jesal.txt
2021-10-26 23:59:11,168 DEBUG:Slices: True
2021-10-26 23:59:11,168 DEBUG:grouped cutflow: True
2021-10-26 23:59:11,168 DEBUG:Forced dataset rebuild: True
2021-10-26 23:59:11,168 DEBUG:----------------------------
2021-10-26 23:59:11,168 DEBUG:
2021-10-26 23:59:11,168 DEBUG:CUTFILE CONTENTS
2021-10-26 23:59:11,168 DEBUG:---------------------------
2021-10-26 23:59:11,169 DEBUG:[CUTS]
2021-10-26 23:59:11,169 DEBUG:# Name	Variable	</>	Cut (in GeV if applicable)	Group Symmetric
2021-10-26 23:59:11,169 DEBUG:# !!REMEMBER DEFAULT ANALYSISTOP OUTPUT IS IN MeV NOT GeV!!
2021-10-26 23:59:11,169 DEBUG:Tight muon	mu_isTight	=	1	tight muon cut	false
2021-10-26 23:59:11,169 DEBUG:eta	mu_eta	<	2.4	eta	true
2021-10-26 23:59:11,170 DEBUG:E_{T}^{MISS}	met_met	>	65	met	false
2021-10-26 23:59:11,170 DEBUG:p_T	mu_pt	>	65	mu pt	false
2021-10-26 23:59:11,170 DEBUG:M_T	mu_mt	>	55	muon mt	false
2021-10-26 23:59:11,170 DEBUG:M_W	MC_WZ_m	<	120	W m	false	truth
2021-10-26 23:59:11,170 DEBUG:
2021-10-26 23:59:11,170 DEBUG:[OUTPUTS]
2021-10-26 23:59:11,170 DEBUG:# variables to process
2021-10-26 23:59:11,170 DEBUG:mu_mt
2021-10-26 23:59:11,170 DEBUG:mu_pt
2021-10-26 23:59:11,170 DEBUG:mu_eta
2021-10-26 23:59:11,170 DEBUG:
2021-10-26 23:59:11,170 DEBUG:[OPTIONS]
2021-10-26 23:59:11,170 DEBUG:# case-insensitive
2021-10-26 23:59:11,170 DEBUG:sequential	false
2021-10-26 23:59:11,170 DEBUG:grouped cutflow	false
2021-10-26 23:59:11,170 DEBUG:---------------------------
2021-10-26 23:59:11,170 INFO:Parsting cutfile for wmintaunu_slices...
2021-10-26 23:59:11,173 INFO:Building wmintaunu_slices dataframe from /data/atlas/HighMassDrellYan/test_mc16a/wmintaunu_*/*.root...
2021-10-26 23:59:11,173 DEBUG:Variables to extract from nominal_Loose tree: 
2021-10-26 23:59:11,173 DEBUG:  - weight_mc
2021-10-26 23:59:11,173 DEBUG:  - met_phi
2021-10-26 23:59:11,173 DEBUG:  - eventNumber
2021-10-26 23:59:11,173 DEBUG:  - mu_phi
2021-10-26 23:59:11,173 DEBUG:  - mu_pt
2021-10-26 23:59:11,173 DEBUG:  - met_met
2021-10-26 23:59:11,173 DEBUG:  - mu_isTight
2021-10-26 23:59:11,173 DEBUG:  - mu_eta
2021-10-26 23:59:11,173 DEBUG:Variables to extract from truth tree: 
2021-10-26 23:59:11,173 DEBUG:  - MC_WZ_m
2021-10-26 23:59:11,173 DEBUG:Variables to calculate: 
2021-10-26 23:59:11,173 DEBUG:  - mu_mt
2021-10-26 23:59:11,173 DEBUG:Checking TTree and TBranch values in file(s) '/data/atlas/HighMassDrellYan/test_mc16a/wmintaunu_*/*.root'...
2021-10-26 23:59:11,398 DEBUG:All TTrees and variables found in /data/atlas/HighMassDrellYan/test_mc16a/wmintaunu_1000/user.jmandali.24799642._000002.prelim_mc16a_mu_sig.root...
2021-10-26 23:59:11,508 DEBUG:All TTrees and variables found in /data/atlas/HighMassDrellYan/test_mc16a/wmintaunu_120/user.jmandali.24799634._000002.prelim_mc16a_mu_sig.root...
2021-10-26 23:59:11,614 DEBUG:All TTrees and variables found in /data/atlas/HighMassDrellYan/test_mc16a/wmintaunu_1250/user.jmandali.24799644._000002.prelim_mc16a_mu_sig.root...
2021-10-26 23:59:11,722 DEBUG:All TTrees and variables found in /data/atlas/HighMassDrellYan/test_mc16a/wmintaunu_1500/user.jmandali.24799851._000001.prelim_mc16a_tau_sig.root...
2021-10-26 23:59:11,828 DEBUG:All TTrees and variables found in /data/atlas/HighMassDrellYan/test_mc16a/wmintaunu_1750/user.jmandali.24799852._000001.prelim_mc16a_tau_sig.root...
2021-10-26 23:59:11,975 DEBUG:All TTrees and variables found in /data/atlas/HighMassDrellYan/test_mc16a/wmintaunu_180/user.jmandali.24799635._000002.prelim_mc16a_mu_sig.root...
2021-10-26 23:59:12,082 DEBUG:All TTrees and variables found in /data/atlas/HighMassDrellYan/test_mc16a/wmintaunu_2000/user.jmandali.24799853._000001.prelim_mc16a_tau_sig.root...
2021-10-26 23:59:12,190 DEBUG:All TTrees and variables found in /data/atlas/HighMassDrellYan/test_mc16a/wmintaunu_2250/user.jmandali.24799855._000002.prelim_mc16a_tau_sig.root...
2021-10-26 23:59:12,295 DEBUG:All TTrees and variables found in /data/atlas/HighMassDrellYan/test_mc16a/wmintaunu_250/user.jmandali.24799638._000003.prelim_mc16a_mu_sig.root...
2021-10-26 23:59:12,401 DEBUG:All TTrees and variables found in /data/atlas/HighMassDrellYan/test_mc16a/wmintaunu_2500/user.jmandali.24799857._000001.prelim_mc16a_tau_sig.root...
2021-10-26 23:59:12,570 DEBUG:All TTrees and variables found in /data/atlas/HighMassDrellYan/test_mc16a/wmintaunu_2750/user.jmandali.24799859._000001.prelim_mc16a_tau_sig.root...
2021-10-26 23:59:12,674 DEBUG:All TTrees and variables found in /data/atlas/HighMassDrellYan/test_mc16a/wmintaunu_3000/user.jmandali.24799860._000001.prelim_mc16a_tau_sig.root...
2021-10-26 23:59:12,780 DEBUG:All TTrees and variables found in /data/atlas/HighMassDrellYan/test_mc16a/wmintaunu_3500/user.jmandali.24799862._000002.prelim_mc16a_tau_sig.root...
2021-10-26 23:59:12,885 DEBUG:All TTrees and variables found in /data/atlas/HighMassDrellYan/test_mc16a/wmintaunu_400/user.jmandali.24799639._000002.prelim_mc16a_mu_sig.root...
2021-10-26 23:59:12,996 DEBUG:All TTrees and variables found in /data/atlas/HighMassDrellYan/test_mc16a/wmintaunu_4000/user.jmandali.24799864._000001.prelim_mc16a_tau_sig.root...
2021-10-26 23:59:13,116 DEBUG:All TTrees and variables found in /data/atlas/HighMassDrellYan/test_mc16a/wmintaunu_4500/user.jmandali.24799866._000005.prelim_mc16a_tau_sig.root...
2021-10-26 23:59:13,269 DEBUG:All TTrees and variables found in /data/atlas/HighMassDrellYan/test_mc16a/wmintaunu_5000/user.jmandali.24799867._000001.prelim_mc16a_tau_sig.root...
2021-10-26 23:59:13,374 DEBUG:All TTrees and variables found in /data/atlas/HighMassDrellYan/test_mc16a/wmintaunu_600/user.jmandali.24799640._000002.prelim_mc16a_mu_sig.root...
2021-10-26 23:59:13,483 DEBUG:All TTrees and variables found in /data/atlas/HighMassDrellYan/test_mc16a/wmintaunu_800/user.jmandali.24799641._000002.prelim_mc16a_mu_sig.root...
2021-10-26 23:59:13,483 DEBUG:All required TTrees variables found.
2021-10-26 23:59:13,483 WARNING:Variable(s) ['mu_isTight'] not contained in labels dictionary. Some unexpected behaviour may occur.
2021-10-26 23:59:13,483 INFO:Extracting mass slices from /data/atlas/HighMassDrellYan/test_mc16a/wmintaunu_*/*.root...
2021-10-26 23:59:13,483 DEBUG:Extracting {'mcChannelNumber', 'weight_mc', 'met_phi', 'eventNumber', 'mu_phi', 'mu_pt', 'met_met', 'mu_isTight', 'mu_eta'} from nominal_Loose tree...
2021-10-26 23:59:16,160 DEBUG:Extracted 41791 events.
2021-10-26 23:59:16,160 DEBUG:Extracting ['total_EventsWeighted', 'dsid'] from 'sumWeights' tree...
2021-10-26 23:59:16,761 DEBUG:Calculating sum of weights and merging...
2021-10-26 23:59:16,768 DEBUG:Extracting ['MC_WZ_m'] from truth tree...
