2021-10-21 18:15:41,618 INFO:INITIALISING ANALYSIS 'jesal_cutflow'...
2021-10-21 18:15:41,618 INFO:========================================
2021-10-21 18:15:41,618 INFO:
2021-10-21 18:15:41,619 INFO:======== INITIALISING DATASET 'truth' =========
2021-10-21 18:15:41,760 DEBUG:DATASET INPUT OPTIONS: 
2021-10-21 18:15:41,760 DEBUG:----------------------------
2021-10-21 18:15:41,761 DEBUG:Input file:  /data/atlas/HighMassDrellYan/test_mc16a/wmintaunu/*.root
2021-10-21 18:15:41,762 DEBUG:TTree: nominal_Loose
2021-10-21 18:15:41,762 DEBUG:Cutfile: options/jesal_cutflow/cutfile_jesal.txt
2021-10-21 18:15:41,762 DEBUG:Slices: True
2021-10-21 18:15:41,763 DEBUG:groupted cutflow: True
2021-10-21 18:15:41,763 DEBUG:CUTFILE CONTENTS
2021-10-21 18:15:41,763 DEBUG:---------------------------
2021-10-21 18:15:41,765 DEBUG:[CUTS]
2021-10-21 18:15:41,765 DEBUG:# Name	Variable	</>	Cut (in GeV if applicable)	Group Symmetric
2021-10-21 18:15:41,765 DEBUG:# !!REMEMBER DEFAULT ANALYSISTOP OUTPUT IS IN MeV NOT GeV!!
2021-10-21 18:15:41,765 DEBUG:Tight muon	mu_isTight	=	1	tight muon cut	false
2021-10-21 18:15:41,767 DEBUG:eta	mu_eta	<	2.4	eta	true
2021-10-21 18:15:41,767 DEBUG:E_{T}^{MISS}	met_met	>	65	met	false
2021-10-21 18:15:41,767 DEBUG:p_T	mu_pt	>	65	mu pt	false
2021-10-21 18:15:41,768 DEBUG:M_T	PDFinfo_Q	>	55	dilepton mass	false
2021-10-21 18:15:41,769 DEBUG:
2021-10-21 18:15:41,769 DEBUG:[OUTPUTS]
2021-10-21 18:15:41,769 DEBUG:# variables to process
2021-10-21 18:15:41,769 DEBUG:PDFinfo_Q
2021-10-21 18:15:41,769 DEBUG:
2021-10-21 18:15:41,770 DEBUG:[OPTIONS]
2021-10-21 18:15:41,771 DEBUG:# case-insensitive
2021-10-21 18:15:41,771 DEBUG:sequential	false
2021-10-21 18:15:41,771 DEBUG:grouped cutflow	false
2021-10-21 18:15:41,771 DEBUG:---------------------------
2021-10-21 18:15:41,772 INFO:Parsting cutfile for truth...
2021-10-21 18:15:41,778 DEBUG:Datafile found
2021-10-21 18:15:41,779 INFO:Reading data for truth dataframe from outputs/jesal_cutflow/data/truth_df.pkl...
2021-10-21 18:15:41,785 INFO:Creating weights for truth...
2021-10-21 18:15:41,795 DEBUG:PER-DSID INFO:
2021-10-21 18:15:41,795 DEBUG:--------------
2021-10-21 18:15:41,795 DEBUG:DSID       n_events   sum_w         x-s fb        lumi fb-1
2021-10-21 18:15:41,797 DEBUG:==========================================================
2021-10-21 18:15:41,810 DEBUG:361105     118        9.953306e+05  8.435005e+03  8.431161e-04
2021-10-21 18:15:41,810 INFO:Creating cuts for truth...
2021-10-21 18:15:41,822 INFO:
2021-10-21 18:15:41,822 INFO:========== CUTS USED ============
2021-10-21 18:15:41,822 INFO:Tight muon  : mu_isTight = 1.0
2021-10-21 18:15:41,823 INFO:eta         : |    mu_eta| < 2.4
2021-10-21 18:15:41,824 INFO:E_{T}^{MISS}:    met_met > 65.0
2021-10-21 18:15:41,824 INFO:p_T         :      mu_pt > 65.0
2021-10-21 18:15:41,825 INFO:M_T         :  PDFinfo_Q > 55.0
2021-10-21 18:15:41,825 INFO:
2021-10-21 18:15:41,841 INFO:========= DATASET 'truth' INITIALISED =========
2021-10-21 18:15:41,841 INFO:====================================
2021-10-21 18:15:41,842 INFO:ANALYSIS 'jesal_cutflow' INITIALISED
